Reading configs ...
Reading data ...
Skipping date 2016-02-01 ...
Warning date 2016-02-01 x 15234 vs y 0 entries
Skipping date 2016-02-02 ...
Warning date 2016-02-02 x 16253 vs y 0 entries
Skipping date 2016-02-03 ...
Warning date 2016-02-03 x 15336 vs y 0 entries
Skipping date 2016-02-04 ...
Warning date 2016-02-04 x 13668 vs y 0 entries
Skipping date 2016-02-05 ...
Warning date 2016-02-05 x 12799 vs y 0 entries
Skipping date 2016-02-06 ...
Skipping date 2016-02-07 ...
Skipping date 2016-02-08 ...
Skipping date 2016-02-09 ...
Skipping date 2016-02-10 ...
Skipping date 2016-02-11 ...
Skipping date 2016-02-12 ...
Skipping date 2016-02-13 ...
Skipping date 2016-02-14 ...
Skipping date 2016-02-15 ...
Warning date 2016-02-15 x 14365 vs y 0 entries
Skipping date 2016-02-16 ...
Warning date 2016-02-16 x 15990 vs y 0 entries
Skipping date 2016-02-17 ...
Warning date 2016-02-17 x 16671 vs y 0 entries
Skipping date 2016-02-18 ...
Warning date 2016-02-18 x 19361 vs y 0 entries
Skipping date 2016-02-19 ...
Warning date 2016-02-19 x 21036 vs y 0 entries
Skipping date 2016-02-20 ...
Skipping date 2016-02-21 ...
Skipping date 2016-02-27 ...
Skipping date 2016-02-28 ...
x is if1603: 111612 entries from 5 days
y is if1604: 58774 entries from 5 days
Preparing data ...
Preparing algo ...
Test start ...
Test Done ...
rolling 500, sd_coef 1.0, backtest took 7.510s, score is -490807.740
Preparing algo ...
Test start ...
Test Done ...
rolling 500, sd_coef 1.2, backtest took 7.557s, score is -266615.544
Preparing algo ...
Test start ...
Test Done ...
rolling 500, sd_coef 1.4, backtest took 7.571s, score is -132749.824
Preparing algo ...
Test start ...
Test Done ...
rolling 500, sd_coef 1.6, backtest took 7.467s, score is -65907.317
Preparing algo ...
Test start ...
Test Done ...
rolling 500, sd_coef 1.8, backtest took 7.472s, score is -23230.686
Preparing algo ...
Test start ...
Test Done ...
rolling 500, sd_coef 2.0, backtest took 7.376s, score is 1619.876
Preparing algo ...
Test start ...
Test Done ...
rolling 500, sd_coef 2.2, backtest took 7.387s, score is 13121.264
Preparing algo ...
Test start ...
Test Done ...
rolling 500, sd_coef 2.4, backtest took 7.358s, score is 20236.457
Preparing algo ...
Test start ...
Test Done ...
rolling 500, sd_coef 2.6, backtest took 7.326s, score is 24213.509
Preparing algo ...
Test start ...
Test Done ...
rolling 500, sd_coef 2.8, backtest took 7.386s, score is 24363.865
Preparing algo ...
Test start ...
Test Done ...
rolling 700, sd_coef 1.0, backtest took 7.521s, score is -402420.413
Preparing algo ...
Test start ...
Test Done ...
rolling 700, sd_coef 1.2, backtest took 7.480s, score is -221453.486
Preparing algo ...
Test start ...
Test Done ...
rolling 700, sd_coef 1.4, backtest took 7.411s, score is -101765.111
Preparing algo ...
Test start ...
Test Done ...
rolling 700, sd_coef 1.6, backtest took 7.468s, score is -45283.633
Preparing algo ...
Test start ...
Test Done ...
rolling 700, sd_coef 1.8, backtest took 7.353s, score is -6743.696
Preparing algo ...
Test start ...
Test Done ...
rolling 700, sd_coef 2.0, backtest took 7.343s, score is 12235.368
Preparing algo ...
Test start ...
Test Done ...
rolling 700, sd_coef 2.2, backtest took 7.395s, score is 22566.967
Preparing algo ...
Test start ...
Test Done ...
rolling 700, sd_coef 2.4, backtest took 7.298s, score is 26442.402
Preparing algo ...
Test start ...
Test Done ...
rolling 700, sd_coef 2.6, backtest took 7.426s, score is 28230.118
Preparing algo ...
Test start ...
Test Done ...
rolling 700, sd_coef 2.8, backtest took 7.403s, score is 24398.445
Preparing algo ...
Test start ...
Test Done ...
rolling 900, sd_coef 1.0, backtest took 7.551s, score is -365183.644
Preparing algo ...
Test start ...
Test Done ...
rolling 900, sd_coef 1.2, backtest took 7.421s, score is -198814.554
Preparing algo ...
Test start ...
Test Done ...
rolling 900, sd_coef 1.4, backtest took 7.418s, score is -80985.338
Preparing algo ...
Test start ...
Test Done ...
rolling 900, sd_coef 1.6, backtest took 7.346s, score is -25806.235
Preparing algo ...
Test start ...
Test Done ...
rolling 900, sd_coef 1.8, backtest took 7.493s, score is 4402.464
Preparing algo ...
Test start ...
Test Done ...
rolling 900, sd_coef 2.0, backtest took 7.313s, score is 19027.751
Preparing algo ...
Test start ...
Test Done ...
rolling 900, sd_coef 2.2, backtest took 7.364s, score is 25478.929
Preparing algo ...
Test start ...
Test Done ...
rolling 900, sd_coef 2.4, backtest took 7.277s, score is 30593.682
Preparing algo ...
Test start ...
Test Done ...
rolling 900, sd_coef 2.6, backtest took 7.416s, score is 28968.413
Preparing algo ...
Test start ...
Test Done ...
rolling 900, sd_coef 2.8, backtest took 7.275s, score is 24124.278
Preparing algo ...
Test start ...
Test Done ...
rolling 1100, sd_coef 1.0, backtest took 7.536s, score is -328538.994
Preparing algo ...
Test start ...
Test Done ...
rolling 1100, sd_coef 1.2, backtest took 7.477s, score is -174300.441
Preparing algo ...
Test start ...
Test Done ...
rolling 1100, sd_coef 1.4, backtest took 7.385s, score is -70288.112
Preparing algo ...
Test start ...
Test Done ...
rolling 1100, sd_coef 1.6, backtest took 7.332s, score is -18840.077
Preparing algo ...
Test start ...
Test Done ...
rolling 1100, sd_coef 1.8, backtest took 7.357s, score is 7427.876
Preparing algo ...
Test start ...
Test Done ...
rolling 1100, sd_coef 2.0, backtest took 7.313s, score is 20580.863
Preparing algo ...
Test start ...
Test Done ...
rolling 1100, sd_coef 2.2, backtest took 7.408s, score is 25344.546
Preparing algo ...
Test start ...
Test Done ...
rolling 1100, sd_coef 2.4, backtest took 7.296s, score is 28626.252
Preparing algo ...
Test start ...
Test Done ...
rolling 1100, sd_coef 2.6, backtest took 7.314s, score is 26418.450
Preparing algo ...
Test start ...
Test Done ...
rolling 1100, sd_coef 2.8, backtest took 7.266s, score is 24203.709
Preparing algo ...
Test start ...
Test Done ...
rolling 1300, sd_coef 1.0, backtest took 7.495s, score is -309912.954
Preparing algo ...
Test start ...
Test Done ...
rolling 1300, sd_coef 1.2, backtest took 7.322s, score is -147662.953
Preparing algo ...
Test start ...
Test Done ...
rolling 1300, sd_coef 1.4, backtest took 7.411s, score is -60208.263
Preparing algo ...
Test start ...
Test Done ...
rolling 1300, sd_coef 1.6, backtest took 7.395s, score is -14613.268
Preparing algo ...
Test start ...
Test Done ...
rolling 1300, sd_coef 1.8, backtest took 7.340s, score is 11935.552
Preparing algo ...
Test start ...
Test Done ...
rolling 1300, sd_coef 2.0, backtest took 7.292s, score is 22636.018
Preparing algo ...
Test start ...
Test Done ...
rolling 1300, sd_coef 2.2, backtest took 7.260s, score is 27327.716
Preparing algo ...
Test start ...
Test Done ...
rolling 1300, sd_coef 2.4, backtest took 7.356s, score is 30746.804
Preparing algo ...
Test start ...
Test Done ...
rolling 1300, sd_coef 2.6, backtest took 7.293s, score is 28095.448
Preparing algo ...
Test start ...
Test Done ...
rolling 1300, sd_coef 2.8, backtest took 7.365s, score is 21037.134
