Reading configs ...
Reading data ...
Skipping date 2016-03-01 ...
Warning date 2016-03-01 x 14983 vs y 0 entries
Skipping date 2016-03-02 ...
Warning date 2016-03-02 x 14752 vs y 0 entries
Skipping date 2016-03-03 ...
Warning date 2016-03-03 x 14209 vs y 0 entries
Skipping date 2016-03-04 ...
Warning date 2016-03-04 x 15736 vs y 0 entries
Skipping date 2016-03-05 ...
Skipping date 2016-03-06 ...
Skipping date 2016-03-07 ...
Warning date 2016-03-07 x 13609 vs y 0 entries
Skipping date 2016-03-08 ...
Warning date 2016-03-08 x 14735 vs y 0 entries
Skipping date 2016-03-09 ...
Warning date 2016-03-09 x 15585 vs y 0 entries
Skipping date 2016-03-10 ...
Warning date 2016-03-10 x 14753 vs y 0 entries
Skipping date 2016-03-11 ...
Warning date 2016-03-11 x 13928 vs y 0 entries
Skipping date 2016-03-12 ...
Skipping date 2016-03-13 ...
Skipping date 2016-03-14 ...
Warning date 2016-03-14 x 14649 vs y 0 entries
Skipping date 2016-03-15 ...
Warning date 2016-03-15 x 16763 vs y 0 entries
Skipping date 2016-03-16 ...
Warning date 2016-03-16 x 18317 vs y 0 entries
Skipping date 2016-03-17 ...
Warning date 2016-03-17 x 21371 vs y 0 entries
Skipping date 2016-03-18 ...
Warning date 2016-03-18 x 22971 vs y 0 entries
Skipping date 2016-03-19 ...
Skipping date 2016-03-20 ...
Skipping date 2016-03-26 ...
Skipping date 2016-03-27 ...
x is if1604: 195690 entries from 9 days
y is if1605: 101528 entries from 9 days
Preparing data ...
Preparing algo ...
Test start ...
Test Done ...
rolling 500, sd_coef 1.0, backtest took 15.452s, score is -1130494.057
Preparing algo ...
Test start ...
Test Done ...
rolling 500, sd_coef 1.5, backtest took 15.400s, score is -259350.079
Preparing algo ...
Test start ...
Test Done ...
rolling 500, sd_coef 2.0, backtest took 15.142s, score is -39824.875
Preparing algo ...
Test start ...
Test Done ...
rolling 500, sd_coef 2.5, backtest took 15.261s, score is 16110.112
Preparing algo ...
Test start ...
Test Done ...
rolling 500, sd_coef 3.0, backtest took 15.237s, score is 34487.664
Preparing algo ...
Test start ...
Test Done ...
rolling 500, sd_coef 3.5, backtest took 15.216s, score is 31063.429
Preparing algo ...
Test start ...
Test Done ...
rolling 500, sd_coef 4.0, backtest took 15.159s, score is 12152.970
Preparing algo ...
Test start ...
Test Done ...
rolling 500, sd_coef 4.5, backtest took 15.179s, score is 8267.059
Preparing algo ...
Test start ...
Test Done ...
rolling 1000, sd_coef 1.0, backtest took 15.458s, score is -778907.771
Preparing algo ...
Test start ...
Test Done ...
rolling 1000, sd_coef 1.5, backtest took 15.091s, score is -126952.223
Preparing algo ...
Test start ...
Test Done ...
rolling 1000, sd_coef 2.0, backtest took 15.453s, score is 20693.154
Preparing algo ...
Test start ...
Test Done ...
rolling 1000, sd_coef 2.5, backtest took 15.140s, score is 29506.112
Preparing algo ...
Test start ...
Test Done ...
rolling 1000, sd_coef 3.0, backtest took 15.148s, score is 26270.165
Preparing algo ...
Test start ...
Test Done ...
rolling 1000, sd_coef 3.5, backtest took 15.187s, score is 10971.281
Preparing algo ...
Test start ...
Test Done ...
rolling 1000, sd_coef 4.0, backtest took 15.074s, score is 9968.406
Preparing algo ...
Test start ...
Test Done ...
rolling 1000, sd_coef 4.5, backtest took 15.052s, score is 3915.993
Preparing algo ...
Test start ...
Test Done ...
rolling 1500, sd_coef 1.0, backtest took 15.284s, score is -654605.934
Preparing algo ...
Test start ...
Test Done ...
rolling 1500, sd_coef 1.5, backtest took 15.266s, score is -80148.184
Preparing algo ...
Test start ...
Test Done ...
rolling 1500, sd_coef 2.0, backtest took 15.143s, score is 34204.787
Preparing algo ...
Test start ...
Test Done ...
rolling 1500, sd_coef 2.5, backtest took 15.261s, score is 33520.948
Preparing algo ...
Test start ...
Test Done ...
rolling 1500, sd_coef 3.0, backtest took 14.982s, score is 24546.381
Preparing algo ...
Test start ...
Test Done ...
rolling 1500, sd_coef 3.5, backtest took 15.122s, score is 14964.830
Preparing algo ...
Test start ...
Test Done ...
rolling 1500, sd_coef 4.0, backtest took 14.816s, score is 8382.569
Preparing algo ...
Test start ...
Test Done ...
rolling 1500, sd_coef 4.5, backtest took 15.302s, score is 8567.921
Preparing algo ...
Test start ...
Test Done ...
rolling 2000, sd_coef 1.0, backtest took 15.332s, score is -539274.707
Preparing algo ...
Test start ...
Test Done ...
rolling 2000, sd_coef 1.5, backtest took 15.073s, score is -52049.305
Preparing algo ...
Test start ...
Test Done ...
rolling 2000, sd_coef 2.0, backtest took 15.129s, score is 36003.121
Preparing algo ...
Test start ...
Test Done ...
rolling 2000, sd_coef 2.5, backtest took 15.064s, score is 37086.618
Preparing algo ...
Test start ...
Test Done ...
rolling 2000, sd_coef 3.0, backtest took 15.053s, score is 19554.810
Preparing algo ...
Test start ...
Test Done ...
rolling 2000, sd_coef 3.5, backtest took 14.990s, score is 14501.930
Preparing algo ...
Test start ...
Test Done ...
rolling 2000, sd_coef 4.0, backtest took 15.034s, score is 9160.472
Preparing algo ...
Test start ...
Test Done ...
rolling 2000, sd_coef 4.5, backtest took 14.848s, score is 8106.204
Preparing algo ...
Test start ...
Test Done ...
rolling 2500, sd_coef 1.0, backtest took 15.211s, score is -470591.881
Preparing algo ...
Test start ...
Test Done ...
rolling 2500, sd_coef 1.5, backtest took 15.072s, score is -33488.421
Preparing algo ...
Test start ...
Test Done ...
rolling 2500, sd_coef 2.0, backtest took 15.026s, score is 41965.897
Preparing algo ...
Test start ...
Test Done ...
rolling 2500, sd_coef 2.5, backtest took 15.020s, score is 35467.562
Preparing algo ...
Test start ...
Test Done ...
rolling 2500, sd_coef 3.0, backtest took 15.060s, score is 20870.737
Preparing algo ...
Test start ...
Test Done ...
rolling 2500, sd_coef 3.5, backtest took 14.988s, score is 14131.230
Preparing algo ...
Test start ...
Test Done ...
rolling 2500, sd_coef 4.0, backtest took 14.966s, score is 11005.276
Preparing algo ...
Test start ...
Test Done ...
rolling 2500, sd_coef 4.5, backtest took 14.933s, score is 7814.946
Preparing algo ...
Test start ...
Test Done ...
rolling 3000, sd_coef 1.0, backtest took 15.085s, score is -425788.153
Preparing algo ...
Test start ...
Test Done ...
rolling 3000, sd_coef 1.5, backtest took 15.018s, score is -20794.693
Preparing algo ...
Test start ...
Test Done ...
rolling 3000, sd_coef 2.0, backtest took 15.033s, score is 41173.999
Preparing algo ...
Test start ...
Test Done ...
rolling 3000, sd_coef 2.5, backtest took 14.835s, score is 33850.110
Preparing algo ...
Test start ...
Test Done ...
rolling 3000, sd_coef 3.0, backtest took 14.959s, score is 17618.575
Preparing algo ...
Test start ...
Test Done ...
rolling 3000, sd_coef 3.5, backtest took 14.850s, score is 14212.374
Preparing algo ...
Test start ...
Test Done ...
rolling 3000, sd_coef 4.0, backtest took 14.745s, score is 11190.591
Preparing algo ...
Test start ...
Test Done ...
rolling 3000, sd_coef 4.5, backtest took 14.867s, score is 6992.215
Preparing algo ...
Test start ...
Test Done ...
rolling 3500, sd_coef 1.0, backtest took 15.106s, score is -405052.354
Preparing algo ...
Test start ...
Test Done ...
rolling 3500, sd_coef 1.5, backtest took 15.034s, score is -16056.991
Preparing algo ...
Test start ...
Test Done ...
rolling 3500, sd_coef 2.0, backtest took 14.778s, score is 41047.262
Preparing algo ...
Test start ...
Test Done ...
rolling 3500, sd_coef 2.5, backtest took 14.945s, score is 28454.548
Preparing algo ...
Test start ...
Test Done ...
rolling 3500, sd_coef 3.0, backtest took 14.867s, score is 19073.645
Preparing algo ...
Test start ...
Test Done ...
rolling 3500, sd_coef 3.5, backtest took 14.681s, score is 15613.676
Preparing algo ...
Test start ...
Test Done ...
rolling 3500, sd_coef 4.0, backtest took 14.789s, score is 11310.395
Preparing algo ...
Test start ...
Test Done ...
rolling 3500, sd_coef 4.5, backtest took 14.623s, score is 7814.946
Preparing algo ...
Test start ...
Test Done ...
rolling 4000, sd_coef 1.0, backtest took 15.218s, score is -373160.404
Preparing algo ...
Test start ...
Test Done ...
rolling 4000, sd_coef 1.5, backtest took 14.941s, score is -5562.970
Preparing algo ...
Test start ...
Test Done ...
rolling 4000, sd_coef 2.0, backtest took 14.741s, score is 38288.733
Preparing algo ...
Test start ...
Test Done ...
rolling 4000, sd_coef 2.5, backtest took 14.970s, score is 25198.969
Preparing algo ...
Test start ...
Test Done ...
rolling 4000, sd_coef 3.0, backtest took 14.689s, score is 16768.452
Preparing algo ...
Test start ...
Test Done ...
rolling 4000, sd_coef 3.5, backtest took 14.866s, score is 13052.946
Preparing algo ...
Test start ...
Test Done ...
rolling 4000, sd_coef 4.0, backtest took 14.759s, score is 9950.528
Preparing algo ...
Test start ...
Test Done ...
rolling 4000, sd_coef 4.5, backtest took 14.610s, score is 8426.399
Preparing algo ...
Test start ...
Test Done ...
rolling 4500, sd_coef 1.0, backtest took 14.975s, score is -343086.537
Preparing algo ...
Test start ...
Test Done ...
rolling 4500, sd_coef 1.5, backtest took 14.612s, score is 798.106
Preparing algo ...
Test start ...
Test Done ...
rolling 4500, sd_coef 2.0, backtest took 14.939s, score is 36829.744
Preparing algo ...
Test start ...
Test Done ...
rolling 4500, sd_coef 2.5, backtest took 14.920s, score is 23130.611
Preparing algo ...
Test start ...
Test Done ...
rolling 4500, sd_coef 3.0, backtest took 14.693s, score is 18326.444
Preparing algo ...
Test start ...
Test Done ...
rolling 4500, sd_coef 3.5, backtest took 14.810s, score is 13475.043
Preparing algo ...
Test start ...
Test Done ...
rolling 4500, sd_coef 4.0, backtest took 14.513s, score is 10840.632
Preparing algo ...
Test start ...
Test Done ...
rolling 4500, sd_coef 4.5, backtest took 14.980s, score is 8426.399
