Reading configs ...
Reading data ...
Skipping date 2016-01-01 ...
Skipping date 2016-01-02 ...
Skipping date 2016-01-03 ...
Skipping date 2016-01-09 ...
Skipping date 2016-01-10 ...
Skipping date 2016-01-16 ...
Skipping date 2016-01-17 ...
Skipping date 2016-01-23 ...
Skipping date 2016-01-24 ...
Skipping date 2016-01-30 ...
Skipping date 2016-01-31 ...
Skipping date 2016-02-06 ...
Skipping date 2016-02-07 ...
Skipping date 2016-02-08 ...
Skipping date 2016-02-09 ...
Skipping date 2016-02-10 ...
x is if1602: 458711 entries from 25 days
y is if1603: 350988 entries from 25 days
Preparing data ...
Preparing algo ...
Test start ...
Test Done ...
rolling 500, sd_coef 1.0, backtest took 40.511s, score is -2254982.466
Preparing algo ...
Test start ...
Test Done ...
rolling 500, sd_coef 1.5, backtest took 39.556s, score is 104531.508
Preparing algo ...
Test start ...
Test Done ...
rolling 500, sd_coef 2.0, backtest took 40.337s, score is 612500.410
Preparing algo ...
Test start ...
Test Done ...
rolling 500, sd_coef 2.5, backtest took 39.617s, score is 577821.934
Preparing algo ...
Test start ...
Test Done ...
rolling 500, sd_coef 3.0, backtest took 39.393s, score is 402470.542
Preparing algo ...
Test start ...
Test Done ...
rolling 500, sd_coef 3.5, backtest took 39.354s, score is 274456.697
Preparing algo ...
Test start ...
Test Done ...
rolling 500, sd_coef 4.0, backtest took 39.431s, score is 166207.201
Preparing algo ...
Test start ...
Test Done ...
rolling 500, sd_coef 4.5, backtest took 39.295s, score is 94259.490
Preparing algo ...
Test start ...
Test Done ...
rolling 1000, sd_coef 1.0, backtest took 40.191s, score is -1480091.716
Preparing algo ...
Test start ...
Test Done ...
rolling 1000, sd_coef 1.5, backtest took 40.006s, score is 345417.481
Preparing algo ...
Test start ...
Test Done ...
rolling 1000, sd_coef 2.0, backtest took 39.691s, score is 655319.811
Preparing algo ...
Test start ...
Test Done ...
rolling 1000, sd_coef 2.5, backtest took 39.395s, score is 499445.216
Preparing algo ...
Test start ...
Test Done ...
rolling 1000, sd_coef 3.0, backtest took 39.436s, score is 323670.017
Preparing algo ...
Test start ...
Test Done ...
rolling 1000, sd_coef 3.5, backtest took 39.436s, score is 192288.389
Preparing algo ...
Test start ...
Test Done ...
rolling 1000, sd_coef 4.0, backtest took 39.367s, score is 105676.750
Preparing algo ...
Test start ...
Test Done ...
rolling 1000, sd_coef 4.5, backtest took 39.293s, score is 74751.372
Preparing algo ...
Test start ...
Test Done ...
rolling 1500, sd_coef 1.0, backtest took 39.891s, score is -1153935.875
Preparing algo ...
Test start ...
Test Done ...
rolling 1500, sd_coef 1.5, backtest took 39.818s, score is 438179.633
Preparing algo ...
Test start ...
Test Done ...
rolling 1500, sd_coef 2.0, backtest took 39.594s, score is 621158.937
Preparing algo ...
Test start ...
Test Done ...
rolling 1500, sd_coef 2.5, backtest took 39.203s, score is 419026.572
Preparing algo ...
Test start ...
Test Done ...
rolling 1500, sd_coef 3.0, backtest took 39.311s, score is 274291.695
Preparing algo ...
Test start ...
Test Done ...
rolling 1500, sd_coef 3.5, backtest took 39.237s, score is 161872.601
Preparing algo ...
Test start ...
Test Done ...
rolling 1500, sd_coef 4.0, backtest took 39.286s, score is 92826.746
Preparing algo ...
Test start ...
Test Done ...
rolling 1500, sd_coef 4.5, backtest took 38.980s, score is 57008.358
Preparing algo ...
Test start ...
Test Done ...
rolling 2000, sd_coef 1.0, backtest took 39.556s, score is -934012.198
Preparing algo ...
Test start ...
Test Done ...
rolling 2000, sd_coef 1.5, backtest took 39.575s, score is 463644.138
Preparing algo ...
Test start ...
Test Done ...
rolling 2000, sd_coef 2.0, backtest took 39.424s, score is 574662.868
Preparing algo ...
Test start ...
Test Done ...
rolling 2000, sd_coef 2.5, backtest took 39.212s, score is 370668.945
Preparing algo ...
Test start ...
Test Done ...
rolling 2000, sd_coef 3.0, backtest took 39.129s, score is 251509.598
Preparing algo ...
Test start ...
Test Done ...
rolling 2000, sd_coef 3.5, backtest took 39.432s, score is 172672.465
Preparing algo ...
Test start ...
Test Done ...
rolling 2000, sd_coef 4.0, backtest took 39.086s, score is 85425.601
Preparing algo ...
Test start ...
Test Done ...
rolling 2000, sd_coef 4.5, backtest took 39.067s, score is 72379.744
Preparing algo ...
Test start ...
Test Done ...
rolling 2500, sd_coef 1.0, backtest took 39.643s, score is -773660.598
Preparing algo ...
Test start ...
Test Done ...
rolling 2500, sd_coef 1.5, backtest took 39.421s, score is 466565.847
Preparing algo ...
Test start ...
Test Done ...
rolling 2500, sd_coef 2.0, backtest took 39.192s, score is 536184.397
Preparing algo ...
Test start ...
Test Done ...
rolling 2500, sd_coef 2.5, backtest took 39.296s, score is 353071.770
Preparing algo ...
Test start ...
Test Done ...
rolling 2500, sd_coef 3.0, backtest took 38.985s, score is 236489.194
Preparing algo ...
Test start ...
Test Done ...
rolling 2500, sd_coef 3.5, backtest took 38.968s, score is 167962.461
Preparing algo ...
Test start ...
Test Done ...
rolling 2500, sd_coef 4.0, backtest took 38.991s, score is 106839.967
Preparing algo ...
Test start ...
Test Done ...
rolling 2500, sd_coef 4.5, backtest took 38.366s, score is 54564.071
Preparing algo ...
Test start ...
Test Done ...
rolling 3000, sd_coef 1.0, backtest took 40.285s, score is -678650.675
Preparing algo ...
Test start ...
Test Done ...
rolling 3000, sd_coef 1.5, backtest took 38.962s, score is 468986.732
Preparing algo ...
Test start ...
Test Done ...
rolling 3000, sd_coef 2.0, backtest took 39.170s, score is 519852.171
Preparing algo ...
Test start ...
Test Done ...
rolling 3000, sd_coef 2.5, backtest took 38.927s, score is 342260.407
Preparing algo ...
Test start ...
Test Done ...
rolling 3000, sd_coef 3.0, backtest took 39.023s, score is 203310.994
Preparing algo ...
Test start ...
Test Done ...
rolling 3000, sd_coef 3.5, backtest took 38.741s, score is 162411.661
Preparing algo ...
Test start ...
Test Done ...
rolling 3000, sd_coef 4.0, backtest took 38.805s, score is 102821.179
Preparing algo ...
Test start ...
Test Done ...
rolling 3000, sd_coef 4.5, backtest took 38.931s, score is 47705.073
Preparing algo ...
Test start ...
Test Done ...
rolling 3500, sd_coef 1.0, backtest took 39.300s, score is -558393.618
Preparing algo ...
Test start ...
Test Done ...
rolling 3500, sd_coef 1.5, backtest took 39.025s, score is 489687.191
Preparing algo ...
Test start ...
Test Done ...
rolling 3500, sd_coef 2.0, backtest took 38.873s, score is 511432.150
Preparing algo ...
Test start ...
Test Done ...
rolling 3500, sd_coef 2.5, backtest took 38.844s, score is 327435.782
Preparing algo ...
Test start ...
Test Done ...
rolling 3500, sd_coef 3.0, backtest took 38.646s, score is 200291.348
Preparing algo ...
Test start ...
Test Done ...
rolling 3500, sd_coef 3.5, backtest took 38.884s, score is 153013.415
Preparing algo ...
Test start ...
Test Done ...
rolling 3500, sd_coef 4.0, backtest took 38.687s, score is 96893.545
Preparing algo ...
Test start ...
Test Done ...
rolling 3500, sd_coef 4.5, backtest took 38.546s, score is 36378.019
Preparing algo ...
Test start ...
Test Done ...
rolling 4000, sd_coef 1.0, backtest took 39.140s, score is -460610.601
Preparing algo ...
Test start ...
Test Done ...
rolling 4000, sd_coef 1.5, backtest took 39.168s, score is 490540.936
Preparing algo ...
Test start ...
Test Done ...
rolling 4000, sd_coef 2.0, backtest took 38.643s, score is 493927.571
Preparing algo ...
Test start ...
Test Done ...
rolling 4000, sd_coef 2.5, backtest took 38.578s, score is 311319.387
Preparing algo ...
Test start ...
Test Done ...
rolling 4000, sd_coef 3.0, backtest took 38.625s, score is 205790.677
Preparing algo ...
Test start ...
Test Done ...
rolling 4000, sd_coef 3.5, backtest took 38.751s, score is 129540.127
Preparing algo ...
Test start ...
Test Done ...
rolling 4000, sd_coef 4.0, backtest took 38.470s, score is 86691.540
Preparing algo ...
Test start ...
Test Done ...
rolling 4000, sd_coef 4.5, backtest took 38.516s, score is 51146.447
Preparing algo ...
Test start ...
Test Done ...
rolling 4500, sd_coef 1.0, backtest took 39.297s, score is -386402.250
Preparing algo ...
Test start ...
Test Done ...
rolling 4500, sd_coef 1.5, backtest took 38.377s, score is 492471.611
Preparing algo ...
Test start ...
Test Done ...
rolling 4500, sd_coef 2.0, backtest took 38.648s, score is 486647.291
Preparing algo ...
Test start ...
Test Done ...
rolling 4500, sd_coef 2.5, backtest took 38.502s, score is 304046.208
Preparing algo ...
Test start ...
Test Done ...
rolling 4500, sd_coef 3.0, backtest took 38.185s, score is 190021.773
Preparing algo ...
Test start ...
Test Done ...
rolling 4500, sd_coef 3.5, backtest took 38.167s, score is 130687.819
Preparing algo ...
Test start ...
Test Done ...
rolling 4500, sd_coef 4.0, backtest took 38.129s, score is 79536.315
Preparing algo ...
Test start ...
Test Done ...
rolling 4500, sd_coef 4.5, backtest took 38.481s, score is 49233.106
