Reading configs ...
Reading data ...
Skipping date 2016-02-01 ...
Warning date 2016-02-01 x 15234 vs y 0 entries
Skipping date 2016-02-02 ...
Warning date 2016-02-02 x 16253 vs y 0 entries
Skipping date 2016-02-03 ...
Warning date 2016-02-03 x 15336 vs y 0 entries
Skipping date 2016-02-04 ...
Warning date 2016-02-04 x 13668 vs y 0 entries
Skipping date 2016-02-05 ...
Warning date 2016-02-05 x 12799 vs y 0 entries
Skipping date 2016-02-06 ...
Skipping date 2016-02-07 ...
Skipping date 2016-02-08 ...
Skipping date 2016-02-09 ...
Skipping date 2016-02-10 ...
Skipping date 2016-02-11 ...
Skipping date 2016-02-12 ...
Skipping date 2016-02-13 ...
Skipping date 2016-02-14 ...
Skipping date 2016-02-15 ...
Warning date 2016-02-15 x 14365 vs y 0 entries
Skipping date 2016-02-16 ...
Warning date 2016-02-16 x 15990 vs y 0 entries
Skipping date 2016-02-17 ...
Warning date 2016-02-17 x 16671 vs y 0 entries
Skipping date 2016-02-18 ...
Warning date 2016-02-18 x 19361 vs y 0 entries
Skipping date 2016-02-19 ...
Warning date 2016-02-19 x 21036 vs y 0 entries
Skipping date 2016-02-20 ...
Skipping date 2016-02-21 ...
Skipping date 2016-02-27 ...
Skipping date 2016-02-28 ...
x is if1603: 111612 entries from 5 days
y is if1604: 58774 entries from 5 days
Preparing data ...
Preparing algo ...
Test start ...
Test Done ...
rolling 500, rolling sigma 500, sd_coef 1.0, backtest took 12.132s, score is -486615.969
Preparing algo ...
Test start ...
Test Done ...
rolling 500, rolling sigma 500, sd_coef 1.5, backtest took 12.183s, score is -92143.523
Preparing algo ...
Test start ...
Test Done ...
rolling 500, rolling sigma 500, sd_coef 2.0, backtest took 12.108s, score is 2579.525
Preparing algo ...
Test start ...
Test Done ...
rolling 500, rolling sigma 500, sd_coef 2.5, backtest took 12.039s, score is 23449.201
Preparing algo ...
Test start ...
Test Done ...
rolling 500, rolling sigma 500, sd_coef 3.0, backtest took 12.001s, score is 23691.909
Preparing algo ...
Test start ...
Test Done ...
rolling 500, rolling sigma 500, sd_coef 3.5, backtest took 12.054s, score is 13647.582
Preparing algo ...
Test start ...
Test Done ...
rolling 500, rolling sigma 500, sd_coef 4.0, backtest took 11.920s, score is 5072.085
Preparing algo ...
Test start ...
Test Done ...
rolling 500, rolling sigma 500, sd_coef 4.5, backtest took 12.015s, score is 6166.053
Preparing algo ...
Test start ...
Test Done ...
rolling 500, rolling sigma 1000, sd_coef 1.0, backtest took 12.114s, score is -49389.887
Preparing algo ...
Test start ...
Test Done ...
rolling 500, rolling sigma 1000, sd_coef 1.5, backtest took 12.095s, score is -23581.828
Preparing algo ...
Test start ...
Test Done ...
rolling 500, rolling sigma 1000, sd_coef 2.0, backtest took 12.052s, score is -20737.744
Preparing algo ...
Test start ...
Test Done ...
rolling 500, rolling sigma 1000, sd_coef 2.5, backtest took 12.033s, score is -14991.953
Preparing algo ...
Test start ...
Test Done ...
rolling 500, rolling sigma 1000, sd_coef 3.0, backtest took 11.983s, score is -10172.821
Preparing algo ...
Test start ...
Test Done ...
rolling 500, rolling sigma 1000, sd_coef 3.5, backtest took 12.155s, score is -8265.789
Preparing algo ...
Test start ...
Test Done ...
rolling 500, rolling sigma 1000, sd_coef 4.0, backtest took 12.123s, score is -5964.645
Preparing algo ...
Test start ...
Test Done ...
rolling 500, rolling sigma 1000, sd_coef 4.5, backtest took 12.029s, score is -3852.983
Preparing algo ...
Test start ...
Test Done ...
rolling 500, rolling sigma 1500, sd_coef 1.0, backtest took 12.056s, score is -34967.646
Preparing algo ...
Test start ...
Test Done ...
rolling 500, rolling sigma 1500, sd_coef 1.5, backtest took 12.108s, score is -17024.493
Preparing algo ...
Test start ...
Test Done ...
rolling 500, rolling sigma 1500, sd_coef 2.0, backtest took 11.989s, score is -14199.143
Preparing algo ...
Test start ...
Test Done ...
rolling 500, rolling sigma 1500, sd_coef 2.5, backtest took 12.048s, score is -10854.591
Preparing algo ...
Test start ...
Test Done ...
rolling 500, rolling sigma 1500, sd_coef 3.0, backtest took 11.950s, score is -7392.659
Preparing algo ...
Test start ...
Test Done ...
rolling 500, rolling sigma 1500, sd_coef 3.5, backtest took 12.099s, score is -5990.051
Preparing algo ...
Test start ...
Test Done ...
rolling 500, rolling sigma 1500, sd_coef 4.0, backtest took 11.934s, score is -5382.339
Preparing algo ...
Test start ...
Test Done ...
rolling 500, rolling sigma 1500, sd_coef 4.5, backtest took 12.122s, score is -3368.938
Preparing algo ...
Test start ...
Test Done ...
rolling 500, rolling sigma 2000, sd_coef 1.0, backtest took 12.071s, score is -30075.240
Preparing algo ...
Test start ...
Test Done ...
rolling 500, rolling sigma 2000, sd_coef 1.5, backtest took 11.967s, score is -15619.566
Preparing algo ...
Test start ...
Test Done ...
rolling 500, rolling sigma 2000, sd_coef 2.0, backtest took 12.017s, score is -11382.570
Preparing algo ...
Test start ...
Test Done ...
rolling 500, rolling sigma 2000, sd_coef 2.5, backtest took 12.053s, score is -8783.559
Preparing algo ...
Test start ...
Test Done ...
rolling 500, rolling sigma 2000, sd_coef 3.0, backtest took 11.964s, score is -4349.596
Preparing algo ...
Test start ...
Test Done ...
rolling 500, rolling sigma 2000, sd_coef 3.5, backtest took 11.961s, score is -5014.470
Preparing algo ...
Test start ...
Test Done ...
rolling 500, rolling sigma 2000, sd_coef 4.0, backtest took 12.012s, score is -3998.121
Preparing algo ...
Test start ...
Test Done ...
rolling 500, rolling sigma 2000, sd_coef 4.5, backtest took 12.037s, score is -2701.999
Preparing algo ...
Test start ...
Test Done ...
rolling 500, rolling sigma 2500, sd_coef 1.0, backtest took 11.961s, score is -25605.817
Preparing algo ...
Test start ...
Test Done ...
rolling 500, rolling sigma 2500, sd_coef 1.5, backtest took 12.076s, score is -15391.382
Preparing algo ...
Test start ...
Test Done ...
rolling 500, rolling sigma 2500, sd_coef 2.0, backtest took 11.907s, score is -9657.473
Preparing algo ...
Test start ...
Test Done ...
rolling 500, rolling sigma 2500, sd_coef 2.5, backtest took 12.062s, score is -8058.741
Preparing algo ...
Test start ...
Test Done ...
rolling 500, rolling sigma 2500, sd_coef 3.0, backtest took 12.007s, score is -7722.903
Preparing algo ...
Test start ...
Test Done ...
rolling 500, rolling sigma 2500, sd_coef 3.5, backtest took 11.926s, score is -7025.152
Preparing algo ...
Test start ...
Test Done ...
rolling 500, rolling sigma 2500, sd_coef 4.0, backtest took 12.041s, score is -5395.744
Preparing algo ...
Test start ...
Test Done ...
rolling 500, rolling sigma 2500, sd_coef 4.5, backtest took 11.930s, score is -4033.362
Preparing algo ...
Test start ...
Test Done ...
rolling 500, rolling sigma 3000, sd_coef 1.0, backtest took 11.944s, score is -31849.102
Preparing algo ...
Test start ...
Test Done ...
rolling 500, rolling sigma 3000, sd_coef 1.5, backtest took 11.851s, score is -14517.168
Preparing algo ...
Test start ...
Test Done ...
rolling 500, rolling sigma 3000, sd_coef 2.0, backtest took 12.115s, score is -9728.971
Preparing algo ...
Test start ...
Test Done ...
rolling 500, rolling sigma 3000, sd_coef 2.5, backtest took 12.002s, score is -9474.276
Preparing algo ...
Test start ...
Test Done ...
rolling 500, rolling sigma 3000, sd_coef 3.0, backtest took 11.923s, score is -7710.514
Preparing algo ...
Test start ...
Test Done ...
rolling 500, rolling sigma 3000, sd_coef 3.5, backtest took 11.934s, score is -7323.529
Preparing algo ...
Test start ...
Test Done ...
rolling 500, rolling sigma 3000, sd_coef 4.0, backtest took 12.007s, score is -5223.733
Preparing algo ...
Test start ...
Test Done ...
rolling 500, rolling sigma 3000, sd_coef 4.5, backtest took 11.922s, score is -4100.042
Preparing algo ...
Test start ...
Test Done ...
rolling 500, rolling sigma 3500, sd_coef 1.0, backtest took 11.995s, score is -23325.273
Preparing algo ...
Test start ...
Test Done ...
rolling 500, rolling sigma 3500, sd_coef 1.5, backtest took 11.872s, score is -12903.165
Preparing algo ...
Test start ...
Test Done ...
rolling 500, rolling sigma 3500, sd_coef 2.0, backtest took 12.091s, score is -8808.913
Preparing algo ...
Test start ...
Test Done ...
rolling 500, rolling sigma 3500, sd_coef 2.5, backtest took 12.038s, score is -7080.121
Preparing algo ...
Test start ...
Test Done ...
rolling 500, rolling sigma 3500, sd_coef 3.0, backtest took 11.903s, score is -6864.766
Preparing algo ...
Test start ...
Test Done ...
rolling 500, rolling sigma 3500, sd_coef 3.5, backtest took 11.962s, score is -6530.493
Preparing algo ...
Test start ...
Test Done ...
rolling 500, rolling sigma 3500, sd_coef 4.0, backtest took 11.916s, score is -5180.213
Preparing algo ...
Test start ...
Test Done ...
rolling 500, rolling sigma 3500, sd_coef 4.5, backtest took 11.893s, score is -5416.926
Preparing algo ...
Test start ...
Test Done ...
rolling 500, rolling sigma 4000, sd_coef 1.0, backtest took 12.014s, score is -27101.568
Preparing algo ...
Test start ...
Test Done ...
rolling 500, rolling sigma 4000, sd_coef 1.5, backtest took 11.864s, score is -11612.725
Preparing algo ...
Test start ...
Test Done ...
rolling 500, rolling sigma 4000, sd_coef 2.0, backtest took 11.977s, score is -8089.283
Preparing algo ...
Test start ...
Test Done ...
rolling 500, rolling sigma 4000, sd_coef 2.5, backtest took 11.841s, score is -5398.026
Preparing algo ...
Test start ...
Test Done ...
rolling 500, rolling sigma 4000, sd_coef 3.0, backtest took 12.032s, score is -6585.250
Preparing algo ...
Test start ...
Test Done ...
rolling 500, rolling sigma 4000, sd_coef 3.5, backtest took 12.001s, score is -4660.487
Preparing algo ...
Test start ...
Test Done ...
rolling 500, rolling sigma 4000, sd_coef 4.0, backtest took 11.882s, score is -3686.313
Preparing algo ...
Test start ...
Test Done ...
rolling 500, rolling sigma 4000, sd_coef 4.5, backtest took 11.953s, score is -5033.220
Preparing algo ...
Test start ...
Test Done ...
rolling 500, rolling sigma 4500, sd_coef 1.0, backtest took 11.888s, score is -23813.676
Preparing algo ...
Test start ...
Test Done ...
rolling 500, rolling sigma 4500, sd_coef 1.5, backtest took 11.908s, score is -7759.935
Preparing algo ...
Test start ...
Test Done ...
rolling 500, rolling sigma 4500, sd_coef 2.0, backtest took 11.983s, score is -5432.851
Preparing algo ...
Test start ...
Test Done ...
rolling 500, rolling sigma 4500, sd_coef 2.5, backtest took 11.877s, score is -4306.324
Preparing algo ...
Test start ...
Test Done ...
rolling 500, rolling sigma 4500, sd_coef 3.0, backtest took 11.936s, score is -5077.448
Preparing algo ...
Test start ...
Test Done ...
rolling 500, rolling sigma 4500, sd_coef 3.5, backtest took 11.953s, score is -4503.454
Preparing algo ...
Test start ...
Test Done ...
rolling 500, rolling sigma 4500, sd_coef 4.0, backtest took 11.876s, score is -3913.219
Preparing algo ...
Test start ...
Test Done ...
rolling 500, rolling sigma 4500, sd_coef 4.5, backtest took 11.953s, score is -4750.960
Preparing algo ...
Test start ...
Test Done ...
rolling 1000, rolling sigma 500, sd_coef 1.0, backtest took 12.145s, score is -47945.528
Preparing algo ...
Test start ...
Test Done ...
rolling 1000, rolling sigma 500, sd_coef 1.5, backtest took 12.021s, score is -22401.790
Preparing algo ...
Test start ...
Test Done ...
rolling 1000, rolling sigma 500, sd_coef 2.0, backtest took 12.136s, score is -17147.399
Preparing algo ...
Test start ...
Test Done ...
rolling 1000, rolling sigma 500, sd_coef 2.5, backtest took 12.058s, score is -15401.808
Preparing algo ...
Test start ...
Test Done ...
rolling 1000, rolling sigma 500, sd_coef 3.0, backtest took 12.012s, score is -9914.704
Preparing algo ...
Test start ...
Test Done ...
rolling 1000, rolling sigma 500, sd_coef 3.5, backtest took 12.149s, score is -6745.822
Preparing algo ...
Test start ...
Test Done ...
rolling 1000, rolling sigma 500, sd_coef 4.0, backtest took 12.028s, score is -5998.651
Preparing algo ...
Test start ...
Test Done ...
rolling 1000, rolling sigma 500, sd_coef 4.5, backtest took 12.130s, score is -5208.707
Preparing algo ...
Test start ...
Test Done ...
rolling 1000, rolling sigma 1000, sd_coef 1.0, backtest took 12.206s, score is -347384.569
Preparing algo ...
Test start ...
Test Done ...
rolling 1000, rolling sigma 1000, sd_coef 1.5, backtest took 12.020s, score is -42843.019
Preparing algo ...
Test start ...
Test Done ...
rolling 1000, rolling sigma 1000, sd_coef 2.0, backtest took 11.948s, score is 20461.969
Preparing algo ...
Test start ...
Test Done ...
rolling 1000, rolling sigma 1000, sd_coef 2.5, backtest took 12.051s, score is 29460.111
Preparing algo ...
Test start ...
Test Done ...
rolling 1000, rolling sigma 1000, sd_coef 3.0, backtest took 11.996s, score is 22536.041
Preparing algo ...
Test start ...
Test Done ...
rolling 1000, rolling sigma 1000, sd_coef 3.5, backtest took 11.913s, score is 9476.968
Preparing algo ...
Test start ...
Test Done ...
rolling 1000, rolling sigma 1000, sd_coef 4.0, backtest took 12.013s, score is 5684.803
Preparing algo ...
Test start ...
Test Done ...
rolling 1000, rolling sigma 1000, sd_coef 4.5, backtest took 12.010s, score is 277.495
Preparing algo ...
Test start ...
Test Done ...
rolling 1000, rolling sigma 1500, sd_coef 1.0, backtest took 12.089s, score is -42780.020
Preparing algo ...
Test start ...
Test Done ...
rolling 1000, rolling sigma 1500, sd_coef 1.5, backtest took 12.099s, score is -25208.056
Preparing algo ...
Test start ...
Test Done ...
rolling 1000, rolling sigma 1500, sd_coef 2.0, backtest took 12.046s, score is -19003.035
Preparing algo ...
Test start ...
Test Done ...
rolling 1000, rolling sigma 1500, sd_coef 2.5, backtest took 12.015s, score is -12701.231
Preparing algo ...
Test start ...
Test Done ...
rolling 1000, rolling sigma 1500, sd_coef 3.0, backtest took 11.943s, score is -11029.365
Preparing algo ...
Test start ...
Test Done ...
rolling 1000, rolling sigma 1500, sd_coef 3.5, backtest took 12.231s, score is -10285.409
Preparing algo ...
Test start ...
Test Done ...
rolling 1000, rolling sigma 1500, sd_coef 4.0, backtest took 12.070s, score is -9186.910
Preparing algo ...
Test start ...
Test Done ...
rolling 1000, rolling sigma 1500, sd_coef 4.5, backtest took 11.915s, score is -6721.914
Preparing algo ...
Test start ...
Test Done ...
rolling 1000, rolling sigma 2000, sd_coef 1.0, backtest took 12.086s, score is -24676.023
Preparing algo ...
Test start ...
Test Done ...
rolling 1000, rolling sigma 2000, sd_coef 1.5, backtest took 12.109s, score is -13807.399
Preparing algo ...
Test start ...
Test Done ...
rolling 1000, rolling sigma 2000, sd_coef 2.0, backtest took 11.964s, score is -9973.144
Preparing algo ...
Test start ...
Test Done ...
rolling 1000, rolling sigma 2000, sd_coef 2.5, backtest took 12.092s, score is -6821.875
Preparing algo ...
Test start ...
Test Done ...
rolling 1000, rolling sigma 2000, sd_coef 3.0, backtest took 11.915s, score is -8045.329
Preparing algo ...
Test start ...
Test Done ...
rolling 1000, rolling sigma 2000, sd_coef 3.5, backtest took 12.148s, score is -6698.283
Preparing algo ...
Test start ...
Test Done ...
rolling 1000, rolling sigma 2000, sd_coef 4.0, backtest took 11.963s, score is -5123.172
Preparing algo ...
Test start ...
Test Done ...
rolling 1000, rolling sigma 2000, sd_coef 4.5, backtest took 12.144s, score is -3881.172
Preparing algo ...
Test start ...
Test Done ...
rolling 1000, rolling sigma 2500, sd_coef 1.0, backtest took 12.086s, score is -30960.945
Preparing algo ...
Test start ...
Test Done ...
rolling 1000, rolling sigma 2500, sd_coef 1.5, backtest took 11.974s, score is -17233.969
Preparing algo ...
Test start ...
Test Done ...
rolling 1000, rolling sigma 2500, sd_coef 2.0, backtest took 12.111s, score is -11478.855
Preparing algo ...
Test start ...
Test Done ...
rolling 1000, rolling sigma 2500, sd_coef 2.5, backtest took 12.094s, score is -11207.070
Preparing algo ...
Test start ...
Test Done ...
rolling 1000, rolling sigma 2500, sd_coef 3.0, backtest took 11.978s, score is -9762.663
Preparing algo ...
Test start ...
Test Done ...
rolling 1000, rolling sigma 2500, sd_coef 3.5, backtest took 11.960s, score is -10222.099
Preparing algo ...
Test start ...
Test Done ...
rolling 1000, rolling sigma 2500, sd_coef 4.0, backtest took 11.973s, score is -6514.984
Preparing algo ...
Test start ...
Test Done ...
rolling 1000, rolling sigma 2500, sd_coef 4.5, backtest took 12.050s, score is -5396.390
Preparing algo ...
Test start ...
Test Done ...
rolling 1000, rolling sigma 3000, sd_coef 1.0, backtest took 11.990s, score is -26192.859
Preparing algo ...
Test start ...
Test Done ...
rolling 1000, rolling sigma 3000, sd_coef 1.5, backtest took 12.046s, score is -14316.748
Preparing algo ...
Test start ...
Test Done ...
rolling 1000, rolling sigma 3000, sd_coef 2.0, backtest took 11.894s, score is -11751.245
Preparing algo ...
Test start ...
Test Done ...
rolling 1000, rolling sigma 3000, sd_coef 2.5, backtest took 12.105s, score is -10006.666
Preparing algo ...
Test start ...
Test Done ...
rolling 1000, rolling sigma 3000, sd_coef 3.0, backtest took 12.076s, score is -8810.178
Preparing algo ...
Test start ...
Test Done ...
rolling 1000, rolling sigma 3000, sd_coef 3.5, backtest took 11.990s, score is -8970.397
Preparing algo ...
Test start ...
Test Done ...
rolling 1000, rolling sigma 3000, sd_coef 4.0, backtest took 11.977s, score is -5437.363
Preparing algo ...
Test start ...
Test Done ...
rolling 1000, rolling sigma 3000, sd_coef 4.5, backtest took 11.895s, score is -4367.032
Preparing algo ...
Test start ...
Test Done ...
rolling 1000, rolling sigma 3500, sd_coef 1.0, backtest took 11.995s, score is -24919.957
Preparing algo ...
Test start ...
Test Done ...
rolling 1000, rolling sigma 3500, sd_coef 1.5, backtest took 11.876s, score is -12754.485
Preparing algo ...
Test start ...
Test Done ...
rolling 1000, rolling sigma 3500, sd_coef 2.0, backtest took 12.135s, score is -9207.423
Preparing algo ...
Test start ...
Test Done ...
rolling 1000, rolling sigma 3500, sd_coef 2.5, backtest took 12.032s, score is -6037.258
Preparing algo ...
Test start ...
Test Done ...
rolling 1000, rolling sigma 3500, sd_coef 3.0, backtest took 11.950s, score is -4658.820
Preparing algo ...
Test start ...
Test Done ...
rolling 1000, rolling sigma 3500, sd_coef 3.5, backtest took 11.942s, score is -4536.511
Preparing algo ...
Test start ...
Test Done ...
rolling 1000, rolling sigma 3500, sd_coef 4.0, backtest took 11.956s, score is -3537.162
Preparing algo ...
Test start ...
Test Done ...
rolling 1000, rolling sigma 3500, sd_coef 4.5, backtest took 11.868s, score is -3992.880
Preparing algo ...
Test start ...
Test Done ...
rolling 1000, rolling sigma 4000, sd_coef 1.0, backtest took 11.993s, score is -23223.874
Preparing algo ...
Test start ...
Test Done ...
rolling 1000, rolling sigma 4000, sd_coef 1.5, backtest took 11.865s, score is -12806.685
Preparing algo ...
Test start ...
Test Done ...
rolling 1000, rolling sigma 4000, sd_coef 2.0, backtest took 12.055s, score is -8932.963
Preparing algo ...
Test start ...
Test Done ...
rolling 1000, rolling sigma 4000, sd_coef 2.5, backtest took 12.025s, score is -10066.916
Preparing algo ...
Test start ...
Test Done ...
rolling 1000, rolling sigma 4000, sd_coef 3.0, backtest took 11.889s, score is -8399.353
Preparing algo ...
Test start ...
Test Done ...
rolling 1000, rolling sigma 4000, sd_coef 3.5, backtest took 12.027s, score is -6413.404
Preparing algo ...
Test start ...
Test Done ...
rolling 1000, rolling sigma 4000, sd_coef 4.0, backtest took 11.872s, score is -3436.480
Preparing algo ...
Test start ...
Test Done ...
rolling 1000, rolling sigma 4000, sd_coef 4.5, backtest took 11.823s, score is -3436.480
Preparing algo ...
Test start ...
Test Done ...
rolling 1000, rolling sigma 4500, sd_coef 1.0, backtest took 11.993s, score is -22662.657
Preparing algo ...
Test start ...
Test Done ...
rolling 1000, rolling sigma 4500, sd_coef 1.5, backtest took 11.904s, score is -11018.673
Preparing algo ...
Test start ...
Test Done ...
rolling 1000, rolling sigma 4500, sd_coef 2.0, backtest took 12.003s, score is -6219.668
Preparing algo ...
Test start ...
Test Done ...
rolling 1000, rolling sigma 4500, sd_coef 2.5, backtest took 11.995s, score is -5625.170
Preparing algo ...
Test start ...
Test Done ...
rolling 1000, rolling sigma 4500, sd_coef 3.0, backtest took 11.934s, score is -5526.892
Preparing algo ...
Test start ...
Test Done ...
rolling 1000, rolling sigma 4500, sd_coef 3.5, backtest took 11.909s, score is -5779.065
Preparing algo ...
Test start ...
Test Done ...
rolling 1000, rolling sigma 4500, sd_coef 4.0, backtest took 11.745s, score is -2042.666
Preparing algo ...
Test start ...
Test Done ...
rolling 1000, rolling sigma 4500, sd_coef 4.5, backtest took 12.011s, score is -1870.131
Preparing algo ...
Test start ...
Test Done ...
rolling 1500, rolling sigma 500, sd_coef 1.0, backtest took 12.158s, score is -37925.229
Preparing algo ...
Test start ...
Test Done ...
rolling 1500, rolling sigma 500, sd_coef 1.5, backtest took 12.053s, score is -22779.550
Preparing algo ...
Test start ...
Test Done ...
rolling 1500, rolling sigma 500, sd_coef 2.0, backtest took 12.024s, score is -16447.230
Preparing algo ...
Test start ...
Test Done ...
rolling 1500, rolling sigma 500, sd_coef 2.5, backtest took 12.047s, score is -9791.722
Preparing algo ...
Test start ...
Test Done ...
rolling 1500, rolling sigma 500, sd_coef 3.0, backtest took 12.236s, score is -9096.971
Preparing algo ...
Test start ...
Test Done ...
rolling 1500, rolling sigma 500, sd_coef 3.5, backtest took 12.154s, score is -7263.348
Preparing algo ...
Test start ...
Test Done ...
rolling 1500, rolling sigma 500, sd_coef 4.0, backtest took 12.069s, score is -5462.903
Preparing algo ...
Test start ...
Test Done ...
rolling 1500, rolling sigma 500, sd_coef 4.5, backtest took 12.022s, score is -4174.651
Preparing algo ...
Test start ...
Test Done ...
rolling 1500, rolling sigma 1000, sd_coef 1.0, backtest took 11.981s, score is -51306.123
Preparing algo ...
Test start ...
Test Done ...
rolling 1500, rolling sigma 1000, sd_coef 1.5, backtest took 12.224s, score is -31284.997
Preparing algo ...
Test start ...
Test Done ...
rolling 1500, rolling sigma 1000, sd_coef 2.0, backtest took 12.129s, score is -24940.115
Preparing algo ...
Test start ...
Test Done ...
rolling 1500, rolling sigma 1000, sd_coef 2.5, backtest took 12.042s, score is -19489.416
Preparing algo ...
Test start ...
Test Done ...
rolling 1500, rolling sigma 1000, sd_coef 3.0, backtest took 12.018s, score is -15020.415
Preparing algo ...
Test start ...
Test Done ...
rolling 1500, rolling sigma 1000, sd_coef 3.5, backtest took 12.105s, score is -11547.608
Preparing algo ...
Test start ...
Test Done ...
rolling 1500, rolling sigma 1000, sd_coef 4.0, backtest took 12.080s, score is -8939.781
Preparing algo ...
Test start ...
Test Done ...
rolling 1500, rolling sigma 1000, sd_coef 4.5, backtest took 12.024s, score is -5160.666
Preparing algo ...
Test start ...
Test Done ...
rolling 1500, rolling sigma 1500, sd_coef 1.0, backtest took 12.153s, score is -287419.082
Preparing algo ...
Test start ...
Test Done ...
rolling 1500, rolling sigma 1500, sd_coef 1.5, backtest took 12.027s, score is -33640.928
Preparing algo ...
Test start ...
Test Done ...
rolling 1500, rolling sigma 1500, sd_coef 2.0, backtest took 12.038s, score is 25323.180
Preparing algo ...
Test start ...
Test Done ...
rolling 1500, rolling sigma 1500, sd_coef 2.5, backtest took 11.941s, score is 29355.667
Preparing algo ...
Test start ...
Test Done ...
rolling 1500, rolling sigma 1500, sd_coef 3.0, backtest took 11.919s, score is 18588.133
Preparing algo ...
Test start ...
Test Done ...
rolling 1500, rolling sigma 1500, sd_coef 3.5, backtest took 12.029s, score is 9928.911
Preparing algo ...
Test start ...
Test Done ...
rolling 1500, rolling sigma 1500, sd_coef 4.0, backtest took 11.947s, score is 3727.912
Preparing algo ...
Test start ...
Test Done ...
rolling 1500, rolling sigma 1500, sd_coef 4.5, backtest took 12.014s, score is 864.829
Preparing algo ...
Test start ...
Test Done ...
rolling 1500, rolling sigma 2000, sd_coef 1.0, backtest took 12.061s, score is -33912.268
Preparing algo ...
Test start ...
Test Done ...
rolling 1500, rolling sigma 2000, sd_coef 1.5, backtest took 12.002s, score is -20033.174
Preparing algo ...
Test start ...
Test Done ...
rolling 1500, rolling sigma 2000, sd_coef 2.0, backtest took 12.110s, score is -15289.524
Preparing algo ...
Test start ...
Test Done ...
rolling 1500, rolling sigma 2000, sd_coef 2.5, backtest took 12.001s, score is -11615.803
Preparing algo ...
Test start ...
Test Done ...
rolling 1500, rolling sigma 2000, sd_coef 3.0, backtest took 12.070s, score is -11642.669
Preparing algo ...
Test start ...
Test Done ...
rolling 1500, rolling sigma 2000, sd_coef 3.5, backtest took 12.104s, score is -9386.192
Preparing algo ...
Test start ...
Test Done ...
rolling 1500, rolling sigma 2000, sd_coef 4.0, backtest took 11.953s, score is -7504.458
Preparing algo ...
Test start ...
Test Done ...
rolling 1500, rolling sigma 2000, sd_coef 4.5, backtest took 12.109s, score is -6956.403
Preparing algo ...
Test start ...
Test Done ...
rolling 1500, rolling sigma 2500, sd_coef 1.0, backtest took 12.107s, score is -25345.421
Preparing algo ...
Test start ...
Test Done ...
rolling 1500, rolling sigma 2500, sd_coef 1.5, backtest took 12.001s, score is -11979.684
Preparing algo ...
Test start ...
Test Done ...
rolling 1500, rolling sigma 2500, sd_coef 2.0, backtest took 12.065s, score is -7331.919
Preparing algo ...
Test start ...
Test Done ...
rolling 1500, rolling sigma 2500, sd_coef 2.5, backtest took 12.022s, score is -7884.301
Preparing algo ...
Test start ...
Test Done ...
rolling 1500, rolling sigma 2500, sd_coef 3.0, backtest took 11.974s, score is -3999.956
Preparing algo ...
Test start ...
Test Done ...
rolling 1500, rolling sigma 2500, sd_coef 3.5, backtest took 11.892s, score is -4238.581
Preparing algo ...
Test start ...
Test Done ...
rolling 1500, rolling sigma 2500, sd_coef 4.0, backtest took 12.145s, score is -4013.045
Preparing algo ...
Test start ...
Test Done ...
rolling 1500, rolling sigma 2500, sd_coef 4.5, backtest took 12.058s, score is -4105.187
Preparing algo ...
Test start ...
Test Done ...
rolling 1500, rolling sigma 3000, sd_coef 1.0, backtest took 11.990s, score is -25983.578
Preparing algo ...
Test start ...
Test Done ...
rolling 1500, rolling sigma 3000, sd_coef 1.5, backtest took 11.931s, score is -12972.820
Preparing algo ...
Test start ...
Test Done ...
rolling 1500, rolling sigma 3000, sd_coef 2.0, backtest took 12.084s, score is -10335.062
Preparing algo ...
Test start ...
Test Done ...
rolling 1500, rolling sigma 3000, sd_coef 2.5, backtest took 11.919s, score is -10463.416
Preparing algo ...
Test start ...
Test Done ...
rolling 1500, rolling sigma 3000, sd_coef 3.0, backtest took 12.062s, score is -7964.405
Preparing algo ...
Test start ...
Test Done ...
rolling 1500, rolling sigma 3000, sd_coef 3.5, backtest took 11.844s, score is -7879.814
Preparing algo ...
Test start ...
Test Done ...
rolling 1500, rolling sigma 3000, sd_coef 4.0, backtest took 12.097s, score is -6997.235
Preparing algo ...
Test start ...
Test Done ...
rolling 1500, rolling sigma 3000, sd_coef 4.5, backtest took 12.092s, score is -6169.350
Preparing algo ...
Test start ...
Test Done ...
rolling 1500, rolling sigma 3500, sd_coef 1.0, backtest took 11.937s, score is -26814.509
Preparing algo ...
Test start ...
Test Done ...
rolling 1500, rolling sigma 3500, sd_coef 1.5, backtest took 12.081s, score is -13526.427
Preparing algo ...
Test start ...
Test Done ...
rolling 1500, rolling sigma 3500, sd_coef 2.0, backtest took 11.860s, score is -11536.258
Preparing algo ...
Test start ...
Test Done ...
rolling 1500, rolling sigma 3500, sd_coef 2.5, backtest took 12.096s, score is -7795.886
Preparing algo ...
Test start ...
Test Done ...
rolling 1500, rolling sigma 3500, sd_coef 3.0, backtest took 12.045s, score is -6992.551
Preparing algo ...
Test start ...
Test Done ...
rolling 1500, rolling sigma 3500, sd_coef 3.5, backtest took 11.958s, score is -6641.391
Preparing algo ...
Test start ...
Test Done ...
rolling 1500, rolling sigma 3500, sd_coef 4.0, backtest took 12.049s, score is -5181.604
Preparing algo ...
Test start ...
Test Done ...
rolling 1500, rolling sigma 3500, sd_coef 4.5, backtest took 11.944s, score is -5368.922
Preparing algo ...
Test start ...
Test Done ...
rolling 1500, rolling sigma 4000, sd_coef 1.0, backtest took 11.918s, score is -23125.317
Preparing algo ...
Test start ...
Test Done ...
rolling 1500, rolling sigma 4000, sd_coef 1.5, backtest took 11.845s, score is -11721.182
Preparing algo ...
Test start ...
Test Done ...
rolling 1500, rolling sigma 4000, sd_coef 2.0, backtest took 12.104s, score is -7841.629
Preparing algo ...
Test start ...
Test Done ...
rolling 1500, rolling sigma 4000, sd_coef 2.5, backtest took 12.000s, score is -8129.749
Preparing algo ...
Test start ...
Test Done ...
rolling 1500, rolling sigma 4000, sd_coef 3.0, backtest took 11.893s, score is -6384.730
Preparing algo ...
Test start ...
Test Done ...
rolling 1500, rolling sigma 4000, sd_coef 3.5, backtest took 11.893s, score is -5740.465
Preparing algo ...
Test start ...
Test Done ...
rolling 1500, rolling sigma 4000, sd_coef 4.0, backtest took 12.042s, score is -4821.569
Preparing algo ...
Test start ...
Test Done ...
rolling 1500, rolling sigma 4000, sd_coef 4.5, backtest took 11.911s, score is -4821.569
Preparing algo ...
Test start ...
Test Done ...
rolling 1500, rolling sigma 4500, sd_coef 1.0, backtest took 11.997s, score is -20003.140
Preparing algo ...
Test start ...
Test Done ...
rolling 1500, rolling sigma 4500, sd_coef 1.5, backtest took 11.809s, score is -8619.849
Preparing algo ...
Test start ...
Test Done ...
rolling 1500, rolling sigma 4500, sd_coef 2.0, backtest took 12.029s, score is -5665.702
Preparing algo ...
Test start ...
Test Done ...
rolling 1500, rolling sigma 4500, sd_coef 2.5, backtest took 12.015s, score is -7000.608
Preparing algo ...
Test start ...
Test Done ...
rolling 1500, rolling sigma 4500, sd_coef 3.0, backtest took 11.885s, score is -6770.648
Preparing algo ...
Test start ...
Test Done ...
rolling 1500, rolling sigma 4500, sd_coef 3.5, backtest took 11.989s, score is -7942.362
Preparing algo ...
Test start ...
Test Done ...
rolling 1500, rolling sigma 4500, sd_coef 4.0, backtest took 11.905s, score is -7622.019
Preparing algo ...
Test start ...
Test Done ...
rolling 1500, rolling sigma 4500, sd_coef 4.5, backtest took 11.883s, score is -7606.824
Preparing algo ...
Test start ...
Test Done ...
rolling 2000, rolling sigma 500, sd_coef 1.0, backtest took 12.190s, score is -33536.988
Preparing algo ...
Test start ...
Test Done ...
rolling 2000, rolling sigma 500, sd_coef 1.5, backtest took 12.055s, score is -16057.603
Preparing algo ...
Test start ...
Test Done ...
rolling 2000, rolling sigma 500, sd_coef 2.0, backtest took 12.154s, score is -12125.645
Preparing algo ...
Test start ...
Test Done ...
rolling 2000, rolling sigma 500, sd_coef 2.5, backtest took 11.967s, score is -7343.254
Preparing algo ...
Test start ...
Test Done ...
rolling 2000, rolling sigma 500, sd_coef 3.0, backtest took 12.263s, score is -5340.315
Preparing algo ...
Test start ...
Test Done ...
rolling 2000, rolling sigma 500, sd_coef 3.5, backtest took 12.138s, score is -3172.893
Preparing algo ...
Test start ...
Test Done ...
rolling 2000, rolling sigma 500, sd_coef 4.0, backtest took 12.023s, score is -4088.711
Preparing algo ...
Test start ...
Test Done ...
rolling 2000, rolling sigma 500, sd_coef 4.5, backtest took 12.066s, score is -5218.985
Preparing algo ...
Test start ...
Test Done ...
rolling 2000, rolling sigma 1000, sd_coef 1.0, backtest took 12.055s, score is -31802.735
Preparing algo ...
Test start ...
Test Done ...
rolling 2000, rolling sigma 1000, sd_coef 1.5, backtest took 12.044s, score is -12815.596
Preparing algo ...
Test start ...
Test Done ...
rolling 2000, rolling sigma 1000, sd_coef 2.0, backtest took 12.114s, score is -12585.987
Preparing algo ...
Test start ...
Test Done ...
rolling 2000, rolling sigma 1000, sd_coef 2.5, backtest took 11.994s, score is -10172.097
Preparing algo ...
Test start ...
Test Done ...
rolling 2000, rolling sigma 1000, sd_coef 3.0, backtest took 12.098s, score is -4858.761
Preparing algo ...
Test start ...
Test Done ...
rolling 2000, rolling sigma 1000, sd_coef 3.5, backtest took 12.137s, score is -4419.690
Preparing algo ...
Test start ...
Test Done ...
rolling 2000, rolling sigma 1000, sd_coef 4.0, backtest took 12.011s, score is -3696.371
Preparing algo ...
Test start ...
Test Done ...
rolling 2000, rolling sigma 1000, sd_coef 4.5, backtest took 12.031s, score is -2464.877
Preparing algo ...
Test start ...
Test Done ...
rolling 2000, rolling sigma 1500, sd_coef 1.0, backtest took 11.948s, score is -32679.358
Preparing algo ...
Test start ...
Test Done ...
rolling 2000, rolling sigma 1500, sd_coef 1.5, backtest took 12.201s, score is -18624.094
Preparing algo ...
Test start ...
Test Done ...
rolling 2000, rolling sigma 1500, sd_coef 2.0, backtest took 12.101s, score is -16791.111
Preparing algo ...
Test start ...
Test Done ...
rolling 2000, rolling sigma 1500, sd_coef 2.5, backtest took 11.955s, score is -11841.464
Preparing algo ...
Test start ...
Test Done ...
rolling 2000, rolling sigma 1500, sd_coef 3.0, backtest took 12.055s, score is -9104.607
Preparing algo ...
Test start ...
Test Done ...
rolling 2000, rolling sigma 1500, sd_coef 3.5, backtest took 11.952s, score is -8193.786
Preparing algo ...
Test start ...
Test Done ...
rolling 2000, rolling sigma 1500, sd_coef 4.0, backtest took 12.072s, score is -7351.231
Preparing algo ...
Test start ...
Test Done ...
rolling 2000, rolling sigma 1500, sd_coef 4.5, backtest took 11.996s, score is -7176.520
Preparing algo ...
Test start ...
Test Done ...
rolling 2000, rolling sigma 2000, sd_coef 1.0, backtest took 12.044s, score is -240124.205
Preparing algo ...
Test start ...
Test Done ...
rolling 2000, rolling sigma 2000, sd_coef 1.5, backtest took 12.121s, score is -20035.547
Preparing algo ...
Test start ...
Test Done ...
rolling 2000, rolling sigma 2000, sd_coef 2.0, backtest took 11.931s, score is 29954.774
Preparing algo ...
Test start ...
Test Done ...
rolling 2000, rolling sigma 2000, sd_coef 2.5, backtest took 12.009s, score is 29475.641
Preparing algo ...
Test start ...
Test Done ...
rolling 2000, rolling sigma 2000, sd_coef 3.0, backtest took 12.046s, score is 16505.736
Preparing algo ...
Test start ...
Test Done ...
rolling 2000, rolling sigma 2000, sd_coef 3.5, backtest took 11.923s, score is 9906.674
Preparing algo ...
Test start ...
Test Done ...
rolling 2000, rolling sigma 2000, sd_coef 4.0, backtest took 11.962s, score is 2410.987
Preparing algo ...
Test start ...
Test Done ...
rolling 2000, rolling sigma 2000, sd_coef 4.5, backtest took 11.897s, score is 1384.745
Preparing algo ...
Test start ...
Test Done ...
rolling 2000, rolling sigma 2500, sd_coef 1.0, backtest took 11.979s, score is -40401.359
Preparing algo ...
Test start ...
Test Done ...
rolling 2000, rolling sigma 2500, sd_coef 1.5, backtest took 11.890s, score is -22191.308
Preparing algo ...
Test start ...
Test Done ...
rolling 2000, rolling sigma 2500, sd_coef 2.0, backtest took 12.166s, score is -15282.410
Preparing algo ...
Test start ...
Test Done ...
rolling 2000, rolling sigma 2500, sd_coef 2.5, backtest took 11.968s, score is -12658.257
Preparing algo ...
Test start ...
Test Done ...
rolling 2000, rolling sigma 2500, sd_coef 3.0, backtest took 12.037s, score is -12223.843
Preparing algo ...
Test start ...
Test Done ...
rolling 2000, rolling sigma 2500, sd_coef 3.5, backtest took 11.894s, score is -11258.129
Preparing algo ...
Test start ...
Test Done ...
rolling 2000, rolling sigma 2500, sd_coef 4.0, backtest took 12.159s, score is -8185.841
Preparing algo ...
Test start ...
Test Done ...
rolling 2000, rolling sigma 2500, sd_coef 4.5, backtest took 11.869s, score is -6249.268
Preparing algo ...
Test start ...
Test Done ...
rolling 2000, rolling sigma 3000, sd_coef 1.0, backtest took 12.180s, score is -27610.743
Preparing algo ...
Test start ...
Test Done ...
rolling 2000, rolling sigma 3000, sd_coef 1.5, backtest took 12.080s, score is -12872.365
Preparing algo ...
Test start ...
Test Done ...
rolling 2000, rolling sigma 3000, sd_coef 2.0, backtest took 11.903s, score is -10390.566
Preparing algo ...
Test start ...
Test Done ...
rolling 2000, rolling sigma 3000, sd_coef 2.5, backtest took 11.897s, score is -9508.167
Preparing algo ...
Test start ...
Test Done ...
rolling 2000, rolling sigma 3000, sd_coef 3.0, backtest took 11.832s, score is -9595.237
Preparing algo ...
Test start ...
Test Done ...
rolling 2000, rolling sigma 3000, sd_coef 3.5, backtest took 12.119s, score is -8754.553
Preparing algo ...
Test start ...
Test Done ...
rolling 2000, rolling sigma 3000, sd_coef 4.0, backtest took 12.009s, score is -8176.989
Preparing algo ...
Test start ...
Test Done ...
rolling 2000, rolling sigma 3000, sd_coef 4.5, backtest took 11.921s, score is -7762.419
Preparing algo ...
Test start ...
Test Done ...
rolling 2000, rolling sigma 3500, sd_coef 1.0, backtest took 11.945s, score is -26619.558
Preparing algo ...
Test start ...
Test Done ...
rolling 2000, rolling sigma 3500, sd_coef 1.5, backtest took 11.896s, score is -8982.910
Preparing algo ...
Test start ...
Test Done ...
rolling 2000, rolling sigma 3500, sd_coef 2.0, backtest took 12.086s, score is -5495.705
Preparing algo ...
Test start ...
Test Done ...
rolling 2000, rolling sigma 3500, sd_coef 2.5, backtest took 11.972s, score is -7306.767
Preparing algo ...
Test start ...
Test Done ...
rolling 2000, rolling sigma 3500, sd_coef 3.0, backtest took 11.876s, score is -7769.337
Preparing algo ...
Test start ...
Test Done ...
rolling 2000, rolling sigma 3500, sd_coef 3.5, backtest took 11.899s, score is -7126.667
Preparing algo ...
Test start ...
Test Done ...
rolling 2000, rolling sigma 3500, sd_coef 4.0, backtest took 11.952s, score is -6619.220
Preparing algo ...
Test start ...
Test Done ...
rolling 2000, rolling sigma 3500, sd_coef 4.5, backtest took 11.873s, score is -6633.423
Preparing algo ...
Test start ...
Test Done ...
rolling 2000, rolling sigma 4000, sd_coef 1.0, backtest took 12.010s, score is -20209.703
Preparing algo ...
Test start ...
Test Done ...
rolling 2000, rolling sigma 4000, sd_coef 1.5, backtest took 11.862s, score is -6680.348
Preparing algo ...
Test start ...
Test Done ...
rolling 2000, rolling sigma 4000, sd_coef 2.0, backtest took 12.044s, score is -4875.650
Preparing algo ...
Test start ...
Test Done ...
rolling 2000, rolling sigma 4000, sd_coef 2.5, backtest took 11.973s, score is -3376.454
Preparing algo ...
Test start ...
Test Done ...
rolling 2000, rolling sigma 4000, sd_coef 3.0, backtest took 11.843s, score is -4880.276
Preparing algo ...
Test start ...
Test Done ...
rolling 2000, rolling sigma 4000, sd_coef 3.5, backtest took 11.915s, score is -3595.355
Preparing algo ...
Test start ...
Test Done ...
rolling 2000, rolling sigma 4000, sd_coef 4.0, backtest took 11.833s, score is -3885.433
Preparing algo ...
Test start ...
Test Done ...
rolling 2000, rolling sigma 4000, sd_coef 4.5, backtest took 11.818s, score is -3138.108
Preparing algo ...
Test start ...
Test Done ...
rolling 2000, rolling sigma 4500, sd_coef 1.0, backtest took 12.018s, score is -21413.696
Preparing algo ...
Test start ...
Test Done ...
rolling 2000, rolling sigma 4500, sd_coef 1.5, backtest took 11.885s, score is -8900.501
Preparing algo ...
Test start ...
Test Done ...
rolling 2000, rolling sigma 4500, sd_coef 2.0, backtest took 11.898s, score is -6744.511
Preparing algo ...
Test start ...
Test Done ...
rolling 2000, rolling sigma 4500, sd_coef 2.5, backtest took 11.983s, score is -5523.901
Preparing algo ...
Test start ...
Test Done ...
rolling 2000, rolling sigma 4500, sd_coef 3.0, backtest took 11.801s, score is -5186.076
Preparing algo ...
Test start ...
Test Done ...
rolling 2000, rolling sigma 4500, sd_coef 3.5, backtest took 11.811s, score is -4905.856
Preparing algo ...
Test start ...
Test Done ...
rolling 2000, rolling sigma 4500, sd_coef 4.0, backtest took 11.735s, score is -3395.114
Preparing algo ...
Test start ...
Test Done ...
rolling 2000, rolling sigma 4500, sd_coef 4.5, backtest took 12.039s, score is -3875.375
Preparing algo ...
Test start ...
Test Done ...
rolling 2500, rolling sigma 500, sd_coef 1.0, backtest took 12.186s, score is -26809.614
Preparing algo ...
Test start ...
Test Done ...
rolling 2500, rolling sigma 500, sd_coef 1.5, backtest took 12.041s, score is -16199.071
Preparing algo ...
Test start ...
Test Done ...
rolling 2500, rolling sigma 500, sd_coef 2.0, backtest took 12.045s, score is -13384.508
Preparing algo ...
Test start ...
Test Done ...
rolling 2500, rolling sigma 500, sd_coef 2.5, backtest took 11.958s, score is -11574.111
Preparing algo ...
Test start ...
Test Done ...
rolling 2500, rolling sigma 500, sd_coef 3.0, backtest took 12.290s, score is -9249.829
Preparing algo ...
Test start ...
Test Done ...
rolling 2500, rolling sigma 500, sd_coef 3.5, backtest took 12.176s, score is -4687.045
Preparing algo ...
Test start ...
Test Done ...
rolling 2500, rolling sigma 500, sd_coef 4.0, backtest took 12.063s, score is -4577.124
Preparing algo ...
Test start ...
Test Done ...
rolling 2500, rolling sigma 500, sd_coef 4.5, backtest took 12.046s, score is -4227.195
Preparing algo ...
Test start ...
Test Done ...
rolling 2500, rolling sigma 1000, sd_coef 1.0, backtest took 11.992s, score is -28669.635
Preparing algo ...
Test start ...
Test Done ...
rolling 2500, rolling sigma 1000, sd_coef 1.5, backtest took 12.242s, score is -19469.512
Preparing algo ...
Test start ...
Test Done ...
rolling 2500, rolling sigma 1000, sd_coef 2.0, backtest took 12.121s, score is -15942.819
Preparing algo ...
Test start ...
Test Done ...
rolling 2500, rolling sigma 1000, sd_coef 2.5, backtest took 12.028s, score is -13980.380
Preparing algo ...
Test start ...
Test Done ...
rolling 2500, rolling sigma 1000, sd_coef 3.0, backtest took 12.013s, score is -14639.965
Preparing algo ...
Test start ...
Test Done ...
rolling 2500, rolling sigma 1000, sd_coef 3.5, backtest took 12.121s, score is -9798.481
Preparing algo ...
Test start ...
Test Done ...
rolling 2500, rolling sigma 1000, sd_coef 4.0, backtest took 12.004s, score is -7404.063
Preparing algo ...
Test start ...
Test Done ...
rolling 2500, rolling sigma 1000, sd_coef 4.5, backtest took 12.080s, score is -7027.188
Preparing algo ...
Test start ...
Test Done ...
rolling 2500, rolling sigma 1500, sd_coef 1.0, backtest took 11.938s, score is -28477.860
Preparing algo ...
Test start ...
Test Done ...
rolling 2500, rolling sigma 1500, sd_coef 1.5, backtest took 12.228s, score is -18438.090
Preparing algo ...
Test start ...
Test Done ...
rolling 2500, rolling sigma 1500, sd_coef 2.0, backtest took 12.112s, score is -11233.149
Preparing algo ...
Test start ...
Test Done ...
rolling 2500, rolling sigma 1500, sd_coef 2.5, backtest took 12.019s, score is -9381.966
Preparing algo ...
Test start ...
Test Done ...
rolling 2500, rolling sigma 1500, sd_coef 3.0, backtest took 12.066s, score is -5240.706
Preparing algo ...
Test start ...
Test Done ...
rolling 2500, rolling sigma 1500, sd_coef 3.5, backtest took 11.980s, score is -4569.284
Preparing algo ...
Test start ...
Test Done ...
rolling 2500, rolling sigma 1500, sd_coef 4.0, backtest took 12.010s, score is -5328.511
Preparing algo ...
Test start ...
Test Done ...
rolling 2500, rolling sigma 1500, sd_coef 4.5, backtest took 12.099s, score is -4739.929
Preparing algo ...
Test start ...
Test Done ...
rolling 2500, rolling sigma 2000, sd_coef 1.0, backtest took 11.998s, score is -36577.012
Preparing algo ...
Test start ...
Test Done ...
rolling 2500, rolling sigma 2000, sd_coef 1.5, backtest took 12.043s, score is -12772.725
Preparing algo ...
Test start ...
Test Done ...
rolling 2500, rolling sigma 2000, sd_coef 2.0, backtest took 11.875s, score is -11804.125
Preparing algo ...
Test start ...
Test Done ...
rolling 2500, rolling sigma 2000, sd_coef 2.5, backtest took 12.152s, score is -8272.368
Preparing algo ...
Test start ...
Test Done ...
rolling 2500, rolling sigma 2000, sd_coef 3.0, backtest took 12.050s, score is -9104.869
Preparing algo ...
Test start ...
Test Done ...
rolling 2500, rolling sigma 2000, sd_coef 3.5, backtest took 11.972s, score is -9130.728
Preparing algo ...
Test start ...
Test Done ...
rolling 2500, rolling sigma 2000, sd_coef 4.0, backtest took 12.068s, score is -10035.936
Preparing algo ...
Test start ...
Test Done ...
rolling 2500, rolling sigma 2000, sd_coef 4.5, backtest took 11.872s, score is -9699.111
Preparing algo ...
Test start ...
Test Done ...
rolling 2500, rolling sigma 2500, sd_coef 1.0, backtest took 12.181s, score is -226273.233
Preparing algo ...
Test start ...
Test Done ...
rolling 2500, rolling sigma 2500, sd_coef 1.5, backtest took 12.043s, score is -8979.755
Preparing algo ...
Test start ...
Test Done ...
rolling 2500, rolling sigma 2500, sd_coef 2.0, backtest took 11.946s, score is 32003.674
Preparing algo ...
Test start ...
Test Done ...
rolling 2500, rolling sigma 2500, sd_coef 2.5, backtest took 11.913s, score is 26869.782
Preparing algo ...
Test start ...
Test Done ...
rolling 2500, rolling sigma 2500, sd_coef 3.0, backtest took 11.972s, score is 16846.011
Preparing algo ...
Test start ...
Test Done ...
rolling 2500, rolling sigma 2500, sd_coef 3.5, backtest took 11.983s, score is 9159.840
Preparing algo ...
Test start ...
Test Done ...
rolling 2500, rolling sigma 2500, sd_coef 4.0, backtest took 11.853s, score is 2850.920
Preparing algo ...
Test start ...
Test Done ...
rolling 2500, rolling sigma 2500, sd_coef 4.5, backtest took 11.873s, score is 2131.063
Preparing algo ...
Test start ...
Test Done ...
rolling 2500, rolling sigma 3000, sd_coef 1.0, backtest took 12.057s, score is -47368.080
Preparing algo ...
Test start ...
Test Done ...
rolling 2500, rolling sigma 3000, sd_coef 1.5, backtest took 12.095s, score is -22109.285
Preparing algo ...
Test start ...
Test Done ...
rolling 2500, rolling sigma 3000, sd_coef 2.0, backtest took 11.946s, score is -17521.050
Preparing algo ...
Test start ...
Test Done ...
rolling 2500, rolling sigma 3000, sd_coef 2.5, backtest took 12.018s, score is -15138.501
Preparing algo ...
Test start ...
Test Done ...
rolling 2500, rolling sigma 3000, sd_coef 3.0, backtest took 11.907s, score is -14061.818
Preparing algo ...
Test start ...
Test Done ...
rolling 2500, rolling sigma 3000, sd_coef 3.5, backtest took 12.117s, score is -12568.234
Preparing algo ...
Test start ...
Test Done ...
rolling 2500, rolling sigma 3000, sd_coef 4.0, backtest took 12.054s, score is -12673.460
Preparing algo ...
Test start ...
Test Done ...
rolling 2500, rolling sigma 3000, sd_coef 4.5, backtest took 11.945s, score is -12256.954
Preparing algo ...
Test start ...
Test Done ...
rolling 2500, rolling sigma 3500, sd_coef 1.0, backtest took 12.041s, score is -31342.544
Preparing algo ...
Test start ...
Test Done ...
rolling 2500, rolling sigma 3500, sd_coef 1.5, backtest took 11.971s, score is -9396.681
Preparing algo ...
Test start ...
Test Done ...
rolling 2500, rolling sigma 3500, sd_coef 2.0, backtest took 11.927s, score is -8613.347
Preparing algo ...
Test start ...
Test Done ...
rolling 2500, rolling sigma 3500, sd_coef 2.5, backtest took 12.030s, score is -9482.343
Preparing algo ...
Test start ...
Test Done ...
rolling 2500, rolling sigma 3500, sd_coef 3.0, backtest took 11.929s, score is -9874.944
Preparing algo ...
Test start ...
Test Done ...
rolling 2500, rolling sigma 3500, sd_coef 3.5, backtest took 12.036s, score is -7444.006
Preparing algo ...
Test start ...
Test Done ...
rolling 2500, rolling sigma 3500, sd_coef 4.0, backtest took 12.074s, score is -6535.411
Preparing algo ...
Test start ...
Test Done ...
rolling 2500, rolling sigma 3500, sd_coef 4.5, backtest took 11.910s, score is -6960.544
Preparing algo ...
Test start ...
Test Done ...
rolling 2500, rolling sigma 4000, sd_coef 1.0, backtest took 11.982s, score is -25630.711
Preparing algo ...
Test start ...
Test Done ...
rolling 2500, rolling sigma 4000, sd_coef 1.5, backtest took 12.056s, score is -7074.358
Preparing algo ...
Test start ...
Test Done ...
rolling 2500, rolling sigma 4000, sd_coef 2.0, backtest took 11.910s, score is -7107.494
Preparing algo ...
Test start ...
Test Done ...
rolling 2500, rolling sigma 4000, sd_coef 2.5, backtest took 12.004s, score is -7903.232
Preparing algo ...
Test start ...
Test Done ...
rolling 2500, rolling sigma 4000, sd_coef 3.0, backtest took 11.817s, score is -9061.172
Preparing algo ...
Test start ...
Test Done ...
rolling 2500, rolling sigma 4000, sd_coef 3.5, backtest took 12.089s, score is -5898.147
Preparing algo ...
Test start ...
Test Done ...
rolling 2500, rolling sigma 4000, sd_coef 4.0, backtest took 11.806s, score is -5417.581
Preparing algo ...
Test start ...
Test Done ...
rolling 2500, rolling sigma 4000, sd_coef 4.5, backtest took 12.097s, score is -5710.328
Preparing algo ...
Test start ...
Test Done ...
rolling 2500, rolling sigma 4500, sd_coef 1.0, backtest took 12.010s, score is -21193.963
Preparing algo ...
Test start ...
Test Done ...
rolling 2500, rolling sigma 4500, sd_coef 1.5, backtest took 11.867s, score is -5555.009
Preparing algo ...
Test start ...
Test Done ...
rolling 2500, rolling sigma 4500, sd_coef 2.0, backtest took 11.967s, score is -4576.646
Preparing algo ...
Test start ...
Test Done ...
rolling 2500, rolling sigma 4500, sd_coef 2.5, backtest took 12.019s, score is -3870.013
Preparing algo ...
Test start ...
Test Done ...
rolling 2500, rolling sigma 4500, sd_coef 3.0, backtest took 11.907s, score is -5958.158
Preparing algo ...
Test start ...
Test Done ...
rolling 2500, rolling sigma 4500, sd_coef 3.5, backtest took 11.976s, score is -5234.554
Preparing algo ...
Test start ...
Test Done ...
rolling 2500, rolling sigma 4500, sd_coef 4.0, backtest took 11.916s, score is -5180.267
Preparing algo ...
Test start ...
Test Done ...
rolling 2500, rolling sigma 4500, sd_coef 4.5, backtest took 11.888s, score is -4378.176
Preparing algo ...
Test start ...
Test Done ...
rolling 3000, rolling sigma 500, sd_coef 1.0, backtest took 12.018s, score is -29173.345
Preparing algo ...
Test start ...
Test Done ...
rolling 3000, rolling sigma 500, sd_coef 1.5, backtest took 12.260s, score is -18697.731
Preparing algo ...
Test start ...
Test Done ...
rolling 3000, rolling sigma 500, sd_coef 2.0, backtest took 12.161s, score is -12102.164
Preparing algo ...
Test start ...
Test Done ...
rolling 3000, rolling sigma 500, sd_coef 2.5, backtest took 12.039s, score is -7505.989
Preparing algo ...
Test start ...
Test Done ...
rolling 3000, rolling sigma 500, sd_coef 3.0, backtest took 12.154s, score is -6306.036
Preparing algo ...
Test start ...
Test Done ...
rolling 3000, rolling sigma 500, sd_coef 3.5, backtest took 12.187s, score is -6828.479
Preparing algo ...
Test start ...
Test Done ...
rolling 3000, rolling sigma 500, sd_coef 4.0, backtest took 12.082s, score is -5799.366
Preparing algo ...
Test start ...
Test Done ...
rolling 3000, rolling sigma 500, sd_coef 4.5, backtest took 12.147s, score is -6797.154
Preparing algo ...
Test start ...
Test Done ...
rolling 3000, rolling sigma 1000, sd_coef 1.0, backtest took 12.047s, score is -27604.149
Preparing algo ...
Test start ...
Test Done ...
rolling 3000, rolling sigma 1000, sd_coef 1.5, backtest took 12.047s, score is -14099.787
Preparing algo ...
Test start ...
Test Done ...
rolling 3000, rolling sigma 1000, sd_coef 2.0, backtest took 11.895s, score is -9324.499
Preparing algo ...
Test start ...
Test Done ...
rolling 3000, rolling sigma 1000, sd_coef 2.5, backtest took 12.183s, score is -6236.056
Preparing algo ...
Test start ...
Test Done ...
rolling 3000, rolling sigma 1000, sd_coef 3.0, backtest took 12.069s, score is -5590.607
Preparing algo ...
Test start ...
Test Done ...
rolling 3000, rolling sigma 1000, sd_coef 3.5, backtest took 12.003s, score is -6451.823
Preparing algo ...
Test start ...
Test Done ...
rolling 3000, rolling sigma 1000, sd_coef 4.0, backtest took 11.953s, score is -1087.901
Preparing algo ...
Test start ...
Test Done ...
rolling 3000, rolling sigma 1000, sd_coef 4.5, backtest took 11.852s, score is -1006.969
Preparing algo ...
Test start ...
Test Done ...
rolling 3000, rolling sigma 1500, sd_coef 1.0, backtest took 12.217s, score is -28509.510
Preparing algo ...
Test start ...
Test Done ...
rolling 3000, rolling sigma 1500, sd_coef 1.5, backtest took 12.102s, score is -9778.399
Preparing algo ...
Test start ...
Test Done ...
rolling 3000, rolling sigma 1500, sd_coef 2.0, backtest took 11.985s, score is -6996.520
Preparing algo ...
Test start ...
Test Done ...
rolling 3000, rolling sigma 1500, sd_coef 2.5, backtest took 11.959s, score is -5419.023
Preparing algo ...
Test start ...
Test Done ...
rolling 3000, rolling sigma 1500, sd_coef 3.0, backtest took 12.067s, score is -8255.318
Preparing algo ...
Test start ...
Test Done ...
rolling 3000, rolling sigma 1500, sd_coef 3.5, backtest took 11.931s, score is -7371.779
Preparing algo ...
Test start ...
Test Done ...
rolling 3000, rolling sigma 1500, sd_coef 4.0, backtest took 12.054s, score is -7463.527
Preparing algo ...
Test start ...
Test Done ...
rolling 3000, rolling sigma 1500, sd_coef 4.5, backtest took 11.894s, score is -6473.585
Preparing algo ...
Test start ...
Test Done ...
rolling 3000, rolling sigma 2000, sd_coef 1.0, backtest took 12.191s, score is -26809.146
Preparing algo ...
Test start ...
Test Done ...
rolling 3000, rolling sigma 2000, sd_coef 1.5, backtest took 12.094s, score is -8345.161
Preparing algo ...
Test start ...
Test Done ...
rolling 3000, rolling sigma 2000, sd_coef 2.0, backtest took 11.927s, score is -7638.584
Preparing algo ...
Test start ...
Test Done ...
rolling 3000, rolling sigma 2000, sd_coef 2.5, backtest took 12.037s, score is -8142.983
Preparing algo ...
Test start ...
Test Done ...
rolling 3000, rolling sigma 2000, sd_coef 3.0, backtest took 11.805s, score is -6696.904
Preparing algo ...
Test start ...
Test Done ...
rolling 3000, rolling sigma 2000, sd_coef 3.5, backtest took 12.089s, score is -5303.721
Preparing algo ...
Test start ...
Test Done ...
rolling 3000, rolling sigma 2000, sd_coef 4.0, backtest took 12.039s, score is -3751.449
Preparing algo ...
Test start ...
Test Done ...
rolling 3000, rolling sigma 2000, sd_coef 4.5, backtest took 11.966s, score is -2922.374
Preparing algo ...
Test start ...
Test Done ...
rolling 3000, rolling sigma 2500, sd_coef 1.0, backtest took 12.072s, score is -33692.530
Preparing algo ...
Test start ...
Test Done ...
rolling 3000, rolling sigma 2500, sd_coef 1.5, backtest took 11.863s, score is -20968.281
Preparing algo ...
Test start ...
Test Done ...
rolling 3000, rolling sigma 2500, sd_coef 2.0, backtest took 12.127s, score is -9429.796
Preparing algo ...
Test start ...
Test Done ...
rolling 3000, rolling sigma 2500, sd_coef 2.5, backtest took 12.042s, score is -5708.013
Preparing algo ...
Test start ...
Test Done ...
rolling 3000, rolling sigma 2500, sd_coef 3.0, backtest took 11.980s, score is -7812.046
Preparing algo ...
Test start ...
Test Done ...
rolling 3000, rolling sigma 2500, sd_coef 3.5, backtest took 11.925s, score is -7557.366
Preparing algo ...
Test start ...
Test Done ...
rolling 3000, rolling sigma 2500, sd_coef 4.0, backtest took 12.000s, score is -8487.056
Preparing algo ...
Test start ...
Test Done ...
rolling 3000, rolling sigma 2500, sd_coef 4.5, backtest took 11.845s, score is -7616.671
Preparing algo ...
Test start ...
Test Done ...
rolling 3000, rolling sigma 3000, sd_coef 1.0, backtest took 12.169s, score is -208545.561
Preparing algo ...
Test start ...
Test Done ...
rolling 3000, rolling sigma 3000, sd_coef 1.5, backtest took 12.046s, score is -2073.899
Preparing algo ...
Test start ...
Test Done ...
rolling 3000, rolling sigma 3000, sd_coef 2.0, backtest took 11.888s, score is 30672.775
Preparing algo ...
Test start ...
Test Done ...
rolling 3000, rolling sigma 3000, sd_coef 2.5, backtest took 11.863s, score is 25756.314
Preparing algo ...
Test start ...
Test Done ...
rolling 3000, rolling sigma 3000, sd_coef 3.0, backtest took 11.897s, score is 16218.282
Preparing algo ...
Test start ...
Test Done ...
rolling 3000, rolling sigma 3000, sd_coef 3.5, backtest took 11.934s, score is 5577.458
Preparing algo ...
Test start ...
Test Done ...
rolling 3000, rolling sigma 3000, sd_coef 4.0, backtest took 11.850s, score is 2850.920
Preparing algo ...
Test start ...
Test Done ...
rolling 3000, rolling sigma 3000, sd_coef 4.5, backtest took 11.950s, score is 637.397
Preparing algo ...
Test start ...
Test Done ...
rolling 3000, rolling sigma 3500, sd_coef 1.0, backtest took 11.960s, score is -47137.292
Preparing algo ...
Test start ...
Test Done ...
rolling 3000, rolling sigma 3500, sd_coef 1.5, backtest took 11.952s, score is -19212.984
Preparing algo ...
Test start ...
Test Done ...
rolling 3000, rolling sigma 3500, sd_coef 2.0, backtest took 12.020s, score is -14346.328
Preparing algo ...
Test start ...
Test Done ...
rolling 3000, rolling sigma 3500, sd_coef 2.5, backtest took 11.836s, score is -10082.977
Preparing algo ...
Test start ...
Test Done ...
rolling 3000, rolling sigma 3500, sd_coef 3.0, backtest took 12.121s, score is -10252.852
Preparing algo ...
Test start ...
Test Done ...
rolling 3000, rolling sigma 3500, sd_coef 3.5, backtest took 12.040s, score is -8100.373
Preparing algo ...
Test start ...
Test Done ...
rolling 3000, rolling sigma 3500, sd_coef 4.0, backtest took 11.944s, score is -6586.043
Preparing algo ...
Test start ...
Test Done ...
rolling 3000, rolling sigma 3500, sd_coef 4.5, backtest took 11.894s, score is -6356.465
Preparing algo ...
Test start ...
Test Done ...
rolling 3000, rolling sigma 4000, sd_coef 1.0, backtest took 12.035s, score is -32686.179
Preparing algo ...
Test start ...
Test Done ...
rolling 3000, rolling sigma 4000, sd_coef 1.5, backtest took 11.987s, score is -12432.737
Preparing algo ...
Test start ...
Test Done ...
rolling 3000, rolling sigma 4000, sd_coef 2.0, backtest took 11.881s, score is -7734.142
Preparing algo ...
Test start ...
Test Done ...
rolling 3000, rolling sigma 4000, sd_coef 2.5, backtest took 12.002s, score is -7308.473
Preparing algo ...
Test start ...
Test Done ...
rolling 3000, rolling sigma 4000, sd_coef 3.0, backtest took 11.913s, score is -7592.053
Preparing algo ...
Test start ...
Test Done ...
rolling 3000, rolling sigma 4000, sd_coef 3.5, backtest took 11.895s, score is -5416.218
Preparing algo ...
Test start ...
Test Done ...
rolling 3000, rolling sigma 4000, sd_coef 4.0, backtest took 11.969s, score is -4908.602
Preparing algo ...
Test start ...
Test Done ...
rolling 3000, rolling sigma 4000, sd_coef 4.5, backtest took 11.933s, score is -1197.371
Preparing algo ...
Test start ...
Test Done ...
rolling 3000, rolling sigma 4500, sd_coef 1.0, backtest took 11.984s, score is -24842.091
Preparing algo ...
Test start ...
Test Done ...
rolling 3000, rolling sigma 4500, sd_coef 1.5, backtest took 11.817s, score is -6299.250
Preparing algo ...
Test start ...
Test Done ...
rolling 3000, rolling sigma 4500, sd_coef 2.0, backtest took 12.092s, score is -5655.154
Preparing algo ...
Test start ...
Test Done ...
rolling 3000, rolling sigma 4500, sd_coef 2.5, backtest took 11.982s, score is -4980.291
Preparing algo ...
Test start ...
Test Done ...
rolling 3000, rolling sigma 4500, sd_coef 3.0, backtest took 11.886s, score is -4905.565
Preparing algo ...
Test start ...
Test Done ...
rolling 3000, rolling sigma 4500, sd_coef 3.5, backtest took 11.962s, score is -5529.893
Preparing algo ...
Test start ...
Test Done ...
rolling 3000, rolling sigma 4500, sd_coef 4.0, backtest took 11.878s, score is -5609.703
Preparing algo ...
Test start ...
Test Done ...
rolling 3000, rolling sigma 4500, sd_coef 4.5, backtest took 11.861s, score is -4224.075
Preparing algo ...
Test start ...
Test Done ...
rolling 3500, rolling sigma 500, sd_coef 1.0, backtest took 12.193s, score is -22330.755
Preparing algo ...
Test start ...
Test Done ...
rolling 3500, rolling sigma 500, sd_coef 1.5, backtest took 12.047s, score is -10229.489
Preparing algo ...
Test start ...
Test Done ...
rolling 3500, rolling sigma 500, sd_coef 2.0, backtest took 12.129s, score is -6541.811
Preparing algo ...
Test start ...
Test Done ...
rolling 3500, rolling sigma 500, sd_coef 2.5, backtest took 11.953s, score is -5886.510
Preparing algo ...
Test start ...
Test Done ...
rolling 3500, rolling sigma 500, sd_coef 3.0, backtest took 12.236s, score is -2496.213
Preparing algo ...
Test start ...
Test Done ...
rolling 3500, rolling sigma 500, sd_coef 3.5, backtest took 12.183s, score is -1114.247
Preparing algo ...
Test start ...
Test Done ...
rolling 3500, rolling sigma 500, sd_coef 4.0, backtest took 12.057s, score is -1742.020
Preparing algo ...
Test start ...
Test Done ...
rolling 3500, rolling sigma 500, sd_coef 4.5, backtest took 12.087s, score is -1937.115
Preparing algo ...
Test start ...
Test Done ...
rolling 3500, rolling sigma 1000, sd_coef 1.0, backtest took 12.049s, score is -18939.052
Preparing algo ...
Test start ...
Test Done ...
rolling 3500, rolling sigma 1000, sd_coef 1.5, backtest took 12.046s, score is -8213.409
Preparing algo ...
Test start ...
Test Done ...
rolling 3500, rolling sigma 1000, sd_coef 2.0, backtest took 12.065s, score is -7261.474
Preparing algo ...
Test start ...
Test Done ...
rolling 3500, rolling sigma 1000, sd_coef 2.5, backtest took 11.999s, score is -7247.728
Preparing algo ...
Test start ...
Test Done ...
rolling 3500, rolling sigma 1000, sd_coef 3.0, backtest took 12.079s, score is -6562.726
Preparing algo ...
Test start ...
Test Done ...
rolling 3500, rolling sigma 1000, sd_coef 3.5, backtest took 12.031s, score is -5454.692
Preparing algo ...
Test start ...
Test Done ...
rolling 3500, rolling sigma 1000, sd_coef 4.0, backtest took 11.953s, score is -4010.324
Preparing algo ...
Test start ...
Test Done ...
rolling 3500, rolling sigma 1000, sd_coef 4.5, backtest took 12.022s, score is -3980.909
Preparing algo ...
Test start ...
Test Done ...
rolling 3500, rolling sigma 1500, sd_coef 1.0, backtest took 12.117s, score is -23919.703
Preparing algo ...
Test start ...
Test Done ...
rolling 3500, rolling sigma 1500, sd_coef 1.5, backtest took 11.965s, score is -10660.473
Preparing algo ...
Test start ...
Test Done ...
rolling 3500, rolling sigma 1500, sd_coef 2.0, backtest took 12.084s, score is -11024.700
Preparing algo ...
Test start ...
Test Done ...
rolling 3500, rolling sigma 1500, sd_coef 2.5, backtest took 11.968s, score is -10359.704
Preparing algo ...
Test start ...
Test Done ...
rolling 3500, rolling sigma 1500, sd_coef 3.0, backtest took 11.941s, score is -9499.394
Preparing algo ...
Test start ...
Test Done ...
rolling 3500, rolling sigma 1500, sd_coef 3.5, backtest took 11.823s, score is -5681.364
Preparing algo ...
Test start ...
Test Done ...
rolling 3500, rolling sigma 1500, sd_coef 4.0, backtest took 12.140s, score is -5401.357
Preparing algo ...
Test start ...
Test Done ...
rolling 3500, rolling sigma 1500, sd_coef 4.5, backtest took 12.055s, score is -4786.730
Preparing algo ...
Test start ...
Test Done ...
rolling 3500, rolling sigma 2000, sd_coef 1.0, backtest took 12.005s, score is -27232.872
Preparing algo ...
Test start ...
Test Done ...
rolling 3500, rolling sigma 2000, sd_coef 1.5, backtest took 11.934s, score is -9800.774
Preparing algo ...
Test start ...
Test Done ...
rolling 3500, rolling sigma 2000, sd_coef 2.0, backtest took 12.002s, score is -6166.254
Preparing algo ...
Test start ...
Test Done ...
rolling 3500, rolling sigma 2000, sd_coef 2.5, backtest took 11.894s, score is -7493.057
Preparing algo ...
Test start ...
Test Done ...
rolling 3500, rolling sigma 2000, sd_coef 3.0, backtest took 12.001s, score is -6538.580
Preparing algo ...
Test start ...
Test Done ...
rolling 3500, rolling sigma 2000, sd_coef 3.5, backtest took 11.775s, score is -6362.711
Preparing algo ...
Test start ...
Test Done ...
rolling 3500, rolling sigma 2000, sd_coef 4.0, backtest took 12.088s, score is -5439.027
Preparing algo ...
Test start ...
Test Done ...
rolling 3500, rolling sigma 2000, sd_coef 4.5, backtest took 11.968s, score is -5583.927
Preparing algo ...
Test start ...
Test Done ...
rolling 3500, rolling sigma 2500, sd_coef 1.0, backtest took 11.371s, score is -24707.326
Preparing algo ...
Test start ...
Test Done ...
rolling 3500, rolling sigma 2500, sd_coef 1.5, backtest took 11.936s, score is -7495.660
Preparing algo ...
Test start ...
Test Done ...
rolling 3500, rolling sigma 2500, sd_coef 2.0, backtest took 11.663s, score is -3794.839
Preparing algo ...
Test start ...
Test Done ...
rolling 3500, rolling sigma 2500, sd_coef 2.5, backtest took 11.878s, score is -5563.600
Preparing algo ...
Test start ...
Test Done ...
rolling 3500, rolling sigma 2500, sd_coef 3.0, backtest took 11.790s, score is -8962.446
Preparing algo ...
Test start ...
Test Done ...
rolling 3500, rolling sigma 2500, sd_coef 3.5, backtest took 11.691s, score is -8223.448
Preparing algo ...
Test start ...
Test Done ...
rolling 3500, rolling sigma 2500, sd_coef 4.0, backtest took 11.718s, score is -6981.231
Preparing algo ...
Test start ...
Test Done ...
rolling 3500, rolling sigma 2500, sd_coef 4.5, backtest took 11.632s, score is -7140.979
Preparing algo ...
Test start ...
Test Done ...
rolling 3500, rolling sigma 3000, sd_coef 1.0, backtest took 11.711s, score is -35539.153
Preparing algo ...
Test start ...
Test Done ...
rolling 3500, rolling sigma 3000, sd_coef 1.5, backtest took 11.605s, score is -11342.794
Preparing algo ...
Test start ...
Test Done ...
rolling 3500, rolling sigma 3000, sd_coef 2.0, backtest took 11.795s, score is -10671.426
Preparing algo ...
Test start ...
Test Done ...
rolling 3500, rolling sigma 3000, sd_coef 2.5, backtest took 11.549s, score is -12541.362
Preparing algo ...
Test start ...
Test Done ...
rolling 3500, rolling sigma 3000, sd_coef 3.0, backtest took 11.660s, score is -10104.705
Preparing algo ...
Test start ...
Test Done ...
rolling 3500, rolling sigma 3000, sd_coef 3.5, backtest took 11.503s, score is -7585.557
Preparing algo ...
Test start ...
Test Done ...
rolling 3500, rolling sigma 3000, sd_coef 4.0, backtest took 11.771s, score is -8545.891
Preparing algo ...
Test start ...
Test Done ...
rolling 3500, rolling sigma 3000, sd_coef 4.5, backtest took 11.654s, score is -7610.845
Preparing algo ...
Test start ...
Test Done ...
rolling 3500, rolling sigma 3500, sd_coef 1.0, backtest took 11.662s, score is -195221.039
Preparing algo ...
Test start ...
Test Done ...
rolling 3500, rolling sigma 3500, sd_coef 1.5, backtest took 11.723s, score is -1535.989
Preparing algo ...
Test start ...
Test Done ...
rolling 3500, rolling sigma 3500, sd_coef 2.0, backtest took 11.674s, score is 28008.303
Preparing algo ...
Test start ...
Test Done ...
rolling 3500, rolling sigma 3500, sd_coef 2.5, backtest took 11.559s, score is 25953.352
Preparing algo ...
Test start ...
Test Done ...
rolling 3500, rolling sigma 3500, sd_coef 3.0, backtest took 11.565s, score is 14699.409
Preparing algo ...
Test start ...
Test Done ...
rolling 3500, rolling sigma 3500, sd_coef 3.5, backtest took 11.611s, score is 6884.346
Preparing algo ...
Test start ...
Test Done ...
rolling 3500, rolling sigma 3500, sd_coef 4.0, backtest took 11.608s, score is 2770.765
Preparing algo ...
Test start ...
Test Done ...
rolling 3500, rolling sigma 3500, sd_coef 4.5, backtest took 11.532s, score is 2131.063
Preparing algo ...
Test start ...
Test Done ...
rolling 3500, rolling sigma 4000, sd_coef 1.0, backtest took 11.696s, score is -43606.402
Preparing algo ...
Test start ...
Test Done ...
rolling 3500, rolling sigma 4000, sd_coef 1.5, backtest took 11.719s, score is -14663.417
Preparing algo ...
Test start ...
Test Done ...
rolling 3500, rolling sigma 4000, sd_coef 2.0, backtest took 11.610s, score is -10333.134
Preparing algo ...
Test start ...
Test Done ...
rolling 3500, rolling sigma 4000, sd_coef 2.5, backtest took 11.707s, score is -8621.314
Preparing algo ...
Test start ...
Test Done ...
rolling 3500, rolling sigma 4000, sd_coef 3.0, backtest took 11.544s, score is -7325.678
Preparing algo ...
Test start ...
Test Done ...
rolling 3500, rolling sigma 4000, sd_coef 3.5, backtest took 11.755s, score is -8163.604
Preparing algo ...
Test start ...
Test Done ...
rolling 3500, rolling sigma 4000, sd_coef 4.0, backtest took 11.692s, score is -6391.840
Preparing algo ...
Test start ...
Test Done ...
rolling 3500, rolling sigma 4000, sd_coef 4.5, backtest took 11.610s, score is -5563.394
Preparing algo ...
Test start ...
Test Done ...
rolling 3500, rolling sigma 4500, sd_coef 1.0, backtest took 11.779s, score is -30605.918
Preparing algo ...
Test start ...
Test Done ...
rolling 3500, rolling sigma 4500, sd_coef 1.5, backtest took 11.629s, score is -10834.795
Preparing algo ...
Test start ...
Test Done ...
rolling 3500, rolling sigma 4500, sd_coef 2.0, backtest took 11.575s, score is -7030.817
Preparing algo ...
Test start ...
Test Done ...
rolling 3500, rolling sigma 4500, sd_coef 2.5, backtest took 11.645s, score is -6359.732
Preparing algo ...
Test start ...
Test Done ...
rolling 3500, rolling sigma 4500, sd_coef 3.0, backtest took 11.589s, score is -6335.753
Preparing algo ...
Test start ...
Test Done ...
rolling 3500, rolling sigma 4500, sd_coef 3.5, backtest took 11.656s, score is -7629.561
Preparing algo ...
Test start ...
Test Done ...
rolling 3500, rolling sigma 4500, sd_coef 4.0, backtest took 11.682s, score is -7801.442
Preparing algo ...
Test start ...
Test Done ...
rolling 3500, rolling sigma 4500, sd_coef 4.5, backtest took 11.599s, score is -7761.528
Preparing algo ...
Test start ...
Test Done ...
rolling 4000, rolling sigma 500, sd_coef 1.0, backtest took 11.844s, score is -22690.747
Preparing algo ...
Test start ...
Test Done ...
rolling 4000, rolling sigma 500, sd_coef 1.5, backtest took 11.879s, score is -11820.670
Preparing algo ...
Test start ...
Test Done ...
rolling 4000, rolling sigma 500, sd_coef 2.0, backtest took 11.775s, score is -7529.398
Preparing algo ...
Test start ...
Test Done ...
rolling 4000, rolling sigma 500, sd_coef 2.5, backtest took 11.867s, score is -6872.105
Preparing algo ...
Test start ...
Test Done ...
rolling 4000, rolling sigma 500, sd_coef 3.0, backtest took 11.686s, score is -6252.653
Preparing algo ...
Test start ...
Test Done ...
rolling 4000, rolling sigma 500, sd_coef 3.5, backtest took 11.958s, score is -3916.863
Preparing algo ...
Test start ...
Test Done ...
rolling 4000, rolling sigma 500, sd_coef 4.0, backtest took 11.697s, score is -1809.730
Preparing algo ...
Test start ...
Test Done ...
rolling 4000, rolling sigma 500, sd_coef 4.5, backtest took 11.879s, score is -3661.951
Preparing algo ...
Test start ...
Test Done ...
rolling 4000, rolling sigma 1000, sd_coef 1.0, backtest took 11.868s, score is -17980.440
Preparing algo ...
Test start ...
Test Done ...
rolling 4000, rolling sigma 1000, sd_coef 1.5, backtest took 11.758s, score is -6623.393
Preparing algo ...
Test start ...
Test Done ...
rolling 4000, rolling sigma 1000, sd_coef 2.0, backtest took 11.747s, score is -3780.211
Preparing algo ...
Test start ...
Test Done ...
rolling 4000, rolling sigma 1000, sd_coef 2.5, backtest took 11.787s, score is -6175.923
Preparing algo ...
Test start ...
Test Done ...
rolling 4000, rolling sigma 1000, sd_coef 3.0, backtest took 11.695s, score is -8066.253
Preparing algo ...
Test start ...
Test Done ...
rolling 4000, rolling sigma 1000, sd_coef 3.5, backtest took 11.772s, score is -5196.790
Preparing algo ...
Test start ...
Test Done ...
rolling 4000, rolling sigma 1000, sd_coef 4.0, backtest took 11.694s, score is -4489.605
Preparing algo ...
Test start ...
Test Done ...
rolling 4000, rolling sigma 1000, sd_coef 4.5, backtest took 11.719s, score is -3757.705
Preparing algo ...
Test start ...
Test Done ...
rolling 4000, rolling sigma 1500, sd_coef 1.0, backtest took 11.671s, score is -19800.301
Preparing algo ...
Test start ...
Test Done ...
rolling 4000, rolling sigma 1500, sd_coef 1.5, backtest took 11.888s, score is -6759.488
Preparing algo ...
Test start ...
Test Done ...
rolling 4000, rolling sigma 1500, sd_coef 2.0, backtest took 11.748s, score is -5613.579
Preparing algo ...
Test start ...
Test Done ...
rolling 4000, rolling sigma 1500, sd_coef 2.5, backtest took 11.656s, score is -6932.714
Preparing algo ...
Test start ...
Test Done ...
rolling 4000, rolling sigma 1500, sd_coef 3.0, backtest took 11.735s, score is -5625.619
Preparing algo ...
Test start ...
Test Done ...
rolling 4000, rolling sigma 1500, sd_coef 3.5, backtest took 11.750s, score is -3635.708
Preparing algo ...
Test start ...
Test Done ...
rolling 4000, rolling sigma 1500, sd_coef 4.0, backtest took 11.673s, score is -3447.856
Preparing algo ...
Test start ...
Test Done ...
rolling 4000, rolling sigma 1500, sd_coef 4.5, backtest took 11.747s, score is -2286.238
Preparing algo ...
Test start ...
Test Done ...
rolling 4000, rolling sigma 2000, sd_coef 1.0, backtest took 11.744s, score is -20043.829
Preparing algo ...
Test start ...
Test Done ...
rolling 4000, rolling sigma 2000, sd_coef 1.5, backtest took 11.668s, score is -5784.706
Preparing algo ...
Test start ...
Test Done ...
rolling 4000, rolling sigma 2000, sd_coef 2.0, backtest took 11.564s, score is -5215.181
Preparing algo ...
Test start ...
Test Done ...
rolling 4000, rolling sigma 2000, sd_coef 2.5, backtest took 11.817s, score is -3228.999
Preparing algo ...
Test start ...
Test Done ...
rolling 4000, rolling sigma 2000, sd_coef 3.0, backtest took 11.676s, score is -2451.497
Preparing algo ...
Test start ...
Test Done ...
rolling 4000, rolling sigma 2000, sd_coef 3.5, backtest took 11.612s, score is -3170.177
Preparing algo ...
Test start ...
Test Done ...
rolling 4000, rolling sigma 2000, sd_coef 4.0, backtest took 11.585s, score is -3101.635
Preparing algo ...
Test start ...
Test Done ...
rolling 4000, rolling sigma 2000, sd_coef 4.5, backtest took 11.521s, score is -3086.726
Preparing algo ...
Test start ...
Test Done ...
rolling 4000, rolling sigma 2500, sd_coef 1.0, backtest took 11.809s, score is -27175.267
Preparing algo ...
Test start ...
Test Done ...
rolling 4000, rolling sigma 2500, sd_coef 1.5, backtest took 11.746s, score is -10332.739
Preparing algo ...
Test start ...
Test Done ...
rolling 4000, rolling sigma 2500, sd_coef 2.0, backtest took 11.646s, score is -8158.572
Preparing algo ...
Test start ...
Test Done ...
rolling 4000, rolling sigma 2500, sd_coef 2.5, backtest took 11.630s, score is -8886.678
Preparing algo ...
Test start ...
Test Done ...
rolling 4000, rolling sigma 2500, sd_coef 3.0, backtest took 11.685s, score is -8866.694
Preparing algo ...
Test start ...
Test Done ...
rolling 4000, rolling sigma 2500, sd_coef 3.5, backtest took 11.529s, score is -6852.113
Preparing algo ...
Test start ...
Test Done ...
rolling 4000, rolling sigma 2500, sd_coef 4.0, backtest took 11.645s, score is -6571.195
Preparing algo ...
Test start ...
Test Done ...
rolling 4000, rolling sigma 2500, sd_coef 4.5, backtest took 11.448s, score is -6280.616
Preparing algo ...
Test start ...
Test Done ...
rolling 4000, rolling sigma 3000, sd_coef 1.0, backtest took 11.764s, score is -24380.207
Preparing algo ...
Test start ...
Test Done ...
rolling 4000, rolling sigma 3000, sd_coef 1.5, backtest took 11.738s, score is -8618.820
Preparing algo ...
Test start ...
Test Done ...
rolling 4000, rolling sigma 3000, sd_coef 2.0, backtest took 11.514s, score is -8828.358
Preparing algo ...
Test start ...
Test Done ...
rolling 4000, rolling sigma 3000, sd_coef 2.5, backtest took 11.640s, score is -9009.904
Preparing algo ...
Test start ...
Test Done ...
rolling 4000, rolling sigma 3000, sd_coef 3.0, backtest took 11.492s, score is -10135.686
Preparing algo ...
Test start ...
Test Done ...
rolling 4000, rolling sigma 3000, sd_coef 3.5, backtest took 11.716s, score is -7865.150
Preparing algo ...
Test start ...
Test Done ...
rolling 4000, rolling sigma 3000, sd_coef 4.0, backtest took 11.625s, score is -7410.865
Preparing algo ...
Test start ...
Test Done ...
rolling 4000, rolling sigma 3000, sd_coef 4.5, backtest took 11.543s, score is -5062.043
Preparing algo ...
Test start ...
Test Done ...
rolling 4000, rolling sigma 3500, sd_coef 1.0, backtest took 11.696s, score is -45020.770
Preparing algo ...
Test start ...
Test Done ...
rolling 4000, rolling sigma 3500, sd_coef 1.5, backtest took 11.482s, score is -18212.571
Preparing algo ...
Test start ...
Test Done ...
rolling 4000, rolling sigma 3500, sd_coef 2.0, backtest took 11.692s, score is -11686.259
Preparing algo ...
Test start ...
Test Done ...
rolling 4000, rolling sigma 3500, sd_coef 2.5, backtest took 11.416s, score is -8795.964
Preparing algo ...
Test start ...
Test Done ...
rolling 4000, rolling sigma 3500, sd_coef 3.0, backtest took 11.693s, score is -9775.930
Preparing algo ...
Test start ...
Test Done ...
rolling 4000, rolling sigma 3500, sd_coef 3.5, backtest took 11.623s, score is -7815.291
Preparing algo ...
Test start ...
Test Done ...
rolling 4000, rolling sigma 3500, sd_coef 4.0, backtest took 11.554s, score is -7721.567
Preparing algo ...
Test start ...
Test Done ...
rolling 4000, rolling sigma 3500, sd_coef 4.5, backtest took 11.512s, score is -6918.711
Preparing algo ...
Test start ...
Test Done ...
rolling 4000, rolling sigma 4000, sd_coef 1.0, backtest took 11.736s, score is -183069.765
Preparing algo ...
Test start ...
Test Done ...
rolling 4000, rolling sigma 4000, sd_coef 1.5, backtest took 11.571s, score is 2316.428
Preparing algo ...
Test start ...
Test Done ...
rolling 4000, rolling sigma 4000, sd_coef 2.0, backtest took 11.599s, score is 28588.117
Preparing algo ...
Test start ...
Test Done ...
rolling 4000, rolling sigma 4000, sd_coef 2.5, backtest took 11.574s, score is 25742.263
Preparing algo ...
Test start ...
Test Done ...
rolling 4000, rolling sigma 4000, sd_coef 3.0, backtest took 11.498s, score is 15930.049
Preparing algo ...
Test start ...
Test Done ...
rolling 4000, rolling sigma 4000, sd_coef 3.5, backtest took 11.491s, score is 9508.186
Preparing algo ...
Test start ...
Test Done ...
rolling 4000, rolling sigma 4000, sd_coef 4.0, backtest took 11.538s, score is 2170.201
Preparing algo ...
Test start ...
Test Done ...
rolling 4000, rolling sigma 4000, sd_coef 4.5, backtest took 11.573s, score is -1.424
Preparing algo ...
Test start ...
Test Done ...
rolling 4000, rolling sigma 4500, sd_coef 1.0, backtest took 11.705s, score is -37885.363
Preparing algo ...
Test start ...
Test Done ...
rolling 4000, rolling sigma 4500, sd_coef 1.5, backtest took 11.663s, score is -10321.536
Preparing algo ...
Test start ...
Test Done ...
rolling 4000, rolling sigma 4500, sd_coef 2.0, backtest took 11.580s, score is -11353.545
Preparing algo ...
Test start ...
Test Done ...
rolling 4000, rolling sigma 4500, sd_coef 2.5, backtest took 11.644s, score is -7818.177
Preparing algo ...
Test start ...
Test Done ...
rolling 4000, rolling sigma 4500, sd_coef 3.0, backtest took 11.553s, score is -12545.823
Preparing algo ...
Test start ...
Test Done ...
rolling 4000, rolling sigma 4500, sd_coef 3.5, backtest took 11.646s, score is -8420.298
Preparing algo ...
Test start ...
Test Done ...
rolling 4000, rolling sigma 4500, sd_coef 4.0, backtest took 11.573s, score is -7577.563
Preparing algo ...
Test start ...
Test Done ...
rolling 4000, rolling sigma 4500, sd_coef 4.5, backtest took 11.519s, score is -6990.970
Preparing algo ...
Test start ...
Test Done ...
rolling 4500, rolling sigma 500, sd_coef 1.0, backtest took 11.846s, score is -20101.789
Preparing algo ...
Test start ...
Test Done ...
rolling 4500, rolling sigma 500, sd_coef 1.5, backtest took 11.724s, score is -6810.516
Preparing algo ...
Test start ...
Test Done ...
rolling 4500, rolling sigma 500, sd_coef 2.0, backtest took 11.831s, score is -4571.772
Preparing algo ...
Test start ...
Test Done ...
rolling 4500, rolling sigma 500, sd_coef 2.5, backtest took 11.882s, score is -3356.063
Preparing algo ...
Test start ...
Test Done ...
rolling 4500, rolling sigma 500, sd_coef 3.0, backtest took 11.752s, score is -3283.647
Preparing algo ...
Test start ...
Test Done ...
rolling 4500, rolling sigma 500, sd_coef 3.5, backtest took 11.751s, score is -2881.753
Preparing algo ...
Test start ...
Test Done ...
rolling 4500, rolling sigma 500, sd_coef 4.0, backtest took 11.661s, score is -2281.738
Preparing algo ...
Test start ...
Test Done ...
rolling 4500, rolling sigma 500, sd_coef 4.5, backtest took 11.891s, score is -2120.723
Preparing algo ...
Test start ...
Test Done ...
rolling 4500, rolling sigma 1000, sd_coef 1.0, backtest took 11.842s, score is -21842.792
Preparing algo ...
Test start ...
Test Done ...
rolling 4500, rolling sigma 1000, sd_coef 1.5, backtest took 11.724s, score is -9353.518
Preparing algo ...
Test start ...
Test Done ...
rolling 4500, rolling sigma 1000, sd_coef 2.0, backtest took 11.630s, score is -6664.234
Preparing algo ...
Test start ...
Test Done ...
rolling 4500, rolling sigma 1000, sd_coef 2.5, backtest took 11.580s, score is -7218.408
Preparing algo ...
Test start ...
Test Done ...
rolling 4500, rolling sigma 1000, sd_coef 3.0, backtest took 11.849s, score is -7095.892
Preparing algo ...
Test start ...
Test Done ...
rolling 4500, rolling sigma 1000, sd_coef 3.5, backtest took 11.740s, score is -4994.826
Preparing algo ...
Test start ...
Test Done ...
rolling 4500, rolling sigma 1000, sd_coef 4.0, backtest took 11.685s, score is -3070.772
Preparing algo ...
Test start ...
Test Done ...
rolling 4500, rolling sigma 1000, sd_coef 4.5, backtest took 11.649s, score is -3283.745
Preparing algo ...
Test start ...
Test Done ...
rolling 4500, rolling sigma 1500, sd_coef 1.0, backtest took 11.643s, score is -18723.572
Preparing algo ...
Test start ...
Test Done ...
rolling 4500, rolling sigma 1500, sd_coef 1.5, backtest took 11.880s, score is -8835.445
Preparing algo ...
Test start ...
Test Done ...
rolling 4500, rolling sigma 1500, sd_coef 2.0, backtest took 11.706s, score is -4999.996
Preparing algo ...
Test start ...
Test Done ...
rolling 4500, rolling sigma 1500, sd_coef 2.5, backtest took 11.618s, score is -3896.441
Preparing algo ...
Test start ...
Test Done ...
rolling 4500, rolling sigma 1500, sd_coef 3.0, backtest took 11.635s, score is -4408.997
Preparing algo ...
Test start ...
Test Done ...
rolling 4500, rolling sigma 1500, sd_coef 3.5, backtest took 11.776s, score is -2378.612
Preparing algo ...
Test start ...
Test Done ...
rolling 4500, rolling sigma 1500, sd_coef 4.0, backtest took 11.625s, score is -2751.794
Preparing algo ...
Test start ...
Test Done ...
rolling 4500, rolling sigma 1500, sd_coef 4.5, backtest took 11.724s, score is -2014.463
Preparing algo ...
Test start ...
Test Done ...
rolling 4500, rolling sigma 2000, sd_coef 1.0, backtest took 11.623s, score is -20274.482
Preparing algo ...
Test start ...
Test Done ...
rolling 4500, rolling sigma 2000, sd_coef 1.5, backtest took 11.831s, score is -4110.936
Preparing algo ...
Test start ...
Test Done ...
rolling 4500, rolling sigma 2000, sd_coef 2.0, backtest took 11.720s, score is -5570.875
Preparing algo ...
Test start ...
Test Done ...
rolling 4500, rolling sigma 2000, sd_coef 2.5, backtest took 11.620s, score is -4580.202
Preparing algo ...
Test start ...
Test Done ...
rolling 4500, rolling sigma 2000, sd_coef 3.0, backtest took 11.715s, score is -5040.303
Preparing algo ...
Test start ...
Test Done ...
rolling 4500, rolling sigma 2000, sd_coef 3.5, backtest took 11.619s, score is -4504.002
Preparing algo ...
Test start ...
Test Done ...
rolling 4500, rolling sigma 2000, sd_coef 4.0, backtest took 11.619s, score is -2848.247
Preparing algo ...
Test start ...
Test Done ...
rolling 4500, rolling sigma 2000, sd_coef 4.5, backtest took 11.692s, score is -2848.247
Preparing algo ...
Test start ...
Test Done ...
rolling 4500, rolling sigma 2500, sd_coef 1.0, backtest took 11.684s, score is -23201.848
Preparing algo ...
Test start ...
Test Done ...
rolling 4500, rolling sigma 2500, sd_coef 1.5, backtest took 11.752s, score is -4944.779
Preparing algo ...
Test start ...
Test Done ...
rolling 4500, rolling sigma 2500, sd_coef 2.0, backtest took 11.565s, score is -2122.724
Preparing algo ...
Test start ...
Test Done ...
rolling 4500, rolling sigma 2500, sd_coef 2.5, backtest took 11.797s, score is -1409.503
Preparing algo ...
Test start ...
Test Done ...
rolling 4500, rolling sigma 2500, sd_coef 3.0, backtest took 11.703s, score is -3847.562
Preparing algo ...
Test start ...
Test Done ...
rolling 4500, rolling sigma 2500, sd_coef 3.5, backtest took 11.577s, score is -3232.848
Preparing algo ...
Test start ...
Test Done ...
rolling 4500, rolling sigma 2500, sd_coef 4.0, backtest took 11.703s, score is -3126.142
Preparing algo ...
Test start ...
Test Done ...
rolling 4500, rolling sigma 2500, sd_coef 4.5, backtest took 11.615s, score is -2018.473
Preparing algo ...
Test start ...
Test Done ...
rolling 4500, rolling sigma 3000, sd_coef 1.0, backtest took 11.640s, score is -25938.491
Preparing algo ...
Test start ...
Test Done ...
rolling 4500, rolling sigma 3000, sd_coef 1.5, backtest took 11.738s, score is -8257.566
Preparing algo ...
Test start ...
Test Done ...
rolling 4500, rolling sigma 3000, sd_coef 2.0, backtest took 11.541s, score is -4272.089
Preparing algo ...
Test start ...
Test Done ...
rolling 4500, rolling sigma 3000, sd_coef 2.5, backtest took 11.682s, score is -1850.177
Preparing algo ...
Test start ...
Test Done ...
rolling 4500, rolling sigma 3000, sd_coef 3.0, backtest took 11.677s, score is -2907.823
Preparing algo ...
Test start ...
Test Done ...
rolling 4500, rolling sigma 3000, sd_coef 3.5, backtest took 11.575s, score is -3770.666
Preparing algo ...
Test start ...
Test Done ...
rolling 4500, rolling sigma 3000, sd_coef 4.0, backtest took 11.517s, score is -3555.265
Preparing algo ...
Test start ...
Test Done ...
rolling 4500, rolling sigma 3000, sd_coef 4.5, backtest took 11.442s, score is -3274.952
Preparing algo ...
Test start ...
Test Done ...
rolling 4500, rolling sigma 3500, sd_coef 1.0, backtest took 11.821s, score is -34061.907
Preparing algo ...
Test start ...
Test Done ...
rolling 4500, rolling sigma 3500, sd_coef 1.5, backtest took 11.709s, score is -9347.687
Preparing algo ...
Test start ...
Test Done ...
rolling 4500, rolling sigma 3500, sd_coef 2.0, backtest took 11.519s, score is -8556.467
Preparing algo ...
Test start ...
Test Done ...
rolling 4500, rolling sigma 3500, sd_coef 2.5, backtest took 11.521s, score is -8647.714
Preparing algo ...
Test start ...
Test Done ...
rolling 4500, rolling sigma 3500, sd_coef 3.0, backtest took 11.659s, score is -8676.187
Preparing algo ...
Test start ...
Test Done ...
rolling 4500, rolling sigma 3500, sd_coef 3.5, backtest took 11.531s, score is -6754.885
Preparing algo ...
Test start ...
Test Done ...
rolling 4500, rolling sigma 3500, sd_coef 4.0, backtest took 11.604s, score is -7260.132
Preparing algo ...
Test start ...
Test Done ...
rolling 4500, rolling sigma 3500, sd_coef 4.5, backtest took 11.438s, score is -5939.537
Preparing algo ...
Test start ...
Test Done ...
rolling 4500, rolling sigma 4000, sd_coef 1.0, backtest took 11.765s, score is -42871.347
Preparing algo ...
Test start ...
Test Done ...
rolling 4500, rolling sigma 4000, sd_coef 1.5, backtest took 11.695s, score is -17978.152
Preparing algo ...
Test start ...
Test Done ...
rolling 4500, rolling sigma 4000, sd_coef 2.0, backtest took 11.493s, score is -8981.754
Preparing algo ...
Test start ...
Test Done ...
rolling 4500, rolling sigma 4000, sd_coef 2.5, backtest took 11.592s, score is -9996.592
Preparing algo ...
Test start ...
Test Done ...
rolling 4500, rolling sigma 4000, sd_coef 3.0, backtest took 11.443s, score is -9570.696
Preparing algo ...
Test start ...
Test Done ...
rolling 4500, rolling sigma 4000, sd_coef 3.5, backtest took 11.674s, score is -7634.904
Preparing algo ...
Test start ...
Test Done ...
rolling 4500, rolling sigma 4000, sd_coef 4.0, backtest took 11.615s, score is -6934.946
Preparing algo ...
Test start ...
Test Done ...
rolling 4500, rolling sigma 4000, sd_coef 4.5, backtest took 11.527s, score is -6402.744
Preparing algo ...
Test start ...
Test Done ...
rolling 4500, rolling sigma 4500, sd_coef 1.0, backtest took 11.685s, score is -161589.719
Preparing algo ...
Test start ...
Test Done ...
rolling 4500, rolling sigma 4500, sd_coef 1.5, backtest took 11.562s, score is 7361.807
Preparing algo ...
Test start ...
Test Done ...
rolling 4500, rolling sigma 4500, sd_coef 2.0, backtest took 11.553s, score is 29189.681
Preparing algo ...
Test start ...
Test Done ...
rolling 4500, rolling sigma 4500, sd_coef 2.5, backtest took 11.615s, score is 25595.041
Preparing algo ...
Test start ...
Test Done ...
rolling 4500, rolling sigma 4500, sd_coef 3.0, backtest took 11.494s, score is 16049.405
Preparing algo ...
Test start ...
Test Done ...
rolling 4500, rolling sigma 4500, sd_coef 3.5, backtest took 11.462s, score is 8695.084
Preparing algo ...
Test start ...
Test Done ...
rolling 4500, rolling sigma 4500, sd_coef 4.0, backtest took 11.588s, score is 1384.745
Preparing algo ...
Test start ...
Test Done ...
rolling 4500, rolling sigma 4500, sd_coef 4.5, backtest took 11.426s, score is 664.910
