Reading configs ...
Reading data ...
Skipping date 2016-03-01 ...
Warning date 2016-03-01 x 14983 vs y 0 entries
Skipping date 2016-03-02 ...
Warning date 2016-03-02 x 14752 vs y 0 entries
Skipping date 2016-03-03 ...
Warning date 2016-03-03 x 14209 vs y 0 entries
Skipping date 2016-03-04 ...
Warning date 2016-03-04 x 15736 vs y 0 entries
Skipping date 2016-03-05 ...
Skipping date 2016-03-06 ...
Skipping date 2016-03-07 ...
Warning date 2016-03-07 x 13609 vs y 0 entries
Skipping date 2016-03-08 ...
Warning date 2016-03-08 x 14735 vs y 0 entries
Skipping date 2016-03-09 ...
Warning date 2016-03-09 x 15585 vs y 0 entries
Skipping date 2016-03-10 ...
Warning date 2016-03-10 x 14753 vs y 0 entries
Skipping date 2016-03-11 ...
Warning date 2016-03-11 x 13928 vs y 0 entries
Skipping date 2016-03-12 ...
Skipping date 2016-03-13 ...
Skipping date 2016-03-14 ...
Warning date 2016-03-14 x 14649 vs y 0 entries
Skipping date 2016-03-15 ...
Warning date 2016-03-15 x 16763 vs y 0 entries
Skipping date 2016-03-16 ...
Warning date 2016-03-16 x 18317 vs y 0 entries
Skipping date 2016-03-17 ...
Warning date 2016-03-17 x 21371 vs y 0 entries
Skipping date 2016-03-18 ...
Warning date 2016-03-18 x 22971 vs y 0 entries
Skipping date 2016-03-19 ...
Skipping date 2016-03-20 ...
Skipping date 2016-03-26 ...
Skipping date 2016-03-27 ...
x is if1604: 195690 entries from 9 days
y is if1605: 101528 entries from 9 days
Preparing data ...
Preparing algo ...
Test start ...
Test Done ...
rolling 500, rolling sigma 500, sd_coef 1.0, backtest took 21.580s, score is -1120983.279
Preparing algo ...
Test start ...
Test Done ...
rolling 500, rolling sigma 500, sd_coef 1.5, backtest took 21.552s, score is -256677.927
Preparing algo ...
Test start ...
Test Done ...
rolling 500, rolling sigma 500, sd_coef 2.0, backtest took 21.257s, score is -38017.274
Preparing algo ...
Test start ...
Test Done ...
rolling 500, rolling sigma 500, sd_coef 2.5, backtest took 21.263s, score is 18119.591
Preparing algo ...
Test start ...
Test Done ...
rolling 500, rolling sigma 500, sd_coef 3.0, backtest took 21.292s, score is 34201.413
Preparing algo ...
Test start ...
Test Done ...
rolling 500, rolling sigma 500, sd_coef 3.5, backtest took 21.316s, score is 29131.828
Preparing algo ...
Test start ...
Test Done ...
rolling 500, rolling sigma 500, sd_coef 4.0, backtest took 21.263s, score is 13749.415
Preparing algo ...
Test start ...
Test Done ...
rolling 500, rolling sigma 500, sd_coef 4.5, backtest took 21.217s, score is 8347.054
Preparing algo ...
Test start ...
Test Done ...
rolling 500, rolling sigma 1000, sd_coef 1.0, backtest took 21.450s, score is -136482.385
Preparing algo ...
Test start ...
Test Done ...
rolling 500, rolling sigma 1000, sd_coef 1.5, backtest took 21.413s, score is -94271.964
Preparing algo ...
Test start ...
Test Done ...
rolling 500, rolling sigma 1000, sd_coef 2.0, backtest took 21.441s, score is -72538.038
Preparing algo ...
Test start ...
Test Done ...
rolling 500, rolling sigma 1000, sd_coef 2.5, backtest took 21.354s, score is -54799.345
Preparing algo ...
Test start ...
Test Done ...
rolling 500, rolling sigma 1000, sd_coef 3.0, backtest took 21.379s, score is -38780.030
Preparing algo ...
Test start ...
Test Done ...
rolling 500, rolling sigma 1000, sd_coef 3.5, backtest took 21.384s, score is -31808.158
Preparing algo ...
Test start ...
Test Done ...
rolling 500, rolling sigma 1000, sd_coef 4.0, backtest took 21.377s, score is -27743.035
Preparing algo ...
Test start ...
Test Done ...
rolling 500, rolling sigma 1000, sd_coef 4.5, backtest took 21.327s, score is -21209.556
Preparing algo ...
Test start ...
Test Done ...
rolling 500, rolling sigma 1500, sd_coef 1.0, backtest took 21.406s, score is -82272.800
Preparing algo ...
Test start ...
Test Done ...
rolling 500, rolling sigma 1500, sd_coef 1.5, backtest took 21.314s, score is -56867.380
Preparing algo ...
Test start ...
Test Done ...
rolling 500, rolling sigma 1500, sd_coef 2.0, backtest took 21.408s, score is -44733.174
Preparing algo ...
Test start ...
Test Done ...
rolling 500, rolling sigma 1500, sd_coef 2.5, backtest took 21.243s, score is -33875.630
Preparing algo ...
Test start ...
Test Done ...
rolling 500, rolling sigma 1500, sd_coef 3.0, backtest took 21.379s, score is -27406.072
Preparing algo ...
Test start ...
Test Done ...
rolling 500, rolling sigma 1500, sd_coef 3.5, backtest took 21.360s, score is -24250.728
Preparing algo ...
Test start ...
Test Done ...
rolling 500, rolling sigma 1500, sd_coef 4.0, backtest took 21.335s, score is -20147.851
Preparing algo ...
Test start ...
Test Done ...
rolling 500, rolling sigma 1500, sd_coef 4.5, backtest took 21.421s, score is -17222.112
Preparing algo ...
Test start ...
Test Done ...
rolling 500, rolling sigma 2000, sd_coef 1.0, backtest took 21.186s, score is -75708.888
Preparing algo ...
Test start ...
Test Done ...
rolling 500, rolling sigma 2000, sd_coef 1.5, backtest took 21.530s, score is -50811.886
Preparing algo ...
Test start ...
Test Done ...
rolling 500, rolling sigma 2000, sd_coef 2.0, backtest took 21.371s, score is -39283.791
Preparing algo ...
Test start ...
Test Done ...
rolling 500, rolling sigma 2000, sd_coef 2.5, backtest took 21.228s, score is -31507.833
Preparing algo ...
Test start ...
Test Done ...
rolling 500, rolling sigma 2000, sd_coef 3.0, backtest took 21.363s, score is -18867.370
Preparing algo ...
Test start ...
Test Done ...
rolling 500, rolling sigma 2000, sd_coef 3.5, backtest took 21.305s, score is -17106.459
Preparing algo ...
Test start ...
Test Done ...
rolling 500, rolling sigma 2000, sd_coef 4.0, backtest took 21.181s, score is -12669.682
Preparing algo ...
Test start ...
Test Done ...
rolling 500, rolling sigma 2000, sd_coef 4.5, backtest took 21.300s, score is -8668.319
Preparing algo ...
Test start ...
Test Done ...
rolling 500, rolling sigma 2500, sd_coef 1.0, backtest took 21.387s, score is -61770.928
Preparing algo ...
Test start ...
Test Done ...
rolling 500, rolling sigma 2500, sd_coef 1.5, backtest took 21.232s, score is -42110.462
Preparing algo ...
Test start ...
Test Done ...
rolling 500, rolling sigma 2500, sd_coef 2.0, backtest took 21.351s, score is -29322.853
Preparing algo ...
Test start ...
Test Done ...
rolling 500, rolling sigma 2500, sd_coef 2.5, backtest took 21.170s, score is -28087.929
Preparing algo ...
Test start ...
Test Done ...
rolling 500, rolling sigma 2500, sd_coef 3.0, backtest took 21.237s, score is -19669.883
Preparing algo ...
Test start ...
Test Done ...
rolling 500, rolling sigma 2500, sd_coef 3.5, backtest took 21.253s, score is -19088.898
Preparing algo ...
Test start ...
Test Done ...
rolling 500, rolling sigma 2500, sd_coef 4.0, backtest took 21.066s, score is -11970.471
Preparing algo ...
Test start ...
Test Done ...
rolling 500, rolling sigma 2500, sd_coef 4.5, backtest took 21.477s, score is -10036.177
Preparing algo ...
Test start ...
Test Done ...
rolling 500, rolling sigma 3000, sd_coef 1.0, backtest took 21.256s, score is -68977.630
Preparing algo ...
Test start ...
Test Done ...
rolling 500, rolling sigma 3000, sd_coef 1.5, backtest took 21.155s, score is -47273.958
Preparing algo ...
Test start ...
Test Done ...
rolling 500, rolling sigma 3000, sd_coef 2.0, backtest took 21.271s, score is -36001.825
Preparing algo ...
Test start ...
Test Done ...
rolling 500, rolling sigma 3000, sd_coef 2.5, backtest took 21.070s, score is -28401.158
Preparing algo ...
Test start ...
Test Done ...
rolling 500, rolling sigma 3000, sd_coef 3.0, backtest took 21.421s, score is -23720.727
Preparing algo ...
Test start ...
Test Done ...
rolling 500, rolling sigma 3000, sd_coef 3.5, backtest took 21.196s, score is -18430.293
Preparing algo ...
Test start ...
Test Done ...
rolling 500, rolling sigma 3000, sd_coef 4.0, backtest took 21.065s, score is -13118.858
Preparing algo ...
Test start ...
Test Done ...
rolling 500, rolling sigma 3000, sd_coef 4.5, backtest took 21.166s, score is -12175.525
Preparing algo ...
Test start ...
Test Done ...
rolling 500, rolling sigma 3500, sd_coef 1.0, backtest took 21.206s, score is -59387.168
Preparing algo ...
Test start ...
Test Done ...
rolling 500, rolling sigma 3500, sd_coef 1.5, backtest took 21.157s, score is -45381.004
Preparing algo ...
Test start ...
Test Done ...
rolling 500, rolling sigma 3500, sd_coef 2.0, backtest took 21.169s, score is -39032.871
Preparing algo ...
Test start ...
Test Done ...
rolling 500, rolling sigma 3500, sd_coef 2.5, backtest took 21.204s, score is -30005.535
Preparing algo ...
Test start ...
Test Done ...
rolling 500, rolling sigma 3500, sd_coef 3.0, backtest took 21.196s, score is -20661.909
Preparing algo ...
Test start ...
Test Done ...
rolling 500, rolling sigma 3500, sd_coef 3.5, backtest took 21.218s, score is -18366.719
Preparing algo ...
Test start ...
Test Done ...
rolling 500, rolling sigma 3500, sd_coef 4.0, backtest took 21.128s, score is -14880.597
Preparing algo ...
Test start ...
Test Done ...
rolling 500, rolling sigma 3500, sd_coef 4.5, backtest took 21.148s, score is -10361.868
Preparing algo ...
Test start ...
Test Done ...
rolling 500, rolling sigma 4000, sd_coef 1.0, backtest took 21.141s, score is -57888.339
Preparing algo ...
Test start ...
Test Done ...
rolling 500, rolling sigma 4000, sd_coef 1.5, backtest took 21.163s, score is -35047.705
Preparing algo ...
Test start ...
Test Done ...
rolling 500, rolling sigma 4000, sd_coef 2.0, backtest took 21.151s, score is -31080.739
Preparing algo ...
Test start ...
Test Done ...
rolling 500, rolling sigma 4000, sd_coef 2.5, backtest took 21.115s, score is -25498.023
Preparing algo ...
Test start ...
Test Done ...
rolling 500, rolling sigma 4000, sd_coef 3.0, backtest took 21.110s, score is -14696.073
Preparing algo ...
Test start ...
Test Done ...
rolling 500, rolling sigma 4000, sd_coef 3.5, backtest took 21.174s, score is -11923.462
Preparing algo ...
Test start ...
Test Done ...
rolling 500, rolling sigma 4000, sd_coef 4.0, backtest took 21.180s, score is -6524.547
Preparing algo ...
Test start ...
Test Done ...
rolling 500, rolling sigma 4000, sd_coef 4.5, backtest took 20.961s, score is -5085.600
Preparing algo ...
Test start ...
Test Done ...
rolling 500, rolling sigma 4500, sd_coef 1.0, backtest took 21.419s, score is -56629.322
Preparing algo ...
Test start ...
Test Done ...
rolling 500, rolling sigma 4500, sd_coef 1.5, backtest took 20.990s, score is -29979.031
Preparing algo ...
Test start ...
Test Done ...
rolling 500, rolling sigma 4500, sd_coef 2.0, backtest took 21.248s, score is -25231.912
Preparing algo ...
Test start ...
Test Done ...
rolling 500, rolling sigma 4500, sd_coef 2.5, backtest took 21.158s, score is -23894.425
Preparing algo ...
Test start ...
Test Done ...
rolling 500, rolling sigma 4500, sd_coef 3.0, backtest took 21.058s, score is -13865.800
Preparing algo ...
Test start ...
Test Done ...
rolling 500, rolling sigma 4500, sd_coef 3.5, backtest took 21.111s, score is -10815.304
Preparing algo ...
Test start ...
Test Done ...
rolling 500, rolling sigma 4500, sd_coef 4.0, backtest took 21.104s, score is -10981.977
Preparing algo ...
Test start ...
Test Done ...
rolling 500, rolling sigma 4500, sd_coef 4.5, backtest took 21.200s, score is -7283.671
Preparing algo ...
Test start ...
Test Done ...
rolling 1000, rolling sigma 500, sd_coef 1.0, backtest took 21.352s, score is -120019.152
Preparing algo ...
Test start ...
Test Done ...
rolling 1000, rolling sigma 500, sd_coef 1.5, backtest took 21.427s, score is -82896.176
Preparing algo ...
Test start ...
Test Done ...
rolling 1000, rolling sigma 500, sd_coef 2.0, backtest took 21.406s, score is -61749.741
Preparing algo ...
Test start ...
Test Done ...
rolling 1000, rolling sigma 500, sd_coef 2.5, backtest took 21.416s, score is -51558.777
Preparing algo ...
Test start ...
Test Done ...
rolling 1000, rolling sigma 500, sd_coef 3.0, backtest took 21.405s, score is -39834.650
Preparing algo ...
Test start ...
Test Done ...
rolling 1000, rolling sigma 500, sd_coef 3.5, backtest took 21.444s, score is -33564.191
Preparing algo ...
Test start ...
Test Done ...
rolling 1000, rolling sigma 500, sd_coef 4.0, backtest took 21.444s, score is -26853.811
Preparing algo ...
Test start ...
Test Done ...
rolling 1000, rolling sigma 500, sd_coef 4.5, backtest took 21.426s, score is -19820.842
Preparing algo ...
Test start ...
Test Done ...
rolling 1000, rolling sigma 1000, sd_coef 1.0, backtest took 21.517s, score is -776144.183
Preparing algo ...
Test start ...
Test Done ...
rolling 1000, rolling sigma 1000, sd_coef 1.5, backtest took 21.469s, score is -125800.737
Preparing algo ...
Test start ...
Test Done ...
rolling 1000, rolling sigma 1000, sd_coef 2.0, backtest took 21.228s, score is 21068.260
Preparing algo ...
Test start ...
Test Done ...
rolling 1000, rolling sigma 1000, sd_coef 2.5, backtest took 21.289s, score is 29003.935
Preparing algo ...
Test start ...
Test Done ...
rolling 1000, rolling sigma 1000, sd_coef 3.0, backtest took 21.358s, score is 26590.147
Preparing algo ...
Test start ...
Test Done ...
rolling 1000, rolling sigma 1000, sd_coef 3.5, backtest took 21.144s, score is 10288.036
Preparing algo ...
Test start ...
Test Done ...
rolling 1000, rolling sigma 1000, sd_coef 4.0, backtest took 21.194s, score is 9968.406
Preparing algo ...
Test start ...
Test Done ...
rolling 1000, rolling sigma 1000, sd_coef 4.5, backtest took 21.221s, score is 4395.658
Preparing algo ...
Test start ...
Test Done ...
rolling 1000, rolling sigma 1500, sd_coef 1.0, backtest took 21.200s, score is -93606.518
Preparing algo ...
Test start ...
Test Done ...
rolling 1000, rolling sigma 1500, sd_coef 1.5, backtest took 21.671s, score is -56136.676
Preparing algo ...
Test start ...
Test Done ...
rolling 1000, rolling sigma 1500, sd_coef 2.0, backtest took 21.361s, score is -47374.663
Preparing algo ...
Test start ...
Test Done ...
rolling 1000, rolling sigma 1500, sd_coef 2.5, backtest took 21.264s, score is -48697.904
Preparing algo ...
Test start ...
Test Done ...
rolling 1000, rolling sigma 1500, sd_coef 3.0, backtest took 21.381s, score is -42634.778
Preparing algo ...
Test start ...
Test Done ...
rolling 1000, rolling sigma 1500, sd_coef 3.5, backtest took 21.142s, score is -36742.043
Preparing algo ...
Test start ...
Test Done ...
rolling 1000, rolling sigma 1500, sd_coef 4.0, backtest took 21.639s, score is -29088.983
Preparing algo ...
Test start ...
Test Done ...
rolling 1000, rolling sigma 1500, sd_coef 4.5, backtest took 21.239s, score is -24131.271
Preparing algo ...
Test start ...
Test Done ...
rolling 1000, rolling sigma 2000, sd_coef 1.0, backtest took 21.486s, score is -66171.420
Preparing algo ...
Test start ...
Test Done ...
rolling 1000, rolling sigma 2000, sd_coef 1.5, backtest took 21.195s, score is -38763.913
Preparing algo ...
Test start ...
Test Done ...
rolling 1000, rolling sigma 2000, sd_coef 2.0, backtest took 21.430s, score is -34044.296
Preparing algo ...
Test start ...
Test Done ...
rolling 1000, rolling sigma 2000, sd_coef 2.5, backtest took 21.360s, score is -33974.361
Preparing algo ...
Test start ...
Test Done ...
rolling 1000, rolling sigma 2000, sd_coef 3.0, backtest took 21.262s, score is -27301.683
Preparing algo ...
Test start ...
Test Done ...
rolling 1000, rolling sigma 2000, sd_coef 3.5, backtest took 21.366s, score is -25547.332
Preparing algo ...
Test start ...
Test Done ...
rolling 1000, rolling sigma 2000, sd_coef 4.0, backtest took 21.384s, score is -21033.047
Preparing algo ...
Test start ...
Test Done ...
rolling 1000, rolling sigma 2000, sd_coef 4.5, backtest took 21.350s, score is -16910.395
Preparing algo ...
Test start ...
Test Done ...
rolling 1000, rolling sigma 2500, sd_coef 1.0, backtest took 21.172s, score is -62711.373
Preparing algo ...
Test start ...
Test Done ...
rolling 1000, rolling sigma 2500, sd_coef 1.5, backtest took 21.301s, score is -39310.387
Preparing algo ...
Test start ...
Test Done ...
rolling 1000, rolling sigma 2500, sd_coef 2.0, backtest took 21.244s, score is -29393.217
Preparing algo ...
Test start ...
Test Done ...
rolling 1000, rolling sigma 2500, sd_coef 2.5, backtest took 21.306s, score is -26286.498
Preparing algo ...
Test start ...
Test Done ...
rolling 1000, rolling sigma 2500, sd_coef 3.0, backtest took 21.275s, score is -21980.527
Preparing algo ...
Test start ...
Test Done ...
rolling 1000, rolling sigma 2500, sd_coef 3.5, backtest took 21.335s, score is -19189.513
Preparing algo ...
Test start ...
Test Done ...
rolling 1000, rolling sigma 2500, sd_coef 4.0, backtest took 21.208s, score is -16561.520
Preparing algo ...
Test start ...
Test Done ...
rolling 1000, rolling sigma 2500, sd_coef 4.5, backtest took 21.324s, score is -14262.225
Preparing algo ...
Test start ...
Test Done ...
rolling 1000, rolling sigma 3000, sd_coef 1.0, backtest took 21.141s, score is -35799.428
Preparing algo ...
Test start ...
Test Done ...
rolling 1000, rolling sigma 3000, sd_coef 1.5, backtest took 21.241s, score is -27514.762
Preparing algo ...
Test start ...
Test Done ...
rolling 1000, rolling sigma 3000, sd_coef 2.0, backtest took 21.269s, score is -27152.933
Preparing algo ...
Test start ...
Test Done ...
rolling 1000, rolling sigma 3000, sd_coef 2.5, backtest took 21.275s, score is -25462.575
Preparing algo ...
Test start ...
Test Done ...
rolling 1000, rolling sigma 3000, sd_coef 3.0, backtest took 21.240s, score is -20714.051
Preparing algo ...
Test start ...
Test Done ...
rolling 1000, rolling sigma 3000, sd_coef 3.5, backtest took 21.214s, score is -19148.210
Preparing algo ...
Test start ...
Test Done ...
rolling 1000, rolling sigma 3000, sd_coef 4.0, backtest took 21.248s, score is -18930.050
Preparing algo ...
Test start ...
Test Done ...
rolling 1000, rolling sigma 3000, sd_coef 4.5, backtest took 21.257s, score is -17118.702
Preparing algo ...
Test start ...
Test Done ...
rolling 1000, rolling sigma 3500, sd_coef 1.0, backtest took 21.120s, score is -40280.744
Preparing algo ...
Test start ...
Test Done ...
rolling 1000, rolling sigma 3500, sd_coef 1.5, backtest took 21.239s, score is -20680.073
Preparing algo ...
Test start ...
Test Done ...
rolling 1000, rolling sigma 3500, sd_coef 2.0, backtest took 21.240s, score is -21133.623
Preparing algo ...
Test start ...
Test Done ...
rolling 1000, rolling sigma 3500, sd_coef 2.5, backtest took 21.268s, score is -19876.495
Preparing algo ...
Test start ...
Test Done ...
rolling 1000, rolling sigma 3500, sd_coef 3.0, backtest took 21.058s, score is -18194.779
Preparing algo ...
Test start ...
Test Done ...
rolling 1000, rolling sigma 3500, sd_coef 3.5, backtest took 21.207s, score is -14954.463
Preparing algo ...
Test start ...
Test Done ...
rolling 1000, rolling sigma 3500, sd_coef 4.0, backtest took 21.247s, score is -14337.254
Preparing algo ...
Test start ...
Test Done ...
rolling 1000, rolling sigma 3500, sd_coef 4.5, backtest took 21.316s, score is -11428.075
Preparing algo ...
Test start ...
Test Done ...
rolling 1000, rolling sigma 4000, sd_coef 1.0, backtest took 21.080s, score is -38083.943
Preparing algo ...
Test start ...
Test Done ...
rolling 1000, rolling sigma 4000, sd_coef 1.5, backtest took 21.232s, score is -17340.682
Preparing algo ...
Test start ...
Test Done ...
rolling 1000, rolling sigma 4000, sd_coef 2.0, backtest took 21.206s, score is -17256.254
Preparing algo ...
Test start ...
Test Done ...
rolling 1000, rolling sigma 4000, sd_coef 2.5, backtest took 21.079s, score is -14265.647
Preparing algo ...
Test start ...
Test Done ...
rolling 1000, rolling sigma 4000, sd_coef 3.0, backtest took 21.202s, score is -12660.163
Preparing algo ...
Test start ...
Test Done ...
rolling 1000, rolling sigma 4000, sd_coef 3.5, backtest took 21.049s, score is -10750.551
Preparing algo ...
Test start ...
Test Done ...
rolling 1000, rolling sigma 4000, sd_coef 4.0, backtest took 21.175s, score is -11703.022
Preparing algo ...
Test start ...
Test Done ...
rolling 1000, rolling sigma 4000, sd_coef 4.5, backtest took 21.166s, score is -11084.759
Preparing algo ...
Test start ...
Test Done ...
rolling 1000, rolling sigma 4500, sd_coef 1.0, backtest took 20.896s, score is -37448.844
Preparing algo ...
Test start ...
Test Done ...
rolling 1000, rolling sigma 4500, sd_coef 1.5, backtest took 21.409s, score is -20601.659
Preparing algo ...
Test start ...
Test Done ...
rolling 1000, rolling sigma 4500, sd_coef 2.0, backtest took 21.187s, score is -17157.307
Preparing algo ...
Test start ...
Test Done ...
rolling 1000, rolling sigma 4500, sd_coef 2.5, backtest took 20.961s, score is -18598.339
Preparing algo ...
Test start ...
Test Done ...
rolling 1000, rolling sigma 4500, sd_coef 3.0, backtest took 21.171s, score is -11961.519
Preparing algo ...
Test start ...
Test Done ...
rolling 1000, rolling sigma 4500, sd_coef 3.5, backtest took 20.899s, score is -15131.667
Preparing algo ...
Test start ...
Test Done ...
rolling 1000, rolling sigma 4500, sd_coef 4.0, backtest took 21.426s, score is -11642.671
Preparing algo ...
Test start ...
Test Done ...
rolling 1000, rolling sigma 4500, sd_coef 4.5, backtest took 21.115s, score is -11384.631
Preparing algo ...
Test start ...
Test Done ...
rolling 1500, rolling sigma 500, sd_coef 1.0, backtest took 21.341s, score is -92119.131
Preparing algo ...
Test start ...
Test Done ...
rolling 1500, rolling sigma 500, sd_coef 1.5, backtest took 21.557s, score is -62496.887
Preparing algo ...
Test start ...
Test Done ...
rolling 1500, rolling sigma 500, sd_coef 2.0, backtest took 21.427s, score is -48915.522
Preparing algo ...
Test start ...
Test Done ...
rolling 1500, rolling sigma 500, sd_coef 2.5, backtest took 21.440s, score is -38167.830
Preparing algo ...
Test start ...
Test Done ...
rolling 1500, rolling sigma 500, sd_coef 3.0, backtest took 21.278s, score is -30071.264
Preparing algo ...
Test start ...
Test Done ...
rolling 1500, rolling sigma 500, sd_coef 3.5, backtest took 21.384s, score is -24079.188
Preparing algo ...
Test start ...
Test Done ...
rolling 1500, rolling sigma 500, sd_coef 4.0, backtest took 21.563s, score is -23149.145
Preparing algo ...
Test start ...
Test Done ...
rolling 1500, rolling sigma 500, sd_coef 4.5, backtest took 21.435s, score is -17925.337
Preparing algo ...
Test start ...
Test Done ...
rolling 1500, rolling sigma 1000, sd_coef 1.0, backtest took 21.280s, score is -93851.135
Preparing algo ...
Test start ...
Test Done ...
rolling 1500, rolling sigma 1000, sd_coef 1.5, backtest took 21.415s, score is -54651.019
Preparing algo ...
Test start ...
Test Done ...
rolling 1500, rolling sigma 1000, sd_coef 2.0, backtest took 21.382s, score is -41019.008
Preparing algo ...
Test start ...
Test Done ...
rolling 1500, rolling sigma 1000, sd_coef 2.5, backtest took 21.397s, score is -42847.874
Preparing algo ...
Test start ...
Test Done ...
rolling 1500, rolling sigma 1000, sd_coef 3.0, backtest took 21.230s, score is -35516.695
Preparing algo ...
Test start ...
Test Done ...
rolling 1500, rolling sigma 1000, sd_coef 3.5, backtest took 21.387s, score is -34938.460
Preparing algo ...
Test start ...
Test Done ...
rolling 1500, rolling sigma 1000, sd_coef 4.0, backtest took 21.386s, score is -27267.656
Preparing algo ...
Test start ...
Test Done ...
rolling 1500, rolling sigma 1000, sd_coef 4.5, backtest took 21.321s, score is -25733.322
Preparing algo ...
Test start ...
Test Done ...
rolling 1500, rolling sigma 1500, sd_coef 1.0, backtest took 21.494s, score is -654448.675
Preparing algo ...
Test start ...
Test Done ...
rolling 1500, rolling sigma 1500, sd_coef 1.5, backtest took 21.168s, score is -79548.436
Preparing algo ...
Test start ...
Test Done ...
rolling 1500, rolling sigma 1500, sd_coef 2.0, backtest took 21.378s, score is 34320.260
Preparing algo ...
Test start ...
Test Done ...
rolling 1500, rolling sigma 1500, sd_coef 2.5, backtest took 21.104s, score is 33236.480
Preparing algo ...
Test start ...
Test Done ...
rolling 1500, rolling sigma 1500, sd_coef 3.0, backtest took 21.269s, score is 24866.230
Preparing algo ...
Test start ...
Test Done ...
rolling 1500, rolling sigma 1500, sd_coef 3.5, backtest took 21.245s, score is 12823.691
Preparing algo ...
Test start ...
Test Done ...
rolling 1500, rolling sigma 1500, sd_coef 4.0, backtest took 21.206s, score is 8702.162
Preparing algo ...
Test start ...
Test Done ...
rolling 1500, rolling sigma 1500, sd_coef 4.5, backtest took 21.183s, score is 7814.413
Preparing algo ...
Test start ...
Test Done ...
rolling 1500, rolling sigma 2000, sd_coef 1.0, backtest took 21.188s, score is -93849.032
Preparing algo ...
Test start ...
Test Done ...
rolling 1500, rolling sigma 2000, sd_coef 1.5, backtest took 21.303s, score is -50072.081
Preparing algo ...
Test start ...
Test Done ...
rolling 1500, rolling sigma 2000, sd_coef 2.0, backtest took 21.318s, score is -48922.420
Preparing algo ...
Test start ...
Test Done ...
rolling 1500, rolling sigma 2000, sd_coef 2.5, backtest took 21.345s, score is -39365.387
Preparing algo ...
Test start ...
Test Done ...
rolling 1500, rolling sigma 2000, sd_coef 3.0, backtest took 21.365s, score is -33893.384
Preparing algo ...
Test start ...
Test Done ...
rolling 1500, rolling sigma 2000, sd_coef 3.5, backtest took 21.381s, score is -34294.560
Preparing algo ...
Test start ...
Test Done ...
rolling 1500, rolling sigma 2000, sd_coef 4.0, backtest took 21.247s, score is -29173.792
Preparing algo ...
Test start ...
Test Done ...
rolling 1500, rolling sigma 2000, sd_coef 4.5, backtest took 21.354s, score is -26126.508
Preparing algo ...
Test start ...
Test Done ...
rolling 1500, rolling sigma 2500, sd_coef 1.0, backtest took 21.229s, score is -78680.120
Preparing algo ...
Test start ...
Test Done ...
rolling 1500, rolling sigma 2500, sd_coef 1.5, backtest took 21.282s, score is -42325.101
Preparing algo ...
Test start ...
Test Done ...
rolling 1500, rolling sigma 2500, sd_coef 2.0, backtest took 21.447s, score is -35722.218
Preparing algo ...
Test start ...
Test Done ...
rolling 1500, rolling sigma 2500, sd_coef 2.5, backtest took 21.349s, score is -35956.426
Preparing algo ...
Test start ...
Test Done ...
rolling 1500, rolling sigma 2500, sd_coef 3.0, backtest took 21.138s, score is -28648.532
Preparing algo ...
Test start ...
Test Done ...
rolling 1500, rolling sigma 2500, sd_coef 3.5, backtest took 21.302s, score is -25706.048
Preparing algo ...
Test start ...
Test Done ...
rolling 1500, rolling sigma 2500, sd_coef 4.0, backtest took 21.301s, score is -22723.223
Preparing algo ...
Test start ...
Test Done ...
rolling 1500, rolling sigma 2500, sd_coef 4.5, backtest took 21.268s, score is -17417.284
Preparing algo ...
Test start ...
Test Done ...
rolling 1500, rolling sigma 3000, sd_coef 1.0, backtest took 21.303s, score is -54057.283
Preparing algo ...
Test start ...
Test Done ...
rolling 1500, rolling sigma 3000, sd_coef 1.5, backtest took 21.300s, score is -31190.172
Preparing algo ...
Test start ...
Test Done ...
rolling 1500, rolling sigma 3000, sd_coef 2.0, backtest took 21.262s, score is -28617.188
Preparing algo ...
Test start ...
Test Done ...
rolling 1500, rolling sigma 3000, sd_coef 2.5, backtest took 21.253s, score is -28124.213
Preparing algo ...
Test start ...
Test Done ...
rolling 1500, rolling sigma 3000, sd_coef 3.0, backtest took 21.245s, score is -24578.992
Preparing algo ...
Test start ...
Test Done ...
rolling 1500, rolling sigma 3000, sd_coef 3.5, backtest took 21.238s, score is -19033.602
Preparing algo ...
Test start ...
Test Done ...
rolling 1500, rolling sigma 3000, sd_coef 4.0, backtest took 21.272s, score is -17704.919
Preparing algo ...
Test start ...
Test Done ...
rolling 1500, rolling sigma 3000, sd_coef 4.5, backtest took 21.090s, score is -8850.243
Preparing algo ...
Test start ...
Test Done ...
rolling 1500, rolling sigma 3500, sd_coef 1.0, backtest took 21.225s, score is -44486.538
Preparing algo ...
Test start ...
Test Done ...
rolling 1500, rolling sigma 3500, sd_coef 1.5, backtest took 21.275s, score is -24853.653
Preparing algo ...
Test start ...
Test Done ...
rolling 1500, rolling sigma 3500, sd_coef 2.0, backtest took 21.066s, score is -24923.477
Preparing algo ...
Test start ...
Test Done ...
rolling 1500, rolling sigma 3500, sd_coef 2.5, backtest took 21.531s, score is -26068.329
Preparing algo ...
Test start ...
Test Done ...
rolling 1500, rolling sigma 3500, sd_coef 3.0, backtest took 21.256s, score is -22565.280
Preparing algo ...
Test start ...
Test Done ...
rolling 1500, rolling sigma 3500, sd_coef 3.5, backtest took 21.069s, score is -18529.680
Preparing algo ...
Test start ...
Test Done ...
rolling 1500, rolling sigma 3500, sd_coef 4.0, backtest took 21.282s, score is -17938.218
Preparing algo ...
Test start ...
Test Done ...
rolling 1500, rolling sigma 3500, sd_coef 4.5, backtest took 21.009s, score is -17920.007
Preparing algo ...
Test start ...
Test Done ...
rolling 1500, rolling sigma 4000, sd_coef 1.0, backtest took 21.331s, score is -39365.791
Preparing algo ...
Test start ...
Test Done ...
rolling 1500, rolling sigma 4000, sd_coef 1.5, backtest took 21.298s, score is -18258.684
Preparing algo ...
Test start ...
Test Done ...
rolling 1500, rolling sigma 4000, sd_coef 2.0, backtest took 21.141s, score is -20227.850
Preparing algo ...
Test start ...
Test Done ...
rolling 1500, rolling sigma 4000, sd_coef 2.5, backtest took 21.093s, score is -26012.819
Preparing algo ...
Test start ...
Test Done ...
rolling 1500, rolling sigma 4000, sd_coef 3.0, backtest took 21.238s, score is -21290.170
Preparing algo ...
Test start ...
Test Done ...
rolling 1500, rolling sigma 4000, sd_coef 3.5, backtest took 20.939s, score is -19998.198
Preparing algo ...
Test start ...
Test Done ...
rolling 1500, rolling sigma 4000, sd_coef 4.0, backtest took 21.296s, score is -18143.336
Preparing algo ...
Test start ...
Test Done ...
rolling 1500, rolling sigma 4000, sd_coef 4.5, backtest took 21.293s, score is -14615.076
Preparing algo ...
Test start ...
Test Done ...
rolling 1500, rolling sigma 4500, sd_coef 1.0, backtest took 21.015s, score is -32949.668
Preparing algo ...
Test start ...
Test Done ...
rolling 1500, rolling sigma 4500, sd_coef 1.5, backtest took 21.323s, score is -10886.508
Preparing algo ...
Test start ...
Test Done ...
rolling 1500, rolling sigma 4500, sd_coef 2.0, backtest took 21.137s, score is -7469.270
Preparing algo ...
Test start ...
Test Done ...
rolling 1500, rolling sigma 4500, sd_coef 2.5, backtest took 20.998s, score is -12897.399
Preparing algo ...
Test start ...
Test Done ...
rolling 1500, rolling sigma 4500, sd_coef 3.0, backtest took 21.150s, score is -10313.544
Preparing algo ...
Test start ...
Test Done ...
rolling 1500, rolling sigma 4500, sd_coef 3.5, backtest took 21.123s, score is -7545.345
Preparing algo ...
Test start ...
Test Done ...
rolling 1500, rolling sigma 4500, sd_coef 4.0, backtest took 21.142s, score is -7309.003
Preparing algo ...
Test start ...
Test Done ...
rolling 1500, rolling sigma 4500, sd_coef 4.5, backtest took 21.170s, score is -6872.383
Preparing algo ...
Test start ...
Test Done ...
rolling 2000, rolling sigma 500, sd_coef 1.0, backtest took 21.222s, score is -79220.530
Preparing algo ...
Test start ...
Test Done ...
rolling 2000, rolling sigma 500, sd_coef 1.5, backtest took 21.790s, score is -55602.991
Preparing algo ...
Test start ...
Test Done ...
rolling 2000, rolling sigma 500, sd_coef 2.0, backtest took 21.526s, score is -48106.840
Preparing algo ...
Test start ...
Test Done ...
rolling 2000, rolling sigma 500, sd_coef 2.5, backtest took 21.331s, score is -38434.053
Preparing algo ...
Test start ...
Test Done ...
rolling 2000, rolling sigma 500, sd_coef 3.0, backtest took 21.551s, score is -30544.459
Preparing algo ...
Test start ...
Test Done ...
rolling 2000, rolling sigma 500, sd_coef 3.5, backtest took 21.487s, score is -26625.210
Preparing algo ...
Test start ...
Test Done ...
rolling 2000, rolling sigma 500, sd_coef 4.0, backtest took 21.319s, score is -23972.901
Preparing algo ...
Test start ...
Test Done ...
rolling 2000, rolling sigma 500, sd_coef 4.5, backtest took 21.511s, score is -18436.008
Preparing algo ...
Test start ...
Test Done ...
rolling 2000, rolling sigma 1000, sd_coef 1.0, backtest took 21.528s, score is -70355.814
Preparing algo ...
Test start ...
Test Done ...
rolling 2000, rolling sigma 1000, sd_coef 1.5, backtest took 21.481s, score is -42834.997
Preparing algo ...
Test start ...
Test Done ...
rolling 2000, rolling sigma 1000, sd_coef 2.0, backtest took 21.443s, score is -37874.376
Preparing algo ...
Test start ...
Test Done ...
rolling 2000, rolling sigma 1000, sd_coef 2.5, backtest took 21.493s, score is -37941.097
Preparing algo ...
Test start ...
Test Done ...
rolling 2000, rolling sigma 1000, sd_coef 3.0, backtest took 21.369s, score is -31097.167
Preparing algo ...
Test start ...
Test Done ...
rolling 2000, rolling sigma 1000, sd_coef 3.5, backtest took 21.409s, score is -24905.577
Preparing algo ...
Test start ...
Test Done ...
rolling 2000, rolling sigma 1000, sd_coef 4.0, backtest took 21.472s, score is -22563.178
Preparing algo ...
Test start ...
Test Done ...
rolling 2000, rolling sigma 1000, sd_coef 4.5, backtest took 21.458s, score is -18438.092
Preparing algo ...
Test start ...
Test Done ...
rolling 2000, rolling sigma 1500, sd_coef 1.0, backtest took 21.376s, score is -94381.230
Preparing algo ...
Test start ...
Test Done ...
rolling 2000, rolling sigma 1500, sd_coef 1.5, backtest took 21.199s, score is -53543.988
Preparing algo ...
Test start ...
Test Done ...
rolling 2000, rolling sigma 1500, sd_coef 2.0, backtest took 21.380s, score is -50392.621
Preparing algo ...
Test start ...
Test Done ...
rolling 2000, rolling sigma 1500, sd_coef 2.5, backtest took 21.379s, score is -40620.885
Preparing algo ...
Test start ...
Test Done ...
rolling 2000, rolling sigma 1500, sd_coef 3.0, backtest took 21.342s, score is -32726.874
Preparing algo ...
Test start ...
Test Done ...
rolling 2000, rolling sigma 1500, sd_coef 3.5, backtest took 21.342s, score is -29325.924
Preparing algo ...
Test start ...
Test Done ...
rolling 2000, rolling sigma 1500, sd_coef 4.0, backtest took 21.327s, score is -29119.064
Preparing algo ...
Test start ...
Test Done ...
rolling 2000, rolling sigma 1500, sd_coef 4.5, backtest took 21.330s, score is -25138.632
Preparing algo ...
Test start ...
Test Done ...
rolling 2000, rolling sigma 2000, sd_coef 1.0, backtest took 21.357s, score is -537918.757
Preparing algo ...
Test start ...
Test Done ...
rolling 2000, rolling sigma 2000, sd_coef 1.5, backtest took 21.412s, score is -51550.974
Preparing algo ...
Test start ...
Test Done ...
rolling 2000, rolling sigma 2000, sd_coef 2.0, backtest took 21.133s, score is 36123.163
Preparing algo ...
Test start ...
Test Done ...
rolling 2000, rolling sigma 2000, sd_coef 2.5, backtest took 21.227s, score is 37206.650
Preparing algo ...
Test start ...
Test Done ...
rolling 2000, rolling sigma 2000, sd_coef 3.0, backtest took 21.183s, score is 19994.897
Preparing algo ...
Test start ...
Test Done ...
rolling 2000, rolling sigma 2000, sd_coef 3.5, backtest took 20.986s, score is 13159.494
Preparing algo ...
Test start ...
Test Done ...
rolling 2000, rolling sigma 2000, sd_coef 4.0, backtest took 21.165s, score is 9240.470
Preparing algo ...
Test start ...
Test Done ...
rolling 2000, rolling sigma 2000, sd_coef 4.5, backtest took 21.131s, score is 8106.204
Preparing algo ...
Test start ...
Test Done ...
rolling 2000, rolling sigma 2500, sd_coef 1.0, backtest took 21.227s, score is -115352.509
Preparing algo ...
Test start ...
Test Done ...
rolling 2000, rolling sigma 2500, sd_coef 1.5, backtest took 21.313s, score is -58958.675
Preparing algo ...
Test start ...
Test Done ...
rolling 2000, rolling sigma 2500, sd_coef 2.0, backtest took 21.283s, score is -47964.405
Preparing algo ...
Test start ...
Test Done ...
rolling 2000, rolling sigma 2500, sd_coef 2.5, backtest took 21.264s, score is -38217.653
Preparing algo ...
Test start ...
Test Done ...
rolling 2000, rolling sigma 2500, sd_coef 3.0, backtest took 21.271s, score is -32576.333
Preparing algo ...
Test start ...
Test Done ...
rolling 2000, rolling sigma 2500, sd_coef 3.5, backtest took 21.319s, score is -31090.452
Preparing algo ...
Test start ...
Test Done ...
rolling 2000, rolling sigma 2500, sd_coef 4.0, backtest took 21.345s, score is -29223.244
Preparing algo ...
Test start ...
Test Done ...
rolling 2000, rolling sigma 2500, sd_coef 4.5, backtest took 21.314s, score is -27209.099
Preparing algo ...
Test start ...
Test Done ...
rolling 2000, rolling sigma 3000, sd_coef 1.0, backtest took 21.321s, score is -64787.926
Preparing algo ...
Test start ...
Test Done ...
rolling 2000, rolling sigma 3000, sd_coef 1.5, backtest took 21.286s, score is -34184.223
Preparing algo ...
Test start ...
Test Done ...
rolling 2000, rolling sigma 3000, sd_coef 2.0, backtest took 21.273s, score is -25234.962
Preparing algo ...
Test start ...
Test Done ...
rolling 2000, rolling sigma 3000, sd_coef 2.5, backtest took 21.315s, score is -24910.171
Preparing algo ...
Test start ...
Test Done ...
rolling 2000, rolling sigma 3000, sd_coef 3.0, backtest took 21.375s, score is -18914.075
Preparing algo ...
Test start ...
Test Done ...
rolling 2000, rolling sigma 3000, sd_coef 3.5, backtest took 21.087s, score is -17491.396
Preparing algo ...
Test start ...
Test Done ...
rolling 2000, rolling sigma 3000, sd_coef 4.0, backtest took 21.246s, score is -16184.542
Preparing algo ...
Test start ...
Test Done ...
rolling 2000, rolling sigma 3000, sd_coef 4.5, backtest took 20.677s, score is -16111.524
Preparing algo ...
Test start ...
Test Done ...
rolling 2000, rolling sigma 3500, sd_coef 1.0, backtest took 21.152s, score is -52791.349
Preparing algo ...
Test start ...
Test Done ...
rolling 2000, rolling sigma 3500, sd_coef 1.5, backtest took 21.195s, score is -18835.097
Preparing algo ...
Test start ...
Test Done ...
rolling 2000, rolling sigma 3500, sd_coef 2.0, backtest took 21.196s, score is -19018.334
Preparing algo ...
Test start ...
Test Done ...
rolling 2000, rolling sigma 3500, sd_coef 2.5, backtest took 21.174s, score is -16911.056
Preparing algo ...
Test start ...
Test Done ...
rolling 2000, rolling sigma 3500, sd_coef 3.0, backtest took 21.174s, score is -11644.559
Preparing algo ...
Test start ...
Test Done ...
rolling 2000, rolling sigma 3500, sd_coef 3.5, backtest took 21.172s, score is -9585.460
Preparing algo ...
Test start ...
Test Done ...
rolling 2000, rolling sigma 3500, sd_coef 4.0, backtest took 21.197s, score is -8650.672
Preparing algo ...
Test start ...
Test Done ...
rolling 2000, rolling sigma 3500, sd_coef 4.5, backtest took 20.961s, score is -7755.114
Preparing algo ...
Test start ...
Test Done ...
rolling 2000, rolling sigma 4000, sd_coef 1.0, backtest took 21.061s, score is -45346.622
Preparing algo ...
Test start ...
Test Done ...
rolling 2000, rolling sigma 4000, sd_coef 1.5, backtest took 21.050s, score is -11215.702
Preparing algo ...
Test start ...
Test Done ...
rolling 2000, rolling sigma 4000, sd_coef 2.0, backtest took 21.024s, score is -9582.335
Preparing algo ...
Test start ...
Test Done ...
rolling 2000, rolling sigma 4000, sd_coef 2.5, backtest took 21.092s, score is -12022.813
Preparing algo ...
Test start ...
Test Done ...
rolling 2000, rolling sigma 4000, sd_coef 3.0, backtest took 21.097s, score is -7362.688
Preparing algo ...
Test start ...
Test Done ...
rolling 2000, rolling sigma 4000, sd_coef 3.5, backtest took 20.828s, score is -10797.033
Preparing algo ...
Test start ...
Test Done ...
rolling 2000, rolling sigma 4000, sd_coef 4.0, backtest took 21.353s, score is -10285.379
Preparing algo ...
Test start ...
Test Done ...
rolling 2000, rolling sigma 4000, sd_coef 4.5, backtest took 21.053s, score is -10911.118
Preparing algo ...
Test start ...
Test Done ...
rolling 2000, rolling sigma 4500, sd_coef 1.0, backtest took 20.908s, score is -37742.704
Preparing algo ...
Test start ...
Test Done ...
rolling 2000, rolling sigma 4500, sd_coef 1.5, backtest took 21.073s, score is -15597.933
Preparing algo ...
Test start ...
Test Done ...
rolling 2000, rolling sigma 4500, sd_coef 2.0, backtest took 21.023s, score is -12957.926
Preparing algo ...
Test start ...
Test Done ...
rolling 2000, rolling sigma 4500, sd_coef 2.5, backtest took 21.074s, score is -15038.944
Preparing algo ...
Test start ...
Test Done ...
rolling 2000, rolling sigma 4500, sd_coef 3.0, backtest took 20.909s, score is -13906.326
Preparing algo ...
Test start ...
Test Done ...
rolling 2000, rolling sigma 4500, sd_coef 3.5, backtest took 21.012s, score is -13490.967
Preparing algo ...
Test start ...
Test Done ...
rolling 2000, rolling sigma 4500, sd_coef 4.0, backtest took 20.985s, score is -9394.059
Preparing algo ...
Test start ...
Test Done ...
rolling 2000, rolling sigma 4500, sd_coef 4.5, backtest took 20.736s, score is -9636.892
Preparing algo ...
Test start ...
Test Done ...
rolling 2500, rolling sigma 500, sd_coef 1.0, backtest took 21.627s, score is -67044.483
Preparing algo ...
Test start ...
Test Done ...
rolling 2500, rolling sigma 500, sd_coef 1.5, backtest took 21.179s, score is -54340.861
Preparing algo ...
Test start ...
Test Done ...
rolling 2500, rolling sigma 500, sd_coef 2.0, backtest took 21.479s, score is -43849.186
Preparing algo ...
Test start ...
Test Done ...
rolling 2500, rolling sigma 500, sd_coef 2.5, backtest took 21.346s, score is -36108.767
Preparing algo ...
Test start ...
Test Done ...
rolling 2500, rolling sigma 500, sd_coef 3.0, backtest took 21.245s, score is -26133.085
Preparing algo ...
Test start ...
Test Done ...
rolling 2500, rolling sigma 500, sd_coef 3.5, backtest took 21.338s, score is -18227.055
Preparing algo ...
Test start ...
Test Done ...
rolling 2500, rolling sigma 500, sd_coef 4.0, backtest took 21.047s, score is -15190.810
Preparing algo ...
Test start ...
Test Done ...
rolling 2500, rolling sigma 500, sd_coef 4.5, backtest took 21.571s, score is -11712.412
Preparing algo ...
Test start ...
Test Done ...
rolling 2500, rolling sigma 1000, sd_coef 1.0, backtest took 21.167s, score is -59429.355
Preparing algo ...
Test start ...
Test Done ...
rolling 2500, rolling sigma 1000, sd_coef 1.5, backtest took 21.257s, score is -28690.646
Preparing algo ...
Test start ...
Test Done ...
rolling 2500, rolling sigma 1000, sd_coef 2.0, backtest took 21.256s, score is -25116.258
Preparing algo ...
Test start ...
Test Done ...
rolling 2500, rolling sigma 1000, sd_coef 2.5, backtest took 21.157s, score is -23274.805
Preparing algo ...
Test start ...
Test Done ...
rolling 2500, rolling sigma 1000, sd_coef 3.0, backtest took 21.073s, score is -15554.256
Preparing algo ...
Test start ...
Test Done ...
rolling 2500, rolling sigma 1000, sd_coef 3.5, backtest took 21.025s, score is -18047.089
Preparing algo ...
Test start ...
Test Done ...
rolling 2500, rolling sigma 1000, sd_coef 4.0, backtest took 20.963s, score is -13023.871
Preparing algo ...
Test start ...
Test Done ...
rolling 2500, rolling sigma 1000, sd_coef 4.5, backtest took 20.740s, score is -9468.551
Preparing algo ...
Test start ...
Test Done ...
rolling 2500, rolling sigma 1500, sd_coef 1.0, backtest took 21.228s, score is -78089.298
Preparing algo ...
Test start ...
Test Done ...
rolling 2500, rolling sigma 1500, sd_coef 1.5, backtest took 20.928s, score is -39157.906
Preparing algo ...
Test start ...
Test Done ...
rolling 2500, rolling sigma 1500, sd_coef 2.0, backtest took 20.759s, score is -41825.039
Preparing algo ...
Test start ...
Test Done ...
rolling 2500, rolling sigma 1500, sd_coef 2.5, backtest took 20.922s, score is -34008.248
Preparing algo ...
Test start ...
Test Done ...
rolling 2500, rolling sigma 1500, sd_coef 3.0, backtest took 20.843s, score is -26845.383
Preparing algo ...
Test start ...
Test Done ...
rolling 2500, rolling sigma 1500, sd_coef 3.5, backtest took 20.761s, score is -22400.545
Preparing algo ...
Test start ...
Test Done ...
rolling 2500, rolling sigma 1500, sd_coef 4.0, backtest took 20.842s, score is -15266.485
Preparing algo ...
Test start ...
Test Done ...
rolling 2500, rolling sigma 1500, sd_coef 4.5, backtest took 20.828s, score is -14308.932
Preparing algo ...
Test start ...
Test Done ...
rolling 2500, rolling sigma 2000, sd_coef 1.0, backtest took 20.512s, score is -106748.971
Preparing algo ...
Test start ...
Test Done ...
rolling 2500, rolling sigma 2000, sd_coef 1.5, backtest took 20.885s, score is -55730.262
Preparing algo ...
Test start ...
Test Done ...
rolling 2500, rolling sigma 2000, sd_coef 2.0, backtest took 20.756s, score is -45843.013
Preparing algo ...
Test start ...
Test Done ...
rolling 2500, rolling sigma 2000, sd_coef 2.5, backtest took 20.829s, score is -41880.239
Preparing algo ...
Test start ...
Test Done ...
rolling 2500, rolling sigma 2000, sd_coef 3.0, backtest took 20.795s, score is -40001.986
Preparing algo ...
Test start ...
Test Done ...
rolling 2500, rolling sigma 2000, sd_coef 3.5, backtest took 20.600s, score is -32775.838
Preparing algo ...
Test start ...
Test Done ...
rolling 2500, rolling sigma 2000, sd_coef 4.0, backtest took 20.803s, score is -27141.497
Preparing algo ...
Test start ...
Test Done ...
rolling 2500, rolling sigma 2000, sd_coef 4.5, backtest took 20.701s, score is -25131.223
Preparing algo ...
Test start ...
Test Done ...
rolling 2500, rolling sigma 2500, sd_coef 1.0, backtest took 20.879s, score is -469774.402
Preparing algo ...
Test start ...
Test Done ...
rolling 2500, rolling sigma 2500, sd_coef 1.5, backtest took 20.615s, score is -33208.422
Preparing algo ...
Test start ...
Test Done ...
rolling 2500, rolling sigma 2500, sd_coef 2.0, backtest took 20.734s, score is 41823.094
Preparing algo ...
Test start ...
Test Done ...
rolling 2500, rolling sigma 2500, sd_coef 2.5, backtest took 20.460s, score is 35085.515
Preparing algo ...
Test start ...
Test Done ...
rolling 2500, rolling sigma 2500, sd_coef 3.0, backtest took 20.609s, score is 21470.792
Preparing algo ...
Test start ...
Test Done ...
rolling 2500, rolling sigma 2500, sd_coef 3.5, backtest took 20.616s, score is 14131.230
Preparing algo ...
Test start ...
Test Done ...
rolling 2500, rolling sigma 2500, sd_coef 4.0, backtest took 20.598s, score is 11005.276
Preparing algo ...
Test start ...
Test Done ...
rolling 2500, rolling sigma 2500, sd_coef 4.5, backtest took 20.572s, score is 7814.946
Preparing algo ...
Test start ...
Test Done ...
rolling 2500, rolling sigma 3000, sd_coef 1.0, backtest took 20.780s, score is -108135.162
Preparing algo ...
Test start ...
Test Done ...
rolling 2500, rolling sigma 3000, sd_coef 1.5, backtest took 20.765s, score is -52123.139
Preparing algo ...
Test start ...
Test Done ...
rolling 2500, rolling sigma 3000, sd_coef 2.0, backtest took 20.759s, score is -36741.958
Preparing algo ...
Test start ...
Test Done ...
rolling 2500, rolling sigma 3000, sd_coef 2.5, backtest took 20.718s, score is -35267.840
Preparing algo ...
Test start ...
Test Done ...
rolling 2500, rolling sigma 3000, sd_coef 3.0, backtest took 20.725s, score is -31188.032
Preparing algo ...
Test start ...
Test Done ...
rolling 2500, rolling sigma 3000, sd_coef 3.5, backtest took 20.526s, score is -28571.227
Preparing algo ...
Test start ...
Test Done ...
rolling 2500, rolling sigma 3000, sd_coef 4.0, backtest took 20.662s, score is -23768.153
Preparing algo ...
Test start ...
Test Done ...
rolling 2500, rolling sigma 3000, sd_coef 4.5, backtest took 20.657s, score is -22003.644
Preparing algo ...
Test start ...
Test Done ...
rolling 2500, rolling sigma 3500, sd_coef 1.0, backtest took 20.665s, score is -79670.119
Preparing algo ...
Test start ...
Test Done ...
rolling 2500, rolling sigma 3500, sd_coef 1.5, backtest took 20.656s, score is -34908.761
Preparing algo ...
Test start ...
Test Done ...
rolling 2500, rolling sigma 3500, sd_coef 2.0, backtest took 20.713s, score is -28982.388
Preparing algo ...
Test start ...
Test Done ...
rolling 2500, rolling sigma 3500, sd_coef 2.5, backtest took 20.739s, score is -24222.730
Preparing algo ...
Test start ...
Test Done ...
rolling 2500, rolling sigma 3500, sd_coef 3.0, backtest took 20.506s, score is -22646.560
Preparing algo ...
Test start ...
Test Done ...
rolling 2500, rolling sigma 3500, sd_coef 3.5, backtest took 20.645s, score is -20424.649
Preparing algo ...
Test start ...
Test Done ...
rolling 2500, rolling sigma 3500, sd_coef 4.0, backtest took 20.671s, score is -19714.398
Preparing algo ...
Test start ...
Test Done ...
rolling 2500, rolling sigma 3500, sd_coef 4.5, backtest took 20.673s, score is -19554.283
Preparing algo ...
Test start ...
Test Done ...
rolling 2500, rolling sigma 4000, sd_coef 1.0, backtest took 20.755s, score is -61561.234
Preparing algo ...
Test start ...
Test Done ...
rolling 2500, rolling sigma 4000, sd_coef 1.5, backtest took 20.650s, score is -25095.637
Preparing algo ...
Test start ...
Test Done ...
rolling 2500, rolling sigma 4000, sd_coef 2.0, backtest took 20.742s, score is -23386.834
Preparing algo ...
Test start ...
Test Done ...
rolling 2500, rolling sigma 4000, sd_coef 2.5, backtest took 20.538s, score is -17628.426
Preparing algo ...
Test start ...
Test Done ...
rolling 2500, rolling sigma 4000, sd_coef 3.0, backtest took 20.623s, score is -12612.980
Preparing algo ...
Test start ...
Test Done ...
rolling 2500, rolling sigma 4000, sd_coef 3.5, backtest took 20.616s, score is -13508.587
Preparing algo ...
Test start ...
Test Done ...
rolling 2500, rolling sigma 4000, sd_coef 4.0, backtest took 20.648s, score is -13828.601
Preparing algo ...
Test start ...
Test Done ...
rolling 2500, rolling sigma 4000, sd_coef 4.5, backtest took 20.409s, score is -12953.234
Preparing algo ...
Test start ...
Test Done ...
rolling 2500, rolling sigma 4500, sd_coef 1.0, backtest took 21.007s, score is -49899.922
Preparing algo ...
Test start ...
Test Done ...
rolling 2500, rolling sigma 4500, sd_coef 1.5, backtest took 20.768s, score is -18495.432
Preparing algo ...
Test start ...
Test Done ...
rolling 2500, rolling sigma 4500, sd_coef 2.0, backtest took 20.508s, score is -17189.895
Preparing algo ...
Test start ...
Test Done ...
rolling 2500, rolling sigma 4500, sd_coef 2.5, backtest took 20.716s, score is -18213.942
Preparing algo ...
Test start ...
Test Done ...
rolling 2500, rolling sigma 4500, sd_coef 3.0, backtest took 20.693s, score is -16427.689
Preparing algo ...
Test start ...
Test Done ...
rolling 2500, rolling sigma 4500, sd_coef 3.5, backtest took 20.515s, score is -15893.151
Preparing algo ...
Test start ...
Test Done ...
rolling 2500, rolling sigma 4500, sd_coef 4.0, backtest took 20.625s, score is -16016.771
Preparing algo ...
Test start ...
Test Done ...
rolling 2500, rolling sigma 4500, sd_coef 4.5, backtest took 20.704s, score is -13158.940
Preparing algo ...
Test start ...
Test Done ...
rolling 3000, rolling sigma 500, sd_coef 1.0, backtest took 21.028s, score is -70571.435
Preparing algo ...
Test start ...
Test Done ...
rolling 3000, rolling sigma 500, sd_coef 1.5, backtest took 21.104s, score is -48666.395
Preparing algo ...
Test start ...
Test Done ...
rolling 3000, rolling sigma 500, sd_coef 2.0, backtest took 20.929s, score is -40500.031
Preparing algo ...
Test start ...
Test Done ...
rolling 3000, rolling sigma 500, sd_coef 2.5, backtest took 21.105s, score is -30265.246
Preparing algo ...
Test start ...
Test Done ...
rolling 3000, rolling sigma 500, sd_coef 3.0, backtest took 21.014s, score is -21447.456
Preparing algo ...
Test start ...
Test Done ...
rolling 3000, rolling sigma 500, sd_coef 3.5, backtest took 21.037s, score is -19632.605
Preparing algo ...
Test start ...
Test Done ...
rolling 3000, rolling sigma 500, sd_coef 4.0, backtest took 21.078s, score is -14948.626
Preparing algo ...
Test start ...
Test Done ...
rolling 3000, rolling sigma 500, sd_coef 4.5, backtest took 20.776s, score is -14912.968
Preparing algo ...
Test start ...
Test Done ...
rolling 3000, rolling sigma 1000, sd_coef 1.0, backtest took 21.308s, score is -43946.142
Preparing algo ...
Test start ...
Test Done ...
rolling 3000, rolling sigma 1000, sd_coef 1.5, backtest took 21.050s, score is -28633.533
Preparing algo ...
Test start ...
Test Done ...
rolling 3000, rolling sigma 1000, sd_coef 2.0, backtest took 20.901s, score is -28076.156
Preparing algo ...
Test start ...
Test Done ...
rolling 3000, rolling sigma 1000, sd_coef 2.5, backtest took 21.072s, score is -28762.344
Preparing algo ...
Test start ...
Test Done ...
rolling 3000, rolling sigma 1000, sd_coef 3.0, backtest took 21.002s, score is -25126.242
Preparing algo ...
Test start ...
Test Done ...
rolling 3000, rolling sigma 1000, sd_coef 3.5, backtest took 20.831s, score is -19166.293
Preparing algo ...
Test start ...
Test Done ...
rolling 3000, rolling sigma 1000, sd_coef 4.0, backtest took 20.978s, score is -15161.767
Preparing algo ...
Test start ...
Test Done ...
rolling 3000, rolling sigma 1000, sd_coef 4.5, backtest took 21.073s, score is -14330.794
Preparing algo ...
Test start ...
Test Done ...
rolling 3000, rolling sigma 1500, sd_coef 1.0, backtest took 20.705s, score is -59047.017
Preparing algo ...
Test start ...
Test Done ...
rolling 3000, rolling sigma 1500, sd_coef 1.5, backtest took 21.043s, score is -37478.972
Preparing algo ...
Test start ...
Test Done ...
rolling 3000, rolling sigma 1500, sd_coef 2.0, backtest took 21.047s, score is -28129.414
Preparing algo ...
Test start ...
Test Done ...
rolling 3000, rolling sigma 1500, sd_coef 2.5, backtest took 20.993s, score is -26052.873
Preparing algo ...
Test start ...
Test Done ...
rolling 3000, rolling sigma 1500, sd_coef 3.0, backtest took 20.812s, score is -18985.251
Preparing algo ...
Test start ...
Test Done ...
rolling 3000, rolling sigma 1500, sd_coef 3.5, backtest took 20.989s, score is -16924.964
Preparing algo ...
Test start ...
Test Done ...
rolling 3000, rolling sigma 1500, sd_coef 4.0, backtest took 20.996s, score is -14150.962
Preparing algo ...
Test start ...
Test Done ...
rolling 3000, rolling sigma 1500, sd_coef 4.5, backtest took 20.796s, score is -13075.123
Preparing algo ...
Test start ...
Test Done ...
rolling 3000, rolling sigma 2000, sd_coef 1.0, backtest took 20.916s, score is -76321.764
Preparing algo ...
Test start ...
Test Done ...
rolling 3000, rolling sigma 2000, sd_coef 1.5, backtest took 20.906s, score is -30108.078
Preparing algo ...
Test start ...
Test Done ...
rolling 3000, rolling sigma 2000, sd_coef 2.0, backtest took 20.963s, score is -29626.018
Preparing algo ...
Test start ...
Test Done ...
rolling 3000, rolling sigma 2000, sd_coef 2.5, backtest took 20.774s, score is -22850.246
Preparing algo ...
Test start ...
Test Done ...
rolling 3000, rolling sigma 2000, sd_coef 3.0, backtest took 20.891s, score is -14855.098
Preparing algo ...
Test start ...
Test Done ...
rolling 3000, rolling sigma 2000, sd_coef 3.5, backtest took 20.876s, score is -17729.831
Preparing algo ...
Test start ...
Test Done ...
rolling 3000, rolling sigma 2000, sd_coef 4.0, backtest took 20.648s, score is -20653.744
Preparing algo ...
Test start ...
Test Done ...
rolling 3000, rolling sigma 2000, sd_coef 4.5, backtest took 21.196s, score is -18159.312
Preparing algo ...
Test start ...
Test Done ...
rolling 3000, rolling sigma 2500, sd_coef 1.0, backtest took 20.926s, score is -98709.682
Preparing algo ...
Test start ...
Test Done ...
rolling 3000, rolling sigma 2500, sd_coef 1.5, backtest took 20.727s, score is -34831.843
Preparing algo ...
Test start ...
Test Done ...
rolling 3000, rolling sigma 2500, sd_coef 2.0, backtest took 20.854s, score is -27428.184
Preparing algo ...
Test start ...
Test Done ...
rolling 3000, rolling sigma 2500, sd_coef 2.5, backtest took 20.875s, score is -21746.345
Preparing algo ...
Test start ...
Test Done ...
rolling 3000, rolling sigma 2500, sd_coef 3.0, backtest took 20.676s, score is -16555.751
Preparing algo ...
Test start ...
Test Done ...
rolling 3000, rolling sigma 2500, sd_coef 3.5, backtest took 20.764s, score is -19988.643
Preparing algo ...
Test start ...
Test Done ...
rolling 3000, rolling sigma 2500, sd_coef 4.0, backtest took 20.807s, score is -17784.002
Preparing algo ...
Test start ...
Test Done ...
rolling 3000, rolling sigma 2500, sd_coef 4.5, backtest took 20.767s, score is -15747.166
Preparing algo ...
Test start ...
Test Done ...
rolling 3000, rolling sigma 3000, sd_coef 1.0, backtest took 20.900s, score is -425090.659
Preparing algo ...
Test start ...
Test Done ...
rolling 3000, rolling sigma 3000, sd_coef 1.5, backtest took 20.502s, score is -20497.128
Preparing algo ...
Test start ...
Test Done ...
rolling 3000, rolling sigma 3000, sd_coef 2.0, backtest took 20.865s, score is 41214.000
Preparing algo ...
Test start ...
Test Done ...
rolling 3000, rolling sigma 3000, sd_coef 2.5, backtest took 20.803s, score is 33348.267
Preparing algo ...
Test start ...
Test Done ...
rolling 3000, rolling sigma 3000, sd_coef 3.0, backtest took 20.577s, score is 17676.389
Preparing algo ...
Test start ...
Test Done ...
rolling 3000, rolling sigma 3000, sd_coef 3.5, backtest took 20.653s, score is 14212.374
Preparing algo ...
Test start ...
Test Done ...
rolling 3000, rolling sigma 3000, sd_coef 4.0, backtest took 20.357s, score is 11190.591
Preparing algo ...
Test start ...
Test Done ...
rolling 3000, rolling sigma 3000, sd_coef 4.5, backtest took 20.848s, score is 6992.215
Preparing algo ...
Test start ...
Test Done ...
rolling 3000, rolling sigma 3500, sd_coef 1.0, backtest took 20.829s, score is -108859.390
Preparing algo ...
Test start ...
Test Done ...
rolling 3000, rolling sigma 3500, sd_coef 1.5, backtest took 20.582s, score is -35262.574
Preparing algo ...
Test start ...
Test Done ...
rolling 3000, rolling sigma 3500, sd_coef 2.0, backtest took 20.747s, score is -28094.340
Preparing algo ...
Test start ...
Test Done ...
rolling 3000, rolling sigma 3500, sd_coef 2.5, backtest took 20.776s, score is -27994.634
Preparing algo ...
Test start ...
Test Done ...
rolling 3000, rolling sigma 3500, sd_coef 3.0, backtest took 20.700s, score is -23289.065
Preparing algo ...
Test start ...
Test Done ...
rolling 3000, rolling sigma 3500, sd_coef 3.5, backtest took 20.750s, score is -27193.826
Preparing algo ...
Test start ...
Test Done ...
rolling 3000, rolling sigma 3500, sd_coef 4.0, backtest took 20.597s, score is -26900.102
Preparing algo ...
Test start ...
Test Done ...
rolling 3000, rolling sigma 3500, sd_coef 4.5, backtest took 20.714s, score is -25841.858
Preparing algo ...
Test start ...
Test Done ...
rolling 3000, rolling sigma 4000, sd_coef 1.0, backtest took 20.734s, score is -82453.406
Preparing algo ...
Test start ...
Test Done ...
rolling 3000, rolling sigma 4000, sd_coef 1.5, backtest took 20.741s, score is -25694.794
Preparing algo ...
Test start ...
Test Done ...
rolling 3000, rolling sigma 4000, sd_coef 2.0, backtest took 20.702s, score is -26780.471
Preparing algo ...
Test start ...
Test Done ...
rolling 3000, rolling sigma 4000, sd_coef 2.5, backtest took 20.729s, score is -26915.219
Preparing algo ...
Test start ...
Test Done ...
rolling 3000, rolling sigma 4000, sd_coef 3.0, backtest took 20.700s, score is -23328.781
Preparing algo ...
Test start ...
Test Done ...
rolling 3000, rolling sigma 4000, sd_coef 3.5, backtest took 20.671s, score is -20944.078
Preparing algo ...
Test start ...
Test Done ...
rolling 3000, rolling sigma 4000, sd_coef 4.0, backtest took 20.650s, score is -20092.890
Preparing algo ...
Test start ...
Test Done ...
rolling 3000, rolling sigma 4000, sd_coef 4.5, backtest took 20.546s, score is -17001.668
Preparing algo ...
Test start ...
Test Done ...
rolling 3000, rolling sigma 4500, sd_coef 1.0, backtest took 20.593s, score is -62724.516
Preparing algo ...
Test start ...
Test Done ...
rolling 3000, rolling sigma 4500, sd_coef 1.5, backtest took 20.631s, score is -17092.759
Preparing algo ...
Test start ...
Test Done ...
rolling 3000, rolling sigma 4500, sd_coef 2.0, backtest took 20.611s, score is -20005.542
Preparing algo ...
Test start ...
Test Done ...
rolling 3000, rolling sigma 4500, sd_coef 2.5, backtest took 20.650s, score is -17647.367
Preparing algo ...
Test start ...
Test Done ...
rolling 3000, rolling sigma 4500, sd_coef 3.0, backtest took 20.701s, score is -15164.815
Preparing algo ...
Test start ...
Test Done ...
rolling 3000, rolling sigma 4500, sd_coef 3.5, backtest took 20.663s, score is -16565.449
Preparing algo ...
Test start ...
Test Done ...
rolling 3000, rolling sigma 4500, sd_coef 4.0, backtest took 20.342s, score is -16125.308
Preparing algo ...
Test start ...
Test Done ...
rolling 3000, rolling sigma 4500, sd_coef 4.5, backtest took 20.937s, score is -15488.232
Preparing algo ...
Test start ...
Test Done ...
rolling 3500, rolling sigma 500, sd_coef 1.0, backtest took 21.056s, score is -57591.371
Preparing algo ...
Test start ...
Test Done ...
rolling 3500, rolling sigma 500, sd_coef 1.5, backtest took 20.867s, score is -42958.680
Preparing algo ...
Test start ...
Test Done ...
rolling 3500, rolling sigma 500, sd_coef 2.0, backtest took 20.945s, score is -37967.838
Preparing algo ...
Test start ...
Test Done ...
rolling 3500, rolling sigma 500, sd_coef 2.5, backtest took 20.955s, score is -30777.851
Preparing algo ...
Test start ...
Test Done ...
rolling 3500, rolling sigma 500, sd_coef 3.0, backtest took 20.968s, score is -23417.413
Preparing algo ...
Test start ...
Test Done ...
rolling 3500, rolling sigma 500, sd_coef 3.5, backtest took 20.790s, score is -18106.603
Preparing algo ...
Test start ...
Test Done ...
rolling 3500, rolling sigma 500, sd_coef 4.0, backtest took 20.912s, score is -17259.817
Preparing algo ...
Test start ...
Test Done ...
rolling 3500, rolling sigma 500, sd_coef 4.5, backtest took 20.930s, score is -16540.112
Preparing algo ...
Test start ...
Test Done ...
rolling 3500, rolling sigma 1000, sd_coef 1.0, backtest took 20.897s, score is -39686.206
Preparing algo ...
Test start ...
Test Done ...
rolling 3500, rolling sigma 1000, sd_coef 1.5, backtest took 20.883s, score is -22802.979
Preparing algo ...
Test start ...
Test Done ...
rolling 3500, rolling sigma 1000, sd_coef 2.0, backtest took 20.846s, score is -19932.932
Preparing algo ...
Test start ...
Test Done ...
rolling 3500, rolling sigma 1000, sd_coef 2.5, backtest took 20.925s, score is -23969.753
Preparing algo ...
Test start ...
Test Done ...
rolling 3500, rolling sigma 1000, sd_coef 3.0, backtest took 20.939s, score is -16387.767
Preparing algo ...
Test start ...
Test Done ...
rolling 3500, rolling sigma 1000, sd_coef 3.5, backtest took 20.915s, score is -14718.852
Preparing algo ...
Test start ...
Test Done ...
rolling 3500, rolling sigma 1000, sd_coef 4.0, backtest took 20.709s, score is -14447.880
Preparing algo ...
Test start ...
Test Done ...
rolling 3500, rolling sigma 1000, sd_coef 4.5, backtest took 21.167s, score is -13590.010
Preparing algo ...
Test start ...
Test Done ...
rolling 3500, rolling sigma 1500, sd_coef 1.0, backtest took 20.926s, score is -50056.148
Preparing algo ...
Test start ...
Test Done ...
rolling 3500, rolling sigma 1500, sd_coef 1.5, backtest took 20.770s, score is -15570.692
Preparing algo ...
Test start ...
Test Done ...
rolling 3500, rolling sigma 1500, sd_coef 2.0, backtest took 20.887s, score is -18813.728
Preparing algo ...
Test start ...
Test Done ...
rolling 3500, rolling sigma 1500, sd_coef 2.5, backtest took 20.814s, score is -18838.815
Preparing algo ...
Test start ...
Test Done ...
rolling 3500, rolling sigma 1500, sd_coef 3.0, backtest took 20.872s, score is -16048.162
Preparing algo ...
Test start ...
Test Done ...
rolling 3500, rolling sigma 1500, sd_coef 3.5, backtest took 20.715s, score is -12560.995
Preparing algo ...
Test start ...
Test Done ...
rolling 3500, rolling sigma 1500, sd_coef 4.0, backtest took 20.879s, score is -11550.641
Preparing algo ...
Test start ...
Test Done ...
rolling 3500, rolling sigma 1500, sd_coef 4.5, backtest took 20.877s, score is -13895.237
Preparing algo ...
Test start ...
Test Done ...
rolling 3500, rolling sigma 2000, sd_coef 1.0, backtest took 20.569s, score is -56600.682
Preparing algo ...
Test start ...
Test Done ...
rolling 3500, rolling sigma 2000, sd_coef 1.5, backtest took 21.125s, score is -19284.252
Preparing algo ...
Test start ...
Test Done ...
rolling 3500, rolling sigma 2000, sd_coef 2.0, backtest took 20.824s, score is -13936.684
Preparing algo ...
Test start ...
Test Done ...
rolling 3500, rolling sigma 2000, sd_coef 2.5, backtest took 20.626s, score is -16785.030
Preparing algo ...
Test start ...
Test Done ...
rolling 3500, rolling sigma 2000, sd_coef 3.0, backtest took 20.853s, score is -12803.991
Preparing algo ...
Test start ...
Test Done ...
rolling 3500, rolling sigma 2000, sd_coef 3.5, backtest took 20.873s, score is -16496.609
Preparing algo ...
Test start ...
Test Done ...
rolling 3500, rolling sigma 2000, sd_coef 4.0, backtest took 20.614s, score is -16558.808
Preparing algo ...
Test start ...
Test Done ...
rolling 3500, rolling sigma 2000, sd_coef 4.5, backtest took 20.823s, score is -13676.364
Preparing algo ...
Test start ...
Test Done ...
rolling 3500, rolling sigma 2500, sd_coef 1.0, backtest took 20.768s, score is -84677.418
Preparing algo ...
Test start ...
Test Done ...
rolling 3500, rolling sigma 2500, sd_coef 1.5, backtest took 20.769s, score is -31898.037
Preparing algo ...
Test start ...
Test Done ...
rolling 3500, rolling sigma 2500, sd_coef 2.0, backtest took 20.806s, score is -25681.789
Preparing algo ...
Test start ...
Test Done ...
rolling 3500, rolling sigma 2500, sd_coef 2.5, backtest took 20.604s, score is -21299.121
Preparing algo ...
Test start ...
Test Done ...
rolling 3500, rolling sigma 2500, sd_coef 3.0, backtest took 20.790s, score is -18249.761
Preparing algo ...
Test start ...
Test Done ...
rolling 3500, rolling sigma 2500, sd_coef 3.5, backtest took 20.794s, score is -25337.622
Preparing algo ...
Test start ...
Test Done ...
rolling 3500, rolling sigma 2500, sd_coef 4.0, backtest took 20.650s, score is -24112.147
Preparing algo ...
Test start ...
Test Done ...
rolling 3500, rolling sigma 2500, sd_coef 4.5, backtest took 20.850s, score is -20167.115
Preparing algo ...
Test start ...
Test Done ...
rolling 3500, rolling sigma 3000, sd_coef 1.0, backtest took 20.708s, score is -117930.298
Preparing algo ...
Test start ...
Test Done ...
rolling 3500, rolling sigma 3000, sd_coef 1.5, backtest took 20.710s, score is -54699.117
Preparing algo ...
Test start ...
Test Done ...
rolling 3500, rolling sigma 3000, sd_coef 2.0, backtest took 20.730s, score is -38514.942
Preparing algo ...
Test start ...
Test Done ...
rolling 3500, rolling sigma 3000, sd_coef 2.5, backtest took 20.653s, score is -30241.922
Preparing algo ...
Test start ...
Test Done ...
rolling 3500, rolling sigma 3000, sd_coef 3.0, backtest took 20.705s, score is -25609.986
Preparing algo ...
Test start ...
Test Done ...
rolling 3500, rolling sigma 3000, sd_coef 3.5, backtest took 20.740s, score is -22651.830
Preparing algo ...
Test start ...
Test Done ...
rolling 3500, rolling sigma 3000, sd_coef 4.0, backtest took 20.669s, score is -24623.056
Preparing algo ...
Test start ...
Test Done ...
rolling 3500, rolling sigma 3000, sd_coef 4.5, backtest took 20.738s, score is -22913.026
Preparing algo ...
Test start ...
Test Done ...
rolling 3500, rolling sigma 3500, sd_coef 1.0, backtest took 20.777s, score is -403935.775
Preparing algo ...
Test start ...
Test Done ...
rolling 3500, rolling sigma 3500, sd_coef 1.5, backtest took 20.412s, score is -15777.010
Preparing algo ...
Test start ...
Test Done ...
rolling 3500, rolling sigma 3500, sd_coef 2.0, backtest took 20.728s, score is 40864.526
Preparing algo ...
Test start ...
Test Done ...
rolling 3500, rolling sigma 3500, sd_coef 2.5, backtest took 20.527s, score is 28454.548
Preparing algo ...
Test start ...
Test Done ...
rolling 3500, rolling sigma 3500, sd_coef 3.0, backtest took 20.708s, score is 19873.704
Preparing algo ...
Test start ...
Test Done ...
rolling 3500, rolling sigma 3500, sd_coef 3.5, backtest took 20.520s, score is 15613.676
Preparing algo ...
Test start ...
Test Done ...
rolling 3500, rolling sigma 3500, sd_coef 4.0, backtest took 20.376s, score is 11310.395
Preparing algo ...
Test start ...
Test Done ...
rolling 3500, rolling sigma 3500, sd_coef 4.5, backtest took 20.602s, score is 7814.946
Preparing algo ...
Test start ...
Test Done ...
rolling 3500, rolling sigma 4000, sd_coef 1.0, backtest took 20.727s, score is -118287.280
Preparing algo ...
Test start ...
Test Done ...
rolling 3500, rolling sigma 4000, sd_coef 1.5, backtest took 20.486s, score is -28776.184
Preparing algo ...
Test start ...
Test Done ...
rolling 3500, rolling sigma 4000, sd_coef 2.0, backtest took 20.701s, score is -17584.273
Preparing algo ...
Test start ...
Test Done ...
rolling 3500, rolling sigma 4000, sd_coef 2.5, backtest took 20.684s, score is -18787.808
Preparing algo ...
Test start ...
Test Done ...
rolling 3500, rolling sigma 4000, sd_coef 3.0, backtest took 20.498s, score is -21504.905
Preparing algo ...
Test start ...
Test Done ...
rolling 3500, rolling sigma 4000, sd_coef 3.5, backtest took 20.600s, score is -22490.954
Preparing algo ...
Test start ...
Test Done ...
rolling 3500, rolling sigma 4000, sd_coef 4.0, backtest took 20.651s, score is -22917.085
Preparing algo ...
Test start ...
Test Done ...
rolling 3500, rolling sigma 4000, sd_coef 4.5, backtest took 20.660s, score is -21760.817
Preparing algo ...
Test start ...
Test Done ...
rolling 3500, rolling sigma 4500, sd_coef 1.0, backtest took 20.777s, score is -81090.767
Preparing algo ...
Test start ...
Test Done ...
rolling 3500, rolling sigma 4500, sd_coef 1.5, backtest took 20.688s, score is -16460.908
Preparing algo ...
Test start ...
Test Done ...
rolling 3500, rolling sigma 4500, sd_coef 2.0, backtest took 20.660s, score is -14636.952
Preparing algo ...
Test start ...
Test Done ...
rolling 3500, rolling sigma 4500, sd_coef 2.5, backtest took 20.429s, score is -15806.944
Preparing algo ...
Test start ...
Test Done ...
rolling 3500, rolling sigma 4500, sd_coef 3.0, backtest took 20.614s, score is -19004.479
Preparing algo ...
Test start ...
Test Done ...
rolling 3500, rolling sigma 4500, sd_coef 3.5, backtest took 20.548s, score is -18986.544
Preparing algo ...
Test start ...
Test Done ...
rolling 3500, rolling sigma 4500, sd_coef 4.0, backtest took 20.596s, score is -15794.448
Preparing algo ...
Test start ...
Test Done ...
rolling 3500, rolling sigma 4500, sd_coef 4.5, backtest took 20.339s, score is -14536.172
Preparing algo ...
Test start ...
Test Done ...
rolling 4000, rolling sigma 500, sd_coef 1.0, backtest took 21.293s, score is -58226.192
Preparing algo ...
Test start ...
Test Done ...
rolling 4000, rolling sigma 500, sd_coef 1.5, backtest took 20.990s, score is -38957.100
Preparing algo ...
Test start ...
Test Done ...
rolling 4000, rolling sigma 500, sd_coef 2.0, backtest took 20.832s, score is -34031.279
Preparing algo ...
Test start ...
Test Done ...
rolling 4000, rolling sigma 500, sd_coef 2.5, backtest took 21.041s, score is -24786.517
Preparing algo ...
Test start ...
Test Done ...
rolling 4000, rolling sigma 500, sd_coef 3.0, backtest took 20.952s, score is -17899.523
Preparing algo ...
Test start ...
Test Done ...
rolling 4000, rolling sigma 500, sd_coef 3.5, backtest took 20.795s, score is -13695.855
Preparing algo ...
Test start ...
Test Done ...
rolling 4000, rolling sigma 500, sd_coef 4.0, backtest took 20.916s, score is -11864.417
Preparing algo ...
Test start ...
Test Done ...
rolling 4000, rolling sigma 500, sd_coef 4.5, backtest took 21.001s, score is -8832.374
Preparing algo ...
Test start ...
Test Done ...
rolling 4000, rolling sigma 1000, sd_coef 1.0, backtest took 20.718s, score is -43703.573
Preparing algo ...
Test start ...
Test Done ...
rolling 4000, rolling sigma 1000, sd_coef 1.5, backtest took 21.142s, score is -25393.723
Preparing algo ...
Test start ...
Test Done ...
rolling 4000, rolling sigma 1000, sd_coef 2.0, backtest took 21.087s, score is -20430.622
Preparing algo ...
Test start ...
Test Done ...
rolling 4000, rolling sigma 1000, sd_coef 2.5, backtest took 20.759s, score is -22798.704
Preparing algo ...
Test start ...
Test Done ...
rolling 4000, rolling sigma 1000, sd_coef 3.0, backtest took 21.046s, score is -18591.951
Preparing algo ...
Test start ...
Test Done ...
rolling 4000, rolling sigma 1000, sd_coef 3.5, backtest took 20.945s, score is -18034.655
Preparing algo ...
Test start ...
Test Done ...
rolling 4000, rolling sigma 1000, sd_coef 4.0, backtest took 20.758s, score is -16919.325
Preparing algo ...
Test start ...
Test Done ...
rolling 4000, rolling sigma 1000, sd_coef 4.5, backtest took 20.908s, score is -15940.714
Preparing algo ...
Test start ...
Test Done ...
rolling 4000, rolling sigma 1500, sd_coef 1.0, backtest took 20.894s, score is -42499.406
Preparing algo ...
Test start ...
Test Done ...
rolling 4000, rolling sigma 1500, sd_coef 1.5, backtest took 20.925s, score is -17152.553
Preparing algo ...
Test start ...
Test Done ...
rolling 4000, rolling sigma 1500, sd_coef 2.0, backtest took 20.880s, score is -17448.227
Preparing algo ...
Test start ...
Test Done ...
rolling 4000, rolling sigma 1500, sd_coef 2.5, backtest took 20.903s, score is -18562.739
Preparing algo ...
Test start ...
Test Done ...
rolling 4000, rolling sigma 1500, sd_coef 3.0, backtest took 20.890s, score is -16831.789
Preparing algo ...
Test start ...
Test Done ...
rolling 4000, rolling sigma 1500, sd_coef 3.5, backtest took 20.831s, score is -16897.072
Preparing algo ...
Test start ...
Test Done ...
rolling 4000, rolling sigma 1500, sd_coef 4.0, backtest took 20.872s, score is -12484.836
Preparing algo ...
Test start ...
Test Done ...
rolling 4000, rolling sigma 1500, sd_coef 4.5, backtest took 20.868s, score is -12906.587
Preparing algo ...
Test start ...
Test Done ...
rolling 4000, rolling sigma 2000, sd_coef 1.0, backtest took 20.713s, score is -42499.554
Preparing algo ...
Test start ...
Test Done ...
rolling 4000, rolling sigma 2000, sd_coef 1.5, backtest took 20.832s, score is -7259.683
Preparing algo ...
Test start ...
Test Done ...
rolling 4000, rolling sigma 2000, sd_coef 2.0, backtest took 20.909s, score is -10330.016
Preparing algo ...
Test start ...
Test Done ...
rolling 4000, rolling sigma 2000, sd_coef 2.5, backtest took 20.885s, score is -14048.430
Preparing algo ...
Test start ...
Test Done ...
rolling 4000, rolling sigma 2000, sd_coef 3.0, backtest took 20.679s, score is -10348.176
Preparing algo ...
Test start ...
Test Done ...
rolling 4000, rolling sigma 2000, sd_coef 3.5, backtest took 20.814s, score is -11821.326
Preparing algo ...
Test start ...
Test Done ...
rolling 4000, rolling sigma 2000, sd_coef 4.0, backtest took 20.851s, score is -12926.193
Preparing algo ...
Test start ...
Test Done ...
rolling 4000, rolling sigma 2000, sd_coef 4.5, backtest took 20.796s, score is -12308.948
Preparing algo ...
Test start ...
Test Done ...
rolling 4000, rolling sigma 2500, sd_coef 1.0, backtest took 20.592s, score is -74970.629
Preparing algo ...
Test start ...
Test Done ...
rolling 4000, rolling sigma 2500, sd_coef 1.5, backtest took 20.729s, score is -25462.078
Preparing algo ...
Test start ...
Test Done ...
rolling 4000, rolling sigma 2500, sd_coef 2.0, backtest took 20.772s, score is -20676.637
Preparing algo ...
Test start ...
Test Done ...
rolling 4000, rolling sigma 2500, sd_coef 2.5, backtest took 20.789s, score is -17327.791
Preparing algo ...
Test start ...
Test Done ...
rolling 4000, rolling sigma 2500, sd_coef 3.0, backtest took 20.797s, score is -15449.518
Preparing algo ...
Test start ...
Test Done ...
rolling 4000, rolling sigma 2500, sd_coef 3.5, backtest took 20.674s, score is -16741.972
Preparing algo ...
Test start ...
Test Done ...
rolling 4000, rolling sigma 2500, sd_coef 4.0, backtest took 20.721s, score is -14265.698
Preparing algo ...
Test start ...
Test Done ...
rolling 4000, rolling sigma 2500, sd_coef 4.5, backtest took 20.751s, score is -14133.644
Preparing algo ...
Test start ...
Test Done ...
rolling 4000, rolling sigma 3000, sd_coef 1.0, backtest took 20.646s, score is -97344.332
Preparing algo ...
Test start ...
Test Done ...
rolling 4000, rolling sigma 3000, sd_coef 1.5, backtest took 20.764s, score is -32791.147
Preparing algo ...
Test start ...
Test Done ...
rolling 4000, rolling sigma 3000, sd_coef 2.0, backtest took 20.762s, score is -20451.237
Preparing algo ...
Test start ...
Test Done ...
rolling 4000, rolling sigma 3000, sd_coef 2.5, backtest took 20.445s, score is -20152.870
Preparing algo ...
Test start ...
Test Done ...
rolling 4000, rolling sigma 3000, sd_coef 3.0, backtest took 21.063s, score is -16137.846
Preparing algo ...
Test start ...
Test Done ...
rolling 4000, rolling sigma 3000, sd_coef 3.5, backtest took 20.716s, score is -18496.595
Preparing algo ...
Test start ...
Test Done ...
rolling 4000, rolling sigma 3000, sd_coef 4.0, backtest took 20.519s, score is -17299.021
Preparing algo ...
Test start ...
Test Done ...
rolling 4000, rolling sigma 3000, sd_coef 4.5, backtest took 20.780s, score is -18498.948
Preparing algo ...
Test start ...
Test Done ...
rolling 4000, rolling sigma 3500, sd_coef 1.0, backtest took 20.450s, score is -152537.947
Preparing algo ...
Test start ...
Test Done ...
rolling 4000, rolling sigma 3500, sd_coef 1.5, backtest took 21.041s, score is -47911.966
Preparing algo ...
Test start ...
Test Done ...
rolling 4000, rolling sigma 3500, sd_coef 2.0, backtest took 20.736s, score is -37694.426
Preparing algo ...
Test start ...
Test Done ...
rolling 4000, rolling sigma 3500, sd_coef 2.5, backtest took 20.502s, score is -33729.755
Preparing algo ...
Test start ...
Test Done ...
rolling 4000, rolling sigma 3500, sd_coef 3.0, backtest took 20.639s, score is -31971.509
Preparing algo ...
Test start ...
Test Done ...
rolling 4000, rolling sigma 3500, sd_coef 3.5, backtest took 20.647s, score is -26215.410
Preparing algo ...
Test start ...
Test Done ...
rolling 4000, rolling sigma 3500, sd_coef 4.0, backtest took 20.368s, score is -22747.064
Preparing algo ...
Test start ...
Test Done ...
rolling 4000, rolling sigma 3500, sd_coef 4.5, backtest took 20.712s, score is -18439.727
Preparing algo ...
Test start ...
Test Done ...
rolling 4000, rolling sigma 4000, sd_coef 1.0, backtest took 20.850s, score is -371963.622
Preparing algo ...
Test start ...
Test Done ...
rolling 4000, rolling sigma 4000, sd_coef 1.5, backtest took 20.643s, score is -4842.929
Preparing algo ...
Test start ...
Test Done ...
rolling 4000, rolling sigma 4000, sd_coef 2.0, backtest took 20.386s, score is 38328.733
Preparing algo ...
Test start ...
Test Done ...
rolling 4000, rolling sigma 4000, sd_coef 2.5, backtest took 20.547s, score is 25198.969
Preparing algo ...
Test start ...
Test Done ...
rolling 4000, rolling sigma 4000, sd_coef 3.0, backtest took 20.563s, score is 17368.507
Preparing algo ...
Test start ...
Test Done ...
rolling 4000, rolling sigma 4000, sd_coef 3.5, backtest took 20.289s, score is 15052.913
Preparing algo ...
Test start ...
Test Done ...
rolling 4000, rolling sigma 4000, sd_coef 4.0, backtest took 20.384s, score is 9950.528
Preparing algo ...
Test start ...
Test Done ...
rolling 4000, rolling sigma 4000, sd_coef 4.5, backtest took 20.454s, score is 8426.399
Preparing algo ...
Test start ...
Test Done ...
rolling 4000, rolling sigma 4500, sd_coef 1.0, backtest took 20.715s, score is -131400.466
Preparing algo ...
Test start ...
Test Done ...
rolling 4000, rolling sigma 4500, sd_coef 1.5, backtest took 20.623s, score is -31432.434
Preparing algo ...
Test start ...
Test Done ...
rolling 4000, rolling sigma 4500, sd_coef 2.0, backtest took 20.587s, score is -23366.990
Preparing algo ...
Test start ...
Test Done ...
rolling 4000, rolling sigma 4500, sd_coef 2.5, backtest took 20.558s, score is -26451.304
Preparing algo ...
Test start ...
Test Done ...
rolling 4000, rolling sigma 4500, sd_coef 3.0, backtest took 20.613s, score is -22955.357
Preparing algo ...
Test start ...
Test Done ...
rolling 4000, rolling sigma 4500, sd_coef 3.5, backtest took 20.556s, score is -19440.646
Preparing algo ...
Test start ...
Test Done ...
rolling 4000, rolling sigma 4500, sd_coef 4.0, backtest took 20.562s, score is -19467.595
Preparing algo ...
Test start ...
Test Done ...
rolling 4000, rolling sigma 4500, sd_coef 4.5, backtest took 20.583s, score is -17932.465
Preparing algo ...
Test start ...
Test Done ...
rolling 4500, rolling sigma 500, sd_coef 1.0, backtest took 20.692s, score is -53134.951
Preparing algo ...
Test start ...
Test Done ...
rolling 4500, rolling sigma 500, sd_coef 1.5, backtest took 21.269s, score is -35716.132
Preparing algo ...
Test start ...
Test Done ...
rolling 4500, rolling sigma 500, sd_coef 2.0, backtest took 21.010s, score is -32739.989
Preparing algo ...
Test start ...
Test Done ...
rolling 4500, rolling sigma 500, sd_coef 2.5, backtest took 20.749s, score is -25008.629
Preparing algo ...
Test start ...
Test Done ...
rolling 4500, rolling sigma 500, sd_coef 3.0, backtest took 21.004s, score is -18957.661
Preparing algo ...
Test start ...
Test Done ...
rolling 4500, rolling sigma 500, sd_coef 3.5, backtest took 20.880s, score is -14240.472
Preparing algo ...
Test start ...
Test Done ...
rolling 4500, rolling sigma 500, sd_coef 4.0, backtest took 20.965s, score is -12640.640
Preparing algo ...
Test start ...
Test Done ...
rolling 4500, rolling sigma 500, sd_coef 4.5, backtest took 20.807s, score is -12163.385
Preparing algo ...
Test start ...
Test Done ...
rolling 4500, rolling sigma 1000, sd_coef 1.0, backtest took 20.917s, score is -48004.620
Preparing algo ...
Test start ...
Test Done ...
rolling 4500, rolling sigma 1000, sd_coef 1.5, backtest took 20.942s, score is -25569.224
Preparing algo ...
Test start ...
Test Done ...
rolling 4500, rolling sigma 1000, sd_coef 2.0, backtest took 20.888s, score is -17219.615
Preparing algo ...
Test start ...
Test Done ...
rolling 4500, rolling sigma 1000, sd_coef 2.5, backtest took 20.890s, score is -19254.564
Preparing algo ...
Test start ...
Test Done ...
rolling 4500, rolling sigma 1000, sd_coef 3.0, backtest took 20.910s, score is -17270.166
Preparing algo ...
Test start ...
Test Done ...
rolling 4500, rolling sigma 1000, sd_coef 3.5, backtest took 20.877s, score is -18297.968
Preparing algo ...
Test start ...
Test Done ...
rolling 4500, rolling sigma 1000, sd_coef 4.0, backtest took 20.919s, score is -16490.236
Preparing algo ...
Test start ...
Test Done ...
rolling 4500, rolling sigma 1000, sd_coef 4.5, backtest took 20.709s, score is -14316.188
Preparing algo ...
Test start ...
Test Done ...
rolling 4500, rolling sigma 1500, sd_coef 1.0, backtest took 20.860s, score is -39196.016
Preparing algo ...
Test start ...
Test Done ...
rolling 4500, rolling sigma 1500, sd_coef 1.5, backtest took 20.842s, score is -12538.527
Preparing algo ...
Test start ...
Test Done ...
rolling 4500, rolling sigma 1500, sd_coef 2.0, backtest took 20.534s, score is -13434.031
Preparing algo ...
Test start ...
Test Done ...
rolling 4500, rolling sigma 1500, sd_coef 2.5, backtest took 21.199s, score is -13787.325
Preparing algo ...
Test start ...
Test Done ...
rolling 4500, rolling sigma 1500, sd_coef 3.0, backtest took 20.450s, score is -13525.395
Preparing algo ...
Test start ...
Test Done ...
rolling 4500, rolling sigma 1500, sd_coef 3.5, backtest took 20.451s, score is -16772.141
Preparing algo ...
Test start ...
Test Done ...
rolling 4500, rolling sigma 1500, sd_coef 4.0, backtest took 20.772s, score is -14318.102
Preparing algo ...
Test start ...
Test Done ...
rolling 4500, rolling sigma 1500, sd_coef 4.5, backtest took 20.501s, score is -12841.074
Preparing algo ...
Test start ...
Test Done ...
rolling 4500, rolling sigma 2000, sd_coef 1.0, backtest took 20.820s, score is -41667.232
Preparing algo ...
Test start ...
Test Done ...
rolling 4500, rolling sigma 2000, sd_coef 1.5, backtest took 20.855s, score is -10670.999
Preparing algo ...
Test start ...
Test Done ...
rolling 4500, rolling sigma 2000, sd_coef 2.0, backtest took 20.695s, score is -10061.945
Preparing algo ...
Test start ...
Test Done ...
rolling 4500, rolling sigma 2000, sd_coef 2.5, backtest took 20.605s, score is -7747.767
Preparing algo ...
Test start ...
Test Done ...
rolling 4500, rolling sigma 2000, sd_coef 3.0, backtest took 20.738s, score is -5448.561
Preparing algo ...
Test start ...
Test Done ...
rolling 4500, rolling sigma 2000, sd_coef 3.5, backtest took 20.758s, score is -9255.839
Preparing algo ...
Test start ...
Test Done ...
rolling 4500, rolling sigma 2000, sd_coef 4.0, backtest took 20.483s, score is -10281.830
Preparing algo ...
Test start ...
Test Done ...
rolling 4500, rolling sigma 2000, sd_coef 4.5, backtest took 20.682s, score is -6639.179
Preparing algo ...
Test start ...
Test Done ...
rolling 4500, rolling sigma 2500, sd_coef 1.0, backtest took 20.685s, score is -61510.886
Preparing algo ...
Test start ...
Test Done ...
rolling 4500, rolling sigma 2500, sd_coef 1.5, backtest took 20.612s, score is -23726.456
Preparing algo ...
Test start ...
Test Done ...
rolling 4500, rolling sigma 2500, sd_coef 2.0, backtest took 20.651s, score is -20184.238
Preparing algo ...
Test start ...
Test Done ...
rolling 4500, rolling sigma 2500, sd_coef 2.5, backtest took 20.667s, score is -15398.288
Preparing algo ...
Test start ...
Test Done ...
rolling 4500, rolling sigma 2500, sd_coef 3.0, backtest took 20.499s, score is -15183.811
Preparing algo ...
Test start ...
Test Done ...
rolling 4500, rolling sigma 2500, sd_coef 3.5, backtest took 20.626s, score is -18289.193
Preparing algo ...
Test start ...
Test Done ...
rolling 4500, rolling sigma 2500, sd_coef 4.0, backtest took 20.608s, score is -17675.145
Preparing algo ...
Test start ...
Test Done ...
rolling 4500, rolling sigma 2500, sd_coef 4.5, backtest took 20.657s, score is -15241.812
Preparing algo ...
Test start ...
Test Done ...
rolling 4500, rolling sigma 3000, sd_coef 1.0, backtest took 20.660s, score is -69778.509
Preparing algo ...
Test start ...
Test Done ...
rolling 4500, rolling sigma 3000, sd_coef 1.5, backtest took 20.582s, score is -26339.193
Preparing algo ...
Test start ...
Test Done ...
rolling 4500, rolling sigma 3000, sd_coef 2.0, backtest took 20.661s, score is -16416.038
Preparing algo ...
Test start ...
Test Done ...
rolling 4500, rolling sigma 3000, sd_coef 2.5, backtest took 20.480s, score is -11222.277
Preparing algo ...
Test start ...
Test Done ...
rolling 4500, rolling sigma 3000, sd_coef 3.0, backtest took 20.527s, score is -11067.580
Preparing algo ...
Test start ...
Test Done ...
rolling 4500, rolling sigma 3000, sd_coef 3.5, backtest took 20.739s, score is -15642.022
Preparing algo ...
Test start ...
Test Done ...
rolling 4500, rolling sigma 3000, sd_coef 4.0, backtest took 20.637s, score is -14424.473
Preparing algo ...
Test start ...
Test Done ...
rolling 4500, rolling sigma 3000, sd_coef 4.5, backtest took 20.475s, score is -12230.319
Preparing algo ...
Test start ...
Test Done ...
rolling 4500, rolling sigma 3500, sd_coef 1.0, backtest took 20.594s, score is -95141.823
Preparing algo ...
Test start ...
Test Done ...
rolling 4500, rolling sigma 3500, sd_coef 1.5, backtest took 20.297s, score is -16130.230
Preparing algo ...
Test start ...
Test Done ...
rolling 4500, rolling sigma 3500, sd_coef 2.0, backtest took 20.874s, score is -10525.022
Preparing algo ...
Test start ...
Test Done ...
rolling 4500, rolling sigma 3500, sd_coef 2.5, backtest took 20.467s, score is -12843.241
Preparing algo ...
Test start ...
Test Done ...
rolling 4500, rolling sigma 3500, sd_coef 3.0, backtest took 20.559s, score is -5448.326
Preparing algo ...
Test start ...
Test Done ...
rolling 4500, rolling sigma 3500, sd_coef 3.5, backtest took 20.535s, score is -6630.869
Preparing algo ...
Test start ...
Test Done ...
rolling 4500, rolling sigma 3500, sd_coef 4.0, backtest took 20.486s, score is -8437.013
Preparing algo ...
Test start ...
Test Done ...
rolling 4500, rolling sigma 3500, sd_coef 4.5, backtest took 20.598s, score is -9941.735
Preparing algo ...
Test start ...
Test Done ...
rolling 4500, rolling sigma 4000, sd_coef 1.0, backtest took 20.656s, score is -152732.575
Preparing algo ...
Test start ...
Test Done ...
rolling 4500, rolling sigma 4000, sd_coef 1.5, backtest took 20.528s, score is -56203.851
Preparing algo ...
Test start ...
Test Done ...
rolling 4500, rolling sigma 4000, sd_coef 2.0, backtest took 20.594s, score is -38562.352
Preparing algo ...
Test start ...
Test Done ...
rolling 4500, rolling sigma 4000, sd_coef 2.5, backtest took 20.371s, score is -35321.511
Preparing algo ...
Test start ...
Test Done ...
rolling 4500, rolling sigma 4000, sd_coef 3.0, backtest took 20.490s, score is -24863.779
Preparing algo ...
Test start ...
Test Done ...
rolling 4500, rolling sigma 4000, sd_coef 3.5, backtest took 20.566s, score is -22428.043
Preparing algo ...
Test start ...
Test Done ...
rolling 4500, rolling sigma 4000, sd_coef 4.0, backtest took 20.365s, score is -21363.200
Preparing algo ...
Test start ...
Test Done ...
rolling 4500, rolling sigma 4000, sd_coef 4.5, backtest took 20.476s, score is -20698.768
Preparing algo ...
Test start ...
Test Done ...
rolling 4500, rolling sigma 4500, sd_coef 1.0, backtest took 20.635s, score is -342469.064
Preparing algo ...
Test start ...
Test Done ...
rolling 4500, rolling sigma 4500, sd_coef 1.5, backtest took 20.443s, score is 1038.141
Preparing algo ...
Test start ...
Test Done ...
rolling 4500, rolling sigma 4500, sd_coef 2.0, backtest took 20.193s, score is 36949.779
Preparing algo ...
Test start ...
Test Done ...
rolling 4500, rolling sigma 4500, sd_coef 2.5, backtest took 20.456s, score is 23210.610
Preparing algo ...
Test start ...
Test Done ...
rolling 4500, rolling sigma 4500, sd_coef 3.0, backtest took 20.428s, score is 18366.662
Preparing algo ...
Test start ...
Test Done ...
rolling 4500, rolling sigma 4500, sd_coef 3.5, backtest took 20.199s, score is 13475.043
Preparing algo ...
Test start ...
Test Done ...
rolling 4500, rolling sigma 4500, sd_coef 4.0, backtest took 20.272s, score is 10840.632
Preparing algo ...
Test start ...
Test Done ...
rolling 4500, rolling sigma 4500, sd_coef 4.5, backtest took 20.470s, score is 8426.399
