Reading configs ...
Reading data ...
Skipping date 2016-01-01 ...
Skipping date 2016-01-02 ...
Skipping date 2016-01-03 ...
Skipping date 2016-01-09 ...
Skipping date 2016-01-10 ...
Skipping date 2016-01-16 ...
Skipping date 2016-01-17 ...
Skipping date 2016-01-23 ...
Skipping date 2016-01-24 ...
Skipping date 2016-01-30 ...
Skipping date 2016-01-31 ...
Skipping date 2016-02-06 ...
Skipping date 2016-02-07 ...
Skipping date 2016-02-08 ...
Skipping date 2016-02-09 ...
Skipping date 2016-02-10 ...
x is if1602: 458711 entries from 25 days
y is if1603: 350988 entries from 25 days
Preparing data ...
Preparing algo ...
Test start ...
Test Done ...
rolling 500, rolling sigma 100, sd_coef 1.5, backtest took 44.926s, score is -182318.265
Preparing algo ...
Test start ...
Test Done ...
rolling 500, rolling sigma 100, sd_coef 1.6, backtest took 44.757s, score is -158209.476
Preparing algo ...
Test start ...
Test Done ...
rolling 500, rolling sigma 100, sd_coef 1.7, backtest took 44.448s, score is -132508.801
Preparing algo ...
Test start ...
Test Done ...
rolling 500, rolling sigma 100, sd_coef 1.8, backtest took 44.615s, score is -126896.408
Preparing algo ...
Test start ...
Test Done ...
rolling 500, rolling sigma 100, sd_coef 1.9, backtest took 44.304s, score is -112126.697
Preparing algo ...
Test start ...
Test Done ...
rolling 500, rolling sigma 100, sd_coef 2.0, backtest took 44.237s, score is -96982.493
Preparing algo ...
Test start ...
Test Done ...
rolling 500, rolling sigma 100, sd_coef 2.1, backtest took 44.401s, score is -89338.225
Preparing algo ...
Test start ...
Test Done ...
rolling 500, rolling sigma 100, sd_coef 2.2, backtest took 44.202s, score is -82642.823
Preparing algo ...
Test start ...
Test Done ...
rolling 500, rolling sigma 100, sd_coef 2.3, backtest took 44.577s, score is -87303.267
Preparing algo ...
Test start ...
Test Done ...
rolling 500, rolling sigma 100, sd_coef 2.4, backtest took 44.495s, score is -77493.563
Preparing algo ...
Test start ...
Test Done ...
rolling 500, rolling sigma 100, sd_coef 2.5, backtest took 44.447s, score is -78130.439
Preparing algo ...
Test start ...
Test Done ...
rolling 500, rolling sigma 100, sd_coef 2.6, backtest took 44.459s, score is -80951.938
Preparing algo ...
Test start ...
Test Done ...
rolling 500, rolling sigma 100, sd_coef 2.7, backtest took 44.377s, score is -77823.760
Preparing algo ...
Test start ...
Test Done ...
rolling 500, rolling sigma 100, sd_coef 2.8, backtest took 44.289s, score is -83122.596
Preparing algo ...
Test start ...
Test Done ...
rolling 500, rolling sigma 100, sd_coef 2.9, backtest took 44.515s, score is -78640.004
Preparing algo ...
Test start ...
Test Done ...
rolling 500, rolling sigma 200, sd_coef 1.5, backtest took 44.290s, score is -161213.546
Preparing algo ...
Test start ...
Test Done ...
rolling 500, rolling sigma 200, sd_coef 1.6, backtest took 44.245s, score is -140372.743
Preparing algo ...
Test start ...
Test Done ...
rolling 500, rolling sigma 200, sd_coef 1.7, backtest took 44.346s, score is -124153.918
Preparing algo ...
Test start ...
Test Done ...
rolling 500, rolling sigma 200, sd_coef 1.8, backtest took 44.490s, score is -133816.353
Preparing algo ...
Test start ...
Test Done ...
rolling 500, rolling sigma 200, sd_coef 1.9, backtest took 44.363s, score is -130184.884
Preparing algo ...
Test start ...
Test Done ...
rolling 500, rolling sigma 200, sd_coef 2.0, backtest took 44.218s, score is -127478.602
Preparing algo ...
Test start ...
Test Done ...
rolling 500, rolling sigma 200, sd_coef 2.1, backtest took 44.392s, score is -117752.367
Preparing algo ...
Test start ...
Test Done ...
rolling 500, rolling sigma 200, sd_coef 2.2, backtest took 44.312s, score is -106904.581
Preparing algo ...
Test start ...
Test Done ...
rolling 500, rolling sigma 200, sd_coef 2.3, backtest took 44.326s, score is -110063.627
Preparing algo ...
Test start ...
Test Done ...
rolling 500, rolling sigma 200, sd_coef 2.4, backtest took 44.792s, score is -102293.335
Preparing algo ...
Test start ...
Test Done ...
rolling 500, rolling sigma 200, sd_coef 2.5, backtest took 44.389s, score is -105671.413
Preparing algo ...
Test start ...
Test Done ...
rolling 500, rolling sigma 200, sd_coef 2.6, backtest took 44.304s, score is -92560.621
Preparing algo ...
Test start ...
Test Done ...
rolling 500, rolling sigma 200, sd_coef 2.7, backtest took 44.090s, score is -90397.064
Preparing algo ...
Test start ...
Test Done ...
rolling 500, rolling sigma 200, sd_coef 2.8, backtest took 44.333s, score is -93249.587
Preparing algo ...
Test start ...
Test Done ...
rolling 500, rolling sigma 200, sd_coef 2.9, backtest took 44.204s, score is -90096.975
Preparing algo ...
Test start ...
Test Done ...
rolling 500, rolling sigma 300, sd_coef 1.5, backtest took 44.114s, score is -199336.628
Preparing algo ...
Test start ...
Test Done ...
rolling 500, rolling sigma 300, sd_coef 1.6, backtest took 44.321s, score is -189832.420
Preparing algo ...
Test start ...
Test Done ...
rolling 500, rolling sigma 300, sd_coef 1.7, backtest took 44.513s, score is -175381.467
Preparing algo ...
Test start ...
Test Done ...
rolling 500, rolling sigma 300, sd_coef 1.8, backtest took 44.343s, score is -167820.334
Preparing algo ...
Test start ...
Test Done ...
rolling 500, rolling sigma 300, sd_coef 1.9, backtest took 44.267s, score is -159281.819
Preparing algo ...
Test start ...
Test Done ...
rolling 500, rolling sigma 300, sd_coef 2.0, backtest took 44.502s, score is -146336.400
Preparing algo ...
Test start ...
Test Done ...
rolling 500, rolling sigma 300, sd_coef 2.1, backtest took 44.261s, score is -136023.482
Preparing algo ...
Test start ...
Test Done ...
rolling 500, rolling sigma 300, sd_coef 2.2, backtest took 44.305s, score is -136302.663
Preparing algo ...
Test start ...
Test Done ...
rolling 500, rolling sigma 300, sd_coef 2.3, backtest took 44.483s, score is -133552.632
Preparing algo ...
Test start ...
Test Done ...
rolling 500, rolling sigma 300, sd_coef 2.4, backtest took 43.980s, score is -124682.006
Preparing algo ...
Test start ...
Test Done ...
rolling 500, rolling sigma 300, sd_coef 2.5, backtest took 44.689s, score is -119231.783
Preparing algo ...
Test start ...
Test Done ...
rolling 500, rolling sigma 300, sd_coef 2.6, backtest took 44.285s, score is -108998.662
Preparing algo ...
Test start ...
Test Done ...
rolling 500, rolling sigma 300, sd_coef 2.7, backtest took 44.471s, score is -110887.102
Preparing algo ...
Test start ...
Test Done ...
rolling 500, rolling sigma 300, sd_coef 2.8, backtest took 44.508s, score is -110415.812
Preparing algo ...
Test start ...
Test Done ...
rolling 500, rolling sigma 300, sd_coef 2.9, backtest took 44.345s, score is -96620.626
Preparing algo ...
Test start ...
Test Done ...
rolling 500, rolling sigma 400, sd_coef 1.5, backtest took 44.300s, score is -302169.055
Preparing algo ...
Test start ...
Test Done ...
rolling 500, rolling sigma 400, sd_coef 1.6, backtest took 44.569s, score is -271528.342
Preparing algo ...
Test start ...
Test Done ...
rolling 500, rolling sigma 400, sd_coef 1.7, backtest took 44.486s, score is -258425.788
Preparing algo ...
Test start ...
Test Done ...
rolling 500, rolling sigma 400, sd_coef 1.8, backtest took 44.599s, score is -239384.060
Preparing algo ...
Test start ...
Test Done ...
rolling 500, rolling sigma 400, sd_coef 1.9, backtest took 43.906s, score is -234373.648
Preparing algo ...
Test start ...
Test Done ...
rolling 500, rolling sigma 400, sd_coef 2.0, backtest took 44.608s, score is -233008.418
Preparing algo ...
Test start ...
Test Done ...
rolling 500, rolling sigma 400, sd_coef 2.1, backtest took 44.225s, score is -220122.946
Preparing algo ...
Test start ...
Test Done ...
rolling 500, rolling sigma 400, sd_coef 2.2, backtest took 44.321s, score is -201400.652
Preparing algo ...
Test start ...
Test Done ...
rolling 500, rolling sigma 400, sd_coef 2.3, backtest took 44.389s, score is -201371.022
Preparing algo ...
Test start ...
Test Done ...
rolling 500, rolling sigma 400, sd_coef 2.4, backtest took 44.164s, score is -196856.807
Preparing algo ...
Test start ...
Test Done ...
rolling 500, rolling sigma 400, sd_coef 2.5, backtest took 44.188s, score is -186769.773
Preparing algo ...
Test start ...
Test Done ...
rolling 500, rolling sigma 400, sd_coef 2.6, backtest took 44.255s, score is -174239.468
Preparing algo ...
Test start ...
Test Done ...
rolling 500, rolling sigma 400, sd_coef 2.7, backtest took 44.199s, score is -161513.705
Preparing algo ...
Test start ...
Test Done ...
rolling 500, rolling sigma 400, sd_coef 2.8, backtest took 44.119s, score is -145996.974
Preparing algo ...
Test start ...
Test Done ...
rolling 500, rolling sigma 400, sd_coef 2.9, backtest took 44.081s, score is -139285.645
Preparing algo ...
Test start ...
Test Done ...
rolling 500, rolling sigma 500, sd_coef 1.5, backtest took 44.608s, score is 116657.584
Preparing algo ...
Test start ...
Test Done ...
rolling 500, rolling sigma 500, sd_coef 1.6, backtest took 44.313s, score is 305917.111
Preparing algo ...
Test start ...
Test Done ...
rolling 500, rolling sigma 500, sd_coef 1.7, backtest took 44.130s, score is 438366.648
Preparing algo ...
Test start ...
Test Done ...
rolling 500, rolling sigma 500, sd_coef 1.8, backtest took 44.534s, score is 524957.911
Preparing algo ...
Test start ...
Test Done ...
rolling 500, rolling sigma 500, sd_coef 1.9, backtest took 44.416s, score is 564738.580
Preparing algo ...
Test start ...
Test Done ...
rolling 500, rolling sigma 500, sd_coef 2.0, backtest took 44.522s, score is 618670.971
Preparing algo ...
Test start ...
Test Done ...
rolling 500, rolling sigma 500, sd_coef 2.1, backtest took 44.256s, score is 649331.389
Preparing algo ...
Test start ...
Test Done ...
rolling 500, rolling sigma 500, sd_coef 2.2, backtest took 44.122s, score is 641622.756
Preparing algo ...
Test start ...
Test Done ...
rolling 500, rolling sigma 500, sd_coef 2.3, backtest took 44.079s, score is 614866.157
Preparing algo ...
Test start ...
Test Done ...
rolling 500, rolling sigma 500, sd_coef 2.4, backtest took 44.009s, score is 599574.728
Preparing algo ...
Test start ...
Test Done ...
rolling 500, rolling sigma 500, sd_coef 2.5, backtest took 44.295s, score is 578844.334
Preparing algo ...
Test start ...
Test Done ...
rolling 500, rolling sigma 500, sd_coef 2.6, backtest took 43.907s, score is 554726.573
Preparing algo ...
Test start ...
Test Done ...
rolling 500, rolling sigma 500, sd_coef 2.7, backtest took 43.786s, score is 517528.550
Preparing algo ...
Test start ...
Test Done ...
rolling 500, rolling sigma 500, sd_coef 2.8, backtest took 44.294s, score is 475833.916
Preparing algo ...
Test start ...
Test Done ...
rolling 500, rolling sigma 500, sd_coef 2.9, backtest took 43.955s, score is 430089.460
Preparing algo ...
Test start ...
Test Done ...
rolling 500, rolling sigma 600, sd_coef 1.5, backtest took 44.478s, score is -240922.139
Preparing algo ...
Test start ...
Test Done ...
rolling 500, rolling sigma 600, sd_coef 1.6, backtest took 44.508s, score is -221598.275
Preparing algo ...
Test start ...
Test Done ...
rolling 500, rolling sigma 600, sd_coef 1.7, backtest took 44.592s, score is -210260.227
Preparing algo ...
Test start ...
Test Done ...
rolling 500, rolling sigma 600, sd_coef 1.8, backtest took 44.306s, score is -207059.916
Preparing algo ...
Test start ...
Test Done ...
rolling 500, rolling sigma 600, sd_coef 1.9, backtest took 44.582s, score is -202743.521
Preparing algo ...
Test start ...
Test Done ...
rolling 500, rolling sigma 600, sd_coef 2.0, backtest took 44.450s, score is -193725.753
Preparing algo ...
Test start ...
Test Done ...
rolling 500, rolling sigma 600, sd_coef 2.1, backtest took 44.201s, score is -184348.978
Preparing algo ...
Test start ...
Test Done ...
rolling 500, rolling sigma 600, sd_coef 2.2, backtest took 44.220s, score is -189692.723
Preparing algo ...
Test start ...
Test Done ...
rolling 500, rolling sigma 600, sd_coef 2.3, backtest took 44.347s, score is -181962.762
Preparing algo ...
Test start ...
Test Done ...
rolling 500, rolling sigma 600, sd_coef 2.4, backtest took 44.507s, score is -175547.106
Preparing algo ...
Test start ...
Test Done ...
rolling 500, rolling sigma 600, sd_coef 2.5, backtest took 44.307s, score is -169883.938
Preparing algo ...
Test start ...
Test Done ...
rolling 500, rolling sigma 600, sd_coef 2.6, backtest took 44.327s, score is -156171.592
Preparing algo ...
Test start ...
Test Done ...
rolling 500, rolling sigma 600, sd_coef 2.7, backtest took 44.234s, score is -147183.910
Preparing algo ...
Test start ...
Test Done ...
rolling 500, rolling sigma 600, sd_coef 2.8, backtest took 44.294s, score is -136940.351
Preparing algo ...
Test start ...
Test Done ...
rolling 500, rolling sigma 600, sd_coef 2.9, backtest took 43.789s, score is -131531.794
Preparing algo ...
Test start ...
Test Done ...
rolling 500, rolling sigma 700, sd_coef 1.5, backtest took 44.159s, score is -138093.932
Preparing algo ...
Test start ...
Test Done ...
rolling 500, rolling sigma 700, sd_coef 1.6, backtest took 44.594s, score is -128443.940
Preparing algo ...
Test start ...
Test Done ...
rolling 500, rolling sigma 700, sd_coef 1.7, backtest took 44.255s, score is -124251.161
Preparing algo ...
Test start ...
Test Done ...
rolling 500, rolling sigma 700, sd_coef 1.8, backtest took 44.023s, score is -114647.014
Preparing algo ...
Test start ...
Test Done ...
rolling 500, rolling sigma 700, sd_coef 1.9, backtest took 44.165s, score is -104790.988
Preparing algo ...
Test start ...
Test Done ...
rolling 500, rolling sigma 700, sd_coef 2.0, backtest took 44.202s, score is -96248.584
Preparing algo ...
Test start ...
Test Done ...
rolling 500, rolling sigma 700, sd_coef 2.1, backtest took 44.560s, score is -92620.407
Preparing algo ...
Test start ...
Test Done ...
rolling 500, rolling sigma 700, sd_coef 2.2, backtest took 44.094s, score is -88901.583
Preparing algo ...
Test start ...
Test Done ...
rolling 500, rolling sigma 700, sd_coef 2.3, backtest took 44.201s, score is -84255.757
Preparing algo ...
Test start ...
Test Done ...
rolling 500, rolling sigma 700, sd_coef 2.4, backtest took 44.156s, score is -72909.329
Preparing algo ...
Test start ...
Test Done ...
rolling 500, rolling sigma 700, sd_coef 2.5, backtest took 44.101s, score is -78625.759
Preparing algo ...
Test start ...
Test Done ...
rolling 500, rolling sigma 700, sd_coef 2.6, backtest took 44.263s, score is -84381.861
Preparing algo ...
Test start ...
Test Done ...
rolling 500, rolling sigma 700, sd_coef 2.7, backtest took 44.174s, score is -74858.235
Preparing algo ...
Test start ...
Test Done ...
rolling 500, rolling sigma 700, sd_coef 2.8, backtest took 44.238s, score is -67570.591
Preparing algo ...
Test start ...
Test Done ...
rolling 500, rolling sigma 700, sd_coef 2.9, backtest took 44.296s, score is -60931.172
Preparing algo ...
Test start ...
Test Done ...
rolling 500, rolling sigma 800, sd_coef 1.5, backtest took 44.034s, score is -93827.984
Preparing algo ...
Test start ...
Test Done ...
rolling 500, rolling sigma 800, sd_coef 1.6, backtest took 44.180s, score is -88087.021
Preparing algo ...
Test start ...
Test Done ...
rolling 500, rolling sigma 800, sd_coef 1.7, backtest took 44.084s, score is -85405.883
Preparing algo ...
Test start ...
Test Done ...
rolling 500, rolling sigma 800, sd_coef 1.8, backtest took 44.246s, score is -86586.775
Preparing algo ...
Test start ...
Test Done ...
rolling 500, rolling sigma 800, sd_coef 1.9, backtest took 44.476s, score is -81707.452
Preparing algo ...
Test start ...
Test Done ...
rolling 500, rolling sigma 800, sd_coef 2.0, backtest took 44.120s, score is -77458.488
Preparing algo ...
Test start ...
Test Done ...
rolling 500, rolling sigma 800, sd_coef 2.1, backtest took 44.103s, score is -77262.384
Preparing algo ...
Test start ...
Test Done ...
rolling 500, rolling sigma 800, sd_coef 2.2, backtest took 44.026s, score is -75786.647
Preparing algo ...
Test start ...
Test Done ...
rolling 500, rolling sigma 800, sd_coef 2.3, backtest took 44.156s, score is -80794.408
Preparing algo ...
Test start ...
Test Done ...
rolling 500, rolling sigma 800, sd_coef 2.4, backtest took 44.141s, score is -78949.616
Preparing algo ...
Test start ...
Test Done ...
rolling 500, rolling sigma 800, sd_coef 2.5, backtest took 44.064s, score is -70277.175
Preparing algo ...
Test start ...
Test Done ...
rolling 500, rolling sigma 800, sd_coef 2.6, backtest took 44.152s, score is -67650.571
Preparing algo ...
Test start ...
Test Done ...
rolling 500, rolling sigma 800, sd_coef 2.7, backtest took 44.342s, score is -68954.016
Preparing algo ...
Test start ...
Test Done ...
rolling 500, rolling sigma 800, sd_coef 2.8, backtest took 44.135s, score is -66114.920
Preparing algo ...
Test start ...
Test Done ...
rolling 500, rolling sigma 800, sd_coef 2.9, backtest took 44.141s, score is -71190.775
Preparing algo ...
Test start ...
Test Done ...
rolling 500, rolling sigma 900, sd_coef 1.5, backtest took 44.251s, score is -66423.974
Preparing algo ...
Test start ...
Test Done ...
rolling 500, rolling sigma 900, sd_coef 1.6, backtest took 44.265s, score is -57109.352
Preparing algo ...
Test start ...
Test Done ...
rolling 500, rolling sigma 900, sd_coef 1.7, backtest took 43.672s, score is -51662.361
Preparing algo ...
Test start ...
Test Done ...
rolling 500, rolling sigma 900, sd_coef 1.8, backtest took 44.139s, score is -44394.753
Preparing algo ...
Test start ...
Test Done ...
rolling 500, rolling sigma 900, sd_coef 1.9, backtest took 44.687s, score is -37648.222
Preparing algo ...
Test start ...
Test Done ...
rolling 500, rolling sigma 900, sd_coef 2.0, backtest took 44.258s, score is -27978.591
Preparing algo ...
Test start ...
Test Done ...
rolling 500, rolling sigma 900, sd_coef 2.1, backtest took 44.172s, score is -32545.993
Preparing algo ...
Test start ...
Test Done ...
rolling 500, rolling sigma 900, sd_coef 2.2, backtest took 44.228s, score is -38421.833
Preparing algo ...
Test start ...
Test Done ...
rolling 500, rolling sigma 900, sd_coef 2.3, backtest took 44.122s, score is -41869.249
Preparing algo ...
Test start ...
Test Done ...
rolling 500, rolling sigma 900, sd_coef 2.4, backtest took 44.280s, score is -40880.095
Preparing algo ...
Test start ...
Test Done ...
rolling 500, rolling sigma 900, sd_coef 2.5, backtest took 44.270s, score is -41348.758
Preparing algo ...
Test start ...
Test Done ...
rolling 500, rolling sigma 900, sd_coef 2.6, backtest took 44.150s, score is -42126.121
Preparing algo ...
Test start ...
Test Done ...
rolling 500, rolling sigma 900, sd_coef 2.7, backtest took 44.327s, score is -46544.655
Preparing algo ...
Test start ...
Test Done ...
rolling 500, rolling sigma 900, sd_coef 2.8, backtest took 43.804s, score is -42849.182
Preparing algo ...
Test start ...
Test Done ...
rolling 500, rolling sigma 900, sd_coef 2.9, backtest took 44.383s, score is -42872.306
Preparing algo ...
Test start ...
Test Done ...
rolling 1000, rolling sigma 100, sd_coef 1.5, backtest took 44.221s, score is -131092.035
Preparing algo ...
Test start ...
Test Done ...
rolling 1000, rolling sigma 100, sd_coef 1.6, backtest took 44.482s, score is -130136.607
Preparing algo ...
Test start ...
Test Done ...
rolling 1000, rolling sigma 100, sd_coef 1.7, backtest took 44.632s, score is -126099.773
Preparing algo ...
Test start ...
Test Done ...
rolling 1000, rolling sigma 100, sd_coef 1.8, backtest took 44.496s, score is -111590.980
Preparing algo ...
Test start ...
Test Done ...
rolling 1000, rolling sigma 100, sd_coef 1.9, backtest took 44.084s, score is -104634.409
Preparing algo ...
Test start ...
Test Done ...
rolling 1000, rolling sigma 100, sd_coef 2.0, backtest took 44.596s, score is -88003.690
Preparing algo ...
Test start ...
Test Done ...
rolling 1000, rolling sigma 100, sd_coef 2.1, backtest took 44.327s, score is -78567.439
Preparing algo ...
Test start ...
Test Done ...
rolling 1000, rolling sigma 100, sd_coef 2.2, backtest took 44.113s, score is -83649.241
Preparing algo ...
Test start ...
Test Done ...
rolling 1000, rolling sigma 100, sd_coef 2.3, backtest took 44.175s, score is -81607.767
Preparing algo ...
Test start ...
Test Done ...
rolling 1000, rolling sigma 100, sd_coef 2.4, backtest took 44.017s, score is -80022.913
Preparing algo ...
Test start ...
Test Done ...
rolling 1000, rolling sigma 100, sd_coef 2.5, backtest took 44.327s, score is -81988.597
Preparing algo ...
Test start ...
Test Done ...
rolling 1000, rolling sigma 100, sd_coef 2.6, backtest took 44.609s, score is -74713.715
Preparing algo ...
Test start ...
Test Done ...
rolling 1000, rolling sigma 100, sd_coef 2.7, backtest took 44.307s, score is -64498.760
Preparing algo ...
Test start ...
Test Done ...
rolling 1000, rolling sigma 100, sd_coef 2.8, backtest took 44.726s, score is -60725.481
Preparing algo ...
Test start ...
Test Done ...
rolling 1000, rolling sigma 100, sd_coef 2.9, backtest took 44.229s, score is -52737.159
Preparing algo ...
Test start ...
Test Done ...
rolling 1000, rolling sigma 200, sd_coef 1.5, backtest took 44.210s, score is -129362.678
Preparing algo ...
Test start ...
Test Done ...
rolling 1000, rolling sigma 200, sd_coef 1.6, backtest took 44.587s, score is -118608.110
Preparing algo ...
Test start ...
Test Done ...
rolling 1000, rolling sigma 200, sd_coef 1.7, backtest took 44.364s, score is -109087.145
Preparing algo ...
Test start ...
Test Done ...
rolling 1000, rolling sigma 200, sd_coef 1.8, backtest took 44.359s, score is -106525.985
Preparing algo ...
Test start ...
Test Done ...
rolling 1000, rolling sigma 200, sd_coef 1.9, backtest took 44.529s, score is -101349.721
Preparing algo ...
Test start ...
Test Done ...
rolling 1000, rolling sigma 200, sd_coef 2.0, backtest took 43.822s, score is -95648.431
Preparing algo ...
Test start ...
Test Done ...
rolling 1000, rolling sigma 200, sd_coef 2.1, backtest took 44.620s, score is -84794.775
Preparing algo ...
Test start ...
Test Done ...
rolling 1000, rolling sigma 200, sd_coef 2.2, backtest took 44.375s, score is -71998.181
Preparing algo ...
Test start ...
Test Done ...
rolling 1000, rolling sigma 200, sd_coef 2.3, backtest took 44.329s, score is -67486.495
Preparing algo ...
Test start ...
Test Done ...
rolling 1000, rolling sigma 200, sd_coef 2.4, backtest took 44.396s, score is -64913.721
Preparing algo ...
Test start ...
Test Done ...
rolling 1000, rolling sigma 200, sd_coef 2.5, backtest took 44.250s, score is -56729.917
Preparing algo ...
Test start ...
Test Done ...
rolling 1000, rolling sigma 200, sd_coef 2.6, backtest took 44.165s, score is -56796.016
Preparing algo ...
Test start ...
Test Done ...
rolling 1000, rolling sigma 200, sd_coef 2.7, backtest took 44.621s, score is -51553.651
Preparing algo ...
Test start ...
Test Done ...
rolling 1000, rolling sigma 200, sd_coef 2.8, backtest took 44.273s, score is -50276.321
Preparing algo ...
Test start ...
Test Done ...
rolling 1000, rolling sigma 200, sd_coef 2.9, backtest took 44.189s, score is -47014.366
Preparing algo ...
Test start ...
Test Done ...
rolling 1000, rolling sigma 300, sd_coef 1.5, backtest took 44.071s, score is -74224.887
Preparing algo ...
Test start ...
Test Done ...
rolling 1000, rolling sigma 300, sd_coef 1.6, backtest took 44.221s, score is -72453.638
Preparing algo ...
Test start ...
Test Done ...
rolling 1000, rolling sigma 300, sd_coef 1.7, backtest took 44.286s, score is -75369.562
Preparing algo ...
Test start ...
Test Done ...
rolling 1000, rolling sigma 300, sd_coef 1.8, backtest took 44.105s, score is -72763.054
Preparing algo ...
Test start ...
Test Done ...
rolling 1000, rolling sigma 300, sd_coef 1.9, backtest took 44.650s, score is -66868.496
Preparing algo ...
Test start ...
Test Done ...
rolling 1000, rolling sigma 300, sd_coef 2.0, backtest took 44.247s, score is -61167.129
Preparing algo ...
Test start ...
Test Done ...
rolling 1000, rolling sigma 300, sd_coef 2.1, backtest took 44.330s, score is -58162.944
Preparing algo ...
Test start ...
Test Done ...
rolling 1000, rolling sigma 300, sd_coef 2.2, backtest took 44.404s, score is -60078.109
Preparing algo ...
Test start ...
Test Done ...
rolling 1000, rolling sigma 300, sd_coef 2.3, backtest took 44.231s, score is -59210.973
Preparing algo ...
Test start ...
Test Done ...
rolling 1000, rolling sigma 300, sd_coef 2.4, backtest took 44.388s, score is -66241.664
Preparing algo ...
Test start ...
Test Done ...
rolling 1000, rolling sigma 300, sd_coef 2.5, backtest took 44.174s, score is -63987.850
Preparing algo ...
Test start ...
Test Done ...
rolling 1000, rolling sigma 300, sd_coef 2.6, backtest took 44.291s, score is -53699.143
Preparing algo ...
Test start ...
Test Done ...
rolling 1000, rolling sigma 300, sd_coef 2.7, backtest took 44.072s, score is -56687.693
Preparing algo ...
Test start ...
Test Done ...
rolling 1000, rolling sigma 300, sd_coef 2.8, backtest took 44.890s, score is -59705.022
Preparing algo ...
Test start ...
Test Done ...
rolling 1000, rolling sigma 300, sd_coef 2.9, backtest took 44.355s, score is -58739.509
Preparing algo ...
Test start ...
Test Done ...
rolling 1000, rolling sigma 400, sd_coef 1.5, backtest took 44.170s, score is -107904.364
Preparing algo ...
Test start ...
Test Done ...
rolling 1000, rolling sigma 400, sd_coef 1.6, backtest took 44.405s, score is -105026.165
Preparing algo ...
Test start ...
Test Done ...
rolling 1000, rolling sigma 400, sd_coef 1.7, backtest took 44.480s, score is -114961.057
Preparing algo ...
Test start ...
Test Done ...
rolling 1000, rolling sigma 400, sd_coef 1.8, backtest took 44.533s, score is -103097.369
Preparing algo ...
Test start ...
Test Done ...
rolling 1000, rolling sigma 400, sd_coef 1.9, backtest took 44.046s, score is -93919.454
Preparing algo ...
Test start ...
Test Done ...
rolling 1000, rolling sigma 400, sd_coef 2.0, backtest took 44.219s, score is -84257.245
Preparing algo ...
Test start ...
Test Done ...
rolling 1000, rolling sigma 400, sd_coef 2.1, backtest took 44.303s, score is -78838.792
Preparing algo ...
Test start ...
Test Done ...
rolling 1000, rolling sigma 400, sd_coef 2.2, backtest took 44.189s, score is -84888.062
Preparing algo ...
Test start ...
Test Done ...
rolling 1000, rolling sigma 400, sd_coef 2.3, backtest took 44.246s, score is -82746.043
Preparing algo ...
Test start ...
Test Done ...
rolling 1000, rolling sigma 400, sd_coef 2.4, backtest took 44.674s, score is -74673.840
Preparing algo ...
Test start ...
Test Done ...
rolling 1000, rolling sigma 400, sd_coef 2.5, backtest took 44.138s, score is -68720.866
Preparing algo ...
Test start ...
Test Done ...
rolling 1000, rolling sigma 400, sd_coef 2.6, backtest took 44.006s, score is -63419.721
Preparing algo ...
Test start ...
Test Done ...
rolling 1000, rolling sigma 400, sd_coef 2.7, backtest took 43.634s, score is -52434.679
Preparing algo ...
Test start ...
Test Done ...
rolling 1000, rolling sigma 400, sd_coef 2.8, backtest took 44.746s, score is -52214.732
Preparing algo ...
Test start ...
Test Done ...
rolling 1000, rolling sigma 400, sd_coef 2.9, backtest took 44.404s, score is -55055.679
Preparing algo ...
Test start ...
Test Done ...
rolling 1000, rolling sigma 500, sd_coef 1.5, backtest took 44.480s, score is -75849.530
Preparing algo ...
Test start ...
Test Done ...
rolling 1000, rolling sigma 500, sd_coef 1.6, backtest took 44.212s, score is -73686.828
Preparing algo ...
Test start ...
Test Done ...
rolling 1000, rolling sigma 500, sd_coef 1.7, backtest took 44.256s, score is -71914.110
Preparing algo ...
Test start ...
Test Done ...
rolling 1000, rolling sigma 500, sd_coef 1.8, backtest took 44.266s, score is -70273.459
Preparing algo ...
Test start ...
Test Done ...
rolling 1000, rolling sigma 500, sd_coef 1.9, backtest took 44.311s, score is -64871.549
Preparing algo ...
Test start ...
Test Done ...
rolling 1000, rolling sigma 500, sd_coef 2.0, backtest took 44.436s, score is -74393.081
Preparing algo ...
Test start ...
Test Done ...
rolling 1000, rolling sigma 500, sd_coef 2.1, backtest took 44.385s, score is -62598.143
Preparing algo ...
Test start ...
Test Done ...
rolling 1000, rolling sigma 500, sd_coef 2.2, backtest took 44.274s, score is -60520.862
Preparing algo ...
Test start ...
Test Done ...
rolling 1000, rolling sigma 500, sd_coef 2.3, backtest took 44.682s, score is -69183.396
Preparing algo ...
Test start ...
Test Done ...
rolling 1000, rolling sigma 500, sd_coef 2.4, backtest took 44.205s, score is -69231.197
Preparing algo ...
Test start ...
Test Done ...
rolling 1000, rolling sigma 500, sd_coef 2.5, backtest took 44.155s, score is -69800.454
Preparing algo ...
Test start ...
Test Done ...
rolling 1000, rolling sigma 500, sd_coef 2.6, backtest took 44.080s, score is -68725.977
Preparing algo ...
Test start ...
Test Done ...
rolling 1000, rolling sigma 500, sd_coef 2.7, backtest took 44.344s, score is -68354.022
Preparing algo ...
Test start ...
Test Done ...
rolling 1000, rolling sigma 500, sd_coef 2.8, backtest took 44.298s, score is -65767.534
Preparing algo ...
Test start ...
Test Done ...
rolling 1000, rolling sigma 500, sd_coef 2.9, backtest took 44.302s, score is -68979.144
Preparing algo ...
Test start ...
Test Done ...
rolling 1000, rolling sigma 600, sd_coef 1.5, backtest took 44.241s, score is -67139.331
Preparing algo ...
Test start ...
Test Done ...
rolling 1000, rolling sigma 600, sd_coef 1.6, backtest took 44.405s, score is -50487.464
Preparing algo ...
Test start ...
Test Done ...
rolling 1000, rolling sigma 600, sd_coef 1.7, backtest took 44.504s, score is -49307.017
Preparing algo ...
Test start ...
Test Done ...
rolling 1000, rolling sigma 600, sd_coef 1.8, backtest took 44.581s, score is -56696.211
Preparing algo ...
Test start ...
Test Done ...
rolling 1000, rolling sigma 600, sd_coef 1.9, backtest took 44.259s, score is -59959.486
Preparing algo ...
Test start ...
Test Done ...
rolling 1000, rolling sigma 600, sd_coef 2.0, backtest took 44.578s, score is -66486.186
Preparing algo ...
Test start ...
Test Done ...
rolling 1000, rolling sigma 600, sd_coef 2.1, backtest took 44.671s, score is -80837.077
Preparing algo ...
Test start ...
Test Done ...
rolling 1000, rolling sigma 600, sd_coef 2.2, backtest took 44.047s, score is -80109.382
Preparing algo ...
Test start ...
Test Done ...
rolling 1000, rolling sigma 600, sd_coef 2.3, backtest took 44.481s, score is -81404.248
Preparing algo ...
Test start ...
Test Done ...
rolling 1000, rolling sigma 600, sd_coef 2.4, backtest took 44.194s, score is -74611.010
Preparing algo ...
Test start ...
Test Done ...
rolling 1000, rolling sigma 600, sd_coef 2.5, backtest took 44.128s, score is -74854.180
Preparing algo ...
Test start ...
Test Done ...
rolling 1000, rolling sigma 600, sd_coef 2.6, backtest took 44.297s, score is -74560.486
Preparing algo ...
Test start ...
Test Done ...
rolling 1000, rolling sigma 600, sd_coef 2.7, backtest took 44.081s, score is -71824.395
Preparing algo ...
Test start ...
Test Done ...
rolling 1000, rolling sigma 600, sd_coef 2.8, backtest took 44.275s, score is -68767.289
Preparing algo ...
Test start ...
Test Done ...
rolling 1000, rolling sigma 600, sd_coef 2.9, backtest took 44.410s, score is -60840.623
Preparing algo ...
Test start ...
Test Done ...
rolling 1000, rolling sigma 700, sd_coef 1.5, backtest took 44.410s, score is -138308.483
Preparing algo ...
Test start ...
Test Done ...
rolling 1000, rolling sigma 700, sd_coef 1.6, backtest took 44.145s, score is -124911.628
Preparing algo ...
Test start ...
Test Done ...
rolling 1000, rolling sigma 700, sd_coef 1.7, backtest took 43.969s, score is -113252.665
Preparing algo ...
Test start ...
Test Done ...
rolling 1000, rolling sigma 700, sd_coef 1.8, backtest took 44.210s, score is -104959.988
Preparing algo ...
Test start ...
Test Done ...
rolling 1000, rolling sigma 700, sd_coef 1.9, backtest took 44.199s, score is -103820.542
Preparing algo ...
Test start ...
Test Done ...
rolling 1000, rolling sigma 700, sd_coef 2.0, backtest took 43.855s, score is -92374.323
Preparing algo ...
Test start ...
Test Done ...
rolling 1000, rolling sigma 700, sd_coef 2.1, backtest took 44.358s, score is -86489.669
Preparing algo ...
Test start ...
Test Done ...
rolling 1000, rolling sigma 700, sd_coef 2.2, backtest took 44.249s, score is -80458.442
Preparing algo ...
Test start ...
Test Done ...
rolling 1000, rolling sigma 700, sd_coef 2.3, backtest took 44.527s, score is -77498.645
Preparing algo ...
Test start ...
Test Done ...
rolling 1000, rolling sigma 700, sd_coef 2.4, backtest took 44.241s, score is -71292.274
Preparing algo ...
Test start ...
Test Done ...
rolling 1000, rolling sigma 700, sd_coef 2.5, backtest took 44.532s, score is -66058.666
Preparing algo ...
Test start ...
Test Done ...
rolling 1000, rolling sigma 700, sd_coef 2.6, backtest took 44.569s, score is -65666.598
Preparing algo ...
Test start ...
Test Done ...
rolling 1000, rolling sigma 700, sd_coef 2.7, backtest took 44.426s, score is -65060.749
Preparing algo ...
Test start ...
Test Done ...
rolling 1000, rolling sigma 700, sd_coef 2.8, backtest took 44.433s, score is -64375.224
Preparing algo ...
Test start ...
Test Done ...
rolling 1000, rolling sigma 700, sd_coef 2.9, backtest took 44.524s, score is -68502.584
Preparing algo ...
Test start ...
Test Done ...
rolling 1000, rolling sigma 800, sd_coef 1.5, backtest took 44.312s, score is -126764.151
Preparing algo ...
Test start ...
Test Done ...
rolling 1000, rolling sigma 800, sd_coef 1.6, backtest took 44.748s, score is -104035.752
Preparing algo ...
Test start ...
Test Done ...
rolling 1000, rolling sigma 800, sd_coef 1.7, backtest took 44.595s, score is -95848.027
Preparing algo ...
Test start ...
Test Done ...
rolling 1000, rolling sigma 800, sd_coef 1.8, backtest took 43.918s, score is -91047.886
Preparing algo ...
Test start ...
Test Done ...
rolling 1000, rolling sigma 800, sd_coef 1.9, backtest took 44.537s, score is -92119.301
Preparing algo ...
Test start ...
Test Done ...
rolling 1000, rolling sigma 800, sd_coef 2.0, backtest took 44.288s, score is -96066.791
Preparing algo ...
Test start ...
Test Done ...
rolling 1000, rolling sigma 800, sd_coef 2.1, backtest took 44.459s, score is -107059.863
Preparing algo ...
Test start ...
Test Done ...
rolling 1000, rolling sigma 800, sd_coef 2.2, backtest took 44.387s, score is -107490.597
Preparing algo ...
Test start ...
Test Done ...
rolling 1000, rolling sigma 800, sd_coef 2.3, backtest took 44.291s, score is -119446.792
Preparing algo ...
Test start ...
Test Done ...
rolling 1000, rolling sigma 800, sd_coef 2.4, backtest took 44.394s, score is -123258.736
Preparing algo ...
Test start ...
Test Done ...
rolling 1000, rolling sigma 800, sd_coef 2.5, backtest took 44.754s, score is -119207.491
Preparing algo ...
Test start ...
Test Done ...
rolling 1000, rolling sigma 800, sd_coef 2.6, backtest took 44.159s, score is -118204.372
Preparing algo ...
Test start ...
Test Done ...
rolling 1000, rolling sigma 800, sd_coef 2.7, backtest took 44.224s, score is -119334.673
Preparing algo ...
Test start ...
Test Done ...
rolling 1000, rolling sigma 800, sd_coef 2.8, backtest took 44.261s, score is -118586.279
Preparing algo ...
Test start ...
Test Done ...
rolling 1000, rolling sigma 800, sd_coef 2.9, backtest took 44.060s, score is -119642.957
Preparing algo ...
Test start ...
Test Done ...
rolling 1000, rolling sigma 900, sd_coef 1.5, backtest took 44.293s, score is -211687.458
Preparing algo ...
Test start ...
Test Done ...
rolling 1000, rolling sigma 900, sd_coef 1.6, backtest took 44.717s, score is -184908.362
Preparing algo ...
Test start ...
Test Done ...
rolling 1000, rolling sigma 900, sd_coef 1.7, backtest took 44.166s, score is -163282.167
Preparing algo ...
Test start ...
Test Done ...
rolling 1000, rolling sigma 900, sd_coef 1.8, backtest took 44.347s, score is -145905.681
Preparing algo ...
Test start ...
Test Done ...
rolling 1000, rolling sigma 900, sd_coef 1.9, backtest took 44.302s, score is -140753.801
Preparing algo ...
Test start ...
Test Done ...
rolling 1000, rolling sigma 900, sd_coef 2.0, backtest took 44.243s, score is -131265.358
Preparing algo ...
Test start ...
Test Done ...
rolling 1000, rolling sigma 900, sd_coef 2.1, backtest took 44.120s, score is -125488.693
Preparing algo ...
Test start ...
Test Done ...
rolling 1000, rolling sigma 900, sd_coef 2.2, backtest took 44.198s, score is -123324.721
Preparing algo ...
Test start ...
Test Done ...
rolling 1000, rolling sigma 900, sd_coef 2.3, backtest took 44.320s, score is -125941.759
Preparing algo ...
Test start ...
Test Done ...
rolling 1000, rolling sigma 900, sd_coef 2.4, backtest took 44.394s, score is -131427.119
Preparing algo ...
Test start ...
Test Done ...
rolling 1000, rolling sigma 900, sd_coef 2.5, backtest took 44.456s, score is -136721.912
Preparing algo ...
Test start ...
Test Done ...
rolling 1000, rolling sigma 900, sd_coef 2.6, backtest took 44.326s, score is -137148.777
Preparing algo ...
Test start ...
Test Done ...
rolling 1000, rolling sigma 900, sd_coef 2.7, backtest took 44.251s, score is -141123.690
Preparing algo ...
Test start ...
Test Done ...
rolling 1000, rolling sigma 900, sd_coef 2.8, backtest took 44.532s, score is -139519.535
Preparing algo ...
Test start ...
Test Done ...
rolling 1000, rolling sigma 900, sd_coef 2.9, backtest took 44.461s, score is -141434.362
Preparing algo ...
Test start ...
Test Done ...
rolling 1500, rolling sigma 100, sd_coef 1.5, backtest took 44.331s, score is -129023.715
Preparing algo ...
Test start ...
Test Done ...
rolling 1500, rolling sigma 100, sd_coef 1.6, backtest took 44.382s, score is -114404.065
Preparing algo ...
Test start ...
Test Done ...
rolling 1500, rolling sigma 100, sd_coef 1.7, backtest took 44.538s, score is -104327.195
Preparing algo ...
Test start ...
Test Done ...
rolling 1500, rolling sigma 100, sd_coef 1.8, backtest took 44.587s, score is -104183.870
Preparing algo ...
Test start ...
Test Done ...
rolling 1500, rolling sigma 100, sd_coef 1.9, backtest took 44.238s, score is -88324.537
Preparing algo ...
Test start ...
Test Done ...
rolling 1500, rolling sigma 100, sd_coef 2.0, backtest took 44.589s, score is -83933.263
Preparing algo ...
Test start ...
Test Done ...
rolling 1500, rolling sigma 100, sd_coef 2.1, backtest took 44.278s, score is -81925.722
Preparing algo ...
Test start ...
Test Done ...
rolling 1500, rolling sigma 100, sd_coef 2.2, backtest took 44.412s, score is -72800.916
Preparing algo ...
Test start ...
Test Done ...
rolling 1500, rolling sigma 100, sd_coef 2.3, backtest took 44.405s, score is -66638.843
Preparing algo ...
Test start ...
Test Done ...
rolling 1500, rolling sigma 100, sd_coef 2.4, backtest took 44.342s, score is -60027.690
Preparing algo ...
Test start ...
Test Done ...
rolling 1500, rolling sigma 100, sd_coef 2.5, backtest took 44.751s, score is -59216.058
Preparing algo ...
Test start ...
Test Done ...
rolling 1500, rolling sigma 100, sd_coef 2.6, backtest took 44.736s, score is -51749.153
Preparing algo ...
Test start ...
Test Done ...
rolling 1500, rolling sigma 100, sd_coef 2.7, backtest took 44.513s, score is -39089.897
Preparing algo ...
Test start ...
Test Done ...
rolling 1500, rolling sigma 100, sd_coef 2.8, backtest took 44.446s, score is -37448.474
Preparing algo ...
Test start ...
Test Done ...
rolling 1500, rolling sigma 100, sd_coef 2.9, backtest took 43.656s, score is -29779.690
Preparing algo ...
Test start ...
Test Done ...
rolling 1500, rolling sigma 200, sd_coef 1.5, backtest took 44.898s, score is -112110.273
Preparing algo ...
Test start ...
Test Done ...
rolling 1500, rolling sigma 200, sd_coef 1.6, backtest took 44.563s, score is -106833.635
Preparing algo ...
Test start ...
Test Done ...
rolling 1500, rolling sigma 200, sd_coef 1.7, backtest took 44.754s, score is -97654.393
Preparing algo ...
Test start ...
Test Done ...
rolling 1500, rolling sigma 200, sd_coef 1.8, backtest took 44.371s, score is -93628.360
Preparing algo ...
Test start ...
Test Done ...
rolling 1500, rolling sigma 200, sd_coef 1.9, backtest took 44.542s, score is -79823.021
Preparing algo ...
Test start ...
Test Done ...
rolling 1500, rolling sigma 200, sd_coef 2.0, backtest took 44.291s, score is -68851.467
Preparing algo ...
Test start ...
Test Done ...
rolling 1500, rolling sigma 200, sd_coef 2.1, backtest took 44.603s, score is -59983.757
Preparing algo ...
Test start ...
Test Done ...
rolling 1500, rolling sigma 200, sd_coef 2.2, backtest took 44.235s, score is -61711.478
Preparing algo ...
Test start ...
Test Done ...
rolling 1500, rolling sigma 200, sd_coef 2.3, backtest took 44.474s, score is -56306.994
Preparing algo ...
Test start ...
Test Done ...
rolling 1500, rolling sigma 200, sd_coef 2.4, backtest took 44.482s, score is -50409.632
Preparing algo ...
Test start ...
Test Done ...
rolling 1500, rolling sigma 200, sd_coef 2.5, backtest took 44.620s, score is -42097.339
Preparing algo ...
Test start ...
Test Done ...
rolling 1500, rolling sigma 200, sd_coef 2.6, backtest took 44.665s, score is -42691.187
Preparing algo ...
Test start ...
Test Done ...
rolling 1500, rolling sigma 200, sd_coef 2.7, backtest took 44.651s, score is -35981.645
Preparing algo ...
Test start ...
Test Done ...
rolling 1500, rolling sigma 200, sd_coef 2.8, backtest took 44.488s, score is -32200.254
Preparing algo ...
Test start ...
Test Done ...
rolling 1500, rolling sigma 200, sd_coef 2.9, backtest took 44.677s, score is -28985.711
Preparing algo ...
Test start ...
Test Done ...
rolling 1500, rolling sigma 300, sd_coef 1.5, backtest took 44.458s, score is -64964.929
Preparing algo ...
Test start ...
Test Done ...
rolling 1500, rolling sigma 300, sd_coef 1.6, backtest took 44.277s, score is -50823.643
Preparing algo ...
Test start ...
Test Done ...
rolling 1500, rolling sigma 300, sd_coef 1.7, backtest took 44.703s, score is -45578.098
Preparing algo ...
Test start ...
Test Done ...
rolling 1500, rolling sigma 300, sd_coef 1.8, backtest took 44.364s, score is -48322.164
Preparing algo ...
Test start ...
Test Done ...
rolling 1500, rolling sigma 300, sd_coef 1.9, backtest took 43.711s, score is -43940.454
Preparing algo ...
Test start ...
Test Done ...
rolling 1500, rolling sigma 300, sd_coef 2.0, backtest took 44.772s, score is -43316.182
Preparing algo ...
Test start ...
Test Done ...
rolling 1500, rolling sigma 300, sd_coef 2.1, backtest took 44.575s, score is -40958.216
Preparing algo ...
Test start ...
Test Done ...
rolling 1500, rolling sigma 300, sd_coef 2.2, backtest took 44.585s, score is -45205.577
Preparing algo ...
Test start ...
Test Done ...
rolling 1500, rolling sigma 300, sd_coef 2.3, backtest took 44.580s, score is -50511.807
Preparing algo ...
Test start ...
Test Done ...
rolling 1500, rolling sigma 300, sd_coef 2.4, backtest took 44.323s, score is -51656.428
Preparing algo ...
Test start ...
Test Done ...
rolling 1500, rolling sigma 300, sd_coef 2.5, backtest took 44.459s, score is -45273.631
Preparing algo ...
Test start ...
Test Done ...
rolling 1500, rolling sigma 300, sd_coef 2.6, backtest took 44.362s, score is -41429.156
Preparing algo ...
Test start ...
Test Done ...
rolling 1500, rolling sigma 300, sd_coef 2.7, backtest took 44.491s, score is -37842.671
Preparing algo ...
Test start ...
Test Done ...
rolling 1500, rolling sigma 300, sd_coef 2.8, backtest took 44.423s, score is -35508.927
Preparing algo ...
Test start ...
Test Done ...
rolling 1500, rolling sigma 300, sd_coef 2.9, backtest took 44.464s, score is -29934.847
Preparing algo ...
Test start ...
Test Done ...
rolling 1500, rolling sigma 400, sd_coef 1.5, backtest took 44.662s, score is -62121.653
Preparing algo ...
Test start ...
Test Done ...
rolling 1500, rolling sigma 400, sd_coef 1.6, backtest took 44.250s, score is -56577.355
Preparing algo ...
Test start ...
Test Done ...
rolling 1500, rolling sigma 400, sd_coef 1.7, backtest took 44.204s, score is -62521.883
Preparing algo ...
Test start ...
Test Done ...
rolling 1500, rolling sigma 400, sd_coef 1.8, backtest took 44.168s, score is -59460.840
Preparing algo ...
Test start ...
Test Done ...
rolling 1500, rolling sigma 400, sd_coef 1.9, backtest took 44.318s, score is -62001.733
Preparing algo ...
Test start ...
Test Done ...
rolling 1500, rolling sigma 400, sd_coef 2.0, backtest took 44.924s, score is -66404.168
Preparing algo ...
Test start ...
Test Done ...
rolling 1500, rolling sigma 400, sd_coef 2.1, backtest took 44.399s, score is -66797.676
Preparing algo ...
Test start ...
Test Done ...
rolling 1500, rolling sigma 400, sd_coef 2.2, backtest took 44.447s, score is -72457.849
Preparing algo ...
Test start ...
Test Done ...
rolling 1500, rolling sigma 400, sd_coef 2.3, backtest took 43.908s, score is -75840.753
Preparing algo ...
Test start ...
Test Done ...
rolling 1500, rolling sigma 400, sd_coef 2.4, backtest took 44.995s, score is -75684.783
Preparing algo ...
Test start ...
Test Done ...
rolling 1500, rolling sigma 400, sd_coef 2.5, backtest took 44.355s, score is -70603.458
Preparing algo ...
Test start ...
Test Done ...
rolling 1500, rolling sigma 400, sd_coef 2.6, backtest took 44.828s, score is -63499.058
Preparing algo ...
Test start ...
Test Done ...
rolling 1500, rolling sigma 400, sd_coef 2.7, backtest took 44.337s, score is -62092.258
Preparing algo ...
Test start ...
Test Done ...
rolling 1500, rolling sigma 400, sd_coef 2.8, backtest took 44.354s, score is -61443.419
Preparing algo ...
Test start ...
Test Done ...
rolling 1500, rolling sigma 400, sd_coef 2.9, backtest took 43.970s, score is -60799.982
Preparing algo ...
Test start ...
Test Done ...
rolling 1500, rolling sigma 500, sd_coef 1.5, backtest took 45.283s, score is -54840.178
Preparing algo ...
Test start ...
Test Done ...
rolling 1500, rolling sigma 500, sd_coef 1.6, backtest took 44.543s, score is -39558.934
Preparing algo ...
Test start ...
Test Done ...
rolling 1500, rolling sigma 500, sd_coef 1.7, backtest took 44.730s, score is -36698.408
Preparing algo ...
Test start ...
Test Done ...
rolling 1500, rolling sigma 500, sd_coef 1.8, backtest took 44.895s, score is -33892.797
Preparing algo ...
Test start ...
Test Done ...
rolling 1500, rolling sigma 500, sd_coef 1.9, backtest took 44.308s, score is -33416.124
Preparing algo ...
Test start ...
Test Done ...
rolling 1500, rolling sigma 500, sd_coef 2.0, backtest took 44.627s, score is -34637.985
Preparing algo ...
Test start ...
Test Done ...
rolling 1500, rolling sigma 500, sd_coef 2.1, backtest took 44.258s, score is -38993.231
Preparing algo ...
Test start ...
Test Done ...
rolling 1500, rolling sigma 500, sd_coef 2.2, backtest took 44.330s, score is -38980.878
Preparing algo ...
Test start ...
Test Done ...
rolling 1500, rolling sigma 500, sd_coef 2.3, backtest took 43.703s, score is -41938.882
Preparing algo ...
Test start ...
Test Done ...
rolling 1500, rolling sigma 500, sd_coef 2.4, backtest took 44.870s, score is -40143.302
Preparing algo ...
Test start ...
Test Done ...
rolling 1500, rolling sigma 500, sd_coef 2.5, backtest took 44.228s, score is -41605.022
Preparing algo ...
Test start ...
Test Done ...
rolling 1500, rolling sigma 500, sd_coef 2.6, backtest took 44.693s, score is -40212.449
Preparing algo ...
Test start ...
Test Done ...
rolling 1500, rolling sigma 500, sd_coef 2.7, backtest took 44.427s, score is -39541.874
Preparing algo ...
Test start ...
Test Done ...
rolling 1500, rolling sigma 500, sd_coef 2.8, backtest took 44.223s, score is -34074.175
Preparing algo ...
Test start ...
Test Done ...
rolling 1500, rolling sigma 500, sd_coef 2.9, backtest took 43.738s, score is -32681.595
Preparing algo ...
Test start ...
Test Done ...
rolling 1500, rolling sigma 600, sd_coef 1.5, backtest took 45.001s, score is -18854.451
Preparing algo ...
Test start ...
Test Done ...
rolling 1500, rolling sigma 600, sd_coef 1.6, backtest took 44.402s, score is -16917.430
Preparing algo ...
Test start ...
Test Done ...
rolling 1500, rolling sigma 600, sd_coef 1.7, backtest took 44.638s, score is -16144.194
Preparing algo ...
Test start ...
Test Done ...
rolling 1500, rolling sigma 600, sd_coef 1.8, backtest took 44.416s, score is -23021.510
Preparing algo ...
Test start ...
Test Done ...
rolling 1500, rolling sigma 600, sd_coef 1.9, backtest took 44.240s, score is -20801.764
Preparing algo ...
Test start ...
Test Done ...
rolling 1500, rolling sigma 600, sd_coef 2.0, backtest took 44.724s, score is -14670.276
Preparing algo ...
Test start ...
Test Done ...
rolling 1500, rolling sigma 600, sd_coef 2.1, backtest took 44.619s, score is -10498.847
Preparing algo ...
Test start ...
Test Done ...
rolling 1500, rolling sigma 600, sd_coef 2.2, backtest took 44.667s, score is -15702.238
Preparing algo ...
Test start ...
Test Done ...
rolling 1500, rolling sigma 600, sd_coef 2.3, backtest took 44.212s, score is -21106.941
Preparing algo ...
Test start ...
Test Done ...
rolling 1500, rolling sigma 600, sd_coef 2.4, backtest took 45.133s, score is -18969.185
Preparing algo ...
Test start ...
Test Done ...
rolling 1500, rolling sigma 600, sd_coef 2.5, backtest took 44.350s, score is -25953.325
Preparing algo ...
Test start ...
Test Done ...
rolling 1500, rolling sigma 600, sd_coef 2.6, backtest took 44.369s, score is -27897.381
Preparing algo ...
Test start ...
Test Done ...
rolling 1500, rolling sigma 600, sd_coef 2.7, backtest took 44.579s, score is -30448.021
Preparing algo ...
Test start ...
Test Done ...
rolling 1500, rolling sigma 600, sd_coef 2.8, backtest took 44.496s, score is -29884.535
Preparing algo ...
Test start ...
Test Done ...
rolling 1500, rolling sigma 600, sd_coef 2.9, backtest took 44.829s, score is -28816.207
Preparing algo ...
Test start ...
Test Done ...
rolling 1500, rolling sigma 700, sd_coef 1.5, backtest took 44.412s, score is -39326.755
Preparing algo ...
Test start ...
Test Done ...
rolling 1500, rolling sigma 700, sd_coef 1.6, backtest took 44.503s, score is -31295.502
Preparing algo ...
Test start ...
Test Done ...
rolling 1500, rolling sigma 700, sd_coef 1.7, backtest took 44.630s, score is -28709.313
Preparing algo ...
Test start ...
Test Done ...
rolling 1500, rolling sigma 700, sd_coef 1.8, backtest took 44.434s, score is -28125.555
Preparing algo ...
Test start ...
Test Done ...
rolling 1500, rolling sigma 700, sd_coef 1.9, backtest took 44.565s, score is -42419.053
Preparing algo ...
Test start ...
Test Done ...
rolling 1500, rolling sigma 700, sd_coef 2.0, backtest took 44.665s, score is -45754.831
Preparing algo ...
Test start ...
Test Done ...
rolling 1500, rolling sigma 700, sd_coef 2.1, backtest took 44.284s, score is -44228.959
Preparing algo ...
Test start ...
Test Done ...
rolling 1500, rolling sigma 700, sd_coef 2.2, backtest took 44.357s, score is -49084.151
Preparing algo ...
Test start ...
Test Done ...
rolling 1500, rolling sigma 700, sd_coef 2.3, backtest took 44.277s, score is -53013.494
Preparing algo ...
Test start ...
Test Done ...
rolling 1500, rolling sigma 700, sd_coef 2.4, backtest took 44.406s, score is -55329.385
Preparing algo ...
Test start ...
Test Done ...
rolling 1500, rolling sigma 700, sd_coef 2.5, backtest took 44.549s, score is -54689.051
Preparing algo ...
Test start ...
Test Done ...
rolling 1500, rolling sigma 700, sd_coef 2.6, backtest took 44.238s, score is -48847.661
Preparing algo ...
Test start ...
Test Done ...
rolling 1500, rolling sigma 700, sd_coef 2.7, backtest took 44.538s, score is -47215.285
Preparing algo ...
Test start ...
Test Done ...
rolling 1500, rolling sigma 700, sd_coef 2.8, backtest took 44.253s, score is -47526.068
Preparing algo ...
Test start ...
Test Done ...
rolling 1500, rolling sigma 700, sd_coef 2.9, backtest took 44.621s, score is -48450.026
Preparing algo ...
Test start ...
Test Done ...
rolling 1500, rolling sigma 800, sd_coef 1.5, backtest took 44.645s, score is -40434.021
Preparing algo ...
Test start ...
Test Done ...
rolling 1500, rolling sigma 800, sd_coef 1.6, backtest took 44.773s, score is -29199.957
Preparing algo ...
Test start ...
Test Done ...
rolling 1500, rolling sigma 800, sd_coef 1.7, backtest took 44.488s, score is -27469.612
Preparing algo ...
Test start ...
Test Done ...
rolling 1500, rolling sigma 800, sd_coef 1.8, backtest took 44.254s, score is -24657.149
Preparing algo ...
Test start ...
Test Done ...
rolling 1500, rolling sigma 800, sd_coef 1.9, backtest took 44.314s, score is -20817.285
Preparing algo ...
Test start ...
Test Done ...
rolling 1500, rolling sigma 800, sd_coef 2.0, backtest took 44.742s, score is -23356.483
Preparing algo ...
Test start ...
Test Done ...
rolling 1500, rolling sigma 800, sd_coef 2.1, backtest took 44.506s, score is -21851.066
Preparing algo ...
Test start ...
Test Done ...
rolling 1500, rolling sigma 800, sd_coef 2.2, backtest took 44.556s, score is -30925.487
Preparing algo ...
Test start ...
Test Done ...
rolling 1500, rolling sigma 800, sd_coef 2.3, backtest took 43.789s, score is -34761.358
Preparing algo ...
Test start ...
Test Done ...
rolling 1500, rolling sigma 800, sd_coef 2.4, backtest took 44.991s, score is -36730.653
Preparing algo ...
Test start ...
Test Done ...
rolling 1500, rolling sigma 800, sd_coef 2.5, backtest took 44.590s, score is -39692.379
Preparing algo ...
Test start ...
Test Done ...
rolling 1500, rolling sigma 800, sd_coef 2.6, backtest took 44.626s, score is -39412.202
Preparing algo ...
Test start ...
Test Done ...
rolling 1500, rolling sigma 800, sd_coef 2.7, backtest took 44.697s, score is -41620.924
Preparing algo ...
Test start ...
Test Done ...
rolling 1500, rolling sigma 800, sd_coef 2.8, backtest took 44.571s, score is -39807.227
Preparing algo ...
Test start ...
Test Done ...
rolling 1500, rolling sigma 800, sd_coef 2.9, backtest took 44.441s, score is -43068.157
Preparing algo ...
Test start ...
Test Done ...
rolling 1500, rolling sigma 900, sd_coef 1.5, backtest took 44.636s, score is -46716.725
Preparing algo ...
Test start ...
Test Done ...
rolling 1500, rolling sigma 900, sd_coef 1.6, backtest took 44.387s, score is -44422.819
Preparing algo ...
Test start ...
Test Done ...
rolling 1500, rolling sigma 900, sd_coef 1.7, backtest took 44.480s, score is -38820.953
Preparing algo ...
Test start ...
Test Done ...
rolling 1500, rolling sigma 900, sd_coef 1.8, backtest took 44.305s, score is -36018.736
Preparing algo ...
Test start ...
Test Done ...
rolling 1500, rolling sigma 900, sd_coef 1.9, backtest took 44.480s, score is -43003.669
Preparing algo ...
Test start ...
Test Done ...
rolling 1500, rolling sigma 900, sd_coef 2.0, backtest took 44.359s, score is -40776.386
Preparing algo ...
Test start ...
Test Done ...
rolling 1500, rolling sigma 900, sd_coef 2.1, backtest took 44.887s, score is -44038.682
Preparing algo ...
Test start ...
Test Done ...
rolling 1500, rolling sigma 900, sd_coef 2.2, backtest took 44.223s, score is -52892.965
Preparing algo ...
Test start ...
Test Done ...
rolling 1500, rolling sigma 900, sd_coef 2.3, backtest took 44.709s, score is -52267.097
Preparing algo ...
Test start ...
Test Done ...
rolling 1500, rolling sigma 900, sd_coef 2.4, backtest took 44.526s, score is -54313.718
Preparing algo ...
Test start ...
Test Done ...
rolling 1500, rolling sigma 900, sd_coef 2.5, backtest took 44.271s, score is -51401.638
Preparing algo ...
Test start ...
Test Done ...
rolling 1500, rolling sigma 900, sd_coef 2.6, backtest took 44.545s, score is -49089.561
Preparing algo ...
Test start ...
Test Done ...
rolling 1500, rolling sigma 900, sd_coef 2.7, backtest took 44.336s, score is -45085.546
Preparing algo ...
Test start ...
Test Done ...
rolling 1500, rolling sigma 900, sd_coef 2.8, backtest took 44.851s, score is -43014.218
Preparing algo ...
Test start ...
Test Done ...
rolling 1500, rolling sigma 900, sd_coef 2.9, backtest took 44.471s, score is -44059.691
Preparing algo ...
Test start ...
Test Done ...
rolling 2000, rolling sigma 100, sd_coef 1.5, backtest took 44.586s, score is -137194.726
Preparing algo ...
Test start ...
Test Done ...
rolling 2000, rolling sigma 100, sd_coef 1.6, backtest took 43.985s, score is -119177.936
Preparing algo ...
Test start ...
Test Done ...
rolling 2000, rolling sigma 100, sd_coef 1.7, backtest took 45.149s, score is -109045.269
Preparing algo ...
Test start ...
Test Done ...
rolling 2000, rolling sigma 100, sd_coef 1.8, backtest took 44.689s, score is -101096.704
Preparing algo ...
Test start ...
Test Done ...
rolling 2000, rolling sigma 100, sd_coef 1.9, backtest took 44.437s, score is -92726.906
Preparing algo ...
Test start ...
Test Done ...
rolling 2000, rolling sigma 100, sd_coef 2.0, backtest took 44.617s, score is -82572.834
Preparing algo ...
Test start ...
Test Done ...
rolling 2000, rolling sigma 100, sd_coef 2.1, backtest took 44.533s, score is -81016.433
Preparing algo ...
Test start ...
Test Done ...
rolling 2000, rolling sigma 100, sd_coef 2.2, backtest took 44.612s, score is -73260.794
Preparing algo ...
Test start ...
Test Done ...
rolling 2000, rolling sigma 100, sd_coef 2.3, backtest took 44.755s, score is -74333.994
Preparing algo ...
Test start ...
Test Done ...
rolling 2000, rolling sigma 100, sd_coef 2.4, backtest took 44.473s, score is -74154.182
Preparing algo ...
Test start ...
Test Done ...
rolling 2000, rolling sigma 100, sd_coef 2.5, backtest took 44.439s, score is -67462.148
Preparing algo ...
Test start ...
Test Done ...
rolling 2000, rolling sigma 100, sd_coef 2.6, backtest took 44.430s, score is -60127.603
Preparing algo ...
Test start ...
Test Done ...
rolling 2000, rolling sigma 100, sd_coef 2.7, backtest took 44.528s, score is -56652.668
Preparing algo ...
Test start ...
Test Done ...
rolling 2000, rolling sigma 100, sd_coef 2.8, backtest took 44.380s, score is -51395.126
Preparing algo ...
Test start ...
Test Done ...
rolling 2000, rolling sigma 100, sd_coef 2.9, backtest took 44.575s, score is -43745.021
Preparing algo ...
Test start ...
Test Done ...
rolling 2000, rolling sigma 200, sd_coef 1.5, backtest took 44.397s, score is -81881.863
Preparing algo ...
Test start ...
Test Done ...
rolling 2000, rolling sigma 200, sd_coef 1.6, backtest took 44.694s, score is -74830.187
Preparing algo ...
Test start ...
Test Done ...
rolling 2000, rolling sigma 200, sd_coef 1.7, backtest took 44.557s, score is -74101.478
Preparing algo ...
Test start ...
Test Done ...
rolling 2000, rolling sigma 200, sd_coef 1.8, backtest took 44.482s, score is -66187.896
Preparing algo ...
Test start ...
Test Done ...
rolling 2000, rolling sigma 200, sd_coef 1.9, backtest took 44.641s, score is -57084.416
Preparing algo ...
Test start ...
Test Done ...
rolling 2000, rolling sigma 200, sd_coef 2.0, backtest took 44.680s, score is -58573.057
Preparing algo ...
Test start ...
Test Done ...
rolling 2000, rolling sigma 200, sd_coef 2.1, backtest took 44.560s, score is -57531.719
Preparing algo ...
Test start ...
Test Done ...
rolling 2000, rolling sigma 200, sd_coef 2.2, backtest took 43.776s, score is -48401.522
Preparing algo ...
Test start ...
Test Done ...
rolling 2000, rolling sigma 200, sd_coef 2.3, backtest took 44.855s, score is -46874.406
Preparing algo ...
Test start ...
Test Done ...
rolling 2000, rolling sigma 200, sd_coef 2.4, backtest took 45.045s, score is -39957.092
Preparing algo ...
Test start ...
Test Done ...
rolling 2000, rolling sigma 200, sd_coef 2.5, backtest took 44.596s, score is -41021.757
Preparing algo ...
Test start ...
Test Done ...
rolling 2000, rolling sigma 200, sd_coef 2.6, backtest took 44.886s, score is -41345.139
Preparing algo ...
Test start ...
Test Done ...
rolling 2000, rolling sigma 200, sd_coef 2.7, backtest took 44.895s, score is -40296.707
Preparing algo ...
Test start ...
Test Done ...
rolling 2000, rolling sigma 200, sd_coef 2.8, backtest took 44.742s, score is -39683.229
Preparing algo ...
Test start ...
Test Done ...
rolling 2000, rolling sigma 200, sd_coef 2.9, backtest took 44.516s, score is -38761.822
Preparing algo ...
Test start ...
Test Done ...
rolling 2000, rolling sigma 300, sd_coef 1.5, backtest took 44.559s, score is -38511.575
Preparing algo ...
Test start ...
Test Done ...
rolling 2000, rolling sigma 300, sd_coef 1.6, backtest took 43.861s, score is -27282.580
Preparing algo ...
Test start ...
Test Done ...
rolling 2000, rolling sigma 300, sd_coef 1.7, backtest took 44.788s, score is -25920.281
Preparing algo ...
Test start ...
Test Done ...
rolling 2000, rolling sigma 300, sd_coef 1.8, backtest took 44.657s, score is -30103.055
Preparing algo ...
Test start ...
Test Done ...
rolling 2000, rolling sigma 300, sd_coef 1.9, backtest took 44.317s, score is -29311.263
Preparing algo ...
Test start ...
Test Done ...
rolling 2000, rolling sigma 300, sd_coef 2.0, backtest took 44.681s, score is -24410.813
Preparing algo ...
Test start ...
Test Done ...
rolling 2000, rolling sigma 300, sd_coef 2.1, backtest took 44.480s, score is -23732.283
Preparing algo ...
Test start ...
Test Done ...
rolling 2000, rolling sigma 300, sd_coef 2.2, backtest took 44.403s, score is -27479.836
Preparing algo ...
Test start ...
Test Done ...
rolling 2000, rolling sigma 300, sd_coef 2.3, backtest took 44.456s, score is -30784.288
Preparing algo ...
Test start ...
Test Done ...
rolling 2000, rolling sigma 300, sd_coef 2.4, backtest took 44.389s, score is -33759.868
Preparing algo ...
Test start ...
Test Done ...
rolling 2000, rolling sigma 300, sd_coef 2.5, backtest took 44.202s, score is -34994.535
Preparing algo ...
Test start ...
Test Done ...
rolling 2000, rolling sigma 300, sd_coef 2.6, backtest took 44.616s, score is -34072.477
Preparing algo ...
Test start ...
Test Done ...
rolling 2000, rolling sigma 300, sd_coef 2.7, backtest took 44.457s, score is -31328.000
Preparing algo ...
Test start ...
Test Done ...
rolling 2000, rolling sigma 300, sd_coef 2.8, backtest took 44.904s, score is -28172.769
Preparing algo ...
Test start ...
Test Done ...
rolling 2000, rolling sigma 300, sd_coef 2.9, backtest took 44.544s, score is -28549.466
Preparing algo ...
Test start ...
Test Done ...
rolling 2000, rolling sigma 400, sd_coef 1.5, backtest took 44.528s, score is -27097.892
Preparing algo ...
Test start ...
Test Done ...
rolling 2000, rolling sigma 400, sd_coef 1.6, backtest took 44.587s, score is -18195.072
Preparing algo ...
Test start ...
Test Done ...
rolling 2000, rolling sigma 400, sd_coef 1.7, backtest took 44.326s, score is -23874.039
Preparing algo ...
Test start ...
Test Done ...
rolling 2000, rolling sigma 400, sd_coef 1.8, backtest took 44.697s, score is -24251.910
Preparing algo ...
Test start ...
Test Done ...
rolling 2000, rolling sigma 400, sd_coef 1.9, backtest took 44.336s, score is -25765.530
Preparing algo ...
Test start ...
Test Done ...
rolling 2000, rolling sigma 400, sd_coef 2.0, backtest took 44.507s, score is -26583.283
Preparing algo ...
Test start ...
Test Done ...
rolling 2000, rolling sigma 400, sd_coef 2.1, backtest took 44.612s, score is -21960.392
Preparing algo ...
Test start ...
Test Done ...
rolling 2000, rolling sigma 400, sd_coef 2.2, backtest took 44.828s, score is -22282.130
Preparing algo ...
Test start ...
Test Done ...
rolling 2000, rolling sigma 400, sd_coef 2.3, backtest took 44.818s, score is -24805.692
Preparing algo ...
Test start ...
Test Done ...
rolling 2000, rolling sigma 400, sd_coef 2.4, backtest took 44.572s, score is -25068.192
Preparing algo ...
Test start ...
Test Done ...
rolling 2000, rolling sigma 400, sd_coef 2.5, backtest took 44.305s, score is -26026.797
Preparing algo ...
Test start ...
Test Done ...
rolling 2000, rolling sigma 400, sd_coef 2.6, backtest took 44.569s, score is -30448.380
Preparing algo ...
Test start ...
Test Done ...
rolling 2000, rolling sigma 400, sd_coef 2.7, backtest took 44.666s, score is -27615.010
Preparing algo ...
Test start ...
Test Done ...
rolling 2000, rolling sigma 400, sd_coef 2.8, backtest took 44.533s, score is -24392.520
Preparing algo ...
Test start ...
Test Done ...
rolling 2000, rolling sigma 400, sd_coef 2.9, backtest took 44.400s, score is -25207.703
Preparing algo ...
Test start ...
Test Done ...
rolling 2000, rolling sigma 500, sd_coef 1.5, backtest took 43.795s, score is -19428.364
Preparing algo ...
Test start ...
Test Done ...
rolling 2000, rolling sigma 500, sd_coef 1.6, backtest took 45.067s, score is -19053.022
Preparing algo ...
Test start ...
Test Done ...
rolling 2000, rolling sigma 500, sd_coef 1.7, backtest took 44.292s, score is -29240.739
Preparing algo ...
Test start ...
Test Done ...
rolling 2000, rolling sigma 500, sd_coef 1.8, backtest took 44.595s, score is -21381.650
Preparing algo ...
Test start ...
Test Done ...
rolling 2000, rolling sigma 500, sd_coef 1.9, backtest took 44.290s, score is -23359.352
Preparing algo ...
Test start ...
Test Done ...
rolling 2000, rolling sigma 500, sd_coef 2.0, backtest took 44.457s, score is -22823.176
Preparing algo ...
Test start ...
Test Done ...
rolling 2000, rolling sigma 500, sd_coef 2.1, backtest took 44.278s, score is -26300.933
Preparing algo ...
Test start ...
Test Done ...
rolling 2000, rolling sigma 500, sd_coef 2.2, backtest took 44.304s, score is -30340.788
Preparing algo ...
Test start ...
Test Done ...
rolling 2000, rolling sigma 500, sd_coef 2.3, backtest took 45.246s, score is -36181.984
Preparing algo ...
Test start ...
Test Done ...
rolling 2000, rolling sigma 500, sd_coef 2.4, backtest took 44.842s, score is -40465.193
Preparing algo ...
Test start ...
Test Done ...
rolling 2000, rolling sigma 500, sd_coef 2.5, backtest took 44.736s, score is -40060.641
Preparing algo ...
Test start ...
Test Done ...
rolling 2000, rolling sigma 500, sd_coef 2.6, backtest took 44.128s, score is -35249.041
Preparing algo ...
Test start ...
Test Done ...
rolling 2000, rolling sigma 500, sd_coef 2.7, backtest took 45.116s, score is -33387.328
Preparing algo ...
Test start ...
Test Done ...
rolling 2000, rolling sigma 500, sd_coef 2.8, backtest took 44.447s, score is -37325.946
Preparing algo ...
Test start ...
Test Done ...
rolling 2000, rolling sigma 500, sd_coef 2.9, backtest took 44.502s, score is -34465.295
Preparing algo ...
Test start ...
Test Done ...
rolling 2000, rolling sigma 600, sd_coef 1.5, backtest took 44.479s, score is 7541.298
Preparing algo ...
Test start ...
Test Done ...
rolling 2000, rolling sigma 600, sd_coef 1.6, backtest took 44.276s, score is 15245.130
Preparing algo ...
Test start ...
Test Done ...
rolling 2000, rolling sigma 600, sd_coef 1.7, backtest took 44.755s, score is 18476.276
Preparing algo ...
Test start ...
Test Done ...
rolling 2000, rolling sigma 600, sd_coef 1.8, backtest took 44.701s, score is 9236.508
Preparing algo ...
Test start ...
Test Done ...
rolling 2000, rolling sigma 600, sd_coef 1.9, backtest took 44.917s, score is 5175.245
Preparing algo ...
Test start ...
Test Done ...
rolling 2000, rolling sigma 600, sd_coef 2.0, backtest took 44.795s, score is 3173.263
Preparing algo ...
Test start ...
Test Done ...
rolling 2000, rolling sigma 600, sd_coef 2.1, backtest took 44.632s, score is 444.852
Preparing algo ...
Test start ...
Test Done ...
rolling 2000, rolling sigma 600, sd_coef 2.2, backtest took 44.591s, score is -5793.469
Preparing algo ...
Test start ...
Test Done ...
rolling 2000, rolling sigma 600, sd_coef 2.3, backtest took 44.511s, score is -11098.588
Preparing algo ...
Test start ...
Test Done ...
rolling 2000, rolling sigma 600, sd_coef 2.4, backtest took 44.572s, score is -15241.620
Preparing algo ...
Test start ...
Test Done ...
rolling 2000, rolling sigma 600, sd_coef 2.5, backtest took 44.490s, score is -16194.843
Preparing algo ...
Test start ...
Test Done ...
rolling 2000, rolling sigma 600, sd_coef 2.6, backtest took 44.471s, score is -16048.547
Preparing algo ...
Test start ...
Test Done ...
rolling 2000, rolling sigma 600, sd_coef 2.7, backtest took 44.848s, score is -16590.689
Preparing algo ...
Test start ...
Test Done ...
rolling 2000, rolling sigma 600, sd_coef 2.8, backtest took 44.428s, score is -16811.386
Preparing algo ...
Test start ...
Test Done ...
rolling 2000, rolling sigma 600, sd_coef 2.9, backtest took 44.254s, score is -14395.280
Preparing algo ...
Test start ...
Test Done ...
rolling 2000, rolling sigma 700, sd_coef 1.5, backtest took 43.769s, score is -11858.830
Preparing algo ...
Test start ...
Test Done ...
rolling 2000, rolling sigma 700, sd_coef 1.6, backtest took 45.094s, score is -9791.262
Preparing algo ...
Test start ...
Test Done ...
rolling 2000, rolling sigma 700, sd_coef 1.7, backtest took 44.469s, score is -2672.188
Preparing algo ...
Test start ...
Test Done ...
rolling 2000, rolling sigma 700, sd_coef 1.8, backtest took 44.629s, score is -1298.841
Preparing algo ...
Test start ...
Test Done ...
rolling 2000, rolling sigma 700, sd_coef 1.9, backtest took 45.018s, score is -9562.425
Preparing algo ...
Test start ...
Test Done ...
rolling 2000, rolling sigma 700, sd_coef 2.0, backtest took 44.436s, score is -14634.635
Preparing algo ...
Test start ...
Test Done ...
rolling 2000, rolling sigma 700, sd_coef 2.1, backtest took 44.652s, score is -12624.471
Preparing algo ...
Test start ...
Test Done ...
rolling 2000, rolling sigma 700, sd_coef 2.2, backtest took 44.433s, score is -15266.398
Preparing algo ...
Test start ...
Test Done ...
rolling 2000, rolling sigma 700, sd_coef 2.3, backtest took 44.719s, score is -17564.064
Preparing algo ...
Test start ...
Test Done ...
rolling 2000, rolling sigma 700, sd_coef 2.4, backtest took 44.690s, score is -20772.314
Preparing algo ...
Test start ...
Test Done ...
rolling 2000, rolling sigma 700, sd_coef 2.5, backtest took 44.836s, score is -18326.819
Preparing algo ...
Test start ...
Test Done ...
rolling 2000, rolling sigma 700, sd_coef 2.6, backtest took 44.442s, score is -21327.599
Preparing algo ...
Test start ...
Test Done ...
rolling 2000, rolling sigma 700, sd_coef 2.7, backtest took 44.292s, score is -26248.452
Preparing algo ...
Test start ...
Test Done ...
rolling 2000, rolling sigma 700, sd_coef 2.8, backtest took 43.631s, score is -25076.486
Preparing algo ...
Test start ...
Test Done ...
rolling 2000, rolling sigma 700, sd_coef 2.9, backtest took 44.899s, score is -24065.226
Preparing algo ...
Test start ...
Test Done ...
rolling 2000, rolling sigma 800, sd_coef 1.5, backtest took 44.526s, score is -8549.814
Preparing algo ...
Test start ...
Test Done ...
rolling 2000, rolling sigma 800, sd_coef 1.6, backtest took 44.893s, score is -1196.775
Preparing algo ...
Test start ...
Test Done ...
rolling 2000, rolling sigma 800, sd_coef 1.7, backtest took 44.418s, score is 817.749
Preparing algo ...
Test start ...
Test Done ...
rolling 2000, rolling sigma 800, sd_coef 1.8, backtest took 44.293s, score is 4115.114
Preparing algo ...
Test start ...
Test Done ...
rolling 2000, rolling sigma 800, sd_coef 1.9, backtest took 44.026s, score is -8964.967
Preparing algo ...
Test start ...
Test Done ...
rolling 2000, rolling sigma 800, sd_coef 2.0, backtest took 44.895s, score is -10823.121
Preparing algo ...
Test start ...
Test Done ...
rolling 2000, rolling sigma 800, sd_coef 2.1, backtest took 44.959s, score is -18845.822
Preparing algo ...
Test start ...
Test Done ...
rolling 2000, rolling sigma 800, sd_coef 2.2, backtest took 44.300s, score is -25607.189
Preparing algo ...
Test start ...
Test Done ...
rolling 2000, rolling sigma 800, sd_coef 2.3, backtest took 44.477s, score is -28117.378
Preparing algo ...
Test start ...
Test Done ...
rolling 2000, rolling sigma 800, sd_coef 2.4, backtest took 44.342s, score is -32260.737
Preparing algo ...
Test start ...
Test Done ...
rolling 2000, rolling sigma 800, sd_coef 2.5, backtest took 44.586s, score is -30447.384
Preparing algo ...
Test start ...
Test Done ...
rolling 2000, rolling sigma 800, sd_coef 2.6, backtest took 44.711s, score is -27113.396
Preparing algo ...
Test start ...
Test Done ...
rolling 2000, rolling sigma 800, sd_coef 2.7, backtest took 44.698s, score is -29799.645
Preparing algo ...
Test start ...
Test Done ...
rolling 2000, rolling sigma 800, sd_coef 2.8, backtest took 44.963s, score is -31582.928
Preparing algo ...
Test start ...
Test Done ...
rolling 2000, rolling sigma 800, sd_coef 2.9, backtest took 44.765s, score is -33525.628
Preparing algo ...
Test start ...
Test Done ...
rolling 2000, rolling sigma 900, sd_coef 1.5, backtest took 44.448s, score is -14738.957
Preparing algo ...
Test start ...
Test Done ...
rolling 2000, rolling sigma 900, sd_coef 1.6, backtest took 43.600s, score is -14267.026
Preparing algo ...
Test start ...
Test Done ...
rolling 2000, rolling sigma 900, sd_coef 1.7, backtest took 44.509s, score is -17868.429
Preparing algo ...
Test start ...
Test Done ...
rolling 2000, rolling sigma 900, sd_coef 1.8, backtest took 44.998s, score is -16516.932
Preparing algo ...
Test start ...
Test Done ...
rolling 2000, rolling sigma 900, sd_coef 1.9, backtest took 44.274s, score is -15870.480
Preparing algo ...
Test start ...
Test Done ...
rolling 2000, rolling sigma 900, sd_coef 2.0, backtest took 44.315s, score is -13571.224
Preparing algo ...
Test start ...
Test Done ...
rolling 2000, rolling sigma 900, sd_coef 2.1, backtest took 44.281s, score is -20951.809
Preparing algo ...
Test start ...
Test Done ...
rolling 2000, rolling sigma 900, sd_coef 2.2, backtest took 44.423s, score is -30726.603
Preparing algo ...
Test start ...
Test Done ...
rolling 2000, rolling sigma 900, sd_coef 2.3, backtest took 44.515s, score is -33531.653
Preparing algo ...
Test start ...
Test Done ...
rolling 2000, rolling sigma 900, sd_coef 2.4, backtest took 44.888s, score is -35861.550
Preparing algo ...
Test start ...
Test Done ...
rolling 2000, rolling sigma 900, sd_coef 2.5, backtest took 44.329s, score is -40260.569
Preparing algo ...
Test start ...
Test Done ...
rolling 2000, rolling sigma 900, sd_coef 2.6, backtest took 44.330s, score is -45844.571
Preparing algo ...
Test start ...
Test Done ...
rolling 2000, rolling sigma 900, sd_coef 2.7, backtest took 43.762s, score is -45847.188
Preparing algo ...
Test start ...
Test Done ...
rolling 2000, rolling sigma 900, sd_coef 2.8, backtest took 44.953s, score is -42637.396
Preparing algo ...
Test start ...
Test Done ...
rolling 2000, rolling sigma 900, sd_coef 2.9, backtest took 44.354s, score is -42241.321
