Using gpu device 0: Tesla K20m (CNMeM is disabled, CuDNN not available)
/home/rqiao/Theano/theano/tensor/signal/downsample.py:5: UserWarning: downsample module has been moved to the pool module.
  warnings.warn("downsample module has been moved to the pool module.")
/home/rqiao/python/lib/python2.7/site-packages/numpy/core/fromnumeric.py:2641: VisibleDeprecationWarning: `rank` is deprecated; use the `ndim` attribute or function instead. To find the rank of a matrix see `numpy.linalg.matrix_rank`.
  VisibleDeprecationWarning)
Loading data...
Building model and compiling functions...
Starting training...
Epoch 1 of 800 took 7.816s
  training loss:		14.928712
  test loss:		3.695222
  validation accuracy:		2.50 %
Epoch 2 of 800 took 7.798s
  training loss:		9.870671
  test loss:		3.689351
  validation accuracy:		3.50 %
Epoch 3 of 800 took 7.782s
  training loss:		9.079031
  test loss:		3.688574
  validation accuracy:		2.50 %
Epoch 4 of 800 took 7.787s
  training loss:		8.012697
  test loss:		3.688501
  validation accuracy:		2.50 %
Epoch 5 of 800 took 7.797s
  training loss:		6.903456
  test loss:		3.688496
  validation accuracy:		2.50 %
Epoch 6 of 800 took 7.795s
  training loss:		5.912817
  test loss:		3.688238
  validation accuracy:		3.00 %
Epoch 7 of 800 took 7.793s
  training loss:		5.137164
  test loss:		3.688298
  validation accuracy:		3.50 %
Epoch 8 of 800 took 22.720s
  training loss:		4.728583
  test loss:		3.688190
  validation accuracy:		2.50 %
Epoch 9 of 800 took 7.791s
  training loss:		4.554943
  test loss:		3.688137
  validation accuracy:		2.50 %
Epoch 10 of 800 took 7.786s
  training loss:		4.341955
  test loss:		3.688052
  validation accuracy:		2.50 %
Epoch 11 of 800 took 7.794s
  training loss:		4.145182
  test loss:		3.688015
  validation accuracy:		2.50 %
Epoch 12 of 800 took 7.788s
  training loss:		3.988794
  test loss:		3.688032
  validation accuracy:		2.50 %
Epoch 13 of 800 took 7.805s
  training loss:		3.873603
  test loss:		3.688093
  validation accuracy:		2.50 %
Epoch 14 of 800 took 7.773s
  training loss:		3.797411
  test loss:		3.688021
  validation accuracy:		2.50 %
Epoch 15 of 800 took 7.774s
  training loss:		3.750220
  test loss:		3.687941
  validation accuracy:		2.50 %
Epoch 16 of 800 took 22.865s
  training loss:		3.730197
  test loss:		3.687845
  validation accuracy:		2.50 %
Epoch 17 of 800 took 7.774s
  training loss:		3.724274
  test loss:		3.687822
  validation accuracy:		2.50 %
Epoch 18 of 800 took 7.775s
  training loss:		3.715170
  test loss:		3.687748
  validation accuracy:		2.50 %
Epoch 19 of 800 took 7.785s
  training loss:		3.709030
  test loss:		3.687709
  validation accuracy:		2.50 %
Epoch 20 of 800 took 7.769s
  training loss:		3.702752
  test loss:		3.687706
  validation accuracy:		2.50 %
Epoch 21 of 800 took 7.788s
  training loss:		3.699137
  test loss:		3.687765
  validation accuracy:		2.50 %
Epoch 22 of 800 took 7.767s
  training loss:		3.695058
  test loss:		3.687832
  validation accuracy:		2.50 %
Epoch 23 of 800 took 7.762s
  training loss:		3.693564
  test loss:		3.687854
  validation accuracy:		2.50 %
Epoch 24 of 800 took 23.334s
  training loss:		3.693335
  test loss:		3.687766
  validation accuracy:		2.50 %
Epoch 25 of 800 took 7.788s
  training loss:		3.692553
  test loss:		3.687607
  validation accuracy:		2.50 %
Epoch 26 of 800 took 7.763s
  training loss:		3.692675
  test loss:		3.687391
  validation accuracy:		2.50 %
Epoch 27 of 800 took 7.772s
  training loss:		3.693824
  test loss:		3.687398
  validation accuracy:		2.50 %
Epoch 28 of 800 took 7.773s
  training loss:		3.691992
  test loss:		3.687496
  validation accuracy:		2.50 %
Epoch 29 of 800 took 7.781s
  training loss:		3.690906
  test loss:		3.687507
  validation accuracy:		2.50 %
Epoch 30 of 800 took 7.783s
  training loss:		3.691284
  test loss:		3.687482
  validation accuracy:		2.50 %
Epoch 31 of 800 took 7.776s
  training loss:		3.690472
  test loss:		3.687360
  validation accuracy:		2.50 %
Epoch 32 of 800 took 22.943s
  training loss:		3.692411
  test loss:		3.687335
  validation accuracy:		2.50 %
Epoch 33 of 800 took 7.768s
  training loss:		3.691368
  test loss:		3.687255
  validation accuracy:		2.50 %
Epoch 34 of 800 took 7.761s
  training loss:		3.690410
  test loss:		3.687157
  validation accuracy:		2.50 %
Epoch 35 of 800 took 7.768s
  training loss:		3.690831
  test loss:		3.687022
  validation accuracy:		2.50 %
Epoch 36 of 800 took 7.756s
  training loss:		3.690503
  test loss:		3.686887
  validation accuracy:		2.50 %
Epoch 37 of 800 took 7.764s
  training loss:		3.690386
  test loss:		3.686679
  validation accuracy:		2.50 %
Epoch 38 of 800 took 7.782s
  training loss:		3.690135
  test loss:		3.686455
  validation accuracy:		2.50 %
Epoch 39 of 800 took 7.768s
  training loss:		3.690124
  test loss:		3.686272
  validation accuracy:		2.50 %
Epoch 40 of 800 took 22.895s
  training loss:		3.691693
  test loss:		3.686050
  validation accuracy:		2.50 %
Epoch 41 of 800 took 7.786s
  training loss:		3.690165
  test loss:		3.685811
  validation accuracy:		2.50 %
Epoch 42 of 800 took 7.787s
  training loss:		3.689806
  test loss:		3.685357
  validation accuracy:		2.50 %
Epoch 43 of 800 took 7.779s
  training loss:		3.689743
  test loss:		3.684788
  validation accuracy:		2.50 %
Epoch 44 of 800 took 7.782s
  training loss:		3.691231
  test loss:		3.684283
  validation accuracy:		2.50 %
Epoch 45 of 800 took 7.782s
  training loss:		3.688761
  test loss:		3.683591
  validation accuracy:		2.50 %
Epoch 46 of 800 took 7.777s
  training loss:		3.688098
  test loss:		3.682673
  validation accuracy:		2.50 %
Epoch 47 of 800 took 7.784s
  training loss:		3.689880
  test loss:		3.681953
  validation accuracy:		2.50 %
Epoch 48 of 800 took 22.934s
  training loss:		3.689336
  test loss:		3.681016
  validation accuracy:		2.50 %
Epoch 49 of 800 took 7.788s
  training loss:		3.689391
  test loss:		3.680254
  validation accuracy:		2.50 %
Epoch 50 of 800 took 7.790s
  training loss:		3.688764
  test loss:		3.679349
  validation accuracy:		4.50 %
Epoch 51 of 800 took 7.774s
  training loss:		3.687852
  test loss:		3.679223
  validation accuracy:		2.50 %
Epoch 52 of 800 took 7.799s
  training loss:		3.686730
  test loss:		3.677888
  validation accuracy:		2.50 %
Epoch 53 of 800 took 7.792s
  training loss:		3.685483
  test loss:		3.674076
  validation accuracy:		2.50 %
Epoch 54 of 800 took 7.788s
  training loss:		3.686422
  test loss:		3.672138
  validation accuracy:		2.50 %
Epoch 55 of 800 took 7.802s
  training loss:		3.683006
  test loss:		3.669631
  validation accuracy:		2.50 %
Epoch 56 of 800 took 22.914s
  training loss:		3.681774
  test loss:		3.665584
  validation accuracy:		2.50 %
Epoch 57 of 800 took 7.794s
  training loss:		3.681001
  test loss:		3.666417
  validation accuracy:		2.50 %
Epoch 58 of 800 took 7.790s
  training loss:		3.679817
  test loss:		3.660246
  validation accuracy:		2.50 %
Epoch 59 of 800 took 7.803s
  training loss:		3.675462
  test loss:		3.649779
  validation accuracy:		2.50 %
Epoch 60 of 800 took 7.798s
  training loss:		3.667660
  test loss:		3.637119
  validation accuracy:		2.50 %
Epoch 61 of 800 took 7.792s
  training loss:		3.664098
  test loss:		3.628793
  validation accuracy:		3.00 %
Epoch 62 of 800 took 7.779s
  training loss:		3.669197
  test loss:		3.603444
  validation accuracy:		4.50 %
Epoch 63 of 800 took 7.808s
  training loss:		3.674389
  test loss:		3.644526
  validation accuracy:		6.00 %
Epoch 64 of 800 took 22.941s
  training loss:		3.713683
  test loss:		3.687497
  validation accuracy:		3.50 %
Epoch 65 of 800 took 7.790s
  training loss:		3.711980
  test loss:		3.689072
  validation accuracy:		2.50 %
Epoch 66 of 800 took 7.790s
  training loss:		3.714137
  test loss:		3.689166
  validation accuracy:		2.50 %
Epoch 67 of 800 took 7.793s
  training loss:		3.712789
  test loss:		3.689163
  validation accuracy:		2.50 %
Epoch 68 of 800 took 7.786s
  training loss:		3.709934
  test loss:		3.689161
  validation accuracy:		2.50 %
Epoch 69 of 800 took 7.779s
  training loss:		3.706464
  test loss:		3.689159
  validation accuracy:		2.50 %
Epoch 70 of 800 took 7.769s
  training loss:		3.702943
  test loss:		3.689146
  validation accuracy:		2.50 %
Epoch 71 of 800 took 7.787s
  training loss:		3.700039
  test loss:		3.689142
  validation accuracy:		2.50 %
Epoch 72 of 800 took 23.410s
  training loss:		3.698385
  test loss:		3.689164
  validation accuracy:		2.50 %
Epoch 73 of 800 took 7.808s
  training loss:		3.697501
  test loss:		3.689163
  validation accuracy:		2.50 %
Epoch 74 of 800 took 7.798s
  training loss:		3.696112
  test loss:		3.689153
  validation accuracy:		2.50 %
Epoch 75 of 800 took 7.798s
  training loss:		3.695105
  test loss:		3.689160
  validation accuracy:		2.50 %
Epoch 76 of 800 took 7.796s
  training loss:		3.693826
  test loss:		3.689158
  validation accuracy:		2.50 %
Epoch 77 of 800 took 7.803s
  training loss:		3.692980
  test loss:		3.689156
  validation accuracy:		2.50 %
Epoch 78 of 800 took 7.797s
  training loss:		3.692354
  test loss:		3.689147
  validation accuracy:		2.50 %
Epoch 79 of 800 took 7.796s
  training loss:		3.691890
  test loss:		3.689140
  validation accuracy:		2.50 %
Epoch 80 of 800 took 23.017s
  training loss:		3.691907
  test loss:		3.689164
  validation accuracy:		2.50 %
Epoch 81 of 800 took 7.792s
  training loss:		3.691720
  test loss:		3.689176
  validation accuracy:		2.50 %
Epoch 82 of 800 took 7.788s
  training loss:		3.691411
  test loss:		3.689179
  validation accuracy:		2.50 %
Epoch 83 of 800 took 7.786s
  training loss:		3.691158
  test loss:		3.689177
  validation accuracy:		2.50 %
Epoch 84 of 800 took 7.793s
  training loss:		3.690995
  test loss:		3.689171
  validation accuracy:		2.50 %
Epoch 85 of 800 took 7.786s
  training loss:		3.690794
  test loss:		3.689164
  validation accuracy:		2.50 %
Epoch 86 of 800 took 7.779s
  training loss:		3.690713
  test loss:		3.689156
  validation accuracy:		2.50 %
Epoch 87 of 800 took 7.788s
  training loss:		3.690709
  test loss:		3.689148
  validation accuracy:		2.50 %
Epoch 88 of 800 took 23.032s
  training loss:		3.691079
  test loss:		3.689174
  validation accuracy:		2.50 %
Epoch 89 of 800 took 7.787s
  training loss:		3.690855
  test loss:		3.689187
  validation accuracy:		2.50 %
Epoch 90 of 800 took 7.801s
  training loss:		3.690666
  test loss:		3.689185
  validation accuracy:		2.50 %
Epoch 91 of 800 took 7.778s
  training loss:		3.690606
  test loss:		3.689177
  validation accuracy:		2.50 %
Epoch 92 of 800 took 7.790s
  training loss:		3.690608
  test loss:		3.689170
  validation accuracy:		2.50 %
Epoch 93 of 800 took 7.787s
  training loss:		3.690649
  test loss:		3.689164
  validation accuracy:		2.50 %
Epoch 94 of 800 took 7.796s
  training loss:		3.690531
  test loss:		3.689168
  validation accuracy:		2.50 %
Epoch 95 of 800 took 7.782s
  training loss:		3.690494
  test loss:		3.689160
  validation accuracy:		2.50 %
Epoch 96 of 800 took 23.025s
  training loss:		3.691072
  test loss:		3.689188
  validation accuracy:		2.50 %
Epoch 97 of 800 took 7.793s
  training loss:		3.690814
  test loss:		3.689201
  validation accuracy:		2.50 %
Epoch 98 of 800 took 7.781s
  training loss:		3.690658
  test loss:		3.689205
  validation accuracy:		2.50 %
Epoch 99 of 800 took 7.784s
  training loss:		3.690529
  test loss:		3.689195
  validation accuracy:		2.50 %
Epoch 100 of 800 took 7.786s
  training loss:		3.690477
  test loss:		3.689175
  validation accuracy:		2.50 %
Epoch 101 of 800 took 7.787s
  training loss:		3.690587
  test loss:		3.689160
  validation accuracy:		2.50 %
Epoch 102 of 800 took 7.796s
  training loss:		3.690440
  test loss:		3.689149
  validation accuracy:		2.50 %
Epoch 103 of 800 took 7.786s
  training loss:		3.690496
  test loss:		3.689132
  validation accuracy:		2.50 %
Epoch 104 of 800 took 22.993s
  training loss:		3.690865
  test loss:		3.689165
  validation accuracy:		2.50 %
Epoch 105 of 800 took 7.796s
  training loss:		3.690700
  test loss:		3.689191
  validation accuracy:		2.50 %
Epoch 106 of 800 took 7.773s
  training loss:		3.690603
  test loss:		3.689192
  validation accuracy:		2.50 %
Epoch 107 of 800 took 7.799s
  training loss:		3.690573
  test loss:		3.689193
  validation accuracy:		2.50 %
Epoch 108 of 800 took 7.774s
  training loss:		3.690411
  test loss:		3.689169
  validation accuracy:		2.50 %
Epoch 109 of 800 took 7.787s
  training loss:		3.690469
  test loss:		3.689163
  validation accuracy:		2.50 %
Epoch 110 of 800 took 7.779s
  training loss:		3.690513
  test loss:		3.689150
  validation accuracy:		2.50 %
Epoch 111 of 800 took 7.791s
  training loss:		3.690641
  test loss:		3.689181
  validation accuracy:		2.50 %
Epoch 112 of 800 took 23.445s
  training loss:		3.690884
  test loss:		3.689214
  validation accuracy:		2.50 %
Epoch 113 of 800 took 7.774s
  training loss:		3.690710
  test loss:		3.689225
  validation accuracy:		2.50 %
Epoch 114 of 800 took 7.785s
  training loss:		3.690548
  test loss:		3.689198
  validation accuracy:		2.50 %
Epoch 115 of 800 took 7.793s
  training loss:		3.690526
  test loss:		3.689154
  validation accuracy:		2.50 %
Epoch 116 of 800 took 7.809s
  training loss:		3.690436
  test loss:		3.689128
  validation accuracy:		2.50 %
Epoch 117 of 800 took 7.768s
  training loss:		3.690356
  test loss:		3.689105
  validation accuracy:		2.50 %
Epoch 118 of 800 took 7.770s
  training loss:		3.690388
  test loss:		3.689079
  validation accuracy:		2.50 %
Epoch 119 of 800 took 7.788s
  training loss:		3.690478
  test loss:		3.689060
  validation accuracy:		2.50 %
Epoch 120 of 800 took 23.056s
  training loss:		3.690964
  test loss:		3.689078
  validation accuracy:		2.50 %
Epoch 121 of 800 took 7.793s
  training loss:		3.690527
  test loss:		3.689062
  validation accuracy:		2.50 %
Epoch 122 of 800 took 7.799s
  training loss:		3.690529
  test loss:		3.689042
  validation accuracy:		2.50 %
Epoch 123 of 800 took 7.808s
  training loss:		3.690408
  test loss:		3.689015
  validation accuracy:		2.50 %
Epoch 124 of 800 took 7.779s
  training loss:		3.690544
  test loss:		3.689008
  validation accuracy:		2.50 %
Epoch 125 of 800 took 7.790s
  training loss:		3.690365
  test loss:		3.689011
  validation accuracy:		2.50 %
Epoch 126 of 800 took 7.800s
  training loss:		3.690628
  test loss:		3.689125
  validation accuracy:		2.50 %
Epoch 127 of 800 took 7.802s
  training loss:		3.690373
  test loss:		3.689149
  validation accuracy:		2.50 %
Epoch 128 of 800 took 23.079s
  training loss:		3.690519
  test loss:		3.689148
  validation accuracy:		2.50 %
Epoch 129 of 800 took 7.786s
  training loss:		3.690549
  test loss:		3.689025
  validation accuracy:		2.50 %
Epoch 130 of 800 took 7.796s
  training loss:		3.690876
  test loss:		3.688996
  validation accuracy:		2.50 %
Epoch 131 of 800 took 7.794s
  training loss:		3.690611
  test loss:		3.688980
  validation accuracy:		2.50 %
Epoch 132 of 800 took 7.791s
  training loss:		3.690557
  test loss:		3.688968
  validation accuracy:		2.50 %
Epoch 133 of 800 took 7.782s
  training loss:		3.690126
  test loss:		3.688945
  validation accuracy:		2.50 %
Epoch 134 of 800 took 7.805s
  training loss:		3.690338
  test loss:		3.688916
  validation accuracy:		2.50 %
Epoch 135 of 800 took 7.780s
  training loss:		3.690577
  test loss:		3.688930
  validation accuracy:		2.50 %
Epoch 136 of 800 took 23.044s
  training loss:		3.691468
  test loss:		3.688980
  validation accuracy:		2.50 %
Epoch 137 of 800 took 7.803s
  training loss:		3.690746
  test loss:		3.689009
  validation accuracy:		2.50 %
Epoch 138 of 800 took 7.802s
  training loss:		3.690032
  test loss:		3.688942
  validation accuracy:		2.50 %
Epoch 139 of 800 took 7.783s
  training loss:		3.690925
  test loss:		3.688911
  validation accuracy:		2.50 %
Epoch 140 of 800 took 7.777s
  training loss:		3.690441
  test loss:		3.688920
  validation accuracy:		2.50 %
Epoch 141 of 800 took 7.792s
  training loss:		3.690141
  test loss:		3.688902
  validation accuracy:		2.50 %
Epoch 142 of 800 took 7.794s
  training loss:		3.689942
  test loss:		3.688848
  validation accuracy:		2.50 %
Epoch 143 of 800 took 7.791s
  training loss:		3.690316
  test loss:		3.688785
  validation accuracy:		2.50 %
Epoch 144 of 800 took 23.014s
  training loss:		3.691242
  test loss:		3.688827
  validation accuracy:		2.50 %
Epoch 145 of 800 took 7.786s
  training loss:		3.690966
  test loss:		3.688833
  validation accuracy:		2.50 %
Epoch 146 of 800 took 7.791s
  training loss:		3.690338
  test loss:		3.688860
  validation accuracy:		2.50 %
Epoch 147 of 800 took 7.806s
  training loss:		3.690052
  test loss:		3.688801
  validation accuracy:		2.50 %
Epoch 148 of 800 took 7.788s
  training loss:		3.690194
  test loss:		3.688763
  validation accuracy:		3.00 %
Epoch 149 of 800 took 7.800s
  training loss:		3.690592
  test loss:		3.688759
  validation accuracy:		2.50 %
Epoc