Using gpu device 0: Tesla K20m (CNMeM is disabled, CuDNN not available)
/home/rqiao/Theano/theano/tensor/signal/downsample.py:5: UserWarning: downsample module has been moved to the pool module.
  warnings.warn("downsample module has been moved to the pool module.")
/home/rqiao/python/lib/python2.7/site-packages/numpy/core/fromnumeric.py:2641: VisibleDeprecationWarning: `rank` is deprecated; use the `ndim` attribute or function instead. To find the rank of a matrix see `numpy.linalg.matrix_rank`.
  VisibleDeprecationWarning)
Loading data...
Building model and compiling functions...
Starting training...
Epoch 1 of 600 took 7.890s
  training loss:		15.551150
  test loss:		3.716318
  validation accuracy:		2.50 %
Epoch 2 of 600 took 7.801s
  training loss:		10.136147
  test loss:		3.690828
  validation accuracy:		4.00 %
Epoch 3 of 600 took 7.803s
  training loss:		9.494640
  test loss:		3.690909
  validation accuracy:		2.50 %
Epoch 4 of 600 took 7.785s
  training loss:		8.511517
  test loss:		3.688756
  validation accuracy:		2.50 %
Epoch 5 of 600 took 7.789s
  training loss:		7.358247
  test loss:		3.688359
  validation accuracy:		2.50 %
Epoch 6 of 600 took 7.787s
  training loss:		6.280667
  test loss:		3.688456
  validation accuracy:		2.50 %
Epoch 7 of 600 took 7.781s
  training loss:		5.403099
  test loss:		3.688535
  validation accuracy:		2.50 %
Epoch 8 of 600 took 23.079s
  training loss:		4.928205
  test loss:		3.688480
  validation accuracy:		3.50 %
Epoch 9 of 600 took 7.779s
  training loss:		4.724523
  test loss:		3.688450
  validation accuracy:		2.50 %
Epoch 10 of 600 took 7.784s
  training loss:		4.469683
  test loss:		3.688506
  validation accuracy:		2.50 %
Epoch 11 of 600 took 7.796s
  training loss:		4.234454
  test loss:		3.688565
  validation accuracy:		2.00 %
Epoch 12 of 600 took 7.800s
  training loss:		4.045570
  test loss:		3.688637
  validation accuracy:		2.00 %
Epoch 13 of 600 took 7.793s
  training loss:		3.909868
  test loss:		3.688686
  validation accuracy:		2.50 %
Epoch 14 of 600 took 7.779s
  training loss:		3.818330
  test loss:		3.688685
  validation accuracy:		2.50 %
Epoch 15 of 600 took 7.778s
  training loss:		3.761698
  test loss:		3.688706
  validation accuracy:		2.50 %
Epoch 16 of 600 took 22.933s
  training loss:		3.736960
  test loss:		3.688672
  validation accuracy:		2.50 %
Epoch 17 of 600 took 7.787s
  training loss:		3.729542
  test loss:		3.688630
  validation accuracy:		2.50 %
Epoch 18 of 600 took 7.774s
  training loss:		3.720196
  test loss:		3.688562
  validation accuracy:		2.50 %
Epoch 19 of 600 took 7.784s
  training loss:		3.711676
  test loss:		3.688482
  validation accuracy:		2.00 %
Epoch 20 of 600 took 7.790s
  training loss:		3.704477
  test loss:		3.688393
  validation accuracy:		2.50 %
Epoch 21 of 600 took 7.787s
  training loss:		3.699639
  test loss:		3.688309
  validation accuracy:		2.50 %
Epoch 22 of 600 took 7.784s
  training loss:		3.696365
  test loss:		3.688275
  validation accuracy:		2.50 %
Epoch 23 of 600 took 7.781s
  training loss:		3.694058
  test loss:		3.688298
  validation accuracy:		2.50 %
Epoch 24 of 600 took 23.280s
  training loss:		3.693475
  test loss:		3.688287
  validation accuracy:		2.50 %
Epoch 25 of 600 took 7.798s
  training loss:		3.693102
  test loss:		3.688254
  validation accuracy:		2.50 %
Epoch 26 of 600 took 7.791s
  training loss:		3.692562
  test loss:		3.688209
  validation accuracy:		3.50 %
Epoch 27 of 600 took 7.783s
  training loss:		3.692020
  test loss:		3.688175
  validation accuracy:		3.50 %
Epoch 28 of 600 took 7.774s
  training loss:		3.690906
  test loss:		3.688043
  validation accuracy:		2.50 %
Epoch 29 of 600 took 7.770s
  training loss:		3.691566
  test loss:		3.687902
  validation accuracy:		2.50 %
Epoch 30 of 600 took 7.782s
  training loss:		3.691181
  test loss:		3.687814
  validation accuracy:		2.50 %
Epoch 31 of 600 took 7.784s
  training loss:		3.691370
  test loss:		3.687754
  validation accuracy:		3.00 %
Epoch 32 of 600 took 22.971s
  training loss:		3.691642
  test loss:		3.687676
  validation accuracy:		3.50 %
Epoch 33 of 600 took 7.800s
  training loss:		3.690844
  test loss:		3.687577
  validation accuracy:		3.00 %
Epoch 34 of 600 took 7.818s
  training loss:		3.689796
  test loss:		3.687276
  validation accuracy:		2.50 %
Epoch 35 of 600 took 7.794s
  training loss:		3.691438
  test loss:		3.687040
  validation accuracy:		4.50 %
Epoch 36 of 600 took 7.797s
  training loss:		3.690967
  test loss:		3.686871
  validation accuracy:		3.00 %
Epoch 37 of 600 took 7.798s
  training loss:		3.687970
  test loss:		3.686581
  validation accuracy:		2.50 %
Epoch 38 of 600 took 7.817s
  training loss:		3.690426
  test loss:		3.686280
  validation accuracy:		2.50 %
Epoch 39 of 600 took 7.803s
  training loss:		3.691571
  test loss:		3.685788
  validation accuracy:		2.50 %
Epoch 40 of 600 took 22.948s
  training loss:		3.693566
  test loss:		3.685686
  validation accuracy:		2.50 %
Epoch 41 of 600 took 7.799s
  training loss:		3.689313
  test loss:		3.685445
  validation accuracy:		2.50 %
Epoch 42 of 600 took 7.796s
  training loss:		3.689632
  test loss:		3.685097
  validation accuracy:		3.00 %
Epoch 43 of 600 took 7.796s
  training loss:		3.690318
  test loss:		3.684551
  validation accuracy:		3.00 %
Epoch 44 of 600 took 7.799s
  training loss:		3.688364
  test loss:		3.683451
  validation accuracy:		2.50 %
Epoch 45 of 600 took 7.789s
  training loss:		3.690816
  test loss:		3.683100
  validation accuracy:		3.50 %
Epoch 46 of 600 took 7.787s
  training loss:		3.688836
  test loss:		3.683203
  validation accuracy:		4.00 %
Epoch 47 of 600 took 7.794s
  training loss:		3.689161
  test loss:		3.682021
  validation accuracy:		2.50 %
Epoch 48 of 600 took 22.956s
  training loss:		3.688747
  test loss:		3.679998
  validation accuracy:		2.00 %
Epoch 49 of 600 took 7.800s
  training loss:		3.687688
  test loss:		3.680208
  validation accuracy:		0.50 %
Epoch 50 of 600 took 7.810s
  training loss:		3.687211
  test loss:		3.678335
  validation accuracy:		1.00 %
Epoch 51 of 600 took 7.801s
  training loss:		3.688584
  test loss:		3.676217
  validation accuracy:		2.50 %
Epoch 52 of 600 took 7.793s
  training loss:		3.686713
  test loss:		3.676138
  validation accuracy:		2.50 %
Epoch 53 of 600 took 7.802s
  training loss:		3.684196
  test loss:		3.670291
  validation accuracy:		2.50 %
Epoch 54 of 600 took 7.804s
  training loss:		3.677155
  test loss:		3.664515
  validation accuracy:		2.50 %
Epoch 55 of 600 took 7.806s
  training loss:		3.680216
  test loss:		3.663623
  validation accuracy:		1.00 %
Epoch 56 of 600 took 23.353s
  training loss:		3.685407
  test loss:		3.659867
  validation accuracy:		2.50 %
Epoch 57 of 600 took 7.814s
  training loss:		3.689181
  test loss:		3.670478
  validation accuracy:		5.00 %
Epoch 58 of 600 took 7.798s
  training loss:		3.683940
  test loss:		3.666566
  validation accuracy:		3.50 %
Epoch 59 of 600 took 7.796s
  training loss:		3.669284
  test loss:		3.652304
  validation accuracy:		5.50 %
Epoch 60 of 600 took 7.806s
  training loss:		3.675200
  test loss:		3.635556
  validation accuracy:		5.00 %
Epoch 61 of 600 took 7.794s
  training loss:		3.658535
  test loss:		3.619489
  validation accuracy:		5.00 %
Epoch 62 of 600 took 7.795s
  training loss:		3.651010
  test loss:		3.605023
  validation accuracy:		5.00 %
Epoch 63 of 600 took 7.808s
  training loss:		3.668818
  test loss:		3.596124
  validation accuracy:		4.50 %
Epoch 64 of 600 took 23.007s
  training loss:		3.654219
  test loss:		3.688980
  validation accuracy:		2.50 %
Epoch 65 of 600 took 7.802s
  training loss:		3.713691
  test loss:		3.689307
  validation accuracy:		2.50 %
Epoch 66 of 600 took 7.813s
  training loss:		3.712766
  test loss:		3.689214
  validation accuracy:		2.50 %
Epoch 67 of 600 took 7.807s
  training loss:		3.709023
  test loss:		3.689218
  validation accuracy:		2.50 %
Epoch 68 of 600 took 7.807s
  training loss:		3.704437
  test loss:		3.689212
  validation accuracy:		2.50 %
Epoch 69 of 600 took 7.817s
  training loss:		3.701357
  test loss:		3.689203
  validation accuracy:		2.50 %
Epoch 70 of 600 took 7.808s
  training loss:		3.698629
  test loss:		3.689193
  validation accuracy:		2.50 %
Epoch 71 of 600 took 7.793s
  training loss:		3.696420
  test loss:		3.689183
  validation accuracy:		2.50 %
Epoch 72 of 600 took 23.020s
  training loss:		3.695669
  test loss:		3.689208
  validation accuracy:		2.50 %
Epoch 73 of 600 took 7.794s
  training loss:		3.694900
  test loss:		3.689218
  validation accuracy:		2.50 %
Epoch 74 of 600 took 7.807s
  training loss:		3.694036
  test loss:		3.689220
  validation accuracy:		2.50 %
Epoch 75 of 600 took 7.803s
  training loss:		3.693216
  test loss:		3.689216
  validation accuracy:		2.50 %
Epoch 76 of 600 took 7.790s
  training loss:		3.692516
  test loss:		3.689209
  validation accuracy:		2.50 %
Epoch 77 of 600 took 7.793s
  training loss:		3.691940
  test loss:		3.689200
  validation accuracy:		2.50 %
Epoch 78 of 600 took 7.791s
  training loss:		3.691514
  test loss:		3.689191
  validation accuracy:		2.50 %
Epoch 79 of 600 took 7.797s
  training loss:		3.691183
  test loss:		3.689181
  validation accuracy:		2.50 %
Epoch 80 of 600 took 23.004s
  training loss:		3.691508
  test loss:		3.689207
  validation accuracy:		2.50 %
Epoch 81 of 600 took 7.795s
  training loss:		3.691245
  test loss:		3.689219
  validation accuracy:		2.50 %
Epoch 82 of 600 took 7.808s
  training loss:		3.691035
  test loss:		3.689222
  validation accuracy:		2.50 %
Epoch 83 of 600 took 7.805s
  training loss:		3.690882
  test loss:		3.689219
  validation accuracy:		2.50 %
Epoch 84 of 600 took 7.808s
  training loss:		3.690750
  test loss:		3.689213
  validation accuracy:		2.50 %
Epoch 85 of 600 took 7.802s
  training loss:		3.690653
  test loss:		3.689205
  validation accuracy:		2.50 %
Epoch 86 of 600 took 7.806s
  training loss:		3.690575
  test loss:		3.689195
  validation accuracy:		2.50 %
Epoch 87 of 600 took 7.809s
  training loss:		3.690513
  test loss:		3.689186
  validation accuracy:		2.50 %
Epoch 88 of 600 took 23.439s
  training loss:		3.690970
  test loss:		3.689214
  validation accuracy:		2.50 %
Epoch 89 of 600 took 7.798s
  training loss:		3.690760
  test loss:		3.689227
  validation accuracy:		2.50 %
Epoch 90 of 600 took 7.800s
  training loss:		3.690631
  test loss:		3.689230
  validation accuracy:		2.50 %
Epoch 91 of 600 took 7.816s
  training loss:		3.690537
  test loss:		3.689228
  validation accuracy:		2.50 %
Epoch 92 of 600 took 7.804s
  training loss:		3.690480
  test loss:		3.689222
  validation accuracy:		2.50 %
Epoch 93 of 600 took 7.803s
  training loss:		3.690446
  test loss:		3.689214
  validation accuracy:		2.50 %
Epoch 94 of 600 took 7.801s
  training loss:		3.690419
  test loss:		3.689204
  validation accuracy:		2.50 %
Epoch 95 of 600 took 7.808s
  training loss:		3.690391
  test loss:		3.689195
  validation accuracy:		2.50 %
Epoch 96 of 600 took 23.023s
  training loss:		3.690845
  test loss:		3.689224
  validation accuracy:		2.50 %
Epoch 97 of 600 took 7.793s
  training loss:		3.690660
  test loss:		3.689238
  validation accuracy:		2.50 %
Epoch 98 of 600 took 7.797s
  training loss:		3.690546
  test loss:		3.689241
  validation accuracy:		2.50 %
Epoch 99 of 600 took 7.818s
  training loss:		3.690461
  test loss:		3.689239
  validation accuracy:		2.50 %
Epoch 100 of 600 took 7.794s
  training loss:		3.690415
  test loss:		3.689233
  validation accuracy:		2.50 %
Epoch 101 of 600 took 7.800s
  training loss:		3.690381
  test loss:		3.689225
  validation accuracy:		2.50 %
Epoch 102 of 600 took 7.814s
  training loss:		3.690356
  test loss:		3.689216
  validation accuracy:		2.50 %
Epoch 103 of 600 took 7.807s
  training loss:		3.690339
  test loss:		3.689207
  validation accuracy:		2.50 %
Epoch 104 of 600 took 23.010s
  training loss:		3.690785
  test loss:		3.689236
  validation accuracy:		2.50 %
Epoch 105 of 600 took 7.793s
  training loss:		3.690602
  test loss:		3.689250
  validation accuracy:		2.50 %
Epoch 106 of 600 took 7.796s
  training loss:		3.690491
  test loss:		3.689254
  validation accuracy:		2.50 %
Epoch 107 of 600 took 7.792s
  training loss:		3.690419
  test loss:		3.689252
  validation accuracy:		2.50 %
Epoch 108 of 600 took 7.791s
  training loss:		3.690372
  test loss:		3.689246
  validation accuracy:		2.50 %
Epoch 109 of 600 took 7.783s
  training loss:		3.690338
  test loss:		3.689238
  validation accuracy:		2.50 %
Epoch 110 of 600 took 7.801s
  training loss:		3.690317
  test loss:		3.689230
  validation accuracy:		2.50 %
Epoch 111 of 600 took 7.804s
  training loss:		3.690298
  test loss:		3.689220
  validation accuracy:		2.50 %
Epoch 112 of 600 took 23.453s
  training loss:		3.690733
  test loss:		3.689250
  validation accuracy:		2.50 %
Epoch 113 of 600 took 7.796s
  training loss:		3.690555
  test loss:		3.689264
  validation accuracy:		2.50 %
Epoch 114 of 600 took 7.790s
  training loss:		3.690448
  test loss:		3.689268
  validation accuracy:		2.50 %
Epoch 115 of 600 took 7.797s
  training loss:		3.690381
  test loss:		3.689266
  validation accuracy:		2.50 %
Epoch 116 of 600 took 7.797s
  training loss:		3.690337
  test loss:		3.689260
  validation accuracy:		2.50 %
Epoch 117 of 600 took 7.797s
  training loss:		3.690306
  test loss:		3.689252
  validation accuracy:		2.50 %
Epoch 118 of 600 took 7.785s
  training loss:		3.690282
  test loss:		3.689243
  validation accuracy:		2.50 %
Epoch 119 of 600 took 7.786s
  training loss:		3.690265
  test loss:		3.689234
  validation accuracy:		2.50 %
Epoch 120 of 600 took 23.058s
  training loss:		3.690682
  test loss:		3.689264
  validation accuracy:		2.50 %
Epoch 121 of 600 took 7.781s
  training loss:		3.690518
  test loss:		3.689278
  validation accuracy:		2.50 %
Epoch 122 of 600 took 7.792s
  training loss:		3.690415
  test loss:		3.689282
  validation accuracy:		2.50 %
Epoch 123 of 600 took 7.784s
  training loss:		3.690348
  test loss:		3.689280
  validation accuracy:		2.50 %
Epoch 124 of 600 took 7.788s
  training loss:		3.690299
  test loss:		3.689275
  validation accuracy:		2.50 %
Epoch 125 of 600 took 7.794s
  training loss:		3.690281
  test loss:		3.689266
  validation accuracy:		2.50 %
Epoch 126 of 600 took 7.791s
  training loss:		3.690247
  test loss:		3.689257
  validation accuracy:		2.50 %
Epoch 127 of 600 took 7.804s
  training loss:		3.690236
  test loss:		3.689248
  validation accuracy:		2.50 %
Epoch 128 of 600 took 23.053s
  training loss:		3.690647
  test loss:		3.689278
  validation accuracy:		2.50 %
Epoch 129 of 600 took 7.783s
  training loss:		3.690486
  test loss:		3.689292
  validation accuracy:		2.50 %
Epoch 130 of 600 took 7.783s
  training loss:		3.690372
  test loss:		3.689296
  validation accuracy:		2.50 %
Epoch 131 of 600 took 7.786s
  training loss:		3.690322
  test loss:		3.689293
  validation accuracy:		2.50 %
Epoch 132 of 600 took 7.787s
  training loss:		3.690288
  test loss:		3.689288
  validation accuracy:		2.50 %
Epoch 133 of 600 took 7.800s
  training loss:		3.690244
  test loss:		3.689280
  validation accuracy:		2.50 %
Epoch 134 of 600 took 7.782s
  training loss:		3.690230
  test loss:		3.689271
  validation accuracy:		2.50 %
Epoch 135 of 600 took 7.791s
  training loss:		3.690208
  test loss:		3.689262
  validation accuracy:		2.50 %
Epoch 136 of 600 took 23.480s
  training loss:		3.690601
  test loss:		3.689292
  validation accuracy:		2.50 %
Epoch 137 of 600 took 7.792s
  training loss:		3.690453
  test loss:		3.689305
  validation accuracy:		2.50 %
Epoch 138 of 600 took 7.802s
  training loss:		3.690344
  test loss:		3.689309
  validation accuracy:		2.50 %
Epoch 139 of 600 took 7.807s
  training loss:		3.690288
  test loss:		3.689307
  validation accuracy:		2.50 %
Epoch 140 of 600 took 7.794s
  training loss:		3.690252
  test loss:		3.689301
  validation accuracy:		2.50 %
Epoch 141 of 600 took 7.806s
  training loss:		3.690221
  test loss:		3.689294
  validation accuracy:		2.50 %
Epoch 142 of 600 took 7.794s
  training loss:		3.690199
  test loss:		3.689285
  validation accuracy:		2.50 %
Epoch 143 of 600 took 7.790s
  training loss:		3.690190
  test loss:		3.689275
  validation accuracy:		2.50 %
Epoch 144 of 600 took 23.077s
  training loss:		3.690554
  test loss:		3.689305
  validation accuracy:		2.50 %
Epoch 145 of 600 took 7.808s
  training loss:		3.690411
  test loss:		3.689318
  validation accuracy:		2.50 %
Epoch 146 of 600 took 7.803s
  training loss:		3.690331
  test loss:		3.689321
  validation accuracy:		2.50 %
Epoch 147 of 600 took 7.806s
  training loss:		3.690269
  test loss:		3.689319
  validation accuracy:		2.50 %
Epoch 148 of 600 took 7.795s
  training loss:		3.690231
  test loss:		3.689314
  validation accuracy:		2.50 %
Epoch 149 of 600 took 7.815s
  training loss:		3.690197
  test loss:		3.689306
  validation accuracy:		2.50 %
Epoch 150 of 600 took 7.794s
  training loss:		3.690177
  test loss:		3.689298
  validation accuracy:		2.50 %
Epoch 151 of 600 took 7.788s
  training loss:		3.690155
  test loss:		3.689288
  validation accuracy:		2.50 %
Epoch 152 of 600 took 23.051s
  training loss:		3.690523
  test loss:		3.689317
  validation accuracy:		2.50 %
Epoch 153 of 600 took 7.777s
  training loss:		3.690377
  test loss:		3.689330
  validation accuracy:		2.50 %
Epoch 154 of 600 took 7.794s
  training loss:		3.690304
  test loss:		3.689334
  validation accuracy:		2.50 %
Epoch 155 of 600 took 7.790s
  training loss:		3.690232
  test loss:		3.689331
  validation accuracy:		2.50 %
Epoch 156 of 600 took 7.794s
  training loss:		3.690196
  test loss:		3.689326
  validation accuracy:		2.50 %
Epoch 157 of 600 took 7.814s
  training loss:		3.690164
  test loss:		3.689318
  validation accuracy:		2.50 %
Epoch 158 of 600 took 7.792s
  training loss:		3.690151
  test loss:		3.689309
  validation accuracy:		2.50 %
Epoch 159 of 600 took 7.786s
  training loss:		3.690119
  test loss:		3.689300
  validation accuracy:		2.50 %
Epoch 160 of 600 took 23.474s
  training loss:		3.690488
  test loss:		3.689328
  validation accuracy:		2.50 %
Epoch 161 of 600 took 7.788s
  training loss:		3.690344
  test loss:		3.689341
  validation accuracy:		2.50 %
Epoch 162 of 600 took 7.812s
  training loss:		3.690270
  test loss:		3.689344
  validation accuracy:		2.50 %
Epoch 163 of 600 took 7.805s
  training loss:		3.690223
  test loss:		3.689342
  validation accuracy:		2.50 %
Epoch 164 of 600 took 7.791s
  training loss:		3.690167
  test loss:		3.689337
  validation accuracy:		2.50 %
Epoch 165 of 600 took 7.810s
  training loss:		3.690133
  test loss:		3.689329
  validation accuracy:		2.50 %
Epoch 166 of 600 took 7.798s
  training loss:		3.690128
  test loss:		3.689321
  validation accuracy:		2.50 %
Epoch 167 of 600 took 7.783s
  training loss:		3.690127
  test loss:		3.689312
  validation accuracy:		2.50 %
Epoch 168 of 600 took 23.043s
  training loss:		3.690443
  test loss:		3.689339
  validation accuracy:		2.50 %
Epoch 169 of 600 took 7.805s
  training loss:		3.690303
  test loss:		3.689352
  validation accuracy:		2.50 %
Epoch 170 of 600 took 7.796s
  training loss:		3.690251
  test loss:		3.689355
  validation accuracy:		2.50 %
Epoch 171 of 600 took 7.801s
  training loss:		3.690188
  test loss:		3.689353
  validation accuracy:		2.50 %
Epoch 172 of 600 took 7.791s
  training loss:		3.690162
  test loss:		3.689347
  validation accuracy:		2.50 %
Epoch 173 of 600 took 7.799s
  training loss:		3.690117
  test loss:		3.689340
  validation accuracy:		2.50 %
Epoch 174 of 600 took 7.800s
  training loss:		3.690109
  test loss:		3.689332
  validation accuracy:		2.50 %
Epoch 175 of 600 took 7.788s
  training loss:		3.690092
  test loss:		3.689323
  validation accuracy:		2.50 %
Epoch 176 of 600 took 23.499s
  training loss:		3.690432
  test loss:		3.689349
  validation accuracy:		2.50 %
Epoch 177 of 600 took 7.807s
  training loss:		3.690316
  test loss:		3.689361
  validation accuracy:		2.50 %
Epoch 178 of 600 took 7.786s
  training loss:		3.690209
  test loss:		3.689364
  validation accuracy:		2.50 %
Epoch 179 of 600 took 7.794s
  training loss:		3.690173
  test loss:		3.689362
  validation accuracy:		2.50 %
Epoch 180 of 600 took 7.787s
  training loss:		3.690121
  test loss:		3.689357
  validation accuracy:		2.50 %
Epoch 181 of 600 took 7.782s
  training loss:		3.690107
  test loss:		3.689350
  validation accuracy:		2.50 %
Epoch 182 of 600 took 7.786s
  training loss:		3.690094
  test loss:		3.689341
  validation accuracy:		2.50 %
Epoch 183 of 600 took 7.801s
  training loss:		3.690080
  test loss:		3.689333
  validation accuracy:		2.50 %
Epoch 184 of 600 took 23.158s
  training loss:		3.690385
  test loss:		3.689359
  validation accuracy:		2.50 %
Epoch 185 of 600 took 7.802s
  training loss:		3.690260
  test loss:		3.689371
  validation accuracy:		2.50 %
Epoch 186 of 600 took 7.806s
  training loss:		3.690188
  test loss:		3.689373
  validation accuracy:		2.50 %
Epoch 187 of 600 took 7.790s
  training loss:		3.690132
  test loss:		3.689371
  validation accuracy:		2.50 %
Epoch 188 of 600 took 7.806s
  training loss:		3.690104
  test loss:		3.689366
  validation accuracy:		2.50 %
Epoch 189 of 600 took 7.844s
  training loss:		3.690079
  test loss:		3.689359
  validation accuracy:		2.50 %
Epoch 190 of 600 took 7.801s
  training loss:		3.690062
  test loss:		3.689351
  validation accuracy:		2.50 %
Epoch 191 of 600 took 7.787s
  training loss:		3.690019
  test loss:		3.689342
  validation accuracy:		2.50 %
Epoch 192 of 600 took 23.162s
  training loss:		3.690350
  test loss:		3.689367
  validation accuracy:		2.50 %
Epoch 193 of 600 took 7.796s
  training loss:		3.690233
  test loss:		3.689379
  validation accuracy:		2.50 %
Epoch 194 of 600 took 7.797s
  training loss:		3.690166
  test loss:		3.689382
  validation accuracy:		2.50 %
Epoch 195 of 600 took 7.813s
  training loss:		3.690099
  test loss:		3.689379
  validation accuracy:		2.50 %
Epoch 196 of 600 took 7.806s
  training loss:		3.690084
  test loss:		3.689374
  validation accuracy:		2.50 %
Epoch 197 of 600 took 7.782s
  training loss:		3.690067
  test loss:		3.689367
  validation accuracy:		2.50 %
Epoch 198 of 600 took 7.809s
  training loss:		3.690047
  test loss:		3.689359
  validation accuracy:		2.50 %
Epoch 199 of 600 took 7.804s
  training loss:		3.690017
  test loss:		3.689351
  validation accuracy:		2.50 %
Epoch 200 of 600 took 23.160s
  training loss:		3.690314
  test loss:		3.689376
  validation accuracy:		2.50 %
Epoch 201 of 600 took 7.798s
  training loss:		3.690204
  test loss:		3.689387
  validation accuracy:		2.50 %
Epoch 202 of 600 took 7.809s
  training loss:		3.690124
  test loss:		3.689389
  validation accuracy:		2.50 %
Epoch 203 of 600 took 7.811s
  training loss:		3.690093
  test loss:		3.689387
  validation accuracy:		2.50 %
Epoch 204 of 600 took 7.795s
  training loss:		3.690041
  test loss:		3.689382
  validation accuracy:		2.50 %
Epoch 205 of 600 took 7.801s
  training loss:		3.690045
  test loss:		3.689375
  validation accuracy:		2.50 %
Epoch 206 of 600 took 7.803s
  training loss:		3.690054
  test loss:		3.689368
  validation accuracy:		2.50 %
Epoch 207 of 600 took 7.818s
  training loss:		3.690015
  test loss:		3.689360
  validation accuracy:		2.50 %
Epoch 208 of 600 took 23.113s
  training loss:		3.690280
  test loss:		3.689383
  validation accuracy:		2.50 %
Epoch 209 of 600 took 7.797s
  training loss:		3.690193
  test loss:		3.689394
  validation accuracy:		2.50 %
Epoch 210 of 600 took 7.811s
  training loss:		3.690102
  test loss:		3.689396
  validation accuracy:		2.50 %
Epoch 211 of 600 took 7.796s
  training loss:		3.690052
  test loss:		3.689394
  validation accuracy:		2.50 %
Epoch 212 of 600 took 7.771s
  training loss:		3.690079
  test loss:		3.689389
  validation accuracy:		2.50 %
Epoch 213 of 600 took 7.796s
  training loss:		3.689999
  test loss:		3.689383
  validation accuracy:		2.50 %
Epoch 214 of 600 took 7.802s
  training loss:		3.690022
  test loss:		3.689375
  validation accuracy:		2.50 %
Epoch 215 of 600 took 7.798s
  training loss:		3.689979
  test loss:		3.689368
  validation accuracy:		2.50 %
Epoch 216 of 600 took 23.525s
  training loss:		3.690280
  test loss:		3.689391
  validation accuracy:		2.50 %
Epoch 217 of 600 took 7.808s
  training loss:		3.690112
  test loss:		3.689400
  validation accuracy:		2.50 %
Epoch 218 of 600 took 7.788s
  training loss:		3.690154
  test loss:		3.689403
  validation accuracy:		2.50 %
Epoch 219 of 600 took 7.788s
  training loss:		3.690054
  test loss:		3.689400
  validation accuracy:		2.50 %
Epoch 220 of 600 took 7.793s
  training loss:		3.690041
  test loss:		3.689396
  validation accuracy:		2.50 %
Epoch 221 of 600 took 7.788s
  training loss:		3.689998
  test loss:		3.689390
  validation accuracy:		2.50 %
Epoch 222 of 600 took 7.798s
  training loss:		3.689985
  test loss:		3.689382
  validation accuracy:		2.50 %
Epoch 223 of 600 took 7.789s
  training loss:		3.689975
  test loss:		3.689375
  validation accuracy:		2.50 %
Epoch 224 of 600 took 23.116s
  training loss:		3.690211
  test loss:		3.689397
  validation accuracy:		2.50 %
Epoch 225 of 600 took 7.788s
  training loss:		3.690134
  test loss:		3.689407
  validation accuracy:		2.50 %
Epoch 226 of 600 took 7.777s
  training loss:		3.690099
  test loss:		3.689409
  validation accuracy:		2.50 %
Epoch 227 of 600 took 7.790s
  training loss:		3.689998
  test loss:		3.689407
  validation accuracy:		2.50 %
Epoch 228 of 600 took 7.800s
  training loss:		3.690006
  test loss:		3.689402
  validation accuracy:		2.50 %
Epoch 229 of 600 took 7.809s
  training loss:		3.689991
  test loss:		3.689396
  validation accuracy:		2.50 %
Epoch 230 of 600 took 7.792s
  training loss:		3.689924
  test loss:		3.689384
  validation accuracy:		2.50 %
Epoch 231 of 600 took 7.812s
  training loss:		3.689902
  test loss:		3.689360
  validation accuracy:		2.50 %
Epoch 232 of 600 took 23.163s
  training loss:		3.690200
  test loss:		3.689387
  validation accuracy:		2.50 %
Epoch 233 of 600 took 7.806s
  training loss:		3.690120
  test loss:		3.689393
  validation accuracy:		2.50 %
Epoch 234 of 600 took 7.793s
  training loss:		3.690028
  test loss:		3.689390
  validation accuracy:		2.50 %
Epoch 235 of 600 took 7.802s
  training loss:		3.689989
  test loss:		3.689381
  validation accuracy:		2.50 %
Epoch 236 of 600 took 7.803s
  training loss:		3.689863
  test loss:		3.689345
  validation accuracy:		2.50 %
Epoch 237 of 600 took 7.798s
  training loss:		3.689999
  test loss:		3.689325
  validation accuracy:		2.50 %
Epoch 238 of 600 took 7.798s
  training loss:		3.689981
  test loss:		3.689309
  validation accuracy:		2.50 %
Epoch 239 of 600 took 7.799s
  training loss:		3.689981
  test loss:		3.689294
  validation accuracy:		2.50 %
Epoch 240 of 600 took 23.115s
  training loss:		3.690253
  test loss:		3.689329
  validation accuracy:		2.50 %
Epoch 241 of 600 took 7.797s
  training loss:		3.690199
  test loss:		3.689369
  validation accuracy:		2.50 %
Epoch 242 of 600 took 7.804s
  training loss:		3.689997
  test loss:		3.689391
  validation accuracy:		2.50 %
Epoch 243 of 600 took 7.801s
  training loss:		3.690039
  test loss:		3.689398
  validation accuracy:		2.50 %
Epoch 244 of 600 took 7.805s
  training loss:		3.690059
  test loss:		3.689399
  validation accuracy:		2.50 %
Epoch 245 of 600 took 7.800s
  training loss:		3.690010
  test loss:		3.689398
  validation accuracy:		2.50 %
Epoch 246 of 600 took 7.814s
  training loss:		3.689979
  test loss:		3.689400
  validation accuracy:		2.50 %
Epoch 247 of 600 took 7.804s
  training loss:		3.689890
  test loss:		3.689394
  validation accuracy:		2.50 %
Epoch 248 of 600 took 23.504s
  training loss:		3.690143
  test loss:		3.689414
  validation accuracy:		2.50 %
Epoch 249 of 600 took 7.778s
  training loss:		3.690064
  test loss:		3.689423
  validation accuracy:		2.50 %
Epoch 250 of 600 took 7.811s
  training loss:		3.690044
  test loss:		3.689424
  validation accuracy:		2.50 %
Epoch 251 of 600 took 7.791s
  training loss:		3.689880
  test loss:		3.689416
  validation accuracy:		2.50 %
Epoch 252 of 600 took 7.797s
  training loss:		3.689988
  test loss:		3.689407
  validation accuracy:		2.50 %
Epoch 253 of 600 took 7.795s
  training loss:		3.689944
  test loss:		3.689402
  validation accuracy:		2.50 %
Epoch 254 of 600 took 7.813s
  training loss:		3.689990
  test loss:		3.689401
  validation accuracy:		2.50 %
Epoch 255 of 600 took 7.800s
  training loss:		3.689966
  test loss:		3.689398
  validation accuracy:		2.50 %
Epoch 256 of 600 took 23.083s
  training loss:		3.690092
  test loss:		3.689416
  validation accuracy:		2.50 %
Epoch 257 of 600 took 7.784s
  training loss:		3.689984
  test loss:		3.689414
  validation accuracy:		2.50 %
Epoch 258 of 600 took 7.792s
  training loss:		3.689984
  test loss:		3.689387
  validation accuracy:		2.50 %
Epoch 259 of 600 took 7.790s
  training loss:		3.690018
  test loss:		3.689369
  validation accuracy:		2.50 %
Epoch 260 of 600 took 7.787s
  training loss:		3.689930
  test loss:		3.689352
  validation accuracy:		2.50 %
Epoch 261 of 600 took 7.777s
  training loss:		3.689873
  test loss:		3.689321
  validation accuracy:		2.50 %
Epoch 262 of 600 took 7.804s
  training loss:		3.689794
  test loss:		3.689284
  validation accuracy:		2.50 %
Epoch 263 of 600 took 7.808s
  training loss:		3.689768
  test loss:		3.689254
  validation accuracy:		2.50 %
Epoch 264 of 600 took 23.540s
  training loss:		3.690142
  test loss:		3.689282
  validation accuracy:		2.50 %
Epoch 265 of 600 took 7.786s
  training loss:		3.690151
  test loss:		3.689295
  validation accuracy:		2.50 %
Epoch 266 of 600 took 7.786s
  training loss:		3.689912
  test loss:		3.689295
  validation accuracy:		2.50 %
Epoch 267 of 600 took 7.796s
  training loss:		3.689820
  test loss:		3.689281
  validation accuracy:		2.50 %
Epoch 268 of 600 took 7.783s
  training loss:		3.689754
  test loss:		3.689253
  validation accuracy:		2.50 %
Epoch 269 of 600 took 7.789s
  training loss:		3.689967
  test loss:		3.689233
  validation accuracy:		2.50 %
Epoch 270 of 600 took 7.789s
  training loss:		3.689844
  test loss:		3.689214
  validation accuracy:		2.50 %
Epoch 271 of 600 took 7.797s
  training loss:		3.689568
  test loss:		3.689182
  validation accuracy:		2.50 %
Epoch 272 of 600 took 23.158s
  training loss:		3.689833
  test loss:		3.689197
  validation accuracy:		2.50 %
Epoch 273 of 600 took 7.801s
  training loss:		3.689999
  test loss:		3.689195
  validation accuracy:		2.50 %
Epoch 274 of 600 took 7.801s
  training loss:		3.689530
  test loss:		3.689171
  validation accuracy:		2.50 %
Epoch 275 of 600 took 7.808s
  training loss:		3.689648
  test loss:		3.689137
  validation accuracy:		2.50 %
Epoch 276 of 600 took 7.804s
  training loss:		3.689644
  test loss:		3.689094
  validation accuracy:		2.50 %
Epoch 277 of 600 took 7.789s
  training loss:		3.689566
  test loss:		3.689036
  validation accuracy:		2.50 %
Epoch 278 of 600 took 7.795s
  training loss:		3.689824
  test loss:		3.688990
  validation accuracy:		2.50 %
Epoch 279 of 600 took 7.821s
  training loss:		3.689661
  test loss:		3.688930
  validation accuracy:		2.50 %
Epoch 280 of 600 took 23.082s
  training loss:		3.690194
  test loss:		3.688966
  validation accuracy:		2.50 %
Epoch 281 of 600 took 7.790s
  training loss:		3.690170
  test loss:		3.688971
  validation accuracy:		2.50 %
Epoch 282 of 600 took 7.793s
  training loss:		3.689791
  test loss:		3.688959
  validation accuracy:		2.50 %
Epoch 283 of 600 took 7.779s
  training loss:		3.689266
  test loss:		3.688908
  validation accuracy:		2.50 %
Epoch 284 of 600 took 7.796s
  training loss:		3.690034
  test loss:		3.688854
  validation accuracy:		2.50 %
Epoch 285 of 600 took 7.782s
  training loss:		3.689881
  test loss:		3.688815
  validation accuracy:		2.50 %
Epoch 286 of 600 took 7.788s
  training loss:		3.689372
  test loss:		3.688758
  validation accuracy:		2.50 %
Epoch 287 of 600 took 7.791s
  training loss:		3.689837
  test loss:		3.688721
  validation accuracy:		2.50 %
Epoch 288 of 600 took 23.116s
  training loss:		3.690305
  test loss:		3.688750
  validation accuracy:		2.50 %
Epoch 289 of 600 took 7.786s
  training loss:		3.690064
  test loss:		3.688746
  validation accuracy:		2.50 %
Epoch 290 of 600 took 7.800s
  training loss:		3.690158
  test loss:		3.688747
  validation accuracy:		2.50 %
Epoch 291 of 600 took 7.776s
  training loss:		3.689542
  test loss:		3.688695
  validation accuracy:		2.50 %
Epoch 292 of 600 took 7.802s
  training loss:		3.689266
  test loss:		3.688621
  validation accuracy:		2.50 %
Epoch 293 of 600 took 7.795s
  training loss:		3.689410
  test loss:		3.688528
  validation accuracy:		2.50 %
Epoch 294 of 600 took 7.798s
  training loss:		3.688252
  test loss:		3.688396
  validation accuracy:		2.50 %
Epoch 295 of 600 took 7.797s
  training loss:		3.688273
  test loss:		3.688222
  validation accuracy:		2.50 %
Epoch 296 of 600 took 23.562s
  training loss:		3.690946
  test loss:		3.688279
  validation accuracy:		2.50 %
Epoch 297 of 600 took 7.794s
  training loss:		3.689661
  test loss:		3.688269
  validation accuracy:		2.50 %
Epoch 298 of 600 took 7.780s
  training loss:		3.689372
  test loss:		3.688204
  validatINFO (theano.gof.compilelock): Waiting for existing lock by unknown process (I am process '2089')
INFO (theano.gof.compilelock): To manually release the lock, delete /home/rqiao/.theano/compiledir_Linux-2.6-el6.x86_64-x86_64-with-centos-6.6-Final-x86_64-2.7.5-64/lock_dir
ion accuracy:		2.50 %
Epoch 299 of 600 took 7.781s
  training loss:		3.688969
  test loss:		3.688089
  validation accuracy:		2.50 %
Epoch 300 of 600 took 7.792s
  training loss:		3.689574
  test loss:		3.687970
  validation accuracy:		2.50 %
Epoch 301 of 600 took 7.779s
  training loss:		3.688020
  test loss:		3.687790
  validation accuracy:		2.50 %
Epoch 302 of 600 took 7.789s
  training loss:		3.688398
  test loss:		3.687538
  validation accuracy:		2.50 %
Epoch 303 of 600 took 7.800s
  training loss:		3.688697
  test loss:		3.687239
  validation accuracy:		2.50 %
Epoch 304 of 600 took 23.821s
  training loss:		3.688857
  test loss:		3.687217
  validation accuracy:		2.50 %
Epoch 305 of 600 took 7.784s
  training loss:		3.688112
  test loss:		3.687037
  validation accuracy:		2.50 %
Epoch 306 of 600 took 7.797s
  training loss:		3.687944
  test loss:		3.686754
  validation accuracy:		2.50 %
Epoch 307 of 600 took 7.791s
  training loss:		3.689173
  test loss:		3.686472
  validation accuracy:		2.50 %
Epoch 308 of 600 took 7.790s
  training loss:		3.686915
  test loss:		3.686110
  validation accuracy:		4.50 %
Epoch 309 of 600 took 7.793s
  training loss:		3.688032
  test loss:		3.685692
  validation accuracy:		5.00 %
Epoch 310 of 600 took 7.796s
  training loss:		3.688197
  test loss:		3.685274
  validation accuracy:		5.00 %
Epoch 311 of 600 took 7.810s
  training loss:		3.686922
  test loss:		3.684756
  validation accuracy:		5.00 %
Epoch 312 of 600 took 24.300s
  training loss:		3.685328
  test loss:		3.684570
  validation accuracy:		4.50 %
Epoch 313 of 600 took 7.798s
  training loss:		3.687150
  test loss:		3.684200
  validation accuracy:		5.00 %
Epoch 314 of 600 took 7.803s
  training loss:		3.687040
  test loss:		3.683546
  validation accuracy:		4.00 %
Epoch 315 of 600 took 7.787s
  training loss:		3.685110
  test loss:		3.682713
  validation accuracy:		4.00 %
Epoch 316 of 600 took 7.807s
  training loss:		3.684300
  test loss:		3.681728
  validation accuracy:		5.50 %
Epoch 317 of 600 took 7.801s
  training loss:		3.685330
  test loss:		3.680471
  validation accuracy:		3.00 %
Epoch 318 of 600 took 7.802s
  training loss:		3.679933
  test loss:		3.678842
  validation accuracy:		2.50 %
Epoch 319 of 600 took 7.794s
  training loss:		3.677917
  test loss:		3.676560
  validation accuracy:		2.50 %
Epoch 320 of 600 took 23.903s
  training loss:		3.678709
  test loss:		3.675901
  validation accuracy:		4.00 %
Epoch 321 of 600 took 7.810s
  training loss:		3.677597
  test loss:		3.674159
  validation accuracy:		4.00 %
Epoch 322 of 600 took 7.818s
  training loss:		3.674442
  test loss:		3.671387
  validation accuracy:		2.50 %
Epoch 323 of 600 took 7.810s
  training loss:		3.670956
  test loss:		3.667347
  validation accuracy:		4.00 %
Epoch 324 of 600 took 7.812s
  training loss:		3.665074
  test loss:		3.662076
  validation accuracy:		3.50 %
Epoch 325 of 600 took 7.799s
  training loss:		3.673349
  test loss:		3.655505
  validation accuracy:		4.00 %
Epoch 326 of 600 took 7.796s
  training loss:		3.672035
  test loss:		3.647844
  validation accuracy:		6.00 %
Epoch 327 of 600 took 7.806s
  training loss:		3.658195
  test loss:		3.638659
  validation accuracy:		4.50 %
Epoch 328 of 600 took 23.873s
  training loss:		3.666084
  test loss:		3.636764
  validation accuracy:		5.50 %
Epoch 329 of 600 took 7.815s
  training loss:		3.651282
  test loss:		3.629625
  validation accuracy:		5.50 %
Epoch 330 of 600 took 7.804s
  training loss:		3.662835
  test loss:		3.619124
  validation accuracy:		5.50 %
Epoch 331 of 600 took 7.807s
  training loss:		3.632693
  test loss:		3.605762
  validation accuracy:		5.00 %
Epoch 332 of 600 took 7.805s
  training loss:		3.627608
  test loss:		3.582256
  validation accuracy:		5.00 %
Epoch 333 of 600 took 7.807s
  training loss:		3.628173
  test loss:		3.553056
  validation accuracy:		6.00 %
Epoch 334 of 600 took 7.805s
  training loss:		3.565605
  test loss:		3.509834
  validation accuracy:		5.00 %
Epoch 335 of 600 took 7.800s
  training loss:		3.569479
  test loss:		3.468237
  validation accuracy:		5.00 %
Epoch 336 of 600 took 23.850s
  training loss:		3.530707
  test loss:		3.466607
  validation accuracy:		5.00 %
Epoch 337 of 600 took 7.786s
  training loss:		3.564848
  test loss:		3.460955
  validation accuracy:		5.00 %
Epoch 338 of 600 took 7.795s
  training loss:		3.527332
  test loss:		3.598229
  validation accuracy:		2.50 %
Epoch 339 of 600 took 7.795s
  training loss:		3.546516
  test loss:		3.461939
  validation accuracy:		3.50 %
Epoch 340 of 600 took 7.792s
  training loss:		3.728748
  test loss:		3.488188
  validation accuracy:		7.00 %
Epoch 341 of 600 took 7.803s
  training loss:		3.653387
  test loss:		3.554813
  validation accuracy:		5.50 %
Epoch 342 of 600 took 7.797s
  training loss:		3.605711
  test loss:		3.537823
  validation accuracy:		7.50 %
Epoch 343 of 600 took 7.801s
  training loss:		3.588647
  test loss:		3.471809
  validation accuracy:		5.50 %
Epoch 344 of 600 took 24.287s
  training loss:		3.576813
  test loss:		3.435438
  validation accuracy:		5.00 %
Epoch 345 of 600 took 7.799s
  training loss:		3.491526
  test loss:		3.385466
  validation accuracy:		5.00 %
Epoch 346 of 600 took 7.799s
  training loss:		3.467484
  test loss:		3.373195
  validation accuracy:		5.50 %
Epoch 347 of 600 took 7.799s
  training loss:		3.483228
  test loss:		3.337183
  validation accuracy:		6.00 %
Epoch 348 of 600 took 7.804s
  training loss:		3.486145
  test loss:		3.394024
  validation accuracy:		5.50 %
Epoch 349 of 600 took 7.799s
  training loss:		3.520356
  test loss:		3.486351
  validation accuracy:		5.50 %
Epoch 350 of 600 took 7.805s
  training loss:		3.622838
  test loss:		3.403719
  validation accuracy:		5.50 %
Epoch 351 of 600 took 7.799s
  training loss:		3.516454
  test loss:		3.393050
  validation accuracy:		6.00 %
Epoch 352 of 600 took 23.868s
  training loss:		3.552618
  test loss:		3.359963
  validation accuracy:		6.00 %
Epoch 353 of 600 took 7.802s
  training loss:		3.500675
  test loss:		3.299586
  validation accuracy:		9.50 %
Epoch 354 of 600 took 7.791s
  training loss:		3.447150
  test loss:		3.250312
  validation accuracy:		8.00 %
Epoch 355 of 600 took 7.801s
  training loss:		3.448088
  test loss:		3.226617
  validation accuracy:		8.50 %
Epoch 356 of 600 took 7.805s
  training loss:		3.347958
  test loss:		3.185609
  validation accuracy:		7.50 %
Epoch 357 of 600 took 7.795s
  training loss:		3.374007
  test loss:		3.151445
  validation accuracy:		8.50 %
Epoch 358 of 600 took 7.784s
  training loss:		3.398011
  test loss:		3.140187
  validation accuracy:		8.00 %
Epoch 359 of 600 took 7.787s
  training loss:		3.278679
  test loss:		3.088832
  validation accuracy:		10.50 %
Epoch 360 of 600 took 41.204s
  training loss:		3.308072
  test loss:		3.093682
  validation accuracy:		8.50 %
Epoch 361 of 600 took 7.813s
  training loss:		3.343885
  test loss:		3.207789
  validation accuracy:		6.00 %
Epoch 362 of 600 took 7.800s
  training loss:		3.364963
  test loss:		3.307789
  validation accuracy:		6.50 %
Epoch 363 of 600 took 7.817s
  training loss:		3.431837
  test loss:		3.210304
  validation accuracy:		7.00 %
Epoch 364 of 600 took 7.802s
  training loss:		3.423953
  test loss:		3.149012
  validation accuracy:		9.50 %
Epoch 365 of 600 took 7.814s
  training loss:		3.350008
  test loss:		3.091713
  validation accuracy:		12.50 %
Epoch 366 of 600 took 7.813s
  training loss:		3.271184
  test loss:		3.033995
  validation accuracy:		10.50 %
Epoch 367 of 600 took 7.807s
  training loss:		3.208217
  test loss:		2.946107
  validation accuracy:		14.50 %
Epoch 368 of 600 took 23.940s
  training loss:		3.226078
  test loss:		2.934206
  validation accuracy:		12.00 %
Epoch 369 of 600 took 7.803s
  training loss:		3.133833
  test loss:		2.898113
  validation accuracy:		14.00 %
Epoch 370 of 600 took 7.806s
  training loss:		3.097112
  test loss:		2.860755
  validation accuracy:		16.00 %
Epoch 371 of 600 took 7.804s
  training loss:		3.072740
  test loss:		2.891536
  validation accuracy:		12.50 %
Epoch 372 of 600 took 7.829s
  training loss:		3.154550
  test loss:		2.932254
  validation accuracy:		12.50 %
Epoch 373 ofINFO (theano.gof.compilelock): Waiting for existing lock by unknown process (I am process '2089')
INFO (theano.gof.compilelock): To manually release the lock, delete /home/rqiao/.theano/compiledir_Linux-2.6-el6.x86_64-x86_64-with-centos-6.6-Final-x86_64-2.7.5-64/lock_dir
INFO (theano.gof.compilelock): Waiting for existing lock by unknown process (I am process '2089')
INFO (theano.gof.compilelock): To manually release the lock, delete /home/rqiao/.theano/compiledir_Linux-2.6-el6.x86_64-x86_64-with-centos-6.6-Final-x86_64-2.7.5-64/lock_dir
 600 took 7.812s
  training loss:		3.060212
  test loss:		2.930435
  validation accuracy:		10.50 %
Epoch 374 of 600 took 7.816s
  training loss:		3.147414
  test loss:		3.006122
  validation accuracy:		8.50 %
Epoch 375 of 600 took 7.808s
  training loss:		3.161847
  test loss:		2.917417
  validation accuracy:		11.00 %
Epoch 376 of 600 took 36.711s
  training loss:		3.113308
  test loss:		2.886152
  validation accuracy:		14.00 %
Epoch 377 of 600 took 7.802s
  training loss:		3.060331
  test loss:		2.780419
  validation accuracy:		19.00 %
Epoch 378 of 600 took 7.799s
  training loss:		3.097392
  test loss:		2.756788
  validation accuracy:		17.00 %
Epoch 379 of 600 took 7.798s
  training loss:		3.112518
  test loss:		2.730929
  validation accuracy:		18.00 %
Epoch 380 of 600 took 7.788s
  training loss:		3.046779
  test loss:		2.742049
  validation accuracy:		19.50 %
Epoch 381 of 600 took 7.814s
  training loss:		3.124351
  test loss:		2.787977
  validation accuracy:		16.00 %
Epoch 382 of 600 took 7.790s
  training loss:		2.996911
  test loss:		2.714080
  validation accuracy:		19.50 %
Epoch 383 of 600 took 7.792s
  training loss:		3.014712
  test loss:		2.651784
  validation accuracy:		23.50 %
Epoch 384 of 600 took 24.305s
  training loss:		3.100611
  test loss:		2.636767
  validation accuracy:		23.00 %
Epoch 385 of 600 took 7.794s
  training loss:		2.847147
  test loss:		2.569564
  validation accuracy:		22.00 %
Epoch 386 of 600 took 7.807s
  training loss:		2.883304
  test loss:		2.482668
  validation accuracy:		27.00 %
Epoch 387 of 600 took 7.804s
  training loss:		2.978539
  test loss:		2.496043
  validation accuracy:		25.00 %
Epoch 388 of 600 took 7.789s
  training loss:		2.879376
  test loss:		2.469528
  validation accuracy:		29.00 %
Epoch 389 of 600 took 7.819s
  training loss:		2.805498
  test loss:		2.458591
  validation accuracy:		29.00 %
Epoch 390 of 600 took 7.819s
  training loss:		2.740320
  test loss:		2.424163
  validation accuracy:		25.50 %
Epoch 391 of 600 took 7.800s
  training loss:		2.738875
  test loss:		2.400707
  validation accuracy:		30.00 %
Epoch 392 of 600 took 23.820s
  training loss:		2.842270
  test loss:		2.416202
  validation accuracy:		29.00 %
Epoch 393 of 600 took 7.799s
  training loss:		2.756464
  test loss:		2.369336
  validation accuracy:		31.00 %
Epoch 394 of 600 took 7.791s
  training loss:		2.747899
  test loss:		2.347607
  validation accuracy:		28.50 %
Epoch 395 of 600 took 7.799s
  training loss:		2.784279
  test loss:		2.338106
  validation accuracy:		31.50 %
Epoch 396 of 600 took 7.791s
  training loss:		2.817843
  test loss:		2.368221
  validation accuracy:		33.00 %
Epoch 397 of 600 took 7.806s
  training loss:		2.766095
  test loss:		2.323682
  validation accuracy:		31.50 %
Epoch 398 of 600 took 7.787s
  training loss:		2.739785
  test loss:		2.288302
  validation accuracy:		31.50 %
Epoch 399 of 600 took 7.792s
  training loss:		2.656719
  test loss:		2.225624
  validation accuracy:		31.50 %
Epoch 400 of 600 took 24.324s
  training loss:		2.786907
  test loss:		2.256786
  validation accuracy:		36.00 %
Epoch 401 of 600 took 7.803s
  training loss:		2.821119
  test loss:		2.305755
  validation accuracy:		33.00 %
Epoch 402 of 600 took 7.825s
  training loss:		2.647979
  test loss:		2.221797
  validation accuracy:		34.00 %
Epoch 403 of 600 took 7.807s
  training loss:		2.623203
  test loss:		2.236049
  validation accuracy:		31.50 %
Epoch 404 of 600 took 7.804s
  training loss:		2.688590
  test loss:		2.182217
  validation accuracy:		37.00 %
Epoch 405 of 600 took 7.808s
  training loss:		2.674986
  test loss:		2.221851
  validation accuracy:		33.00 %
Epoch 406 of 600 took 7.811s
  training loss:		2.625939
  test loss:		2.196896
  validation accuracy:		33.00 %
Epoch 407 of 600 took 7.796s
  training loss:		2.615643
  test loss:		2.164204
  validation accuracy:		34.50 %
Epoch 408 of 600 took 37.520s
  training loss:		2.580379
  test loss:		2.100191
  validation accuracy:		39.00 %
Epoch 409 of 600 took 7.829s
  training loss:		2.586933
  test loss:		2.109085
  validation accuracy:		39.50 %
Epoch 410 of 600 took 7.839s
  training loss:		2.549088
  test loss:		2.184577
  validation accuracy:		35.50 %
Epoch 411 of 600 took 7.804s
  training loss:		2.663042
  test loss:		2.075359
  validation accuracy:		41.50 %
Epoch 412 of 600 took 7.821s
  training loss:		2.614055
  test loss:		2.074890
  validation accuracy:		40.50 %
Epoch 413 of 600 took 7.811s
  training loss:		2.630436
  test loss:		2.093268
  validation accuracy:		39.00 %
Epoch 414 of 600 took 7.807s
  training loss:		2.539088
  test loss:		2.021206
  validation accuracy:		40.00 %
Epoch 415 of 600 took 7.830s
  training loss:		2.460701
  test loss:		1.934045
  validation accuracy:		44.00 %
Epoch 416 of 600 took 23.896s
  training loss:		2.569031
  test loss:		1.968643
  validation accuracy:		46.00 %
Epoch 417 of 600 took 7.802s
  training loss:		2.429020
  test loss:		1.995535
  validation accuracy:		44.00 %
Epoch 418 of 600 took 7.809s
  training loss:		2.411982
  test loss:		1.979235
  validation accuracy:		44.50 %
Epoch 419 of 600 took 7.821s
  training loss:		2.580428
  test loss:		2.001045
  validation accuracy:		41.00 %
Epoch 420 of 600 took 7.811s
  training loss:		2.451306
  test loss:		1.925502
  validation accuracy:		45.00 %
Epoch 421 of 600 took 7.808s
  training loss:		2.430231
  test loss:		1.956622
  validation accuracy:		39.00 %
Epoch 422 of 600 took 7.812s
  training loss:		2.454599
  test loss:		1.987485
  validation accuracy:		43.50 %
Epoch 423 of 600 took 7.809s
  training loss:		2.496842
  test loss:		1.964993
  validation accuracy:		42.00 %
Epoch 424 of 600 took 24.367s
  training loss:		2.495985
  test loss:		1.887628
  validation accuracy:		50.00 %
Epoch 425 of 600 took 7.824s
  training loss:		2.408641
  test loss:		1.845746
  validation accuracy:		49.00 %
Epoch 426 of 600 took 7.805s
  training loss:		2.379643
  test loss:		1.834807
  validation accuracy:		47.00 %
Epoch 427 of 600 took 7.813s
  training loss:		2.306286
  test loss:		1.846140
  validation accuracy:		45.00 %
Epoch 428 of 600 took 7.802s
  training loss:		2.277822
  test loss:		1.847400
  validation accuracy:		42.00 %
Epoch 429 of 600 took 7.834s
  training loss:		2.417790
  test loss:		1.809637
  validation accuracy:		47.00 %
Epoch 430 of 600 took 7.808s
  training loss:		2.349749
  test loss:		1.832990
  validation accuracy:		46.50 %
Epoch 431 of 600 took 7.803s
  training loss:		2.480910
  test loss:		1.805389
  validation accuracy:		51.50 %
Epoch 432 of 600 took 23.934s
  training loss:		2.301815
  test loss:		1.760152
  validation accuracy:		53.00 %
Epoch 433 of 600 took 7.829s
  training loss:		2.337072
  test loss:		1.756144
  validation accuracy:		51.00 %
Epoch 434 of 600 took 7.812s
  training loss:		2.240929
  test loss:		1.752183
  validation accuracy:		54.50 %
Epoch 435 of 600 took 7.797s
  training loss:		2.280279
  test loss:		1.732937
  validation accuracy:		52.50 %
Epoch 436 of 600 took 7.819s
  training loss:		2.310795
  test loss:		1.710397
  validation accuracy:		57.00 %
Epoch 437 of 600 took 7.810s
  training loss:		2.269208
  test loss:		1.736036
  validation accuracy:		54.00 %
Epoch 438 of 600 took 7.814s
  training loss:		2.363313
  test loss:		1.708813
  validation accuracy:		51.50 %
Epoch 439 of 600 took 7.807s
  training loss:		2.243312
  test loss:		1.679872
  validation accuracy:		52.00 %
Epoch 440 of 600 took 23.956s
  training loss:		2.174717
  test loss:		1.644717
  validation accuracy:		54.00 %
Epoch 441 of 600 took 7.832s
  training loss:		2.158524
  test loss:		1.684337
  validation accuracy:		53.00 %
Epoch 442 of 600 took 7.804s
  training loss:		2.217788
  test loss:		1.653692
  validation accuracy:		56.50 %
Epoch 443 of 600 took 7.815s
  training loss:		2.000091
  test loss:		1.588557
  validation accuracy:		55.50 %
Epoch 444 of 600 took 7.822s
  training loss:		2.170035
  test loss:		1.654311
  validation accuracy:		52.50 %
Epoch 445 of 600 took 7.823s
  training loss:		2.169060
  test loss:		1.682866
  validation accuracy:		53.50 %
Epoch 446 of 600 took 7.811s
  training loss:		2.190808
  test loss:		1.611948
  validation accuracy:		54.50 %
Epoch 447 of 600 took 7.812s
  training loss:		2.121136
  test loss:		1.567119
  validation accuracy:		58.00 %
Epoch 448 of 600 took 23.918s
  training loss:		2.049348
  test loss:		1.557351
  validation accuracy:		58.00 %
Epoch 449 of 600 took 7.815s
  training loss:		2.025273
  test loss:		1.546367
  validation accuracy:		60.50 %
Epoch 450 of 600 took 7.824s
  training loss:		2.049089
  test loss:		1.601295
  validation accuracy:		57.00 %
Epoch 451 of 600 took 7.806s
  training loss:		2.093960
  test loss:		1.600860
  validation accuracy:		51.00 %
Epoch 452 of 600 took 7.822s
  training loss:		2.128042
  test loss:		1.533182
  validation accuracy:		60.50 %
Epoch 453 of 600 took 7.824s
  training loss:		1.998110
  test loss:		1.504435
  validation accuracy:		61.50 %
Epoch 454 of 600 took 7.818s
  training loss:		2.046988
  test loss:		1.510609
  validation accuracy:		55.50 %
Epoch 455 of 600 took 7.812s
  training loss:		2.082519
  test loss:		1.484301
  validation accuracy:		58.50 %
Epoch 456 of 600 took 24.364s
  training loss:		2.159879
  test loss:		1.512840
  validation accuracy:		58.00 %
Epoch 457 of 600 took 7.818s
  training loss:		2.095255
  test loss:		1.532551
  validation accuracy:		55.50 %
Epoch 458 of 600 took 7.800s
  training loss:		2.092785
  test loss:		1.506435
  validation accuracy:		64.00 %
Epoch 459 of 600 took 7.807s
  training loss:		1.966475
  test loss:		1.494191
  validation accuracy:		57.50 %
Epoch 460 of 600 took 7.815s
  training loss:		2.077091
  test loss:		1.454639
  validation accuracy:		61.50 %
Epoch 461 of 600 took 7.810s
  training loss:		2.032690
  test loss:		1.441474
  validation accuracy:		63.00 %
Epoch 462 of 600 took 7.814s
  training loss:		1.936345
  test loss:		1.469966
  validation accuracy:		61.00 %
Epoch 463 of 600 took 7.802s
  training loss:		1.945432
  test loss:		1.445245
  validation accuracy:		61.00 %
Epoch 464 of 600 took 23.887s
  training loss:		1.966236
  test loss:		1.446026
  validation accuracy:		61.00 %
Epoch 465 of 600 took 7.793s
  training loss:		1.976076
  test loss:		1.458466
  validation accuracy:		57.00 %
Epoch 466 of 600 took 7.783s
  training loss:		1.830927
  test loss:		1.363487
  validation accuracy:		60.00 %
Epoch 467 of 600 took 7.790s
  training loss:		1.866056
  test loss:		1.409821
  validation accuracy:		63.50 %
Epoch 468 of 600 took 7.788s
  training loss:		1.987025
  test loss:		1.444735
  validation accuracy:		58.50 %
Epoch 469 of 600 took 7.781s
  training loss:		1.926485
  test loss:		1.392376
  validation accuracy:		64.00 %
Epoch 470 of 600 took 7.770s
  training loss:		1.791931
  test loss:		1.311437
  validation accuracy:		64.50 %
Epoch 471 of 600 took 7.790s
  training loss:		1.974272
  test loss:		1.305633
  validation accuracy:		65.50 %
Epoch 472 of 600 took 23.934s
  training loss:		2.047606
  test loss:		1.339880
  validation accuracy:		68.00 %
Epoch 473 of 600 took 7.803s
  training loss:		1.803842
  test loss:		1.380397
  validation accuracy:		67.00 %
Epoch 474 of 600 took 7.786s
  training loss:		1.954725
  test loss:		1.287391
  validation accuracy:		68.00 %
Epoch 475 of 600 took 7.791s
  training loss:		1.837340
  test loss:		1.290903
  validation accuracy:		66.00 %
Epoch 476 of 600 took 7.779s
  training loss:		1.758804
  test loss:		1.213940
  validation accuracy:		68.50 %
Epoch 477 of 600 took 7.781s
  training loss:		1.859034
  test loss:		1.269271
  validation accuracy:		71.50 %
Epoch 478 of 600 took 7.784s
  training loss:		1.694856
  test loss:		1.355810
  validation accuracy:		63.50 %
Epoch 479 of 600 took 7.791s
  training loss:		1.982212
  test loss:		1.660868
  validation accuracy:		51.50 %
Epoch 480 of 600 took 23.908s
  training loss:		1.877482
  test loss:		1.301463
  validation accuracy:		68.50 %
Epoch 481 of 600 took 7.792s
  training loss:		1.776909
  test loss:		1.295941
  validation accuracy:		68.00 %
Epoch 482 of 600 took 7.808s
  training loss:		1.754399
  test loss:		1.252784
  validation accuracy:		66.00 %
Epoch 483 of 600 took 7.799s
  training loss:		1.639548
  test loss:		1.213607
  validation accuracy:		72.00 %
Epoch 484 of 600 took 7.790s
  training loss:		1.677032
  test loss:		1.252356
  validation accuracy:		66.00 %
Epoch 485 of 600 took 7.803s
  training loss:		1.794432
  test loss:		1.279014
  validation accuracy:		65.00 %
Epoch 486 of 600 took 7.779s
  training loss:		1.772815
  test loss:		1.303862
  validation accuracy:		66.50 %
Epoch 487 of 600 took 7.788s
  training loss:		1.647992
  test loss:		1.230541
  validation accuracy:		73.50 %
Epoch 488 of 600 took 24.340s
  training loss:		1.721087
  test loss:		1.179789
  validation accuracy:		73.50 %
Epoch 489 of 600 took 7.791s
  training loss:		1.626191
  test loss:		1.198050
  validation accuracy:		72.50 %
Epoch 490 of 600 took 7.800s
  training loss:		1.628275
  test loss:		1.152439
  validation accuracy:		70.50 %
Epoch 491 of 600 took 7.779s
  training loss:		1.578805
  test loss:		1.178099
  validation accuracy:		69.50 %
Epoch 492 of 600 took 7.800s
  training loss:		1.620850
  test loss:		1.184491
  validation accuracy:		65.50 %
Epoch 493 of 600 took 7.793s
  training loss:		1.819028
  test loss:		1.284546
  validation accuracy:		64.00 %
Epoch 494 of 600 took 7.787s
  training loss:		1.770381
  test loss:		1.125473
  validation accuracy:		75.50 %
Epoch 495 of 600 took 7.791s
  training loss:		1.743417
  test loss:		1.188176
  validation accuracy:		71.50 %
Epoch 496 of 600 took 23.896s
  training loss:		1.605610
  test loss:		1.100551
  validation accuracy:		76.50 %
Epoch 497 of 600 took 7.824s
  training loss:		1.705512
  test loss:		1.105230
  validation accuracy:		75.00 %
Epoch 498 of 600 took 7.839s
  training loss:		1.536078
  test loss:		1.178430
  validation accuracy:		70.00 %
Epoch 499 of 600 took 7.810s
  training loss:		1.630158
  test loss:		1.182847
  validation accuracy:		70.00 %
Epoch 500 of 600 took 7.789s
  training loss:		1.547968
  test loss:		1.156749
  validation accuracy:		70.50 %
Epoch 501 of 600 took 7.807s
  training loss:		1.683790
  test loss:		1.122186
  validation accuracy:		69.50 %
Epoch 502 of 600 took 7.808s
  training loss:		1.610120
  test loss:		1.149089
  validation accuracy:		71.50 %
Epoch 503 of 600 took 7.810s
  training loss:		1.508735
  test loss:		1.217543
  validation accuracy:		71.00 %
Epoch 504 of 600 took 23.932s
  training loss:		1.640690
  test loss:		1.053144
  validation accuracy:		76.00 %
Epoch 505 of 600 took 7.806s
  training loss:		1.379670
  test loss:		1.031344
  validation accuracy:		77.50 %
Epoch 506 of 600 took 7.800s
  training loss:		1.578611
  test loss:		1.026481
  validation accuracy:		75.50 %
Epoch 507 of 600 took 7.806s
  training loss:		1.513499
  test loss:		1.118962
  validation accuracy:		70.50 %
Epoch 508 of 600 took 7.803s
  training loss:		1.632935
  test loss:		1.045930
  validation accuracy:		80.00 %
Epoch 509 of 600 took 7.802s
  training loss:		1.487092
  test loss:		1.101078
  validation accuracy:		76.50 %
Epoch 510 of 600 took 7.791s
  training loss:		1.604745
  test loss:		1.119665
  validation accuracy:		71.50 %
Epoch 511 of 600 took 7.800s
  training loss:		1.534301
  test loss:		1.086868
  validation accuracy:		73.00 %
Epoch 512 of 600 took 23.918s
  training loss:		1.513969
  test loss:		1.105915
  validation accuracy:		75.50 %
Epoch 513 of 600 took 7.817s
  training loss:		1.399718
  test loss:		1.073382
  validation accuracy:		75.50 %
Epoch 514 of 600 took 7.811s
  training loss:		1.494463
  test loss:		1.038157
  validation accuracy:		76.50 %
Epoch 515 of 600 took 7.794s
  training loss:		1.416213
  test loss:		1.083200
  validation accuracy:		72.50 %
Epoch 516 of 600 took 7.807s
  training loss:		1.558659
  test loss:		1.024360
  validation accuracy:		73.50 %
Epoch 517 of 600 took 7.803s
  training loss:		1.380781
  test loss:		0.995746
  validation accuracy:		74.50 %
Epoch 518 of 600 took 7.804s
  training loss:		1.520398
  test loss:		0.970108
  validation accuracy:		78.50 %
Epoch 519 of 600 took 7.804s
  training loss:		1.340051
  test loss:		0.986081
  validation accuracy:		75.50 %
Epoch 520 of 600 took 24.333s
  training loss:		1.347350
  tes