Using gpu device 0: Tesla K20m (CNMeM is disabled, CuDNN not available)
/home/rqiao/Theano/theano/tensor/signal/downsample.py:5: UserWarning: downsample module has been moved to the pool module.
  warnings.warn("downsample module has been moved to the pool module.")
/home/rqiao/python/lib/python2.7/site-packages/numpy/core/fromnumeric.py:2641: VisibleDeprecationWarning: `rank` is deprecated; use the `ndim` attribute or function instead. To find the rank of a matrix see `numpy.linalg.matrix_rank`.
  VisibleDeprecationWarning)
Loading data...
Building model and compiling functions...
Starting training...
Epoch 1 of 600 took 7.867s
  training loss:		11.786544
  test loss:		3.704188
  validation accuracy:		2.50 %
Epoch 2 of 600 took 7.836s
  training loss:		9.323765
  test loss:		3.690293
  validation accuracy:		2.50 %
Epoch 3 of 600 took 7.821s
  training loss:		7.920809
  test loss:		3.688024
  validation accuracy:		2.50 %
Epoch 4 of 600 took 7.812s
  training loss:		6.638381
  test loss:		3.687582
  validation accuracy:		2.50 %
Epoch 5 of 600 took 7.820s
  training loss:		5.620649
  test loss:		3.687465
  validation accuracy:		2.50 %
Epoch 6 of 600 took 7.814s
  training loss:		4.879790
  test loss:		3.687457
  validation accuracy:		4.50 %
Epoch 7 of 600 took 7.812s
  training loss:		4.381447
  test loss:		3.687547
  validation accuracy:		2.50 %
Epoch 8 of 600 took 23.097s
  training loss:		4.150773
  test loss:		3.687429
  validation accuracy:		4.00 %
Epoch 9 of 600 took 7.801s
  training loss:		4.075537
  test loss:		3.687300
  validation accuracy:		2.50 %
Epoch 10 of 600 took 7.806s
  training loss:		3.980698
  test loss:		3.687161
  validation accuracy:		2.50 %
Epoch 11 of 600 took 7.788s
  training loss:		3.893679
  test loss:		3.687007
  validation accuracy:		2.50 %
Epoch 12 of 600 took 7.805s
  training loss:		3.823117
  test loss:		3.686935
  validation accuracy:		2.50 %
Epoch 13 of 600 took 7.795s
  training loss:		3.772158
  test loss:		3.686904
  validation accuracy:		3.50 %
Epoch 14 of 600 took 7.803s
  training loss:		3.739194
  test loss:		3.686861
  validation accuracy:		3.50 %
Epoch 15 of 600 took 7.812s
  training loss:		3.717095
  test loss:		3.686766
  validation accuracy:		3.50 %
Epoch 16 of 600 took 22.993s
  training loss:		3.709093
  test loss:		3.686588
  validation accuracy:		2.50 %
Epoch 17 of 600 took 7.803s
  training loss:		3.705118
  test loss:		3.686294
  validation accuracy:		2.50 %
Epoch 18 of 600 took 7.823s
  training loss:		3.702120
  test loss:		3.685991
  validation accuracy:		2.50 %
Epoch 19 of 600 took 7.826s
  training loss:		3.698556
  test loss:		3.685686
  validation accuracy:		2.50 %
Epoch 20 of 600 took 7.800s
  training loss:		3.695249
  test loss:		3.685318
  validation accuracy:		3.50 %
Epoch 21 of 600 took 7.815s
  training loss:		3.693200
  test loss:		3.684855
  validation accuracy:		2.50 %
Epoch 22 of 600 took 7.801s
  training loss:		3.692098
  test loss:		3.684411
  validation accuracy:		2.50 %
Epoch 23 of 600 took 7.812s
  training loss:		3.689872
  test loss:		3.683628
  validation accuracy:		5.00 %
Epoch 24 of 600 took 23.382s
  training loss:		3.691681
  test loss:		3.683152
  validation accuracy:		5.00 %
Epoch 25 of 600 took 7.819s
  training loss:		3.690347
  test loss:		3.682368
  validation accuracy:		2.50 %
Epoch 26 of 600 took 7.810s
  training loss:		3.689196
  test loss:		3.681304
  validation accuracy:		2.50 %
Epoch 27 of 600 took 7.822s
  training loss:		3.687756
  test loss:		3.679682
  validation accuracy:		2.50 %
Epoch 28 of 600 took 7.809s
  training loss:		3.686022
  test loss:		3.677326
  validation accuracy:		4.50 %
Epoch 29 of 600 took 7.806s
  training loss:		3.687534
  test loss:		3.675244
  validation accuracy:		2.50 %
Epoch 30 of 600 took 7.821s
  training loss:		3.683740
  test loss:		3.671591
  validation accuracy:		4.50 %
Epoch 31 of 600 took 7.812s
  training loss:		3.682319
  test loss:		3.666595
  validation accuracy:		6.50 %
Epoch 32 of 600 took 22.978s
  training loss:		3.682743
  test loss:		3.662853
  validation accuracy:		5.00 %
Epoch 33 of 600 took 7.799s
  training loss:		3.678150
  test loss:		3.658679
  validation accuracy:		7.50 %
Epoch 34 of 600 took 7.799s
  training loss:		3.675218
  test loss:		3.652851
  validation accuracy:		7.50 %
Epoch 35 of 600 took 7.822s
  training loss:		3.667508
  test loss:		3.639452
  validation accuracy:		7.00 %
Epoch 36 of 600 took 7.812s
  training loss:		3.660044
  test loss:		3.616933
  validation accuracy:		5.50 %
Epoch 37 of 600 took 7.810s
  training loss:		3.636752
  test loss:		3.590119
  validation accuracy:		5.50 %
Epoch 38 of 600 took 7.816s
  training loss:		3.611230
  test loss:		3.669434
  validation accuracy:		4.00 %
Epoch 39 of 600 took 7.808s
  training loss:		3.743603
  test loss:		3.620604
  validation accuracy:		2.50 %
Epoch 40 of 600 took 22.976s
  training loss:		3.768917
  test loss:		3.608987
  validation accuracy:		6.50 %
Epoch 41 of 600 took 7.798s
  training loss:		3.713293
  test loss:		3.628819
  validation accuracy:		2.50 %
Epoch 42 of 600 took 7.798s
  training loss:		3.698630
  test loss:		3.623401
  validation accuracy:		2.50 %
Epoch 43 of 600 took 7.811s
  training loss:		3.687585
  test loss:		3.603181
  validation accuracy:		5.50 %
Epoch 44 of 600 took 7.817s
  training loss:		3.659182
  test loss:		3.559605
  validation accuracy:		5.00 %
Epoch 45 of 600 took 7.821s
  training loss:		3.647172
  test loss:		3.533572
  validation accuracy:		8.00 %
Epoch 46 of 600 took 7.813s
  training loss:		3.604059
  test loss:		3.651494
  validation accuracy:		2.50 %
Epoch 47 of 600 took 7.808s
  training loss:		3.631696
  test loss:		3.985955
  validation accuracy:		2.50 %
Epoch 48 of 600 took 22.961s
  training loss:		3.966553
  test loss:		3.620289
  validation accuracy:		4.00 %
Epoch 49 of 600 took 7.820s
  training loss:		3.722799
  test loss:		3.633839
  validation accuracy:		6.50 %
Epoch 50 of 600 took 7.817s
  training loss:		3.703857
  test loss:		3.635654
  validation accuracy:		5.00 %
Epoch 51 of 600 took 7.821s
  training loss:		3.692681
  test loss:		3.624391
  validation accuracy:		7.50 %
Epoch 52 of 600 took 7.814s
  training loss:		3.687439
  test loss:		3.609556
  validation accuracy:		2.50 %
Epoch 53 of 600 took 7.821s
  training loss:		3.669338
  test loss:		3.591218
  validation accuracy:		3.00 %
Epoch 54 of 600 took 7.808s
  training loss:		3.651838
  test loss:		3.570151
  validation accuracy:		3.00 %
Epoch 55 of 600 took 7.836s
  training loss:		3.635581
  test loss:		3.553786
  validation accuracy:		9.00 %
Epoch 56 of 600 took 23.397s
  training loss:		3.629552
  test loss:		3.561088
  validation accuracy:		8.00 %
Epoch 57 of 600 took 7.822s
  training loss:		3.604060
  test loss:		3.540021
  validation accuracy:		9.00 %
Epoch 58 of 600 took 7.831s
  training loss:		3.577542
  test loss:		3.545244
  validation accuracy:		9.00 %
Epoch 59 of 600 took 7.838s
  training loss:		3.579912
  test loss:		3.481510
  validation accuracy:		7.00 %
Epoch 60 of 600 took 7.835s
  training loss:		3.732435
  test loss:		3.689898
  validation accuracy:		2.50 %
Epoch 61 of 600 took 7.821s
  training loss:		3.767197
  test loss:		3.690049
  validation accuracy:		2.50 %
Epoch 62 of 600 took 7.828s
  training loss:		3.765664
  test loss:		3.690047
  validation accuracy:		2.50 %
Epoch 63 of 600 took 7.822s
  training loss:		3.756497
  test loss:		3.690044
  validation accuracy:		2.50 %
Epoch 64 of 600 took 23.062s
  training loss:		3.748447
  test loss:		3.690001
  validation accuracy:		2.50 %
Epoch 65 of 600 took 7.840s
  training loss:		3.740342
  test loss:		3.689909
  validation accuracy:		2.50 %
Epoch 66 of 600 took 7.827s
  training loss:		3.730695
  test loss:		3.689813
  validation accuracy:		2.50 %
Epoch 67 of 600 took 7.826s
  training loss:		3.724590
  test loss:		3.689748
  validation accuracy:		2.50 %
Epoch 68 of 600 took 7.826s
  training loss:		3.714917
  test loss:		3.689738
  validation accuracy:		2.50 %
Epoch 69 of 600 took 7.831s
  training loss:		3.708351
  test loss:		3.689771
  validation accuracy:		2.50 %
Epoch 70 of 600 took 7.823s
  training loss:		3.702795
  test loss:		3.689777
  validation accuracy:		2.50 %
Epoch 71 of 600 took 7.836s
  training loss:		3.699155
  test loss:		3.689756
  validation accuracy:		2.50 %
Epoch 72 of 600 took 23.060s
  training loss:		3.698181
  test loss:		3.689758
  validation accuracy:		2.50 %
Epoch 73 of 600 took 7.827s
  training loss:		3.697051
  test loss:		3.689741
  validation accuracy:		2.50 %
Epoch 74 of 600 took 7.836s
  training loss:		3.695975
  test loss:		3.689721
  validation accuracy:		2.50 %
Epoch 75 of 600 took 7.830s
  training loss:		3.694756
  test loss:		3.689688
  validation accuracy:		2.50 %
Epoch 76 of 600 took 7.840s
  training loss:		3.693858
  test loss:		3.689650
  validation accuracy:		2.50 %
Epoch 77 of 600 took 7.829s
  training loss:		3.692852
  test loss:		3.689602
  validation accuracy:		2.50 %
Epoch 78 of 600 took 7.829s
  training loss:		3.692409
  test loss:		3.689554
  validation accuracy:		2.50 %
Epoch 79 of 600 took 7.826s
  training loss:		3.692672
  test loss:		3.689497
  validation accuracy:		2.50 %
Epoch 80 of 600 took 23.019s
  training loss:		3.692307
  test loss:		3.689474
  validation accuracy:		2.50 %
Epoch 81 of 600 took 7.825s
  training loss:		3.692204
  test loss:		3.689443
  validation accuracy:		2.50 %
Epoch 82 of 600 took 7.817s
  training loss:		3.691864
  test loss:		3.689423
  validation accuracy:		2.50 %
Epoch 83 of 600 took 7.818s
  training loss:		3.691442
  test loss:		3.689381
  validation accuracy:		2.50 %
Epoch 84 of 600 took 7.826s
  training loss:		3.691615
  test loss:		3.689335
  validation accuracy:		2.50 %
Epoch 85 of 600 took 7.824s
  training loss:		3.691470
  test loss:		3.689308
  validation accuracy:		2.50 %
Epoch 86 of 600 took 7.816s
  training loss:		3.691153
  test loss:		3.689272
  validation accuracy:		2.50 %
Epoch 87 of 600 took 7.829s
  training loss:		3.691665
  test loss:		3.689266
  validation accuracy:		2.50 %
Epoch 88 of 600 took 23.473s
  training loss:		3.691378
  test loss:		3.689239
  validation accuracy:		2.50 %
Epoch 89 of 600 took 7.829s
  training loss:		3.691480
  test loss:		3.689215
  validation accuracy:		2.50 %
Epoch 90 of 600 took 7.831s
  training loss:		3.691190
  test loss:		3.689158
  validation accuracy:		2.50 %
Epoch 91 of 600 took 7.820s
  training loss:		3.691599
  test loss:		3.689133
  validation accuracy:		2.50 %
Epoch 92 of 600 took 7.819s
  training loss:		3.691320
  test loss:		3.689130
  validation accuracy:		2.50 %
Epoch 93 of 600 took 7.839s
  training loss:		3.691117
  test loss:		3.689119
  validation accuracy:		2.50 %
Epoch 94 of 600 took 7.826s
  training loss:		3.690809
  test loss:		3.689106
  validation accuracy:		2.50 %
Epoch 95 of 600 took 7.818s
  training loss:		3.690650
  test loss:		3.689068
  validation accuracy:		2.50 %
Epoch 96 of 600 took 23.081s
  training loss:		3.690842
  test loss:		3.689031
  validation accuracy:		2.50 %
Epoch 97 of 600 took 7.826s
  training loss:		3.690891
  test loss:		3.688971
  validation accuracy:		2.50 %
Epoch 98 of 600 took 7.838s
  training loss:		3.691188
  test loss:		3.688934
  validation accuracy:		2.50 %
Epoch 99 of 600 took 7.828s
  training loss:		3.691042
  test loss:		3.688907
  validation accuracy:		2.50 %
Epoch 100 of 600 took 7.821s
  training loss:		3.691161
  test loss:		3.688912
  validation accuracy:		2.50 %
Epoch 101 of 600 took 7.821s
  training loss:		3.690780
  test loss:		3.688924
  validation accuracy:		2.50 %
Epoch 102 of 600 took 7.825s
  training loss:		3.690407
  test loss:		3.688943
  validation accuracy:		2.50 %
Epoch 103 of 600 took 7.841s
  training loss:		3.690580
  test loss:		3.688906
  validation accuracy:		2.50 %
Epoch 104 of 600 took 23.541s
  training loss:		3.690956
  test loss:		3.688872
  validation accuracy:		2.50 %
Epoch 105 of 600 took 7.828s
  training loss:		3.691108
  test loss:		3.688836
  validation accuracy:		2.50 %
Epoch 106 of 600 took 7.829s
  training loss:		3.690833
  test loss:		3.688798
  validation accuracy:		2.50 %
Epoch 107 of 600 took 7.828s
  training loss:		3.690696
  test loss:		3.688779
  validation accuracy:		2.50 %
Epoch 108 of 600 took 7.825s
  training loss:		3.690679
  test loss:		3.688755
  validation accuracy:		2.50 %
Epoch 109 of 600 took 7.823s
  training loss:		3.690557
  test loss:		3.688678
  validation accuracy:		2.50 %
Epoch 110 of 600 took 7.831s
  training loss:		3.690945
  test loss:		3.688659
  validation accuracy:		2.50 %
Epoch 111 of 600 took 7.814s
  training loss:		3.691112
  test loss:		3.688690
  validation accuracy:		2.50 %
Epoch 112 of 600 took 23.129s
  training loss:		3.691194
  test loss:		3.688705
  validation accuracy:		2.50 %
Epoch 113 of 600 took 7.813s
  training loss:		3.690592
  test loss:		3.688683
  validation accuracy:		2.50 %
Epoch 114 of 600 took 7.826s
  training loss:		3.690454
  test loss:		3.688621
  validation accuracy:		2.50 %
Epoch 115 of 600 took 7.813s
  training loss:		3.690639
  test loss:		3.688560
  validation accuracy:		2.50 %
Epoch 116 of 600 took 7.804s
  training loss:		3.689662
  test loss:		3.688437
  validation accuracy:		2.50 %
Epoch 117 of 600 took 7.810s
  training loss:		3.690431
  test loss:		3.688311
  validation accuracy:		2.50 %
Epoch 118 of 600 took 7.808s
  training loss:		3.691061
  test loss:		3.688262
  validation accuracy:		2.50 %
Epoch 119 of 600 took 7.806s
  training loss:		3.690555
  test loss:		3.688223
  validation accuracy:		2.50 %
Epoch 120 of 600 took 23.144s
  training loss:		3.691187
  test loss:		3.688231
  validation accuracy:		2.50 %
Epoch 121 of 600 took 7.828s
  training loss:		3.689987
  test loss:		3.688213
  validation accuracy:		2.50 %
Epoch 122 of 600 took 7.830s
  training loss:		3.690009
  test loss:		3.688134
  validation accuracy:		2.50 %
Epoch 123 of 600 took 7.817s
  training loss:		3.690307
  test loss:		3.688082
  validation accuracy:		2.50 %
Epoch 124 of 600 took 7.825s
  training loss:		3.690514
  test loss:		3.688023
  validation accuracy:		2.50 %
Epoch 125 of 600 took 7.829s
  training loss:		3.689844
  test loss:		3.687921
  validation accuracy:		2.50 %
Epoch 126 of 600 took 7.817s
  training loss:		3.689891
  test loss:		3.687784
  validation accuracy:		2.50 %
Epoch 127 of 600 took 7.827s
  training loss:		3.689819
  test loss:		3.687661
  validation accuracy:		2.50 %
Epoch 128 of 600 took 23.199s
  training loss:		3.690407
  test loss:		3.687585
  validation accuracy:		2.50 %
Epoch 129 of 600 took 7.836s
  training loss:		3.689668
  test loss:		3.687500
  validation accuracy:		2.50 %
Epoch 130 of 600 took 7.811s
  training loss:		3.689722
  test loss:		3.687384
  validation accuracy:		2.50 %
Epoch 131 of 600 took 7.840s
  training loss:		3.689631
  test loss:		3.687214
  validation accuracy:		2.50 %
Epoch 132 of 600 took 7.829s
  training loss:		3.689773
  test loss:		3.687009
  validation accuracy:		2.50 %
Epoch 133 of 600 took 7.824s
  training loss:		3.688756
  test loss:		3.686757
  validation accuracy:		3.00 %
Epoch 134 of 600 took 7.836s
  training loss:		3.689462
  test loss:		3.686519
  validation accuracy:		1.50 %
Epoch 135 of 600 took 7.828s
  training loss:		3.688293
  test loss:		3.686151
  validation accuracy:		2.50 %
Epoch 136 of 600 took 23.132s
  training loss:		3.689381
  test loss:		3.685991
  validation accuracy:		2.50 %
Epoch 137 of 600 took 7.827s
  training loss:		3.688715
  test loss:		3.685674
  validation accuracy:		2.50 %
Epoch 138 of 600 took 7.827s
  training loss:		3.689194
  test loss:		3.685337
  validation accuracy:		2.50 %
Epoch 139 of 600 took 7.823s
  training loss:		3.688994
  test loss:		3.685001
  validation accuracy:		2.50 %
Epoch 140 of 600 took 7.828s
  training loss:		3.687240
  test loss:		3.684502
  validation accuracy:		2.50 %
Epoch 141 of 600 took 7.824s
  training loss:		3.686653
  test loss:		3.683730
  validation accuracy:		2.50 %
Epoch 142 of 600 took 7.833s
  training loss:		3.687648
  test loss:		3.682971
  validation accuracy:		2.50 %
Epoch 143 of 600 took 7.829s
  training loss:		3.685620
  test loss:		3.681998
  validation accuracy:		2.00 %
Epoch 144 of 600 took 23.551s
  training loss:		3.686873
  test loss:		3.681498
  validation accuracy:		1.50 %
Epoch 145 of 600 took 7.830s
  training loss:		3.687615
  test loss:		3.680716
  validation accuracy:		0.50 %
Epoch 146 of 600 took 7.824s
  training loss:		3.685011
  test loss:		3.679489
  validation accuracy:		4.00 %
Epoch 147 of 600 took 7.843s
  training loss:		3.684609
  test loss:		3.677898
  validation accuracy:		6.50 %
Epoch 148 of 600 took 7.826s
  training loss:		3.684795
  test loss:		3.676195
  validation accuracy:		5.00 %
Epoch 149 of 600 took 7.829s
  training loss:		3.680543
  test loss:		3.674049
  validation accuracy:		2.50 %
Epoch 150 of 600 took 7.826s
  training loss:		3.681974
  test loss:		3.672015
  validation accuracy:		2.50 %
Epoch 151 of 600 took 7.821s
  training loss:		3.673969
  test loss:		3.667168
  validation accuracy:		2.50 %
Epoch 152 of 600 took 23.142s
  training loss:		3.678731
  test loss:		3.665188
  validation accuracy:		2.50 %
Epoch 153 of 600 took 7.839s
  training loss:		3.675676
  test loss:		3.662639
  validation accuracy:		2.50 %
Epoch 154 of 600 took 7.831s
  training loss:		3.671600
  test loss:		3.659952
  validation accuracy:		3.00 %
Epoch 155 of 600 took 7.832s
  training loss:		3.670473
  test loss:		3.652052
  validation accuracy:		2.50 %
Epoch 156 of 600 took 7.841s
  training loss:		3.666057
  test loss:		3.647136
  validation accuracy:		2.50 %
Epoch 157 of 600 took 7.844s
  training loss:		3.661420
  test loss:		3.636245
  validation accuracy:		2.50 %
Epoch 158 of 600 took 7.839s
  training loss:		3.651230
  test loss:		3.626335
  validation accuracy:		2.50 %
Epoch 159 of 600 took 7.844s
  training loss:		3.647443
  test loss:		3.630512
  validation accuracy:		5.50 %
Epoch 160 of 600 took 23.141s
  training loss:		3.670581
  test loss:		3.617056
  validation accuracy:		5.00 %
Epoch 161 of 600 took 7.827s
  training loss:		3.661717
  test loss:		3.610690
  validation accuracy:		5.00 %
Epoch 162 of 600 took 7.841s
  training loss:		3.633566
  test loss:		3.593901
  validation accuracy:		5.00 %
Epoch 163 of 600 took 7.831s
  training loss:		3.643385
  test loss:		3.598597
  validation accuracy:		5.50 %
Epoch 164 of 600 took 7.838s
  training loss:		3.622947
  test loss:		3.600021
  validation accuracy:		5.00 %
Epoch 165 of 600 took 7.831s
  training loss:		3.649069
  test loss:		3.588544
  validation accuracy:		6.00 %
Epoch 166 of 600 took 7.820s
  training loss:		3.619751
  test loss:		3.625687
  validation accuracy:		4.50 %
Epoch 167 of 600 took 7.838s
  training loss:		3.619224
  test loss:		3.613411
  validation accuracy:		5.50 %
Epoch 168 of 600 took 23.132s
  training loss:		3.622650
  test loss:		3.569096
  validation accuracy:		5.00 %
Epoch 169 of 600 took 7.836s
  training loss:		3.633680
  test loss:		3.533254
  validation accuracy:		6.50 %
Epoch 170 of 600 took 7.823s
  training loss:		3.694084
  test loss:		3.649297
  validation accuracy:		4.00 %
Epoch 171 of 600 took 7.825s
  training loss:		3.650216
  test loss:		3.582880
  validation accuracy:		3.00 %
Epoch 172 of 600 took 7.854s
  training loss:		3.682735
  test loss:		3.628031
  validation accuracy:		3.50 %
Epoch 173 of 600 took 7.855s
  training loss:		3.652268
  test loss:		3.561152
  validation accuracy:		5.00 %
Epoch 174 of 600 took 7.836s
  training loss:		3.648142
  test loss:		3.565920
  validation accuracy:		7.50 %
Epoch 175 of 600 took 7.831s
  training loss:		3.585996
  test loss:		3.492325
  validation accuracy:		6.50 %
Epoch 176 of 600 took 23.585s
  training loss:		3.594961
  test loss:		3.482110
  validation accuracy:		5.50 %
Epoch 177 of 600 took 7.839s
  training loss:		3.528414
  test loss:		3.451763
  validation accuracy:		9.50 %
Epoch 178 of 600 took 7.843s
  training loss:		3.503473
  test loss:		3.336259
  validation accuracy:		9.50 %
Epoch 179 of 600 took 7.849s
  training loss:		3.526492
  test loss:		3.397493
  validation accuracy:		7.50 %
Epoch 180 of 600 took 7.842s
  training loss:		3.615271
  test loss:		3.501497
  validation accuracy:		5.50 %
Epoch 181 of 600 took 7.830s
  training loss:		3.614180
  test loss:		3.501608
  validation accuracy:		5.50 %
Epoch 182 of 600 took 7.841s
  training loss:		3.626127
  test loss:		3.459296
  validation accuracy:		8.50 %
Epoch 183 of 600 took 7.828s
  training loss:		3.532596
  test loss:		3.343056
  validation accuracy:		6.50 %
Epoch 184 of 600 took 23.133s
  training loss:		3.508030
  test loss:		3.303545
  validation accuracy:		6.50 %
Epoch 185 of 600 took 7.834s
  training loss:		3.498562
  test loss:		3.258336
  validation accuracy:		9.00 %
Epoch 186 of 600 took 7.845s
  training loss:		3.433375
  test loss:		3.246858
  validation accuracy:		11.50 %
Epoch 187 of 600 took 7.848s
  training loss:		3.467101
  test loss:		3.229899
  validation accuracy:		14.50 %
Epoch 188 of 600 took 7.833s
  training loss:		3.365674
  test loss:		3.486465
  validation accuracy:		4.00 %
Epoch 189 of 600 took 7.832s
  training loss:		3.447914
  test loss:		3.515027
  validation accuracy:		3.00 %
Epoch 190 of 600 took 7.853s
  training loss:		3.700450
  test loss:		3.301652
  validation accuracy:		9.00 %
Epoch 191 of 600 took 7.843s
  training loss:		3.629391
  test loss:		3.321262
  validation accuracy:		15.50 %
Epoch 192 of 600 took 23.145s
  training loss:		3.452515
  test loss:		3.111067
  validation accuracy:		15.00 %
Epoch 193 of 600 took 7.836s
  training loss:		3.449510
  test loss:		3.018746
  validation accuracy:		16.00 %
Epoch 194 of 600 took 7.832s
  training loss:		3.291379
  test loss:		2.944440
  validation accuracy:		15.00 %
Epoch 195 of 600 took 7.852s
  training loss:		3.248654
  test loss:		2.863342
  validation accuracy:		19.00 %
Epoch 196 of 600 took 7.853s
  training loss:		3.263810
  test loss:		3.123560
  validation accuracy:		11.00 %
Epoch 197 of 600 took 7.833s
  training loss:		3.318759
  test loss:		2.933863
  validation accuracy:		14.50 %
Epoch 198 of 600 took 7.839s
  training loss:		3.237158
  test loss:		2.811483
  validation accuracy:		18.00 %
Epoch 199 of 600 took 7.833s
  training loss:		3.350357
  test loss:		2.801214
  validation accuracy:		13.50 %
Epoch 200 of 600 took 23.608s
  training loss:		3.270316
  test loss:		2.671028
  validation accuracy:		25.00 %
Epoch 201 of 600 took 7.838s
  training loss:		3.055136
  test loss:		2.484123
  validation accuracy:		25.00 %
Epoch 202 of 600 took 7.841s
  training loss:		3.102655
  test loss:		2.618013
  validation accuracy:		29.00 %
Epoch 203 of 600 took 7.839s
  training loss:		3.018503
  test loss:		2.519475
  validation accuracy:		31.00 %
Epoch 204 of 600 took 7.843s
  training loss:		3.001433
  test loss:		2.572851
  validation accuracy:		31.00 %
Epoch 205 of 600 took 7.830s
  training loss:		3.064099
  test loss:		2.794447
  validation accuracy:		23.00 %
Epoch 206 of 600 took 7.834s
  training loss:		3.041389
  test loss:		2.834214
  validation accuracy:		18.00 %
Epoch 207 of 600 took 7.841s
  training loss:		3.143237
  test loss:		2.610768
  validation accuracy:		21.00 %
Epoch 208 of 600 took 23.163s
  training loss:		3.101135
  test loss:		2.430287
  validation accuracy:		33.00 %
Epoch 209 of 600 took 7.839s
  training loss:		2.831238
  test loss:		2.455498
  validation accuracy:		32.00 %
Epoch 210 of 600 took 7.866s
  training loss:		2.741061
  test loss:		2.236447
  validation accuracy:		36.00 %
Epoch 211 of 600 took 7.833s
  training loss:		3.077258
  test loss:		2.580168
  validation accuracy:		30.00 %
Epoch 212 of 600 took 7.842s
  training loss:		3.302537
  test loss:		2.632078
  validation accuracy:		29.50 %
Epoch 213 of 600 took 7.854s
  training loss:		2.983316
  test loss:		2.404587
  validation accuracy:		36.00 %
Epoch 214 of 600 took 7.846s
  training loss:		2.853070
  test loss:		2.197805
  validation accuracy:		40.50 %
Epoch 215 of 600 took 7.842s
  training loss:		2.751053
  test loss:		2.069727
  validation accuracy:		38.50 %
Epoch 216 of 600 took 23.161s
  training loss:		2.819187
  test loss:		2.196900
  validation accuracy:		41.00 %
Epoch 217 of 600 took 7.837s
  training loss:		2.767435
  test loss:		2.081643
  validation accuracy:		52.50 %
Epoch 218 of 600 took 7.847s
  training loss:		2.591041
  test loss:		1.872737
  validation accuracy:		43.00 %
Epoch 219 of 600 took 7.843s
  training loss:		2.738606
  test loss:		1.928476
  validation accuracy:		44.50 %
Epoch 220 of 600 took 7.849s
  training loss:		2.628084
  test loss:		2.245806
  validation accuracy:		37.00 %
Epoch 221 of 600 took 7.842s
  training loss:		2.598395
  test loss:		2.000677
  validation accuracy:		43.50 %
Epoch 222 of 600 took 7.838s
  training loss:		2.651733
  test loss:		1.848616
  validation accuracy:		48.50 %
Epoch 223 of 600 took 7.850s
  training loss:		2.600309
  test loss:		1.843381
  validation accuracy:		44.00 %
Epoch 224 of 600 took 23.596s
  training loss:		2.567387
  test loss:		1.849660
  validation accuracy:		50.50 %
Epoch 225 of 600 took 7.828s
  training loss:		2.360680
  test loss:		1.713131
  validation accuracy:		53.00 %
Epoch 226 of 600 took 7.828s
  training loss:		2.429850
  test loss:		1.708751
  validation accuracy:		48.00 %
Epoch 227 of 600 took 7.832s
  training loss:		2.393830
  test loss:		1.847503
  validation accuracy:		45.50 %
Epoch 228 of 600 took 7.831s
  training loss:		2.450171
  test loss:		1.709911
  validation accuracy:		53.00 %
Epoch 229 of 600 took 7.844s
  training loss:		2.512113
  test loss:		1.799879
  validation accuracy:		55.00 %
Epoch 230 of 600 took 7.844s
  training loss:		2.501388
  test loss:		1.695469
  validation accuracy:		48.00 %
Epoch 231 of 600 took 7.834s
  training loss:		2.435944
  test loss:		1.750520
  validation accuracy:		53.00 %
Epoch 232 of 600 took 23.162s
  training loss:		2.467875
  test loss:		1.729156
  validation accuracy:		49.50 %
Epoch 233 of 600 took 7.827s
  training loss:		2.430680
  test loss:		1.628477
  validation accuracy:		59.50 %
Epoch 234 of 600 took 7.833s
  training loss:		2.351644
  test loss:		1.490315
  validation accuracy:		60.00 %
Epoch 235 of 600 took 7.831s
  training loss:		2.333151
  test loss:		1.338690
  validation accuracy:		62.50 %
Epoch 236 of 600 took 7.834s
  training loss:		2.155564
  test loss:		1.380731
  validation accuracy:		63.00 %
Epoch 237 of 600 took 7.842s
  training loss:		2.140715
  test loss:		1.346797
  validation accuracy:		63.50 %
Epoch 238 of 600 took 7.841s
  training loss:		2.401989
  test loss:		1.433903
  validation accuracy:		65.50 %
Epoch 239 of 600 took 7.851s
  training loss:		2.146508
  test loss:		1.275919
  validation accuracy:		70.00 %
Epoch 240 of 600 took 23.172s
  training loss:		2.090250
  test loss:		1.192682
  validation accuracy:		72.50 %
Epoch 241 of 600 took 7.827s
  training loss:		1.763867
  test loss:		1.112260
  validation accuracy:		69.00 %
Epoch 242 of 600 took 7.832s
  training loss:		2.097221
  test loss:		1.157410
  validation accuracy:		66.50 %
Epoch 243 of 600 took 7.828s
  training loss:		2.072801
  test loss:		1.269968
  validation accuracy:		66.50 %
Epoch 244 of 600 took 7.833s
  training loss:		2.169426
  test loss:		1.313622
  validation accuracy:		68.00 %
Epoch 245 of 600 took 7.832s
  training loss:		2.015107
  test loss:		1.256712
  validation accuracy:		66.00 %
Epoch 246 of 600 took 7.821s
  training loss:		2.191560
  test loss:		1.409490
  validation accuracy:		66.50 %
Epoch 247 of 600 took 7.825s
  training loss:		2.132620
  test loss:		1.268744
  validation accuracy:		66.50 %
Epoch 248 of 600 took 23.563s
  training loss:		2.023490
  test loss:		1.195226
  validation accuracy:		67.00 %
Epoch 249 of 600 took 7.843s
  training loss:		1.850548
  test loss:		1.066157
  validation accuracy:		74.00 %
Epoch 250 of 600 took 7.831s
  training loss:		1.958512
  test loss:		1.086353
  validation accuracy:		71.50 %
Epoch 251 of 600 took 7.829s
  training loss:		1.838900
  test loss:		1.029111
  validation accuracy:		69.00 %
Epoch 252 of 600 took 7.828s
  training loss:		1.744412
  test loss:		1.023447
  validation accuracy:		74.00 %
Epoch 253 of 600 took 7.823s
  training loss:		2.200078
  test loss:		1.305248
  validation accuracy:		66.50 %
Epoch 254 of 600 took 7.822s
  training loss:		1.798859
  test loss:		1.048393
  validation accuracy:		76.00 %
Epoch 255 of 600 took 7.829s
  training loss:		1.923759
  test loss:		0.938983
  validation accuracy:		78.50 %
Epoch 256 of 600 took 23.179s
  training loss:		1.742631
  test loss:		0.931882
  validation accuracy:		77.00 %
Epoch 257 of 600 took 7.840s
  training loss:		1.592309
  test loss:		0.918556
  validation accuracy:		79.00 %
Epoch 258 of 600 took 7.838s
  training loss:		1.912083
  test loss:		0.984249
  validation accuracy:		74.00 %
Epoch 259 of 600 took 7.826s
  training loss:		1.586721
  test loss:		0.932945
  validation accuracy:		75.50 %
Epoch 260 of 600 took 7.833s
  training loss:		1.713511
  test loss:		0.896306
  validation accuracy:		80.00 %
Epoch 261 of 600 took 7.831s
  training loss:		1.799109
  test loss:		0.962357
  validation accuracy:		79.00 %
Epoch 262 of 600 took 7.835s
  training loss:		1.623426
  test loss:		0.821449
  validation accuracy:		81.50 %
Epoch 263 of 600 took 7.826s
  training loss:		1.840912
  test loss:		1.175312
  validation accuracy:		72.50 %
Epoch 264 of 600 took 23.205s
  training loss:		1.661286
  test loss:		0.791878
  validation accuracy:		85.00 %
Epoch 265 of 600 took 7.836s
  training loss:		1.655709
  test loss:		0.747075
  validation accuracy:		83.50 %
Epoch 266 of 600 took 7.846s
  training loss:		1.590638
  test loss:		0.792551
  validation accuracy:		80.00 %
Epoch 267 of 600 took 7.826s
  training loss:		1.591222
  test loss:		0.740290
  validation accuracy:		85.50 %
Epoch 268 of 600 took 7.846s
  training loss:		1.414361
  test loss:		0.791032
  validation accuracy:		80.50 %
Epoch 269 of 600 took 7.829s
  training loss:		1.477225
  test loss:		0.749622
  validation accuracy:		82.50 %
Epoch 270 of 600 took 7.834s
  training loss:		1.596935
  test loss:		0.760041
  validation accuracy:		83.00 %
Epoch 271 of 600 took 7.820s
  training loss:		1.750375
  test loss:		0.744564
  validation accuracy:		89.50 %
Epoch 272 of 600 took 23.138s
  training loss:		1.555310
  test loss:		0.600372
  validation accuracy:		88.00 %
Epoch 273 of 600 took 7.847s
  training loss:		1.433769
  test loss:		0.653655
  validation accuracy:		81.50 %
Epoch 274 of 600 took 7.831s
  training loss:		1.420775
  test loss:		0.609213
  validation accuracy:		84.00 %
Epoch 275 of 600 took 7.834s
  training loss:		1.415657
  test loss:		0.641969
  validation accuracy:		82.50 %
Epoch 276 of 600 took 7.822s
  training loss:		1.317034
  test loss:		0.567388
  validation accuracy:		85.50 %
Epoch 277 of 600 took 7.851s
  training loss:		1.217454
  test loss:		0.612699
  validation accuracy:		80.50 %
Epoch 278 of 600 took 7.840s
  training loss:		1.481840
  test loss:		0.710474
  validation accuracy:		83.50 %
Epoch 279 of 600 took 7.829s
  training loss:		1.838877
  test loss:		0.769449
  validation accuracy:		81.50 %
Epoch 280 of 600 took 23.612s
  training loss:		1.591496
  test loss:		0.673230
  validation accuracy:		86.00 %
Epoch 281 of 600 took 7.832s
  training loss:		1.311563
  test loss:		0.623572
  validation accuracy:		88.00 %
Epoch 282 of 600 took 7.822s
  training loss:		1.270130
  test loss:		0.573714
  validation accuracy:		87.50 %
Epoch 283 of 600 took 7.831s
  training loss:		1.350751
  test loss:		0.713336
  validation accuracy:		79.00 %
Epoch 284 of 600 took 7.831s
  training loss:		1.312399
  test loss:		0.767222
  validation accuracy:		81.00 %
Epoch 285 of 600 took 7.828s
  training loss:		1.291309
  test loss:		0.611237
  validation accuracy:		86.00 %
Epoch 286 of 600 took 7.827s
  training loss:		1.294543
  test loss:		0.697458
  validation accuracy:		82.00 %
Epoch 287 of 600 took 7.830s
  training loss:		1.352252
  test loss:		0.625196
  validation accuracy:		85.50 %
Epoch 288 of 600 took 23.130s
  training loss:		1.328105
  test loss:		0.534334
  validation accuracy:		89.50 %
Epoch 289 of 600 took 7.829s
  training loss:		1.112161
  test loss:		0.553045
  validation accuracy:		85.00 %
Epoch 290 of 600 took 7.839s
  training loss:		1.016110
  test loss:		0.633515
  validation accuracy:		87.00 %
Epoch 291 of 600 took 7.844s
  training loss:		1.106971
  test loss:		0.656533
  validation accuracy:		87.00 %
Epoch 292 of 600 took 7.823s
  training loss:		1.453309
  test loss:		0.627042
  validation accuracy:		86.50 %
Epoch 293 of 600 took 7.828s
  training loss:		1.210930
  test loss:		0.545618
  validation accuracy:		86.50 %
Epoch 294 of 600 took 7.840s
  training loss:		1.089498
  test loss:		0.712121
  validation accuracy:		81.50 %
Epoch 295 of 600 took 7.817s
  training loss:		1.506961
  test loss:		0.671339
  validation accuracy:		83.50 %
Epoch 296 of 600 took 23.640s
  training loss:		1.066865
  test loss:		0.537284
  validation accuracy:		89.50 %
Epoch 297 of 600 took 7.829s
  training loss:		1.116587
  test loss:		0.509630
  validationINFO (theano.gof.compilelock): Waiting for existing lock by unknown process (I am process '37001')
INFO (theano.gof.compilelock): To manually release the lock, delete /home/rqiao/.theano/compiledir_Linux-2.6-el6.x86_64-x86_64-with-centos-6.6-Final-x86_64-2.7.5-64/lock_dir
INFO (theano.gof.compilelock): Waiting for existing lock by unknown process (I am process '37001')
INFO (theano.gof.compilelock): To manually release the lock, delete /home/rqiao/.theano/compiledir_Linux-2.6-el6.x86_64-x86_64-with-centos-6.6-Final-x86_64-2.7.5-64/lock_dir
INFO (theano.gof.compilelock): Waiting for existing lock by unknown process (I am process '37001')
INFO (theano.gof.compilelock): To manually release the lock, delete /home/rqiao/.theano/compiledir_Linux-2.6-el6.x86_64-x86_64-with-centos-6.6-Final-x86_64-2.7.5-64/lock_dir
 accuracy:		88.50 %
Epoch 298 of 600 took 7.836s
  training loss:		1.154601
  test loss:		0.447115
  validation accuracy:		89.50 %
Epoch 299 of 600 took 7.851s
  training loss:		1.086066
  test loss:		0.479599
  validation accuracy:		91.50 %
Epoch 300 of 600 took 7.835s
  training loss:		1.119796
  test loss:		0.536072
  validation accuracy:		87.00 %
Epoch 301 of 600 took 7.834s
  training loss:		1.131716
  test loss:		0.462064
  validation accuracy:		91.00 %
Epoch 302 of 600 took 7.832s
  training loss:		1.107007
  test loss:		0.431492
  validation accuracy:		91.50 %
Epoch 303 of 600 took 7.838s
  training loss:		1.054451
  test loss:		0.481668
  validation accuracy:		90.50 %
Epoch 304 of 600 took 23.905s
  training loss:		1.065906
  test loss:		0.409957
  validation accuracy:		88.50 %
Epoch 305 of 600 took 7.840s
  training loss:		1.050993
  test loss:		0.441611
  validation accuracy:		88.50 %
Epoch 306 of 600 took 7.822s
  training loss:		1.030059
  test loss:		0.459200
  validation accuracy:		88.50 %
Epoch 307 of 600 took 7.836s
  training loss:		0.980509
  test loss:		0.411945
  validation accuracy:		88.50 %
Epoch 308 of 600 took 7.825s
  training loss:		1.094505
  test loss:		0.451506
  validation accuracy:		89.50 %
Epoch 309 of 600 took 7.835s
  training loss:		0.942668
  test loss:		0.522851
  validation accuracy:		87.50 %
Epoch 310 of 600 took 7.833s
  training loss:		1.056897
  test loss:		0.459892
  validation accuracy:		89.00 %
Epoch 311 of 600 took 7.838s
  training loss:		1.164877
  test loss:		0.563588
  validation accuracy:		86.50 %
Epoch 312 of 600 took 36.775s
  training loss:		1.115681
  test loss:		0.473831
  validation accuracy:		89.00 %
Epoch 313 of 600 took 7.833s
  training loss:		0.853443
  test loss:		0.469246
  validation accuracy:		89.50 %
Epoch 314 of 600 took 7.817s
  training loss:		1.027593
  test loss:		0.507634
  validation accuracy:		85.00 %
Epoch 315 of 600 took 7.841s
  training loss:		1.002493
  test loss:		0.432106
  validation accuracy:		89.50 %
Epoch 316 of 600 took 7.831s
  training loss:		1.107596
  test loss:		0.481449
  validation accuracy:		87.50 %
Epoch 317 of 600 took 7.842s
  training loss:		0.949469
  test loss:		0.482785
  validation accuracy:		86.00 %
Epoch 318 of 600 took 7.816s
  training loss:		1.058863
  test loss:		0.513611
  validation accuracy:		87.00 %
Epoch 319 of 600 took 7.821s
  training loss:		0.856150
  test loss:		0.459811
  validation accuracy:		88.00 %
Epoch 320 of 600 took 24.373s
  training loss:		0.987028
  test loss:		0.391715
  validation accuracy:		92.00 %
Epoch 321 of 600 took 7.836s
  training loss:		0.756368
  test loss:		0.367570
  validation accuracy:		90.00 %
Epoch 322 of 600 took 7.843s
  training loss:		0.807744
  test loss:		0.407346
  validation accuracy:		89.00 %
Epoch 323 of 600 took 7.843s
  training loss:		0.802235
  test loss:		0.452493
  validation accuracy:		90.00 %
Epoch 324 of 600 took 7.824s
  training loss:		0.809210
  test loss:		0.499795
  validation accuracy:		89.00 %
Epoch 325 of 600 took 7.832s
  training loss:		0.920861
  test loss:		0.449230
  validation accuracy:		88.00 %
Epoch 326 of 600 took 7.832s
  training loss:		0.943399
  test loss:		0.445716
  validation accuracy:		89.00 %
Epoch 327 of 600 took 7.817s
  training loss:		0.843828
  test loss:		0.445623
  validation accuracy:		87.00 %
Epoch 328 of 600 took 23.922s
  training loss:		0.831774
  test loss:		0.383027
  validation accuracy:		91.50 %
Epoch 329 of 600 took 7.844s
  training loss:		0.879935
  test loss:		0.428753
  validation accuracy:		90.50 %
Epoch 330 of 600 took 7.842s
  training loss:		0.991732
  test loss:		0.461172
  validation accuracy:		88.00 %
Epoch 331 of 600 took 7.832s
  training loss:		1.005673
  test loss:		0.514502
  validation accuracy:		87.00 %
Epoch 332 of 600 took 7.834s
  training loss:		0.961950
  test loss:		0.479120
  validation accuracy:		88.00 %
Epoch 333 of 600 took 7.838s
  training loss:		0.963024
  test loss:		0.405018
  validation accuracy:		90.50 %
Epoch 334 of 600 took 7.836s
  training loss:		0.918455
  test loss:		0.354806
  validation accuracy:		91.50 %
Epoch 335 of 600 took 7.845s
  training loss:		0.802126
  test loss:		0.360978
  validation accuracy:		92.50 %
Epoch 336 of 600 took 23.949s
  training loss:		0.763661
  test loss:		0.371637
  validation accuracy:		91.00 %
Epoch 337 of 600 took 7.840s
  training loss:		0.689983
  test loss:		0.377963
  validation accuracy:		92.50 %
Epoch 338 of 600 took 7.829s
  training loss:		0.758242
  test loss:		0.432096
  validation accuracy:		90.00 %
Epoch 339 of 600 took 7.851s
  training loss:		0.835935
  test loss:		0.491011
  validation accuracy:		89.50 %
Epoch 340 of 600 took 7.837s
  training loss:		0.791861
  test loss:		0.488060
  validation accuracy:		87.50 %
Epoch 341 of 600 took 7.847s
  training loss:		0.954671
  test loss:		0.408589
  validation accuracy:		92.00 %
Epoch 342 of 600 took 7.838s
  training loss:		0.731310
  test loss:		0.369723
  validation accuracy:		93.50 %
Epoch 343 of 600 took 7.831s
  training loss:		0.739325
  test loss:		0.407406
  validation accuracy:		91.00 %
Epoch 344 of 600 took 39.327s
  training loss:		0.780168
  test loss:		0.416454
  validation accuracy:		92.00 %
Epoch 345 of 600 took 7.825s
  training loss:		0.767108
  test loss:		0.500550
  validation accuracy:		88.50 %
Epoch 346 of 600 took 7.839s
  training loss:		0.769792
  test loss:		0.446436
  validation accuracy:		88.50 %
Epoch 347 of 600 took 7.841s
  training loss:		0.744346
  test loss:		0.481359
  validation accuracy:		89.50 %
Epoch 348 of 600 took 7.833s
  training loss:		0.761499
  test loss:		0.465187
  validation accuracy:		92.50 %
Epoch 349 of 600 took 7.833s
  training loss:		0.850673
  test loss:		0.477540
  validation accuracy:		89.50 %
Epoch 350 of 600 took 7.832s
  training loss:		0.748550
  test loss:		0.435334
  validation accuracy:		91.50 %
Epoch 351 of 600 took 7.835s
  training loss:		0.805077
  test loss:		0.380733
  validation accuracy:		92.00 %
Epoch 352 of 600 took 24.335s
  training loss:		0.762763
  test loss:		0.416310
  validation accuracy:		91.50 %
Epoch 353 of 600 took 7.846s
  training loss:		0.677530
  test loss:		0.484849
  validation accuracy:		91.00 %
Epoch 354 of 600 took 7.834s
  training loss:		0.726473
  test loss:		0.480808
  validation accuracy:		89.00 %
Epoch 355 of 600 took 7.838s
  training loss:		0.744958
  test loss:		0.388243
  validation accuracy:		92.00 %
Epoch 356 of 600 took 7.833s
  training loss:		0.656118
  test loss:		0.422472
  validation accuracy:		90.50 %
Epoch 357 of 600 took 7.828s
  training loss:		0.735384
  test loss:		0.446688
  validation accuracy:		90.50 %
Epoch 358 of 600 took 7.830s
  training loss:		0.640770
  test loss:		0.389104
  validation accuracy:		91.50 %
Epoch 359 of 600 took 7.821s
  training loss:		0.698435
  test loss:		0.343091
  validation accuracy:		93.50 %
Epoch 360 of 600 took 23.857s
  training loss:		0.767778
  test loss:		0.374494
  validation accuracy:		93.50 %
Epoch 361 of 600 took 7.831s
  training loss:		0.620345
  test loss:		0.450307
  validation accuracy:		91.50 %
Epoch 362 of 600 took 7.830s
  training loss:		0.722295
  test loss:		0.402813
  validation accuracy:		92.00 %
Epoch 363 of 600 took 7.828s
  training loss:		0.738584
  test loss:		0.392920
  validation accuracy:		92.50 %
Epoch 364 of 600 took 7.828s
  training loss:		0.610914
  test loss:		0.414218
  validation accuracy:		91.50 %
Epoch 365 of 600 took 7.813s
  training loss:		0.657049
  test loss:		0.417653
  validation accuracy:		90.50 %
Epoch 366 of 600 took 7.823s
  training loss:		0.756638
  test loss:		0.414992
  validation accuracy:		89.50 %
Epoch 367 of 600 took 7.829s
  training loss:		0.696773
  test loss:		0.386762
  validation accuracy:		92.00 %
Epoch 368 of 600 took 63.116s
  training loss:		0.705207
  test loss:		0.397824
  validation accuracy:		91.50 %
Epoch 369 of 600 took 7.825s
  training loss:		0.694107
  test loss:		0.377790
  validation accuracy:		90.50 %
Epoch 370 of 600 took 7.840s
  training loss:		0.618314
  test loss:		0.398722
  validation accuracy:		92.00 %
Epoch 371 of 600 took 7.824s
  training loss:		0.686603
  teINFO (theano.gof.compilelock): Waiting for existing lock by unknown process (I am process '37001')
INFO (theano.gof.compilelock): To manually release the lock, delete /home/rqiao/.theano/compiledir_Linux-2.6-el6.x86_64-x86_64-with-centos-6.6-Final-x86_64-2.7.5-64/lock_dir
st loss:		0.468623
  validation accuracy:		90.50 %
Epoch 372 of 600 took 7.839s
  training loss:		0.783680
  test loss:		0.548876
  validation accuracy:		88.00 %
Epoch 373 of 600 took 7.829s
  training loss:		0.748317
  test loss:		0.442554
  validation accuracy:		89.50 %
Epoch 374 of 600 took 7.837s
  training loss:		0.678169
  test loss:		0.380706
  validation accuracy:		91.00 %
Epoch 375 of 600 took 7.846s
  training loss:		0.632626
  test loss:		0.358704
  validation accuracy:		91.50 %
Epoch 376 of 600 took 23.908s
  training loss:		0.621828
  test loss:		0.333301
  validation accuracy:		90.50 %
Epoch 377 of 600 took 7.826s
  training loss:		0.575782
  test loss:		0.374397
  validation accuracy:		92.50 %
Epoch 378 of 600 took 7.825s
  training loss:		0.546628
  test loss:		0.407206
  validation accuracy:		91.00 %
Epoch 379 of 600 took 7.830s
  training loss:		0.597318
  test loss:		0.391323
  validation accuracy:		91.00 %
Epoch 380 of 600 took 7.820s
  training loss:		0.645318
  test loss:		0.380017
  validation accuracy:		92.00 %
Epoch 381 of 600 took 7.833s
  training loss:		0.560756
  test loss:		0.354764
  validation accuracy:		93.50 %
Epoch 382 of 600 took 7.831s
  training loss:		0.759275
  test loss:		0.399547
  validation accuracy:		93.50 %
Epoch 383 of 600 took 7.834s
  training loss:		0.710056
  test loss:		0.396915
  validation accuracy:		91.50 %
Epoch 384 of 600 took 23.882s
  training loss:		0.724692
  test loss:		0.355564
  validation accuracy:		94.50 %
Epoch 385 of 600 took 7.844s
  training loss:		0.538769
  test loss:		0.333593
  validation accuracy:		92.50 %
Epoch 386 of 600 took 7.837s
  training loss:		0.650708
  test loss:		0.354128
  validation accuracy:		93.00 %
Epoch 387 of 600 took 7.835s
  training loss:		0.569673
  test loss:		0.364571
  validation accuracy:		92.50 %
Epoch 388 of 600 took 7.829s
  training loss:		0.721696
  test loss:		0.365025
  validation accuracy:		93.00 %
Epoch 389 of 600 took 7.835s
  training loss:		0.602934
  test loss:		0.401863
  validation accuracy:		92.00 %
Epoch 390 of 600 took 7.832s
  training loss:		0.769649
  test loss:		0.378002
  validation accuracy:		92.50 %
Epoch 391 of 600 took 7.825s
  training loss:		0.537049
  test loss:		0.375675
  validation accuracy:		90.00 %
Epoch 392 of 600 took 24.323s
  training loss:		0.495192
  test loss:		0.382045
  validation accuracy:		91.50 %
Epoch 393 of 600 took 7.851s
  training loss:		0.597558
  test loss:		0.367057
  validation accuracy:		92.50 %
Epoch 394 of 600 took 7.845s
  training loss:		0.530279
  test loss:		0.358052
  validation accuracy:		93.00 %
Epoch 395 of 600 took 7.821s
  training loss:		0.571438
  test loss:		0.383913
  validation accuracy:		91.50 %
Epoch 396 of 600 took 7.826s
  training loss:		0.590918
  test loss:		0.362013
  validation accuracy:		91.50 %
Epoch 397 of 600 took 7.822s
  training loss:		0.514369
  test loss:		0.381678
  validation accuracy:		91.00 %
Epoch 398 of 600 took 7.817s
  training loss:		0.639727
  test loss:		0.372303
  validation accuracy:		92.50 %
Epoch 399 of 600 took 7.829s
  training loss:		0.620296
  test loss:		0.353534
  validation accuracy:		92.00 %
Epoch 400 of 600 took 23.923s
  training loss:		0.666115
  test loss:		0.352376
  validation accuracy:		93.00 %
Epoch 401 of 600 took 7.824s
  training loss:		0.616350
  test loss:		0.348434
  validation accuracy:		92.00 %
Epoch 402 of 600 took 7.842s
  training loss:		0.588956
  test loss:		0.348228
  validation accuracy:		94.00 %
Epoch 403 of 600 took 7.831s
  training loss:		0.487889
  test loss:		0.379088
  validation accuracy:		93.50 %
Epoch 404 of 600 took 7.854s
  training loss:		0.618515
  test loss:		0.388629
  validation accuracy:		94.00 %
Epoch 405 of 600 took 7.833s
  training loss:		0.617491
  test loss:		0.355909
  validation accuracy:		92.50 %
Epoch 406 of 600 took 7.830s
  training loss:		0.520380
  test loss:		0.336851
  validation accuracy:		92.00 %
Epoch 407 of 600 took 7.829s
  training loss:		0.588599
  test loss:		0.286451
  validation accuracy:		94.00 %
Epoch 408 of 600 took 24.395s
  training loss:		0.545175
  test loss:		0.306672
  validation accuracy:		94.00 %
Epoch 409 of 600 took 7.847s
  training loss:		0.478019
  test loss:		0.317699
  validation accuracy:		94.50 %
Epoch 410 of 600 took 7.824s
  training loss:		0.457380
  test loss:		0.348464
  validation accuracy:		92.50 %
Epoch 411 of 600 took 7.826s
  training loss:		0.565177
  test loss:		0.402114
  validation accuracy:		92.50 %
Epoch 412 of 600 took 7.818s
  training loss:		0.464528
  test loss:		0.470455
  validation accuracy:		89.00 %
Epoch 413 of 600 took 7.823s
  training loss:		0.595301
  test loss:		0.388432
  validation accuracy:		92.50 %
Epoch 414 of 600 took 7.838s
  training loss:		0.544647
  test loss:		0.360234
  validation accuracy:		92.00 %
Epoch 415 of 600 took 7.847s
  training loss:		0.662274
  test loss:		0.396440
  validation accuracy:		89.00 %
Epoch 416 of 600 took 40.085s
  training loss:		0.613333
  test loss:		0.311592
  validation accuracy:		93.00 %
Epoch 417 of 600 took 7.836s
  training loss:		0.473157
  test loss:		0.303853
  validation accuracy:		93.50 %
Epoch 418 of 600 took 7.830s
  training loss:		0.441402
  test loss:		0.339297
  validation accuracy:		93.50 %
Epoch 419 of 600 took 7.825s
  training loss:		0.580413
  test loss:		0.338239
  validation accuracy:		92.00 %
Epoch 420 of 600 took 7.836s
  training loss:		0.540034
  test loss:		0.381150
  validation accuracy:		92.50 %
Epoch 421 of 600 took 7.847s
  training loss:		0.462808
  test loss:		0.439745
  validation accuracy:		89.00 %
Epoch 422 of 600 took 7.832s
  training loss:		0.713741
  test loss:		0.421344
  validation accuracy:		91.50 %
Epoch 423 of 600 took 7.829s
  training loss:		0.591730
  test loss:		0.437499
  validation accuracy:		91.50 %
Epoch 424 of 600 took 23.965s
  training loss:		0.468376
  test loss:		0.398174
  validation accuracy:		92.50 %
Epoch 425 of 600 took 7.821s
  training loss:		0.554668
  test loss:		0.353860
  validation accuracy:		92.00 %
Epoch 426 of 600 took 7.835s
  training loss:		0.433443
  test loss:		0.405525
  validation accuracy:		91.00 %
Epoch 427 of 600 took 7.835s
  training loss:		0.443475
  test loss:		0.373071
  validation accuracy:		90.50 %
Epoch 428 of 600 took 7.826s
  training loss:		0.556382
  test loss:		0.329031
  validation accuracy:		92.00 %
Epoch 429 of 600 took 7.830s
  training loss:		0.575561
  test loss:		0.321544
  validation accuracy:		94.00 %
Epoch 430 of 600 took 7.830s
  training loss:		0.427132
  test loss:		0.309576
  validation accuracy:		93.50 %
Epoch 431 of 600 took 7.834s
  training loss:		0.516825
  test loss:		0.302392
  validation accuracy:		95.00 %
Epoch 432 of 600 took 24.014s
  training loss:		0.533624
  test loss:		0.303749
  validation accuracy:		93.50 %
Epoch 433 of 600 took 7.825s
  training loss:		0.414625
  test loss:		0.300392
  validation accuracy:		95.00 %
Epoch 434 of 600 took 7.819s
  training loss:		0.391349
  test loss:		0.314943
  validation accuracy:		94.50 %
Epoch 435 of 600 took 7.824s
  training loss:		0.422813
  test loss:		0.356658
  validation accuracy:		93.50 %
Epoch 436 of 600 took 7.831s
  training loss:		0.401025
  test loss:		0.365889
  validation accuracy:		93.00 %
Epoch 437 of 600 took 7.831s
  training loss:		0.398589
  test loss:		0.366776
  validation accuracy:		93.00 %
Epoch 438 of 600 took 7.830s
  training loss:		0.468330
  test loss:		0.387605
  validation accuracy:		93.50 %
Epoch 439 of 600 took 7.834s
  training loss:		0.384446
  test loss:		0.394217
  validation accuracy:		93.00 %
Epoch 440 of 600 took 23.992s
  training loss:		0.438696
  test loss:		0.381555
  validation accuracy:		93.50 %
Epoch 441 of 600 took 7.853s
  training loss:		0.491514
  test loss:		0.358978
  validation accuracy:		93.00 %
Epoch 442 of 600 took 7.824s
  training loss:		0.440922
  test loss:		0.355644
  validation accuracy:		94.00 %
Epoch 443 of 600 took 7.836s
  training loss:		0.439338
  test loss:		0.345132
  validation accuracy:		94.50 %
Epoch 444 of 600 took 7.830s
  training loss:		0.436098
  test loss:		0.399878
  validation accuracy:		91.50 %
Epoch 445 of 600 took 7.840s
  training loss:		0.408802
  test loss:		0.421473
  validation accuracy:		92.00 %
Epoch 446 of 600 took 7.820s
  training loss:		0.430354
  test loss:		0.423004
  validation accuracy:		92.00 %
Epoch 447 of 600 took 7.840s
  training loss:		0.418925
  test loss:		0.405923
  validation accuracy:		92.50 %
Epoch 448 of 600 took 24.402s
  training loss:		0.390110
  test loss:		0.388043
  validation accuracy:		93.00 %
Epoch 449 of 600 took 7.834s
  training loss:		0.408927
  test loss:		0.367364
  validation accuracy:		93.00 %
Epoch 450 of 600 took 7.856s
  training loss:		0.448670
  test loss:		0.360191
  validation accuracy:		93.00 %
Epoch 451 of 600 took 7.833s
  training loss:		0.407535
  test loss:		0.378329
  validation accuracy:		93.00 %
Epoch 452 of 600 took 7.844s
  training loss:		0.373486
  test loss:		0.393511
  validation accuracy:		92.50 %
Epoch 453 of 600 took 7.845s
  training loss:		0.409682
  test loss:		0.379724
  validation accuracy:		92.00 %
Epoch 454 of 600 took 7.841s
  training loss:		0.432774
  test loss:		0.370312
  validation accuracy:		91.50 %
Epoch 455 of 600 took 7.834s
  training loss:		0.473033
  test loss:		0.316802
  validation accuracy:		93.50 %
Epoch 456 of 600 took 23.992s
  training loss:		0.383193
  test loss:		0.342631
  validation accuracy:		93.50 %
Epoch 457 of 600 took 7.820s
  training loss:		0.442371
  test loss:		0.347750
  validation accuracy:		93.50 %
Epoch 458 of 600 took 7.837s
  training loss:		0.396498
  test loss:		0.349267
  validation accuracy:		94.50 %
Epoch 459 of 600 took 7.835s
  training loss:		0.410451
  test loss:		0.375794
  validation accuracy:		94.50 %
Epoch 460 of 600 took 7.842s
  training loss:		0.450289
  test loss:		0.332387
  validation accuracy:		95.00 %
Epoch 461 of 600 took 7.836s
  training loss:		0.379266
  test loss:		0.365271
  validation accuracy:		94.00 %
Epoch 462 of 600 took 7.825s
  training loss:		0.467825
  test loss:		0.411151
  validation accuracy:		91.50 %
Epoch 463 of 600 took 7.829s
  training loss:		0.374653
  test loss:		0.369277
  validation accuracy:		94.00 %
Epoch 464 of 600 took 23.997s
  training loss:		0.447452
  test loss:		0.409905
  validation accuracy:		92.00 %
Epoch 465 of 600 took 7.836s
  training loss:		0.391416
  test loss:		0.393919
  validation accuracy:		92.00 %
Epoch 466 of 600 took 7.828s
  training loss:		0.361747
  test loss:		0.360498
  validation accuracy:		93.00 %
Epoch 467 of 600 took 7.834s
  training loss:		0.415154
  test loss:		0.334910
  validation accuracy:		94.50 %
Epoch 468 of 600 took 7.846s
  training loss:		0.393754
  test loss:		0.321005
  validation accuracy:		93.00 %
Epoch 469 of 600 took 7.823s
  training loss:		0.347127
  test loss:		0.345940
  validation accuracy:		90.00 %
Epoch 470 of 600 took 7.823s
  training loss:		0.380071
  test loss:		0.327914
  validation accuracy:		91.50 %
Epoch 471 of 600 took 7.825s
  training loss:		0.379002
  test loss:		0.329731
  validation accuracy:		93.00 %
Epoch 472 of 600 took 23.992s
  training loss:		0.374686
  test loss:		0.316713
  validation accuracy:		93.50 %
Epoch 473 of 600 took 7.847s
  training loss:		0.387339
  test loss:		0.285209
  validation accuracy:		95.00 %
Epoch 474 of 600 took 7.835s
  training loss:		0.349668
  test loss:		0.268968
  validation accuracy:		94.50 %
Epoch 475 of 600 took 7.824s
  training loss:		0.499036
  test loss:		0.271870
  validation accuracy:		94.00 %
Epoch 476 of 600 took 7.834s
  training loss:		0.352968
  test loss:		0.326578
  validation accuracy:		93.00 %
Epoch 477 of 600 took 7.817s
  training loss:		0.450324
  test loss:		0.360084
  validation accuracy:		92.00 %
Epoch 478 of 600 took 7.820s
  training loss:		0.362119
  test loss:		0.377638
  validation accuracy:		91.00 %
Epoch 479 of 600 took 7.824s
  training loss:		0.439180
  test loss:		0.381820
  validation accuracy:		91.00 %
Epoch 480 of 600 took 24.044s
  training loss:		0.431866
  test loss:		0.371680
  validation accuracy:		92.50 %
Epoch 481 of 600 took 7.839s
  training loss:		0.413594
  test loss:		0.348113
  validation accuracy:		94.00 %
Epoch 482 of 600 took 7.837s
  training loss:		0.359425
  test loss:		0.307853
  validation accuracy:		94.50 %
Epoch 483 of 600 took 7.833s
  training loss:		0.296762
  test loss:		0.278280
  validation accuracy:		96.00 %
Epoch 484 of 600 took 7.843s
  training loss:		0.353030
  test loss:		0.281721
  validation accuracy:		95.00 %
Epoch 485 of 600 took 7.837s
  training loss:		0.403506
  test loss:		0.345674
  validation accuracy:		94.00 %
Epoch 486 of 600 took 7.836s
  training loss:		0.457995
  test loss:		0.359096
  validation accuracy:		93.50 %
Epoch 487 of 600 took 7.841s
  training loss:		0.302355
  test loss:		0.347336
  validation accuracy:		93.50 %
Epoch 488 of 600 took 23.905s
  training loss:		0.412941
  test loss:		0.321369
  validation accuracy:		94.00 %
Epoch 489 of 600 took 7.848s
  training loss:		0.344470
  test loss:		0.315914
  validation accuracy:		93.50 %
Epoch 490 of 600 took 7.843s
  training loss:		0.399816
  test loss:		0.310529
  validation accuracy:		93.50 %
Epoch 491 of 600 took 7.835s
  training loss:		0.366905
  test loss:		0.299875
  validation accuracy:		94.00 %
Epoch 492 of 600 took 7.829s
  training loss:		0.319399
  test loss:		0.366557
  validation accuracy:		93.50 %
Epoch 493 of 600 took 7.827s
  training loss:		0.390005
  test loss:		0.379058
  validation accuracy:		94.50 %
Epoch 494 of 600 took 7.830s
  training loss:		0.405007
  test loss:		0.404830
  validation accuracy:		93.00 %
Epoch 495 of 600 took 7.828s
  training loss:		0.505375
  test loss:		0.425948
  validation accuracy:		93.00 %
Epoch 496 of 600 took 24.388s
  training loss:		0.357440
  test loss:		0.395691
  validation accuracy:		94.00 %
Epoch 497 of 600 took 7.842s
  training loss:		0.349135
  test loss:		0.386991
  validation accuracy:		94.00 %
Epoch 498 of 600 took 7.837s
  training loss:		0.372602
  test loss:		0.371391
  validation accuracy:		92.50 %
Epoch 499 of 600 took 7.832s
  training loss:		0.317811
  test loss:		0.354298
  validation accuracy:		92.50 %
Epoch 500 of 600 took 7.832s
  training loss:		0.390034
  test loss:		0.349058
  validation accuracy:		95.00 %
Epoch 501 of 600 took 7.824s
  training loss:		0.437523
  test loss:		0.350207
  validation accuracy:		92.50 %
Epoch 502 of 600 took 7.809s
  training loss:		0.382269
  test loss:		0.366642
  validation accuracy:		92.50 %
Epoch 503 of 600 took 7.839s
  training loss:		0.316261
  test loss:		0.413764
  validation accuracy:		91.00 %
Epoch 504 of 600 took 23.929s
  training loss:		0.307137
  test loss:		0.384642
  validation accuracy:		92.50 %
Epoch 505 of 600 took 7.839s
  training loss:		0.360357
  test loss:		0.348941
  validation accuracy:		95.00 %
Epoch 506 of 600 took 7.833s
  training loss:		0.303423
  test loss:		0.360405
  validation accuracy:		93.50 %
Epoch 507 of 600 took 7.828s
  training loss:		0.373483
  test loss:		0.353231
  validation accuracy:		94.50 %
Epoch 508 of 600 took 7.824s
  training loss:		0.340553
  test loss:		0.360107
  validation accuracy:		93.00 %
Epoch 509 of 600 took 7.832s
  training loss:		0.366772
  test loss:		0.376832
  validation accuracy:		92.50 %
Epoch 510 of 600 took 7.841s
  training loss:		0.374416
  test loss:		0.353303
  validation accuracy:		93.50 %
Epoch 511 of 600 took 7.830s
  training loss:		0.371247
  test loss:		0.374150
  validation accuracy:		92.50 %
Epoch 512 of 600 took 23.973s
  training loss:		0.376190
  test loss:		0.394793
  validation accuracy:		92.00 %
Epoch 513 of 600 took 7.834s
  training loss:		0.302620
  test loss:		0.386889
  validation accuracy:		91.50 %
Epoch 514 of 600 took 7.848s
  training loss:		0.320663
  test loss:		0.357675
  validation accuracy:		92.00 %
Epoch 515 of 600 took 7.842s
  training loss:		0.316791
  test loss:		0.346257
  validation accuracy:		93.50 %
Epoch 516 of 600 took 7.841s
  training loss:		0.357897
  test loss:		0.396962
  validation accuracy:		94.50 %
Epoch 517 of 600 took 7.847s
  training loss:		0.294769
  test loss:		0.409878
  validation accuracy:		94.50 %
Epoch 518 of 600 took 7.833s
  training loss:		0.344627
  test loss:		0.385702
  validation accuracy:		93.00 