Using gpu device 0: Tesla K20m (CNMeM is disabled, CuDNN not available)
/home/rqiao/Theano/theano/tensor/signal/downsample.py:5: UserWarning: downsample module has been moved to the pool module.
  warnings.warn("downsample module has been moved to the pool module.")
/home/rqiao/python/lib/python2.7/site-packages/numpy/core/fromnumeric.py:2641: VisibleDeprecationWarning: `rank` is deprecated; use the `ndim` attribute or function instead. To find the rank of a matrix see `numpy.linalg.matrix_rank`.
  VisibleDeprecationWarning)
Loading data...
Building model and compiling functions...
Starting training...
Epoch 1 of 600 took 7.819s
  training loss:		19.942764
  test loss:		3.699657
  validation accuracy:		2.50 %
Epoch 2 of 600 took 7.793s
  training loss:		10.833575
  test loss:		3.692133
  validation accuracy:		2.50 %
Epoch 3 of 600 took 7.782s
  training loss:		10.864790
  test loss:		3.689300
  validation accuracy:		2.50 %
Epoch 4 of 600 took 7.766s
  training loss:		10.093184
  test loss:		3.689322
  validation accuracy:		2.50 %
Epoch 5 of 600 took 7.766s
  training loss:		8.826648
  test loss:		3.689234
  validation accuracy:		2.50 %
Epoch 6 of 600 took 7.751s
  training loss:		7.463311
  test loss:		3.689094
  validation accuracy:		2.50 %
Epoch 7 of 600 took 7.760s
  training loss:		6.264408
  test loss:		3.688980
  validation accuracy:		2.50 %
Epoch 8 of 600 took 22.980s
  training loss:		5.583015
  test loss:		3.688937
  validation accuracy:		3.50 %
Epoch 9 of 600 took 7.779s
  training loss:		5.269844
  test loss:		3.688906
  validation accuracy:		2.50 %
Epoch 10 of 600 took 7.755s
  training loss:		4.882414
  test loss:		3.688884
  validation accuracy:		3.50 %
Epoch 11 of 600 took 7.752s
  training loss:		4.520100
  test loss:		3.688881
  validation accuracy:		3.50 %
Epoch 12 of 600 took 7.752s
  training loss:		4.232504
  test loss:		3.688882
  validation accuracy:		2.50 %
Epoch 13 of 600 took 7.757s
  training loss:		4.024678
  test loss:		3.688888
  validation accuracy:		2.50 %
Epoch 14 of 600 took 7.761s
  training loss:		3.885825
  test loss:		3.688899
  validation accuracy:		2.50 %
Epoch 15 of 600 took 7.751s
  training loss:		3.798565
  test loss:		3.688910
  validation accuracy:		2.50 %
Epoch 16 of 600 took 22.783s
  training loss:		3.761284
  test loss:		3.688920
  validation accuracy:		2.50 %
Epoch 17 of 600 took 7.758s
  training loss:		3.749918
  test loss:		3.688929
  validation accuracy:		2.50 %
Epoch 18 of 600 took 7.752s
  training loss:		3.735992
  test loss:		3.688935
  validation accuracy:		2.50 %
Epoch 19 of 600 took 7.758s
  training loss:		3.722585
  test loss:		3.688936
  validation accuracy:		2.50 %
Epoch 20 of 600 took 7.753s
  training loss:		3.712247
  test loss:		3.688938
  validation accuracy:		2.50 %
Epoch 21 of 600 took 7.765s
  training loss:		3.704389
  test loss:		3.688940
  validation accuracy:		2.50 %
Epoch 22 of 600 took 7.765s
  training loss:		3.698929
  test loss:		3.688939
  validation accuracy:		2.50 %
Epoch 23 of 600 took 7.752s
  training loss:		3.695550
  test loss:		3.688937
  validation accuracy:		2.50 %
Epoch 24 of 600 took 22.763s
  training loss:		3.694491
  test loss:		3.688954
  validation accuracy:		2.50 %
Epoch 25 of 600 took 7.761s
  training loss:		3.693764
  test loss:		3.688963
  validation accuracy:		2.50 %
Epoch 26 of 600 took 7.751s
  training loss:		3.692996
  test loss:		3.688967
  validation accuracy:		2.50 %
Epoch 27 of 600 took 7.752s
  training loss:		3.692345
  test loss:		3.688969
  validation accuracy:		2.50 %
Epoch 28 of 600 took 7.762s
  training loss:		3.691861
  test loss:		3.688969
  validation accuracy:		2.50 %
Epoch 29 of 600 took 7.748s
  training loss:		3.691580
  test loss:		3.688969
  validation accuracy:		2.50 %
Epoch 30 of 600 took 7.767s
  training loss:		3.691177
  test loss:		3.688967
  validation accuracy:		2.50 %
Epoch 31 of 600 took 7.760s
  training loss:		3.690969
  test loss:		3.688964
  validation accuracy:		2.50 %
Epoch 32 of 600 took 23.171s
  training loss:		3.691581
  test loss:		3.688986
  validation accuracy:		2.50 %
Epoch 33 of 600 took 7.755s
  training loss:		3.691276
  test loss:		3.688997
  validation accuracy:		2.50 %
Epoch 34 of 600 took 7.772s
  training loss:		3.691037
  test loss:		3.689001
  validation accuracy:		2.50 %
Epoch 35 of 600 took 7.760s
  training loss:		3.690876
  test loss:		3.689001
  validation accuracy:		2.50 %
Epoch 36 of 600 took 7.764s
  training loss:		3.690836
  test loss:		3.688999
  validation accuracy:		2.50 %
Epoch 37 of 600 took 7.762s
  training loss:		3.690749
  test loss:		3.688995
  validation accuracy:		2.50 %
Epoch 38 of 600 took 7.759s
  training loss:		3.690669
  test loss:		3.688990
  validation accuracy:		2.50 %
Epoch 39 of 600 took 7.763s
  training loss:		3.690682
  test loss:		3.688985
  validation accuracy:		2.50 %
Epoch 40 of 600 took 22.819s
  training loss:		3.691271
  test loss:		3.689012
  validation accuracy:		2.50 %
Epoch 41 of 600 took 7.752s
  training loss:		3.691017
  test loss:		3.689029
  validation accuracy:		2.50 %
Epoch 42 of 600 took 7.751s
  training loss:		3.690849
  test loss:		3.689036
  validation accuracy:		2.50 %
Epoch 43 of 600 took 7.756s
  training loss:		3.690719
  test loss:		3.689037
  validation accuracy:		2.50 %
Epoch 44 of 600 took 7.752s
  training loss:		3.690664
  test loss:		3.689034
  validation accuracy:		2.50 %
Epoch 45 of 600 took 7.755s
  training loss:		3.690632
  test loss:		3.689028
  validation accuracy:		2.50 %
Epoch 46 of 600 took 7.753s
  training loss:		3.690621
  test loss:		3.689023
  validation accuracy:		2.50 %
Epoch 47 of 600 took 7.741s
  training loss:		3.690609
  test loss:		3.689017
  validation accuracy:		2.50 %
Epoch 48 of 600 took 22.804s
  training loss:		3.691178
  test loss:		3.689048
  validation accuracy:		2.50 %
Epoch 49 of 600 took 7.757s
  training loss:		3.690931
  test loss:		3.689064
  validation accuracy:		2.50 %
Epoch 50 of 600 took 7.764s
  training loss:		3.690778
  test loss:		3.689070
  validation accuracy:		2.50 %
Epoch 51 of 600 took 7.772s
  training loss:		3.690672
  test loss:		3.689069
  validation accuracy:		2.50 %
Epoch 52 of 600 took 7.752s
  training loss:		3.690631
  test loss:		3.689066
  validation accuracy:		2.50 %
Epoch 53 of 600 took 7.751s
  training loss:		3.690577
  test loss:		3.689061
  validation accuracy:		2.50 %
Epoch 54 of 600 took 7.758s
  training loss:		3.690604
  test loss:		3.689054
  validation accuracy:		2.50 %
Epoch 55 of 600 took 7.745s
  training loss:		3.690583
  test loss:		3.689048
  validation accuracy:		2.50 %
Epoch 56 of 600 took 22.779s
  training loss:		3.691138
  test loss:		3.689082
  validation accuracy:		2.50 %
Epoch 57 of 600 took 7.788s
  training loss:		3.690918
  test loss:		3.689101
  validation accuracy:		2.50 %
Epoch 58 of 600 took 7.760s
  training loss:		3.690751
  test loss:		3.689107
  validation accuracy:		2.50 %
Epoch 59 of 600 took 7.747s
  training loss:		3.690658
  test loss:		3.689107
  validation accuracy:		2.50 %
Epoch 60 of 600 took 7.758s
  training loss:		3.690598
  test loss:		3.689103
  validation accuracy:		2.50 %
Epoch 61 of 600 took 7.750s
  training loss:		3.690540
  test loss:		3.689097
  validation accuracy:		2.50 %
Epoch 62 of 600 took 7.753s
  training loss:		3.690537
  test loss:		3.689090
  validation accuracy:		2.50 %
Epoch 63 of 600 took 7.769s
  training loss:		3.690527
  test loss:		3.689081
  validation accuracy:		4.50 %
Epoch 64 of 600 took 23.257s
  training loss:		3.691060
  test loss:		3.689116
  validation accuracy:		4.00 %
Epoch 65 of 600 took 7.765s
  training loss:		3.690839
  test loss:		3.689134
  validation accuracy:		4.00 %
Epoch 66 of 600 took 7.753s
  training loss:		3.690701
  test loss:		3.689141
  validation accuracy:		5.00 %
Epoch 67 of 600 took 7.769s
  training loss:		3.690608
  test loss:		3.689141
  validation accuracy:		3.50 %
Epoch 68 of 600 took 7.754s
  training loss:		3.690550
  test loss:		3.689136
  validation accuracy:		3.00 %
Epoch 69 of 600 took 7.753s
  training loss:		3.690531
  test loss:		3.689130
  validation accuracy:		3.00 %
Epoch 70 of 600 took 7.756s
  training loss:		3.690494
  test loss:		3.689122
  validation accuracy:		3.00 %
Epoch 71 of 600 took 7.760s
  training loss:		3.690452
  test loss:		3.689113
  validation accuracy:		3.00 %
Epoch 72 of 600 took 22.875s
  training loss:		3.691007
  test loss:		3.689148
  validation accuracy:		3.00 %
Epoch 73 of 600 took 7.760s
  training loss:		3.690806
  test loss:		3.689166
  validation accuracy:		4.00 %
Epoch 74 of 600 took 7.760s
  training loss:		3.690664
  test loss:		3.689172
  validation accuracy:		2.50 %
Epoch 75 of 600 took 7.761s
  training loss:		3.690584
  test loss:		3.689171
  validation accuracy:		2.50 %
Epoch 76 of 600 took 7.768s
  training loss:		3.690544
  test loss:		3.689165
  validation accuracy:		2.50 %
Epoch 77 of 600 took 7.745s
  training loss:		3.690485
  test loss:		3.689158
  validation accuracy:		2.50 %
Epoch 78 of 600 took 7.770s
  training loss:		3.690488
  test loss:		3.689150
  validation accuracy:		2.50 %
Epoch 79 of 600 took 7.767s
  training loss:		3.690457
  test loss:		3.689142
  validation accuracy:		2.50 %
Epoch 80 of 600 took 23.311s
  training loss:		3.690943
  test loss:		3.689177
  validation accuracy:		2.50 %
Epoch 81 of 600 took 7.757s
  training loss:		3.690746
  test loss:		3.689194
  validation accuracy:		3.50 %
Epoch 82 of 600 took 7.752s
  training loss:		3.690625
  test loss:		3.689199
  validation accuracy:		5.00 %
Epoch 83 of 600 took 7.772s
  training loss:		3.690536
  test loss:		3.689196
  validation accuracy:		2.50 %
Epoch 84 of 600 took 7.777s
  training loss:		3.690496
  test loss:		3.689191
  validation accuracy:		2.50 %
Epoch 85 of 600 took 7.760s
  training loss:		3.690441
  test loss:		3.689183
  validation accuracy:		2.50 %
Epoch 86 of 600 took 7.764s
  training loss:		3.690426
  test loss:		3.689173
  validation accuracy:		2.50 %
Epoch 87 of 600 took 7.762s
  training loss:		3.690440
  test loss:		3.689163
  validation accuracy:		2.50 %
Epoch 88 of 600 took 22.930s
  training loss:		3.690914
  test loss:		3.689198
  validation accuracy:		2.50 %
Epoch 89 of 600 took 7.760s
  training loss:		3.690736
  test loss:		3.689215
  validation accuracy:		2.50 %
Epoch 90 of 600 took 7.760s
  training loss:		3.690612
  test loss:		3.689220
  validation accuracy:		3.00 %
Epoch 91 of 600 took 7.767s
  training loss:		3.690523
  test loss:		3.689218
  validation accuracy:		5.00 %
Epoch 92 of 600 took 7.737s
  training loss:		3.690467
  test loss:		3.689212
  validation accuracy:		5.00 %
Epoch 93 of 600 took 7.770s
  training loss:		3.690448
  test loss:		3.689203
  validation accuracy:		4.00 %
Epoch 94 of 600 took 7.748s
  training loss:		3.690396
  test loss:		3.689193
  validation accuracy:		4.50 %
Epoch 95 of 600 took 7.771s
  training loss:		3.690381
  test loss:		3.689182
  validation accuracy:		3.50 %
Epoch 96 of 600 took 22.939s
  training loss:		3.690877
  test loss:		3.689218
  validation accuracy:		5.00 %
Epoch 97 of 600 took 7.755s
  training loss:		3.690658
  test loss:		3.689235
  validation accuracy:		4.50 %
Epoch 98 of 600 took 7.758s
  training loss:		3.690550
  test loss:		3.689240
  validation accuracy:		4.00 %
Epoch 99 of 600 took 7.751s
  training loss:		3.690511
  test loss:		3.689239
  validation accuracy:		3.00 %
Epoch 100 of 600 took 7.743s
  training loss:		3.690431
  test loss:		3.689232
  validation accuracy:		2.50 %
Epoch 101 of 600 took 7.746s
  training loss:		3.690408
  test loss:		3.689224
  validation accuracy:		2.50 %
Epoch 102 of 600 took 7.760s
  training loss:		3.690380
  test loss:		3.689213
  validation accuracy:		2.50 %
Epoch 103 of 600 took 7.767s
  training loss:		3.690369
  test loss:		3.689203
  validation accuracy:		2.50 %
Epoch 104 of 600 took 22.914s
  training loss:		3.690838
  test loss:		3.689238
  validation accuracy:		2.50 %
Epoch 105 of 600 took 7.756s
  training loss:		3.690635
  test loss:		3.689254
  validation accuracy:		2.50 %
Epoch 106 of 600 took 7.762s
  training loss:		3.690514
  test loss:		3.689259
  validation accuracy:		2.50 %
Epoch 107 of 600 took 7.771s
  training loss:		3.690472
  test loss:		3.689257
  validation accuracy:		2.50 %
Epoch 108 of 600 took 7.747s
  training loss:		3.690425
  test loss:		3.689251
  validation accuracy:		2.50 %
Epoch 109 of 600 took 7.750s
  training loss:		3.690373
  test loss:		3.689242
  validation accuracy:		2.50 %
Epoch 110 of 600 took 7.759s
  training loss:		3.690360
  test loss:		3.689232
  validation accuracy:		2.50 %
Epoch 111 of 600 took 7.755s
  training loss:		3.690335
  test loss:		3.689222
  validation accuracy:		2.50 %
Epoch 112 of 600 took 23.323s
  training loss:		3.690782
  test loss:		3.689256
  validation accuracy:		2.50 %
Epoch 113 of 600 took 7.766s
  training loss:		3.690606
  test loss:		3.689272
  validation accuracy:		2.50 %
Epoch 114 of 600 took 7.760s
  training loss:		3.690489
  test loss:		3.689277
  validation accuracy:		2.50 %
Epoch 115 of 600 took 7.738s
  training loss:		3.690433
  test loss:		3.689275
  validation accuracy:		2.50 %
Epoch 116 of 600 took 7.764s
  training loss:		3.690353
  test loss:		3.689268
  validation accuracy:		2.50 %
Epoch 117 of 600 took 7.759s
  training loss:		3.690351
  test loss:		3.689259
  validation accuracy:		2.50 %
Epoch 118 of 600 took 7.764s
  training loss:		3.690317
  test loss:		3.689248
  validation accuracy:		2.50 %
Epoch 119 of 600 took 7.754s
  training loss:		3.690291
  test loss:		3.689236
  validation accuracy:		2.50 %
Epoch 120 of 600 took 22.951s
  training loss:		3.690741
  test loss:		3.689270
  validation accuracy:		2.50 %
Epoch 121 of 600 took 7.748s
  training loss:		3.690583
  test loss:		3.689285
  validation accuracy:		2.50 %
Epoch 122 of 600 took 7.752s
  training loss:		3.690514
  test loss:		3.689290
  validation accuracy:		2.50 %
Epoch 123 of 600 took 7.765s
  training loss:		3.690393
  test loss:		3.689287
  validation accuracy:		2.50 %
Epoch 124 of 600 took 7.742s
  training loss:		3.690370
  test loss:		3.689280
  validation accuracy:		2.50 %
Epoch 125 of 600 took 7.755s
  training loss:		3.690330
  test loss:		3.689272
  validation accuracy:		2.50 %
Epoch 126 of 600 took 7.755s
  training loss:		3.690323
  test loss:		3.689263
  validation accuracy:		2.50 %
Epoch 127 of 600 took 7.750s
  training loss:		3.690292
  test loss:		3.689253
  validation accuracy:		2.50 %
Epoch 128 of 600 took 22.924s
  training loss:		3.690716
  test loss:		3.689285
  validation accuracy:		2.50 %
Epoch 129 of 600 took 7.766s
  training loss:		3.690538
  test loss:		3.689300
  validation accuracy:		2.50 %
Epoch 130 of 600 took 7.758s
  training loss:		3.690441
  test loss:		3.689304
  validation accuracy:		2.50 %
Epoch 131 of 600 took 7.756s
  training loss:		3.690400
  test loss:		3.689301
  validation accuracy:		2.50 %
Epoch 132 of 600 took 7.752s
  training loss:		3.690296
  test loss:		3.689295
  validation accuracy:		2.50 %
Epoch 133 of 600 took 7.762s
  training loss:		3.690320
  test loss:		3.689287
  validation accuracy:		2.50 %
Epoch 134 of 600 took 7.762s
  training loss:		3.690267
  test loss:		3.689277
  validation accuracy:		2.50 %
Epoch 135 of 600 took 7.772s
  training loss:		3.690267
  test loss:		3.689267
  validation accuracy:		2.50 %
Epoch 136 of 600 took 23.405s
  training loss:		3.690688
  test loss:		3.689298
  validation accuracy:		2.50 %
Epoch 137 of 600 took 7.762s
  training loss:		3.690489
  test loss:		3.689313
  validation accuracy:		2.50 %
Epoch 138 of 600 took 7.756s
  training loss:		3.690415
  test loss:		3.689318
  validation accuracy:		2.50 %
Epoch 139 of 600 took 7.756s
  training loss:		3.690359
  test loss:		3.689316
  validation accuracy:		2.50 %
Epoch 140 of 600 took 7.783s
  training loss:		3.690302
  test loss:		3.689311
  validation accuracy:		2.50 %
Epoch 141 of 600 took 7.773s
  training loss:		3.690260
  test loss:		3.689302
  validation accuracy:		2.50 %
Epoch 142 of 600 took 7.762s
  training loss:		3.690253
  test loss:		3.689292
  validation accuracy:		2.50 %
Epoch 143 of 600 took 7.773s
  training loss:		3.690229
  test loss:		3.689282
  validation accuracy:		2.50 %
Epoch 144 of 600 took 22.954s
  training loss:		3.690617
  test loss:		3.689313
  validation accuracy:		2.50 %
Epoch 145 of 600 took 7.757s
  training loss:		3.690465
  test loss:		3.689326
  validation accuracy:		2.50 %
Epoch 146 of 600 took 7.756s
  training loss:		3.690379
  test loss:		3.689330
  validation accuracy:		2.50 %
Epoch 147 of 600 took 7.762s
  training loss:		3.690290
  test loss:		3.689326
  validation accuracy:		2.50 %
Epoch 148 of 600 took 7.750s
  training loss:		3.690294
  test loss:		3.689319
  validation accuracy:		2.50 %
Epoch 149 of 600 took 7.754s
  training loss:		3.690212
  test loss:		3.689309
  validation accuracy:		2.50 %
Epoch 150 of 600 took 7.762s
  training loss:		3.690191
  test loss:		3.689297
  validation accuracy:		2.50 %
Epoch 151 of 600 took 7.751s
  training loss:		3.690200
  test loss:		3.689285
  validation accuracy:		2.50 %
Epoch 152 of 600 took 22.941s
  training loss:		3.690588
  test loss:		3.689316
  validation accuracy:		2.50 %
Epoch 153 of 600 took 7.764s
  training loss:		3.690408
  test loss:		3.689329
  validation accuracy:		2.50 %
Epoch 154 of 600 took 7.759s
  training loss:		3.690330
  test loss:		3.689332
  validation accuracy:		2.50 %
Epoch 155 of 600 took 7.765s
  training loss:		3.690286
  test loss:		3.689328
  validation accuracy:		3.00 %
Epoch 156 of 600 took 7.753s
  training loss:		3.690262
  test loss:		3.689321
  validation accuracy:		3.50 %
Epoch 157 of 600 took 7.758s
  training loss:		3.690185
  test loss:		3.689312
  validation accuracy:		3.00 %
Epoch 158 of 600 took 7.767s
  training loss:		3.690189
  test loss:		3.689302
  validation accuracy:		2.50 %
Epoch 159 of 600 took 7.765s
  training loss:		3.690181
  test loss:		3.689291
  validation accuracy:		2.50 %
Epoch 160 of 600 took 23.394s
  training loss:		3.690551
  test loss:		3.689320
  validation accuracy:		2.50 %
Epoch 161 of 600 took 7.767s
  training loss:		3.690407
  test loss:		3.689333
  validation accuracy:		2.50 %
Epoch 162 of 600 took 7.743s
  training loss:		3.690295
  test loss:		3.689336
  validation accuracy:		2.50 %
Epoch 163 of 600 took 7.747s
  training loss:		3.690270
  test loss:		3.689334
  validation accuracy:		2.50 %
Epoch 164 of 600 took 7.763s
  training loss:		3.690218
  test loss:		3.689328
  validation accuracy:		3.00 %
Epoch 165 of 600 took 7.767s
  training loss:		3.690154
  test loss:		3.689319
  validation accuracy:		3.00 %
Epoch 166 of 600 took 7.761s
  training loss:		3.690130
  test loss:		3.689308
  validation accuracy:		2.50 %
Epoch 167 of 600 took 7.748s
  training loss:		3.690178
  test loss:		3.689297
  validation accuracy:		2.50 %
Epoch 168 of 600 took 22.973s
  training loss:		3.690497
  test loss:		3.689325
  validation accuracy:		2.50 %
Epoch 169 of 600 took 7.754s
  training loss:		3.690361
  test loss:		3.689337
  validation accuracy:		2.50 %
Epoch 170 of 600 took 7.757s
  training loss:		3.690286
  test loss:		3.689339
  validation accuracy:		2.50 %
Epoch 171 of 600 took 7.754s
  training loss:		3.690216
  test loss:		3.689335
  validation accuracy:		2.50 %
Epoch 172 of 600 took 7.773s
  training loss:		3.690251
  test loss:		3.689329
  validation accuracy:		2.50 %
Epoch 173 of 600 took 7.761s
  training loss:		3.690130
  test loss:		3.689321
  validation accuracy:		2.50 %
Epoch 174 of 600 took 7.751s
  training loss:		3.690158
  test loss:		3.689312
  validation accuracy:		2.50 %
Epoch 175 of 600 took 7.759s
  training loss:		3.690114
  test loss:		3.689301
  validation accuracy:		2.50 %
Epoch 176 of 600 took 22.967s
  training loss:		3.690473
  test loss:		3.689329
  validation accuracy:		2.50 %
Epoch 177 of 600 took 7.753s
  training loss:		3.690371
  test loss:		3.689341
  validation accuracy:		2.50 %
Epoch 178 of 600 took 7.763s
  training loss:		3.690248
  test loss:		3.689345
  validation accuracy:		2.50 %
Epoch 179 of 600 took 7.764s
  training loss:		3.690197
  test loss:		3.689342
  validation accuracy:		2.50 %
Epoch 180 of 600 took 7.747s
  training loss:		3.690155
  test loss:		3.689336
  validation accuracy:		2.50 %
Epoch 181 of 600 took 7.752s
  training loss:		3.690145
  test loss:		3.689329
  validation accuracy:		2.50 %
Epoch 182 of 600 took 7.757s
  training loss:		3.690147
  test loss:		3.689320
  validation accuracy:		2.50 %
Epoch 183 of 600 took 7.762s
  training loss:		3.690089
  test loss:		3.689310
  validation accuracy:		2.50 %
Epoch 184 of 600 took 23.415s
  training loss:		3.690439
  test loss:		3.689335
  validation accuracy:		2.50 %
Epoch 185 of 600 took 7.768s
  training loss:		3.690241
  test loss:		3.689345
  validation accuracy:		2.50 %
Epoch 186 of 600 took 7.767s
  training loss:		3.690214
  test loss:		3.689346
  validation accuracy:		2.50 %
Epoch 187 of 600 took 7.762s
  training loss:		3.690164
  test loss:		3.689342
  validation accuracy:		2.50 %
Epoch 188 of 600 took 7.755s
  training loss:		3.690135
  test loss:		3.689334
  validation accuracy:		2.50 %
Epoch 189 of 600 took 7.754s
  training loss:		3.690091
  test loss:		3.689325
  validation accuracy:		2.50 %
Epoch 190 of 600 took 7.758s
  training loss:		3.690062
  test loss:		3.689316
  validation accuracy:		2.50 %
Epoch 191 of 600 took 7.773s
  training loss:		3.690077
  test loss:		3.689305
  validation accuracy:		2.50 %
Epoch 192 of 600 took 22.984s
  training loss:		3.690400
  test loss:		3.689331
  validation accuracy:		2.50 %
Epoch 193 of 600 took 7.762s
  training loss:		3.690288
  test loss:		3.689342
  validation accuracy:		2.50 %
Epoch 194 of 600 took 7.754s
  training loss:		3.690167
  test loss:		3.689344
  validation accuracy:		2.50 %
Epoch 195 of 600 took 7.745s
  training loss:		3.690166
  test loss:		3.689342
  validation accuracy:		5.00 %
Epoch 196 of 600 took 7.749s
  training loss:		3.690164
  test loss:		3.689337
  validation accuracy:		4.50 %
Epoch 197 of 600 took 7.741s
  training loss:		3.690104
  test loss:		3.689331
  validation accuracy:		5.00 %
Epoch 198 of 600 took 7.759s
  training loss:		3.690043
  test loss:		3.689323
  validation accuracy:		3.00 %
Epoch 199 of 600 took 7.754s
  training loss:		3.690001
  test loss:		3.689312
  validation accuracy:		2.50 %
Epoch 200 of 600 took 22.959s
  training loss:		3.690357
  test loss:		3.689336
  validation accuracy:		3.00 %
Epoch 201 of 600 took 7.748s
  training loss:		3.690250
  test loss:		3.689344
  validation accuracy:		5.00 %
Epoch 202 of 600 took 7.750s
  training loss:		3.690227
  test loss:		3.689346
  validation accuracy:		2.50 %
Epoch 203 of 600 took 7.749s
  training loss:		3.690119
  test loss:		3.689342
  validation accuracy:		2.50 %
Epoch 204 of 600 took 7.758s
  training loss:		3.690136
  test loss:		3.689337
  validation accuracy:		3.00 %
Epoch 205 of 600 took 7.755s
  training loss:		3.690086
  test loss:		3.689330
  validation accuracy:		2.50 %
Epoch 206 of 600 took 7.755s
  training loss:		3.690077
  test loss:		3.689322
  validation accuracy:		2.50 %
Epoch 207 of 600 took 7.760s
  training loss:		3.690085
  test loss:		3.689314
  validation accuracy:		3.00 %
Epoch 208 of 600 took 23.402s
  training loss:		3.690288
  test loss:		3.689338
  validation accuracy:		2.50 %
Epoch 209 of 600 took 7.746s
  training loss:		3.690189
  test loss:		3.689348
  validation accuracy:		2.50 %
Epoch 210 of 600 took 7.763s
  training loss:		3.690140
  test loss:		3.689349
  validation accuracy:		2.50 %
Epoch 211 of 600 took 7.745s
  training loss:		3.690028
  test loss:		3.689343
  validation accuracy:		2.50 %
Epoch 212 of 600 took 7.747s
  training loss:		3.690058
  test loss:		3.689334
  validation accuracy:		2.50 %
Epoch 213 of 600 took 7.746s
  training loss:		3.690037
  test loss:		3.689324
  validation accuracy:		2.50 %
Epoch 214 of 600 took 7.758s
  training loss:		3.690002
  test loss:		3.689314
  validation accuracy:		2.50 %
Epoch 215 of 600 took 7.741s
  training loss:		3.690050
  test loss:		3.689305
  validation accuracy:		2.50 %
Epoch 216 of 600 took 22.979s
  training loss:		3.690308
  test loss:		3.689327
  validation accuracy:		2.50 %
Epoch 217 of 600 took 7.751s
  training loss:		3.690202
  test loss:		3.689337
  validation accuracy:		2.50 %
Epoch 218 of 600 took 7.764s
  training loss:		3.690162
  test loss:		3.689340
  validation accuracy:		2.50 %
Epoch 219 of 600 took 7.774s
  training loss:		3.690054
  test loss:		3.689339
  validation accuracy:		2.50 %
Epoch 220 of 600 took 7.759s
  training loss:		3.690060
  test loss:		3.689334
  validation accuracy:		2.50 %
Epoch 221 of 600 took 7.756s
  training loss:		3.690001
  test loss:		3.689327
  validation accuracy:		2.50 %
Epoch 222 of 600 took 7.753s
  training loss:		3.689976
  test loss:		3.689319
  validation accuracy:		2.50 %
Epoch 223 of 600 took 7.770s
  training loss:		3.690046
  test loss:		3.689311
  validation accuracy:		2.50 %
Epoch 224 of 600 took 22.990s
  training loss:		3.690208
  test loss:		3.689331
  validation accuracy:		2.50 %
Epoch 225 of 600 took 7.775s
  training loss:		3.690179
  test loss:		3.689340
  validation accuracy:		2.50 %
Epoch 226 of 600 took 7.769s
  training loss:		3.690069
  test loss:		3.689341
  validation accuracy:		2.50 %
Epoch 227 of 600 took 7.747s
  training loss:		3.689997
  test loss:		3.689337
  validation accuracy:		2.50 %
Epoch 228 of 600 took 7.755s
  training loss:		3.690086
  test loss:		3.689332
  validation accuracy:		2.50 %
Epoch 229 of 600 took 7.758s
  training loss:		3.689950
  test loss:		3.689325
  validation accuracy:		2.50 %
Epoch 230 of 600 took 7.749s
  training loss:		3.689984
  test loss:		3.689315
  validation accuracy:		2.50 %
Epoch 231 of 600 took 7.752s
  training loss:		3.689997
  test loss:		3.689305
  validation accuracy:		2.50 %
Epoch 232 of 600 took 23.410s
  training loss:		3.690237
  test loss:		3.689326
  validation accuracy:		2.50 %
Epoch 233 of 600 took 7.752s
  training loss:		3.690134
  test loss:		3.689334
  validation accuracy:		2.50 %
Epoch 234 of 600 took 7.744s
  training loss:		3.690082
  test loss:		3.689335
  validation accuracy:		2.50 %
Epoch 235 of 600 took 7.751s
  training loss:		3.689988
  test loss:		3.689330
  validation accuracy:		2.50 %
Epoch 236 of 600 took 7.745s
  training loss:		3.690007
  test loss:		3.689323
  validation accuracy:		2.50 %
Epoch 237 of 600 took 7.748s
  training loss:		3.689976
  test loss:		3.689316
  validation accuracy:		2.50 %
Epoch 238 of 600 took 7.752s
  training loss:		3.689900
  test loss:		3.689306
  validation accuracy:		2.50 %
Epoch 239 of 600 took 7.754s
  training loss:		3.689832
  test loss:		3.689294
  validation accuracy:		2.50 %
Epoch 240 of 600 took 22.984s
  training loss:		3.690265
  test loss:		3.689316
  validation accuracy:		2.50 %
Epoch 241 of 600 took 7.769s
  training loss:		3.690067
  test loss:		3.689325
  validation accuracy:		2.50 %
Epoch 242 of 600 took 7.768s
  training loss:		3.689988
  test loss:		3.689325
  validation accuracy:		2.50 %
Epoch 243 of 600 took 7.766s
  training loss:		3.690089
  test loss:		3.689323
  validation accuracy:		2.50 %
Epoch 244 of 600 took 7.757s
  training loss:		3.689975
  test loss:		3.689318
  validation accuracy:		2.50 %
Epoch 245 of 600 took 7.768s
  training loss:		3.689945
  test loss:		3.689311
  validation accuracy:		2.50 %
Epoch 246 of 600 took 7.772s
  training loss:		3.689921
  test loss:		3.689303
  validation accuracy:		2.50 %
Epoch 247 of 600 took 7.775s
  training loss:		3.689922
  test loss:		3.689295
  validation accuracy:		2.50 %
Epoch 248 of 600 took 22.910s
  training loss:		3.690101
  test loss:		3.689312
  validation accuracy:		2.50 %
Epoch 249 of 600 took 7.750s
  training loss:		3.690115
  test loss:		3.689320
  validation accuracy:		2.50 %
Epoch 250 of 600 took 7.750s
  training loss:		3.689972
  test loss:		3.689321
  validation accuracy:		2.50 %
Epoch 251 of 600 took 7.763s
  training loss:		3.689926
  test loss:		3.689317
  validation accuracy:		2.50 %
Epoch 252 of 600 took 7.764s
  training loss:		3.689895
  test loss:		3.689311
  validation accuracy:		2.50 %
Epoch 253 of 600 took 7.761s
  training loss:		3.689901
  test loss:		3.689302
  validation accuracy:		2.50 %
Epoch 254 of 600 took 7.752s
  training loss:		3.689918
  test loss:		3.689294
  validation accuracy:		2.50 %
Epoch 255 of 600 took 7.758s
  training loss:		3.689844
  test loss:		3.689283
  validation accuracy:		2.50 %
Epoch 256 of 600 took 23.398s
  training loss:		3.690149
  test loss:		3.689302
  validation accuracy:		2.50 %
Epoch 257 of 600 took 7.753s
  training loss:		3.690048
  test loss:		3.689309
  validation accuracy:		2.50 %
Epoch 258 of 600 took 7.766s
  training loss:		3.689973
  test loss:		3.689309
  validation accuracy:		2.50 %
Epoch 259 of 600 took 7.757s
  training loss:		3.690012
  test loss:		3.689307
  validation accuracy:		2.50 %
Epoch 260 of 600 took 7.745s
  training loss:		3.689930
  test loss:		3.689301
  validation accuracy:		2.50 %
Epoch 261 of 600 took 7.749s
  training loss:		3.689910
  test loss:		3.689294
  validation accuracy:		2.50 %
Epoch 262 of 600 took 7.751s
  training loss:		3.689781
  test loss:		3.689284
  validation accuracy:		2.50 %
Epoch 263 of 600 took 7.743s
  training loss:		3.689875
  test loss:		3.689274
  validation accuracy:		2.50 %
Epoch 264 of 600 took 22.959s
  training loss:		3.690037
  test loss:		3.689292
  validation accuracy:		2.50 %
Epoch 265 of 600 took 7.741s
  training loss:		3.689977
  test loss:		3.689298
  validation accuracy:		2.50 %
Epoch 266 of 600 took 7.745s
  training loss:		3.689932
  test loss:		3.689298
  validation accuracy:		2.50 %
Epoch 267 of 600 took 7.743s
  training loss:		3.689975
  test loss:		3.689294
  validation accuracy:		2.50 %
Epoch 268 of 600 took 7.757s
  training loss:		3.689884
  test loss:		3.689289
  validation accuracy:		2.50 %
Epoch 269 of 600 took 7.757s
  training loss:		3.689882
  test loss:		3.689282
  validation accuracy:		2.50 %
Epoch 270 of 600 took 7.749s
  training loss:		3.689901
  test loss:		3.689274
  validation accuracy:		2.50 %
Epoch 271 of 600 took 7.755s
  training loss:		3.689902
  test loss:		3.689266
  validation accuracy:		2.50 %
Epoch 272 of 600 took 23.417s
  training loss:		3.689990
  test loss:		3.689282
  validation accuracy:		2.50 %
Epoch 273 of 600 took 7.752s
  training loss:		3.689959
  test loss:		3.689288
  validation accuracy:		2.50 %
Epoch 274 of 600 took 7.752s
  training loss:		3.689948
  test loss:		3.689287
  validation accuracy:		2.50 %
Epoch 275 of 600 took 7.746s
  training loss:		3.689950
  test loss:		3.689284
  validation accuracy:		2.50 %
Epoch 276 of 600 took 7.736s
  training loss:		3.689833
  test loss:		3.689279
  validation accuracy:		2.50 %
Epoch 277 of 600 took 7.737s
  training loss:		3.689919
  test loss:		3.689273
  validation accuracy:		2.50 %
Epoch 278 of 600 took 7.764s
  training loss:		3.689804
  test loss:		3.689265
  validation accuracy:		2.50 %
Epoch 279 of 600 took 7.741s
  training loss:		3.689781
  test loss:		3.689257
  validation accuracy:		2.50 %
Epoch 280 of 600 took 23.017s
  training loss:		3.690067
  test loss:		3.689273
  validation accuracy:		2.50 %
Epoch 281 of 600 took 7.762s
  training loss:		3.689998
  test loss:		3.689280
  validation accuracy:		2.50 %
Epoch 282 of 600 took 7.762s
  training loss:		3.689954
  test loss:		3.689280
  validation accuracy:		2.50 %
Epoch 283 of 600 took 7.767s
  training loss:		3.689911
  test loss:		3.689279
  validation accuracy:		2.50 %
Epoch 284 of 600 took 7.759s
  training loss:		3.689810
  test loss:		3.689273
  validation accuracy:		2.50 %
Epoch 285 of 600 took 7.766s
  training loss:		3.689811
  test loss:		3.689265
  validation accuracy:		2.50 %
Epoch 286 of 600 took 7.768s
  training loss:		3.689831
  test loss:		3.689258
  validation accuracy:		2.50 %
Epoch 287 of 600 took 7.748s
  training loss:		3.689848
  test loss:		3.689251
  validation accuracy:		2.50 %
Epoch 288 of 600 took 23.002s
  training loss:		3.690080
  test loss:		3.689266
  validation accuracy:		2.50 %
Epoch 289 of 600 took 7.760s
  training loss:		3.689872
  test loss:		3.689271
  validation accuracy:		2.50 %
Epoch 290 of 600 took 7.753s
  training loss:		3.689951
  test loss:		3.689273
  validation accuracy:		2.50 %
Epoch 291 of 600 took 7.755s
  training loss:		3.689930
  test loss:		3.689272
  validation accuracy:		2.50 %
Epoch 292 of 600 took 7.757s
  training loss:		3.689852
  test loss:		3.689268
  validation accuracy:		2.50 %
Epoch 293 of 600 took 7.772s
  training loss:		3.689802
  test loss:		3.689262
  validation accuracy:		2.50 %
Epoch 294 of 600 took 7.762s
  training loss:		3.689819
  test loss:		3.689255
  validation accuracy:		2.50 %
Epoch 295 of 600 took 7.760s
  training loss:		3.689846
  test loss:		3.689248
  validation accuracy:		2.50 %
Epoch 296 of 600 took 23.471s
  training loss:		3.689928
  test loss:		3.689261
  validation accuracy:		2.50 %
Epoch 297 of 600 took 7.763s
  training loss:		3.689808
  test loss:		3.689264
  validation accuracy:		2.50 %
Epoch 298 of 600 took 7.767s
  training loss:		3.689871
  test loss:		3.689264
  validINFO (theano.gof.compilelock): Waiting for existing lock by unknown process (I am process '26649')
INFO (theano.gof.compilelock): To manually release the lock, delete /home/rqiao/.theano/compiledir_Linux-2.6-el6.x86_64-x86_64-with-centos-6.6-Final-x86_64-2.7.5-64/lock_dir
INFO (theano.gof.compilelock): Waiting for existing lock by unknown process (I am process '26649')
INFO (theano.gof.compilelock): To manually release the lock, delete /home/rqiao/.theano/compiledir_Linux-2.6-el6.x86_64-x86_64-with-centos-6.6-Final-x86_64-2.7.5-64/lock_dir
ation accuracy:		2.50 %
Epoch 299 of 600 took 7.761s
  training loss:		3.689822
  test loss:		3.689259
  validation accuracy:		2.50 %
Epoch 300 of 600 took 7.753s
  training loss:		3.689857
  test loss:		3.689254
  validation accuracy:		2.50 %
Epoch 301 of 600 took 7.764s
  training loss:		3.689756
  test loss:		3.689247
  validation accuracy:		2.50 %
Epoch 302 of 600 took 7.760s
  training loss:		3.689891
  test loss:		3.689241
  validation accuracy:		2.50 %
Epoch 303 of 600 took 7.768s
  training loss:		3.689718
  test loss:		3.689233
  validation accuracy:		2.50 %
Epoch 304 of 600 took 23.750s
  training loss:		3.690022
  test loss:		3.689247
  validation accuracy:		2.50 %
Epoch 305 of 600 took 7.750s
  training loss:		3.689833
  test loss:		3.689251
  validation accuracy:		2.50 %
Epoch 306 of 600 took 7.752s
  training loss:		3.690012
  test loss:		3.689253
  validation accuracy:		2.50 %
Epoch 307 of 600 took 7.752s
  training loss:		3.689754
  test loss:		3.689251
  validation accuracy:		2.50 %
Epoch 308 of 600 took 7.765s
  training loss:		3.689773
  test loss:		3.689246
  validation accuracy:		2.50 %
Epoch 309 of 600 took 7.758s
  training loss:		3.689788
  test loss:		3.689239
  validation accuracy:		2.50 %
Epoch 310 of 600 took 7.762s
  training loss:		3.689721
  test loss:		3.689231
  validation accuracy:		2.50 %
Epoch 311 of 600 took 7.752s
  training loss:		3.689665
  test loss:		3.689222
  validation accuracy:		2.50 %
Epoch 312 of 600 took 38.263s
  training loss:		3.689896
  test loss:		3.689234
  validation accuracy:		2.50 %
Epoch 313 of 600 took 7.755s
  training loss:		3.689811
  test loss:		3.689237
  validation accuracy:		2.50 %
Epoch 314 of 600 took 7.781s
  training loss:		3.689791
  test loss:		3.689235
  validation accuracy:		2.50 %
Epoch 315 of 600 took 7.767s
  training loss:		3.689846
  test loss:		3.689229
  validation accuracy:		2.50 %
Epoch 316 of 600 took 7.755s
  training loss:		3.689672
  test loss:		3.689221
  validation accuracy:		2.50 %
Epoch 317 of 600 took 7.749s
  training loss:		3.689795
  test loss:		3.689213
  validation accuracy:		2.50 %
Epoch 318 of 600 took 7.752s
  training loss:		3.689653
  test loss:		3.689204
  validation accuracy:		2.50 %
Epoch 319 of 600 took 7.777s
  training loss:		3.689709
  test loss:		3.689194
  validation accuracy:		2.50 %
Epoch 320 of 600 took 23.739s
  training loss:		3.689853
  test loss:		3.689205
  validation accuracy:		2.50 %
Epoch 321 of 600 took 7.750s
  training loss:		3.689837
  test loss:		3.689208
  validation accuracy:		2.50 %
Epoch 322 of 600 took 7.764s
  training loss:		3.689661
  test loss:		3.689204
  validation accuracy:		2.50 %
Epoch 323 of 600 took 7.767s
  training loss:		3.689946
  test loss:		3.689201
  validation accuracy:		2.50 %
Epoch 324 of 600 took 7.761s
  training loss:		3.689733
  test loss:		3.689196
  validation accuracy:		2.50 %
Epoch 325 of 600 took 7.759s
  training loss:		3.689712
  test loss:		3.689189
  validation accuracy:		2.50 %
Epoch 326 of 600 took 7.757s
  training loss:		3.689667
  test loss:		3.689181
  validation accuracy:		2.50 %
Epoch 327 of 600 took 7.751s
  training loss:		3.689660
  test loss:		3.689172
  validation accuracy:		2.50 %
Epoch 328 of 600 took 38.005s
  training loss:		3.690027
  test loss:		3.689186
  validation accuracy:		2.50 %
Epoch 329 of 600 took 7.770s
  training loss:		3.689778
  test loss:		3.689192
  validation accuracy:		2.50 %
Epoch 330 of 600 took 7.753s
  training loss:		3.689727
  test loss:		3.689191
  validation accuracy:		2.50 %
Epoch 331 of 600 took 7.770s
  training loss:		3.689626
  test loss:		3.689185
  validation accuracy:		2.50 %
Epoch 332 of 600 took 7.766s
  training loss:		3.689700
  test loss:		3.689178
  validation accuracy:		2.50 %
Epoch 333 of 600 took 7.764s
  training loss:		3.689800
  test loss:		3.689171
  validation accuracy:		2.50 %
Epoch 334 of 600 took 7.771s
  training loss:		3.689758
  test loss:		3.689165
  validation accuracy:		2.50 %
Epoch 335 of 600 took 7.764s
  training loss:		3.689584
  test loss:		3.689157
  validation accuracy:		2.50 %
Epoch 336 of 600 took 23.739s
  training loss:		3.689860
  test loss:		3.689168
  validation accuracy:		2.50 %
Epoch 337 of 600 took 7.769s
  training loss:		3.689789
  test loss:		3.689172
  validation accuracy:		2.50 %
Epoch 338 of 600 took 7.771s
  training loss:		3.689915
  test loss:		3.689172
  validation accuracy:		2.50 %
Epoch 339 of 600 took 7.765s
  training loss:		3.689545
  test loss:		3.689166
  validation accuracy:		2.50 %
Epoch 340 of 600 took 7.771s
  training loss:		3.689681
  test loss:		3.689159
  validation accuracy:		2.50 %
Epoch 341 of 600 took 7.767s
  training loss:		3.689738
  test loss:		3.689152
  validation accuracy:		2.50 %
Epoch 342 of 600 took 7.765s
  training loss:		3.689694
  test loss:		3.689145
  validation accuracy:		2.50 %
Epoch 343 of 600 took 7.763s
  training loss:		3.689631
  test loss:		3.689137
  validation accuracy:		2.50 %
Epoch 344 of 600 took 23.811s
  training loss:		3.689806
  test loss:		3.689147
  validation accuracy:		2.50 %
Epoch 345 of 600 took 7.770s
  training loss:		3.689703
  test loss:		3.689150
  validation accuracy:		2.50 %
Epoch 346 of 600 took 7.756s
  training loss:		3.689770
  test loss:		3.689150
  validation accuracy:		2.50 %
Epoch 347 of 600 took 7.758s
  training loss:		3.689517
  test loss:		3.689144
  validation accuracy:		2.50 %
Epoch 348 of 600 took 7.768s
  training loss:		3.689683
  test loss:		3.689137
  validation accuracy:		2.50 %
Epoch 349 of 600 took 7.779s
  training loss:		3.689707
  test loss:		3.689131
  validation accuracy:		2.50 %
Epoch 350 of 600 took 7.776s
  training loss:		3.689429
  test loss:		3.689122
  validation accuracy:		2.50 %
Epoch 351 of 600 took 7.757s
  training loss:		3.689701
  test loss:		3.689113
  validation accuracy:		2.50 %
Epoch 352 of 600 took 23.816s
  training loss:		3.689928
  test loss:		3.689123
  validation accuracy:		2.50 %
Epoch 353 of 600 took 7.763s
  training loss:		3.689626
  test loss:		3.689126
  validation accuracy:		2.50 %
Epoch 354 of 600 took 7.753s
  training loss:		3.689623
  test loss:		3.689124
  validation accuracy:		2.50 %
Epoch 355 of 600 took 7.774s
  training loss:		3.689665
  test loss:		3.689120
  validation accuracy:		2.50 %
Epoch 356 of 600 took 7.768s
  training loss:		3.689702
  test loss:		3.689116
  validation accuracy:		2.50 %
Epoch 357 of 600 took 7.759s
  training loss:		3.689690
  test loss:		3.689109
  validation accuracy:		2.50 %
Epoch 358 of 600 took 7.761s
  training loss:		3.689599
  test loss:		3.689103
  validation accuracy:		2.50 %
Epoch 359 of 600 took 7.767s
  training loss:		3.689563
  test loss:		3.689095
  validation accuracy:		2.50 %
Epoch 360 of 600 took 23.761s
  training loss:		3.689781
  test loss:		3.689104
  validation accuracy:		2.50 %
Epoch 361 of 600 took 7.770s
  training loss:		3.689674
  test loss:		3.689105
  validation accuracy:		2.50 %
Epoch 362 of 600 took 7.759s
  training loss:		3.689443
  test loss:		3.689099
  validation accuracy:		2.50 %
Epoch 363 of 600 took 7.766s
  training loss:		3.689622
  test loss:		3.689092
  validation accuracy:		2.50 %
Epoch 364 of 600 took 7.772s
  training loss:		3.689650
  test loss:		3.689084
  validation accuracy:		2.50 %
Epoch 365 of 600 took 7.777s
  training loss:		3.689747
  test loss:		3.689077
  validation accuracy:		2.50 %
Epoch 366 of 600 took 7.761s
  training loss:		3.689558
  test loss:		3.689068
  validation accuracy:		2.50 %
Epoch 367 of 600 took 7.754s
  training loss:		3.689602
  test loss:		3.689058
  validation accuracy:		2.50 %
Epoch 368 of 600 took 23.769s
  training loss:		3.689826
  test loss:		3.689067
  validation accuracy:		2.50 %
Epoch 369 of 600 took 7.762s
  training loss:		3.689663
  test loss:		3.689069
  validation accuracy:		2.50 %
Epoch 370 of 600 took 7.770s
  training loss:		3.689665
  test loss:		3.689068
  validation accuracy:		2.50 %
Epoch 371 of 600 took 7.760s
  training loss:		3.689563
  test loss:		3.689064
  validation accuracy:		2.50 %
Epoch 372 of 600 took 7.755s
  training loss:		3.689587
  test loss:		3.689060
  validation accuracy:		2.50 %
Epoch 373 of 600 toINFO (theano.gof.compilelock): Waiting for existing lock by unknown process (I am process '26649')
INFO (theano.gof.compilelock): To manually release the lock, delete /home/rqiao/.theano/compiledir_Linux-2.6-el6.x86_64-x86_64-with-centos-6.6-Final-x86_64-2.7.5-64/lock_dir
ok 7.762s
  training loss:		3.689576
  test loss:		3.689053
  validation accuracy:		2.50 %
Epoch 374 of 600 took 7.765s
  training loss:		3.689601
  test loss:		3.689046
  validation accuracy:		2.50 %
Epoch 375 of 600 took 7.767s
  training loss:		3.689560
  test loss:		3.689039
  validation accuracy:		2.50 %
Epoch 376 of 600 took 23.801s
  training loss:		3.689567
  test loss:		3.689046
  validation accuracy:		2.50 %
Epoch 377 of 600 took 7.765s
  training loss:		3.689830
  test loss:		3.689049
  validation accuracy:		2.50 %
Epoch 378 of 600 took 7.747s
  training loss:		3.689720
  test loss:		3.689049
  validation accuracy:		2.50 %
Epoch 379 of 600 took 7.745s
  training loss:		3.689634
  test loss:		3.689047
  validation accuracy:		2.50 %
Epoch 380 of 600 took 7.745s
  training loss:		3.689507
  test loss:		3.689041
  validation accuracy:		2.50 %
Epoch 381 of 600 took 7.756s
  training loss:		3.689684
  test loss:		3.689035
  validation accuracy:		2.50 %
Epoch 382 of 600 took 7.761s
  training loss:		3.689473
  test loss:		3.689028
  validation accuracy:		2.50 %
Epoch 383 of 600 took 7.764s
  training loss:		3.689524
  test loss:		3.689019
  validation accuracy:		2.50 %
Epoch 384 of 600 took 23.720s
  training loss:		3.689591
  test loss:		3.689026
  validation accuracy:		2.50 %
Epoch 385 of 600 took 7.767s
  training loss:		3.689595
  test loss:		3.689025
  validation accuracy:		2.50 %
Epoch 386 of 600 took 7.768s
  training loss:		3.689761
  test loss:		3.689024
  validation accuracy:		2.50 %
Epoch 387 of 600 took 7.766s
  training loss:		3.689531
  test loss:		3.689020
  validation accuracy:		2.50 %
Epoch 388 of 600 took 7.759s
  training loss:		3.689499
  test loss:		3.689013
  validation accuracy:		2.50 %
Epoch 389 of 600 took 7.757s
  training loss:		3.689519
  test loss:		3.689004
  validation accuracy:		2.50 %
Epoch 390 of 600 took 7.765s
  training loss:		3.689338
  test loss:		3.688992
  validation accuracy:		2.50 %
Epoch 391 of 600 took 7.775s
  training loss:		3.689589
  test loss:		3.688983
  validation accuracy:		2.50 %
Epoch 392 of 600 took 24.155s
  training loss:		3.689595
  test loss:		3.688988
  validation accuracy:		2.50 %
Epoch 393 of 600 took 7.765s
  training loss:		3.689498
  test loss:		3.688987
  validation accuracy:		2.50 %
Epoch 394 of 600 took 7.768s
  training loss:		3.689442
  test loss:		3.688982
  validation accuracy:		2.50 %
Epoch 395 of 600 took 7.748s
  training loss:		3.689505
  test loss:		3.688974
  validation accuracy:		2.50 %
Epoch 396 of 600 took 7.758s
  training loss:		3.689490
  test loss:		3.688967
  validation accuracy:		2.50 %
Epoch 397 of 600 took 7.751s
  training loss:		3.689408
  test loss:		3.688959
  validation accuracy:		2.50 %
Epoch 398 of 600 took 7.755s
  training loss:		3.689500
  test loss:		3.688951
  validation accuracy:		2.50 %
Epoch 399 of 600 took 7.750s
  training loss:		3.689450
  test loss:		3.688943
  validation accuracy:		2.50 %
Epoch 400 of 600 took 23.771s
  training loss:		3.689677
  test loss:		3.688948
  validation accuracy:		2.50 %
Epoch 401 of 600 took 7.748s
  training loss:		3.689380
  test loss:		3.688947
  validation accuracy:		2.50 %
Epoch 402 of 600 took 7.750s
  training loss:		3.689469
  test loss:		3.688942
  validation accuracy:		2.50 %
Epoch 403 of 600 took 7.757s
  training loss:		3.689477
  test loss:		3.688935
  validation accuracy:		2.50 %
Epoch 404 of 600 took 7.770s
  training loss:		3.689431
  test loss:		3.688925
  validation accuracy:		2.50 %
Epoch 405 of 600 took 7.740s
  training loss:		3.689374
  test loss:		3.688915
  validation accuracy:		2.50 %
Epoch 406 of 600 took 7.771s
  training loss:		3.689385
  test loss:		3.688904
  validation accuracy:		2.50 %
Epoch 407 of 600 took 7.765s
  training loss:		3.689347
  test loss:		3.688894
  validation accuracy:		2.50 %
Epoch 408 of 600 took 23.779s
  training loss:		3.689757
  test loss:		3.688901
  validation accuracy:		2.50 %
Epoch 409 of 600 took 7.751s
  training loss:		3.689584
  test loss:		3.688904
  validation accuracy:		2.50 %
Epoch 410 of 600 took 7.747s
  training loss:		3.689238
  test loss:		3.688900
  validation accuracy:		2.50 %
Epoch 411 of 600 took 7.751s
  training loss:		3.689357
  test loss:		3.688893
  validation accuracy:		2.50 %
Epoch 412 of 600 took 7.758s
  training loss:		3.689355
  test loss:		3.688883
  validation accuracy:		2.50 %
Epoch 413 of 600 took 7.745s
  training loss:		3.689284
  test loss:		3.688873
  validation accuracy:		2.50 %
Epoch 414 of 600 took 7.744s
  training loss:		3.689560
  test loss:		3.688865
  validation accuracy:		2.50 %
Epoch 415 of 600 took 7.758s
  training loss:		3.689355
  test loss:		3.688855
  validation accuracy:		2.50 %
Epoch 416 of 600 took 31.399s
  training loss:		3.689694
  test loss:		3.688861
  validation accuracy:		2.50 %
Epoch 417 of 600 took 7.768s
  training loss:		3.689515
  test loss:		3.688859
  validation accuracy:		2.50 %
Epoch 418 of 600 took 7.757s
  training loss:		3.689211
  test loss:		3.688853
  validation accuracy:		2.50 %
Epoch 419 of 600 took 7.754s
  training loss:		3.689271
  test loss:		3.688845
  validation accuracy:		2.50 %
Epoch 420 of 600 took 7.750s
  training loss:		3.689253
  test loss:		3.688835
  validation accuracy:		2.50 %
Epoch 421 of 600 took 7.752s
  training loss:		3.689256
  test loss:		3.688823
  validation accuracy:		2.50 %
Epoch 422 of 600 took 7.756s
  training loss:		3.689314
  test loss:		3.688811
  validation accuracy:		2.50 %
Epoch 423 of 600 took 7.760s
  training loss:		3.689231
  test loss:		3.688799
  validation accuracy:		2.50 %
Epoch 424 of 600 took 24.201s
  training loss:		3.689258
  test loss:		3.688801
  validation accuracy:		2.50 %
Epoch 425 of 600 took 7.769s
  training loss:		3.689659
  test loss:		3.688801
  validation accuracy:		2.50 %
Epoch 426 of 600 took 7.754s
  training loss:		3.689479
  test loss:		3.688797
  validation accuracy:		2.50 %
Epoch 427 of 600 took 7.752s
  training loss:		3.689546
  test loss:		3.688795
  validation accuracy:		2.50 %
Epoch 428 of 600 took 7.755s
  training loss:		3.689260
  test loss:		3.688789
  validation accuracy:		2.50 %
Epoch 429 of 600 took 7.751s
  training loss:		3.689621
  test loss:		3.688784
  validation accuracy:		2.50 %
Epoch 430 of 600 took 7.741s
  training loss:		3.689193
  test loss:		3.688775
  validation accuracy:		2.50 %
Epoch 431 of 600 took 7.767s
  training loss:		3.689291
  test loss:		3.688765
  validation accuracy:		2.50 %
Epoch 432 of 600 took 41.188s
  training loss:		3.689438
  test loss:		3.688769
  validation accuracy:		2.50 %
Epoch 433 of 600 took 7.759s
  training loss:		3.689495
  test loss:		3.688769
  validation accuracy:		2.50 %
Epoch 434 of 600 took 7.754s
  training loss:		3.689403
  test loss:		3.688765
  validation accuracy:		2.50 %
Epoch 435 of 600 took 7.751s
  training loss:		3.689327
  test loss:		3.688758
  validation accuracy:		2.50 %
Epoch 436 of 600 took 7.766s
  training loss:		3.689443
  test loss:		3.688752
  validation accuracy:		2.50 %
Epoch 437 of 600 took 7.753s
  training loss:		3.689245
  test loss:		3.688744
  validation accuracy:		2.50 %
Epoch 438 of 600 took 7.761s
  training loss:		3.689272
  test loss:		3.688735
  validation accuracy:		2.50 %
Epoch 439 of 600 took 7.754s
  training loss:		3.689208
  test loss:		3.688724
  validation accuracy:		2.50 %
Epoch 440 of 600 took 23.798s
  training loss:		3.689287
  test loss:		3.688725
  validation accuracy:		2.50 %
Epoch 441 of 600 took 7.750s
  training loss:		3.689549
  test loss:		3.688724
  validation accuracy:		2.50 %
Epoch 442 of 600 took 7.774s
  training loss:		3.689408
  test loss:		3.688720
  validation accuracy:		2.50 %
Epoch 443 of 600 took 7.762s
  training loss:		3.689379
  test loss:		3.688716
  validation accuracy:		2.50 %
Epoch 444 of 600 took 7.749s
  training loss:		3.689003
  test loss:		3.688706
  validation accuracy:		2.50 %
Epoch 445 of 600 took 7.744s
  training loss:		3.689124
  test loss:		3.688694
  validation accuracy:		2.50 %
Epoch 446 of 600 took 7.750s
  training loss:		3.689388
  test loss:		3.688685
  validation accuracy:		2.50 %
Epoch 447 of 600 took 7.756s
  training loss:		3.689220
  test loss:		3.688676
  validation accuracy:		2.50 %
Epoch 448 of 600 took 23.762s
  training loss:		3.689281
  test loss:		3.688677
  validation accuracy:		2.50 %
Epoch 449 of 600 took 7.761s
  training loss:		3.689211
  test loss:		3.688672
  validation accuracy:		2.50 %
Epoch 450 of 600 took 7.752s
  training loss:		3.688917
  test loss:		3.688661
  validation accuracy:		2.50 %
Epoch 451 of 600 took 7.755s
  training loss:		3.689159
  test loss:		3.688649
  validation accuracy:		2.50 %
Epoch 452 of 600 took 7.752s
  training loss:		3.689390
  test loss:		3.688639
  validation accuracy:		2.50 %
Epoch 453 of 600 took 7.757s
  training loss:		3.689432
  test loss:		3.688630
  validation accuracy:		2.50 %
Epoch 454 of 600 took 7.755s
  training loss:		3.689147
  test loss:		3.688620
  validation accuracy:		2.50 %
Epoch 455 of 600 took 7.742s
  training loss:		3.689236
  test loss:		3.688610
  validation accuracy:		2.50 %
Epoch 456 of 600 took 24.209s
  training loss:		3.689261
  test loss:		3.688610
  validation accuracy:		2.50 %
Epoch 457 of 600 took 7.759s
  training loss:		3.689444
  test loss:		3.688607
  validation accuracy:		2.50 %
Epoch 458 of 600 took 7.768s
  training loss:		3.689542
  test loss:		3.688603
  validation accuracy:		2.50 %
Epoch 459 of 600 took 7.766s
  training loss:		3.689046
  test loss:		3.688594
  validation accuracy:		2.50 %
Epoch 460 of 600 took 7.764s
  training loss:		3.688995
  test loss:		3.688583
  validation accuracy:		2.50 %
Epoch 461 of 600 took 7.748s
  training loss:		3.689007
  test loss:		3.688569
  validation accuracy:		2.50 %
Epoch 462 of 600 took 7.768s
  training loss:		3.689470
  test loss:		3.688559
  validation accuracy:		2.50 %
Epoch 463 of 600 took 7.760s
  training loss:		3.689176
  test loss:		3.688547
  validation accuracy:		2.50 %
Epoch 464 of 600 took 23.746s
  training loss:		3.689187
  test loss:		3.688549
  validation accuracy:		2.50 %
Epoch 465 of 600 took 7.760s
  training loss:		3.689201
  test loss:		3.688546
  validation accuracy:		2.50 %
Epoch 466 of 600 took 7.748s
  training loss:		3.689016
  test loss:		3.688538
  validation accuracy:		2.50 %
Epoch 467 of 600 took 7.752s
  training loss:		3.689027
  test loss:		3.688526
  validation accuracy:		2.50 %
Epoch 468 of 600 took 7.758s
  training loss:		3.688926
  test loss:		3.688512
  validation accuracy:		2.50 %
Epoch 469 of 600 took 7.752s
  training loss:		3.689093
  test loss:		3.688499
  validation accuracy:		2.50 %
Epoch 470 of 600 took 7.768s
  training loss:		3.689296
  test loss:		3.688486
  validation accuracy:		2.50 %
Epoch 471 of 600 took 7.760s
  training loss:		3.688897
  test loss:		3.688471
  validation accuracy:		2.50 %
Epoch 472 of 600 took 23.730s
  training loss:		3.688922
  test loss:		3.688470
  validation accuracy:		2.50 %
Epoch 473 of 600 took 7.758s
  training loss:		3.689315
  test loss:		3.688466
  validation accuracy:		2.50 %
Epoch 474 of 600 took 7.750s
  training loss:		3.688846
  test loss:		3.688456
  validation accuracy:		2.50 %
Epoch 475 of 600 took 7.751s
  training loss:		3.689114
  test loss:		3.688443
  validation accuracy:		2.50 %
Epoch 476 of 600 took 7.745s
  training loss:		3.688781
  test loss:		3.688428
  validation accuracy:		2.50 %
Epoch 477 of 600 took 7.774s
  training loss:		3.689016
  test loss:		3.688413
  validation accuracy:		2.50 %
Epoch 478 of 600 took 7.769s
  training loss:		3.688913
  test loss:		3.688399
  validation accuracy:		2.50 %
Epoch 479 of 600 took 7.767s
  training loss:		3.688839
  test loss:		3.688383
  validation accuracy:		2.50 %
Epoch 480 of 600 took 24.187s
  training loss:		3.689054
  test loss:		3.688383
  validation accuracy:		2.50 %
Epoch 481 of 600 took 7.773s
  training loss:		3.689215
  test loss:		3.688378
  validation accuracy:		2.50 %
Epoch 482 of 600 took 7.758s
  training loss:		3.688959
  test loss:		3.688368
  validation accuracy:		2.50 %
Epoch 483 of 600 took 7.758s
  training loss:		3.689243
  test loss:		3.688358
  validation accuracy:		2.50 %
Epoch 484 of 600 took 7.769s
  training loss:		3.688920
  test loss:		3.688345
  validation accuracy:		2.50 %
Epoch 485 of 600 took 7.756s
  training loss:		3.688948
  test loss:		3.688332
  validation accuracy:		2.50 %
Epoch 486 of 600 took 7.764s
  training loss:		3.688729
  test loss:		3.688317
  validation accuracy:		2.50 %
Epoch 487 of 600 took 7.752s
  training loss:		3.688955
  test loss:		3.688302
  validation accuracy:		2.50 %
Epoch 488 of 600 took 23.693s
  training loss:		3.689138
  test loss:		3.688302
  validation accuracy:		2.50 %
Epoch 489 of 600 took 7.755s
  training loss:		3.688648
  test loss:		3.688294
  validation accuracy:		2.50 %
Epoch 490 of 600 took 7.749s
  training loss:		3.688926
  test loss:		3.688282
  validation accuracy:		2.50 %
Epoch 491 of 600 took 7.766s
  training loss:		3.689419
  test loss:		3.688272
  validation accuracy:		2.50 %
Epoch 492 of 600 took 7.754s
  training loss:		3.689216
  test loss:		3.688265
  validation accuracy:		2.50 %
Epoch 493 of 600 took 7.758s
  training loss:		3.689074
  test loss:		3.688257
  validation accuracy:		2.50 %
Epoch 494 of 600 took 7.766s
  training loss:		3.689110
  test loss:		3.688246
  validation accuracy:		2.50 %
Epoch 495 of 600 took 7.756s
  training loss:		3.688877
  test loss:		3.688234
  validation accuracy:		2.50 %
Epoch 496 of 600 took 24.141s
  training loss:		3.689287
  test loss:		3.688234
  validation accuracy:		2.50 %
Epoch 497 of 600 took 7.763s
  training loss:		3.689303
  test loss:		3.688230
  validation accuracy:		2.50 %
Epoch 498 of 600 took 7.755s
  training loss:		3.688886
  test loss:		3.688222
  validation accuracy:		2.50 %
Epoch 499 of 600 took 7.761s
  training loss:		3.689026
  test loss:		3.688212
  validation accuracy:		2.50 %
Epoch 500 of 600 took 7.781s
  training loss:		3.688824
  test loss:		3.688199
  validation accuracy:		2.50 %
Epoch 501 of 600 took 7.759s
  training loss:		3.688726
  test loss:		3.688183
  validation accuracy:		2.50 %
Epoch 502 of 600 took 7.749s
  training loss:		3.688609
  test loss:		3.688167
  validation accuracy:		2.50 %
Epoch 503 of 600 took 7.761s
  training loss:		3.688929
  test loss:		3.688153
  validation accuracy:		2.50 %
Epoch 504 of 600 took 23.733s
  training loss:		3.689023
  test loss:		3.688153
  validation accuracy:		2.50 %
Epoch 505 of 600 took 7.754s
  training loss:		3.689069
  test loss:		3.688147
  validation accuracy:		2.50 %
Epoch 506 of 600 took 7.749s
  training loss:		3.688890
  test loss:		3.688138
  validation accuracy:		2.50 %
Epoch 507 of 600 took 7.747s
  training loss:		3.689220
  test loss:		3.688129
  validation accuracy:		2.50 %
Epoch 508 of 600 took 7.750s
  training loss:		3.688842
  test loss:		3.688119
  validation accuracy:		2.50 %
Epoch 509 of 600 took 7.766s
  training loss:		3.689041
  test loss:		3.688107
  validation accuracy:		2.50 %
Epoch 510 of 600 took 7.758s
  training loss:		3.689074
  test loss:		3.688097
  validation accuracy:		2.50 %
Epoch 511 of 600 took 7.756s
  training loss:		3.688980
  test loss:		3.688085
  validation accuracy:		2.50 %
Epoch 512 of 600 took 24.190s
  training loss:		3.688997
  test loss:		3.688085
  validation accuracy:		2.50 %
Epoch 513 of 600 took 7.773s
  training loss:		3.689074
  test loss:		3.688078
  validation accuracy:		2.50 %
Epoch 514 of 600 took 7.772s
  training loss:		3.689123
  test loss:		3.688071
  validation accuracy:		2.50 %
Epoch 515 of 600 took 7.758s
  training loss:		3.688799
  test loss:		3.688060
  validation accuracy:		2.50 %
Epoch 516 of 600 took 7.758s
  training loss:		3.688647
  test loss:		3.688045
  validation accuracy:		2.50 %
Epoch 517 of 600 took 7.753s
  training loss:		3.688925
  test loss:		3.688029
  validation accuracy:		2.50 %
Epoch 518 of 600 took 7.775s
  training loss:		3.688909
  test loss:		3.688015
  validation accuracy:		2.50 %
Epoch 519 of 600 took 7.750s
  training loss:		3.688753
  test loss:		3.688001
  validation accuracy:		2.50 %
Epoch 520 of 600 took 23.774s
  training loss:		3.688784
  test loss:		3.687997
  validation accuracy:		2.50 %
Epoch 521 of 600 took 7.758s
  training loss:		3.688704
  test loss:		3.687990
  validation accuracy:		2.50 %
Epoch 522 of 600 took 7.775s
  training loss:		3.688735
  test loss:		3.687978
  validation accuracy:		2.50 %
Epoch 523 of 600 took 7.759s
  training loss:		3.688467
  test loss:		3.687964
  validation accuracy:		2.50 %
Epoch 524 of 600 took 7.754s
  training loss:		3.689031
  test loss:		3.687949
  validation accuracy:		2.50 %
Epoch 525 of 600 took 7.748s
  training loss:		3.688508
  test loss:		3.687932
  validation accuracy:		2.50 %
Epoch 526 of 600 took 7.761s
  training loss:		3.688660
  test loss:		3.687914
  validation accuracy:		2.50 %
Epoch 527 of 600 took 7.742s
  training loss:		3.688622
  test loss:		3.687897
  validation accuracy:		2.50 %
Epoch 528 of 600 took 23.749s
  training loss:		3.688861
  test loss:		3.687894
  validation accuracy:		2.50 %
Epoch 529 of 600 took 7.739s
  training loss:		3.688852
  test loss:		3.687888
  validation accuracy:		2.50 %
Epoch 530 of 600 took 7.760s
  training loss:		3.688938
  test loss:		3.687879
  validation accuracy:		2.50 %
Epoch 531 of 600 took 7.752s
  training loss:		3.688636
  test loss:		3.687866
  validation accuracy:		2.50 %
Epoch 532 of 600 took 7.759s
  training loss:		3.688521
  test loss:		3.687852
  validation accuracy:		2.50 %
Epoch 533 of 600 took 7.759s
  training loss:		3.689015
  test loss:		3.687839
  validation accuracy:		2.50 %
Epoch 534 of 600 took 7.750s
  training loss:		3.688483
  test loss:		3.687824
  validation accuracy:		2.50 %
Epoch 535 of 600 took 7.744s
  training loss:		3.688493
  test loss:		3.687808
  validation accuracy:		2.50 %
Epoch 536 of 600 took 24.196s
  training loss:		3.688230
  test loss:		3.687800
  validation accuracy:		2.50 %
Epoch 537 of 600 took 7.758s
  training loss:		3.688576
  test loss:		3.687788
  validation accuracy:		2.50 %
Epoch 538 of 600 took 7.763s
  training loss:		3.688250
  test loss:		3.687773
  validation accuracy:		2.50 %
Epoch 539 of 600 took 7.756s
  training loss:		3.688085
  test loss:		3.687754
  validation accuracy:		2.50 %
Epoch 540 of 600 took 7.765s
  training loss:		3.688875
  test loss:		3.687736
  validation accuracy:		2.50 %
Epoch 541 of 600 took 7.753s
  training loss:		3.688558
  test loss:		3.687720
  validation accuracy:		2.50 %
Epoch 542 of 600 took 7.752s
  training loss:		3.688832
  test loss:		3.687704
  validation accuracy:		2.50 %
Epoch 543 of 600 took 7.760s
  training loss:		3.688355
  test loss:		3.687688
  validation accuracy:		2.50 %
Epoch 544 of 600 took 23.734s
  training loss:		3.688254
  test loss:		3.687682
  validation accuracy:		2.50 %
Epoch 545 of 600 took 7.761s
  training loss:		3.689011
  test loss:		3.687674
  validation accuracy:		2.50 %
Epoch 546 of 600 took 7.746s
  training loss:		3.688443
  test loss:		3.687662
  validation accuracy:		2.50 %
Epoch 547 of 600 took 7.772s
  training loss:		3.688575
  test loss:		3.687647
  validation accuracy:		2.50 %
Epoch 548 of 600 took 7.760s
  training loss:		3.688235
  test loss:		3.687628
  validation accuracy:		2.50 %
Epoch 549 of 600 took 7.753s
  training loss:		3.688484
  test loss:		3.687609
  validation accuracy:		2.50 %
Epoch 550 of 600 took 7.746s
  training loss:		3.689029
  test loss:		3.687593
  validation accuracy:		2.50 %
Epoch 551 of 600 took 7.764s
  training loss:		3.688775
  test loss:		3.687577
  validation accuracy:		2.50 %
Epoch 552 of 600 took 24.193s
  training loss:		3.688685
  test loss:		3.687575
  validation accuracy:		2.50 %
Epoch 553 of 600 took 7.765s
  training loss:		3.688238
  test loss:		3.687562
  validation accuracy:		2.50 %
Epoch 554 of 600 took 7.751s
  training loss:		3.689132
  test loss:		3.687551
  validation accuracy:		2.50 %
Epoch 555 of 600 took 7.743s
  training loss:		3.688761
  test loss:		3.687539
  validation accuracy:		2.50 %
Epoch 556 of 600 took 7.749s
  training loss:		3.688857
  test loss:		3.687528
  validation accuracy:		2.50 %
Epoch 557 of 600 took 7.762s
  training loss:		3.688162
  test loss:		3.687512
  validation accuracy:		2.50 %
Epoch 558 of 600 took 7.754s
  training loss:		3.688285
  test loss:		3.687493
  validation accuracy:		2.50 %
Epoch 559 of 600 took 7.765s
  training loss:		3.688433
  test loss:		3.687473
  validation accuracy:		2.50 %
Epoch 560 of 600 took 23.749s
  training loss:		3.688544
  test loss:		3.687468
  validation accuracy:		2.50 %
Epoch 561 of 600 took 7.756s
  training loss:		3.688388
  test loss:		3.687458
  validation accuracy:		2.50 %
Epoch 562 of 600 took 7.745s
  training loss:		3.688495
  test loss:		3.687446
  validation accuracy:		2.50 %
Epoch 563 of 600 took 7.754s
  training loss:		3.688533
  test loss:		3.687432
  validation accuracy:		2.50 %
Epoch 564 of 600 took 7.751s
  training loss:		3.687808
  test loss:		3.687412
  validation accuracy:		2.50 %
Epoch 565 of 600 took 7.752s
  training loss:		3.688704
  test loss:		3.687393
  validation accuracy:		2.50 %
Epoch 566 of 600 took 7.758s
  training loss:		3.688274
  test loss:		3.687374
  validation accuracy:		2.50 %
Epoch 567 of 600 took 7.755s
  training loss:		3.688174
  test loss:		3.687355
  validation accuracy:		2.50 %
Epoch 568 of 600 took 24.204s
  training loss:		3.688349
  test loss:		3.687348
  validation accuracy:		2.50 %
Epoch 569 of 600 took 7.751s
  training loss:		3.688456
  test loss:		3.687336
  validation accuracy:		2.50 %
Epoch 570 of 600 took 7.757s
  training loss:		3.688606
  test loss:		3.687321
  validation accuracy:		2.50 %
Epoch 571 of 600 took 7.749s
  training loss:		3.688232
  test loss:		3.687304
  validation accuracy:		2.50 %
Epoch 572 of 600 took 7.743s
  training loss:		3.688701
  test loss:		3.687288
  validation accuracy:		2.50 %
Epoch 573 of 600 took 7.751s
  training loss:		3.687534
  test loss:		3.687267
  validation accuracy:		2.50 %
Epoch 574 of 600 took 7.750s
  training loss:		3.688239
  test loss:		3.687242
  validation accuracy:		2.50 %
Epoch 575 of 600 took 7.751s
  training loss:		3.688520
  test loss:		3.687220
  validation accuracy:		2.50 %
Epoch 576 of 600 took 23.801s
  training loss:		3.688206
  test loss:		3.687213
  validation accuracy:		2.50 %
Epoch 577 of 600 took 7.769s
  training loss:		3.688959
  test loss:		3.687206
  validation accuracy:		2.50 %
Epoch 578 of 600 took 7.752s
  training loss:		3.688300
  test loss:		3.687194
  validation accuracy:		2.50 %
Epoch 579 of 600 took 7.747s
  training loss:		3.687658
  test loss:		3.687174
  validation accuracy:		2.50 %
Epoch 580 of 600 took 7.747s
  training loss:		3.688063
  test loss:		3.687152
  validation accuracy:		2.50 %
Epoch 581 of 600 took 7.753s
  training loss:		3.687759
  test loss:		3.687129
  validation accuracy:		2.50 %
Epoch 582 of 600 took 7.753s
  training loss:		3.688504
  test loss:		3.687107
  validation accuracy:		2.50 %
Epoch 583 of 600 took 7.759s
  training loss:		3.688131
  test loss:		3.687084
  validation accuracy:		2.50 %
Epoch 584 of 600 took 24.242s
  training loss:		3.688518
  test loss:		3.687079
  validation accuracy:		2.50 %
Epoch 585 of 600 took 7.754s
  training loss:		3.688208
  test loss:		3.687068
  validation accuracy:		2.50 %
Epoch 586 of 600 took 7.753s
  training loss:		3.687803
  test loss:		3.687051
  validation accuracy:		2.50 %
Epoch 587 of 600 took 7.756s
  training loss:		3.687878
  test loss:		3.687029
  validation accuracy:		2.50 %
Epoch 588 of 600 took 7.740s
  training loss:		3.687916
  test loss:		3.687007
  validation accuracy:		2.50 %
Epoch 589 of 600 took 7.754s
  training loss:		3.688012
  test loss:		3.686985
  validation accuracy:		2.50 %
Epoch 590 of 600 took 7.748s
  training loss:		3.688245
  test loss:		3.686964
  validation accuracy:		2.50 %
Epoch 591 of 600 took 7.747s
  training loss:		3.688230
  test loss:		3.686945
  validation accuracy:		2.50 %
Epoch 592 of 600 took 23.878s
  training loss:		3.688447
  test loss:		3.686940
  validation accuracy:		2.50 %
Epoch 593 of 600 took 7.762s
  training loss:		3.688643
  test loss:		3.686930
  validation accuracy:		2.50 %
Epoch 594 of 600 took 7.771s
  training loss:		3.687914
  test loss:		3.686913
  validation accuracy:		2.50 %
Epoch 595 of 600 took 7.762s
  training loss:		3.688249
  test loss:		3.686894
  validation accuracy:		2.50 %
Epoch 596 of 600 took 7.767s
  training loss:		3.687813
  test loss:		3.686871
  validation accuracy:		2.50 %
Epoch 597 of 600 took 7.765s
  training loss:		3.687523
  test loss:		3.686847
  validation accuracy:		2.50 %
Epoch 598 of 600 took 7.762s
  training loss:		3.687729
  test loss:		3.686823
  validation accuracy:		2.50 %
Epoch 599 of 600 took 7.769s
  training loss:		3.688512
  test loss:		3.686801
  validation accuracy:		2.50 %
Epoch 600 of 600 took 23.887s
  training loss:		3.687321
  test loss:		3.686790
  validation accuracy:		2.50 %
Traceback (most recent call last):
  File "./ORL_inception.py", line 238, in <module>
    final_results = main(600)
  File "./ORL_inception.py", line 229, in main
    print("final accuracy is:\t\t{:.6f}".format(final_results * 100))
NameError: global name 'final_results' is not defined
