Reading configs ...
Reading data ...
x is i1505: 1454064 entries from 34 days
y is i1509: 1230440 entries from 34 days
Preparing data ...
Preparing algo ...
Test start ...
Test Done ...
rolling 1000, rolling_sigma 1000, sd_coef 2, stop_win 1.24453574449, backtest took 164.810s, score is -602.770
Preparing algo ...
Test start ...
Test Done ...
rolling 1000, rolling_sigma 1000, sd_coef 2, stop_win 2.48907148899, backtest took 165.560s, score is -546.250
Preparing algo ...
Test start ...
Test Done ...
rolling 1000, rolling_sigma 1000, sd_coef 2, stop_win 3.73360723348, backtest took 164.982s, score is -489.850
Preparing algo ...
Test start ...
Test Done ...
rolling 1000, rolling_sigma 1000, sd_coef 2, stop_win 4.97814297798, backtest took 164.767s, score is -489.850
Preparing algo ...
Test start ...
Test Done ...
rolling 1000, rolling_sigma 1000, sd_coef 2, stop_win 6.22267872247, backtest took 164.877s, score is -489.850
Preparing algo ...
Test start ...
Test Done ...
rolling 1000, rolling_sigma 1000, sd_coef 2, stop_win 7.46721446696, backtest took 165.469s, score is -489.850
Preparing algo ...
Test start ...
Test Done ...
rolling 1000, rolling_sigma 1000, sd_coef 2, stop_win 8.71175021146, backtest took 165.088s, score is -489.850
Preparing algo ...
Test start ...
Test Done ...
rolling 1000, rolling_sigma 1000, sd_coef 2, stop_win 9.95628595595, backtest took 164.974s, score is -489.850
Preparing algo ...
Test start ...
Test Done ...
rolling 1000, rolling_sigma 1000, sd_coef 2, stop_win 11.2008217004, backtest took 165.310s, score is -489.850
Preparing algo ...
Test start ...
Test Done ...
rolling 1000, rolling_sigma 1000, sd_coef 2, stop_win 12.4453574449, backtest took 165.123s, score is -489.850
Preparing algo ...
Test start ...
Test Done ...
rolling 1000, rolling_sigma 1000, sd_coef 3, stop_win 1.24453574449, backtest took 165.617s, score is -602.710
Preparing algo ...
Test start ...
Test Done ...
rolling 1000, rolling_sigma 1000, sd_coef 3, stop_win 2.48907148899, backtest took 164.331s, score is -546.070
Preparing algo ...
Test start ...
Test Done ...
rolling 1000, rolling_sigma 1000, sd_coef 3, stop_win 3.73360723348, backtest took 165.199s, score is -489.790
Preparing algo ...
Test start ...
Test Done ...
rolling 1000, rolling_sigma 1000, sd_coef 3, stop_win 4.97814297798, backtest took 164.462s, score is -489.790
Preparing algo ...
Test start ...
Test Done ...
rolling 1000, rolling_sigma 1000, sd_coef 3, stop_win 6.22267872247, backtest took 164.505s, score is -489.790
Preparing algo ...
Test start ...
Test Done ...
rolling 1000, rolling_sigma 1000, sd_coef 3, stop_win 7.46721446696, backtest took 165.181s, score is -489.790
Preparing algo ...
Test start ...
Test Done ...
rolling 1000, rolling_sigma 1000, sd_coef 3, stop_win 8.71175021146, backtest took 164.912s, score is -489.790
Preparing algo ...
Test start ...
Test Done ...
rolling 1000, rolling_sigma 1000, sd_coef 3, stop_win 9.95628595595, backtest took 164.138s, score is -489.790
Preparing algo ...
Test start ...
Test Done ...
rolling 1000, rolling_sigma 1000, sd_coef 3, stop_win 11.2008217004, backtest took 164.583s, score is -489.790
Preparing algo ...
Test start ...
Test Done ...
rolling 1000, rolling_sigma 1000, sd_coef 3, stop_win 12.4453574449, backtest took 164.707s, score is -489.790
Preparing algo ...
Test start ...
Test Done ...
rolling 1000, rolling_sigma 1000, sd_coef 4, stop_win 1.24453574449, backtest took 164.305s, score is -442.740
Preparing algo ...
Test start ...
Test Done ...
rolling 1000, rolling_sigma 1000, sd_coef 4, stop_win 2.48907148899, backtest took 164.735s, score is -386.220
Preparing algo ...
Test start ...
Test Done ...
rolling 1000, rolling_sigma 1000, sd_coef 4, stop_win 3.73360723348, backtest took 165.193s, score is -329.940
Preparing algo ...
Test start ...
Test Done ...
rolling 1000, rolling_sigma 1000, sd_coef 4, stop_win 4.97814297798, backtest took 164.506s, score is -329.940
Preparing algo ...
Test start ...
Test Done ...
rolling 1000, rolling_sigma 1000, sd_coef 4, stop_win 6.22267872247, backtest took 164.689s, score is -329.940
Preparing algo ...
Test start ...
Test Done ...
rolling 1000, rolling_sigma 1000, sd_coef 4, stop_win 7.46721446696, backtest took 164.121s, score is -329.940
Preparing algo ...
Test start ...
Test Done ...
rolling 1000, rolling_sigma 1000, sd_coef 4, stop_win 8.71175021146, backtest took 164.842s, score is -329.940
Preparing algo ...
Test start ...
Test Done ...
rolling 1000, rolling_sigma 1000, sd_coef 4, stop_win 9.95628595595, backtest took 164.423s, score is -329.940
Preparing algo ...
Test start ...
Test Done ...
rolling 1000, rolling_sigma 1000, sd_coef 4, stop_win 11.2008217004, backtest took 164.226s, score is -329.940
Preparing algo ...
Test start ...
Test Done ...
rolling 1000, rolling_sigma 1000, sd_coef 4, stop_win 12.4453574449, backtest took 165.021s, score is -329.940
Preparing algo ...
Test start ...
Test Done ...
rolling 1000, rolling_sigma 1000, sd_coef 5, stop_win 1.24453574449, backtest took 165.014s, score is -642.560
Preparing algo ...
Test start ...
Test Done ...
rolling 1000, rolling_sigma 1000, sd_coef 5, stop_win 2.48907148899, backtest took 164.121s, score is -386.220
Preparing algo ...
Test start ...
Test Done ...
rolling 1000, rolling_sigma 1000, sd_coef 5, stop_win 3.73360723348, backtest took 164.230s, score is -329.940
Preparing algo ...
Test start ...
Test Done ...
rolling 1000, rolling_sigma 1000, sd_coef 5, stop_win 4.97814297798, backtest took 165.178s, score is -329.940
Preparing algo ...
Test start ...
Test Done ...
rolling 1000, rolling_sigma 1000, sd_coef 5, stop_win 6.22267872247, backtest took 164.666s, score is -329.940
Preparing algo ...
Test start ...
Test Done ...
rolling 1000, rolling_sigma 1000, sd_coef 5, stop_win 7.46721446696, backtest took 164.389s, score is -329.940
Preparing algo ...
Test start ...
Test Done ...
rolling 1000, rolling_sigma 1000, sd_coef 5, stop_win 8.71175021146, backtest took 164.538s, score is -329.940
Preparing algo ...
Test start ...
Test Done ...
rolling 1000, rolling_sigma 1000, sd_coef 5, stop_win 9.95628595595, backtest took 164.633s, score is -329.940
Preparing algo ...
Test start ...
Test Done ...
rolling 1000, rolling_sigma 1000, sd_coef 5, stop_win 11.2008217004, backtest took 164.506s, score is -329.940
Preparing algo ...
Test start ...
Test Done ...
rolling 1000, rolling_sigma 1000, sd_coef 5, stop_win 12.4453574449, backtest took 164.274s, score is -329.940
Preparing algo ...
Test start ...
Test Done ...
rolling 1000, rolling_sigma 1000, sd_coef 6, stop_win 1.24453574449, backtest took 164.678s, score is -486.310
Preparing algo ...
Test start ...
Test Done ...
rolling 1000, rolling_sigma 1000, sd_coef 6, stop_win 2.48907148899, backtest took 164.711s, score is -386.220
Preparing algo ...
Test start ...
Test Done ...
rolling 1000, rolling_sigma 1000, sd_coef 6, stop_win 3.73360723348, backtest took 163.890s, score is -329.940
Preparing algo ...
Test start ...
Test Done ...
rolling 1000, rolling_sigma 1000, sd_coef 6, stop_win 4.97814297798, backtest took 165.038s, score is -329.940
Preparing algo ...
Test start ...
Test Done ...
rolling 1000, rolling_sigma 1000, sd_coef 6, stop_win 6.22267872247, backtest took 164.633s, score is -329.940
Preparing algo ...
Test start ...
Test Done ...
rolling 1000, rolling_sigma 1000, sd_coef 6, stop_win 7.46721446696, backtest took 164.308s, score is -329.940
Preparing algo ...
Test start ...
Test Done ...
rolling 1000, rolling_sigma 1000, sd_coef 6, stop_win 8.71175021146, backtest took 164.357s, score is -329.940
Preparing algo ...
Test start ...
Test Done ...
rolling 1000, rolling_sigma 1000, sd_coef 6, stop_win 9.95628595595, backtest took 164.602s, score is -329.940
Preparing algo ...
Test start ...
Test Done ...
rolling 1000, rolling_sigma 1000, sd_coef 6, stop_win 11.2008217004, backtest took 164.078s, score is -329.940
Preparing algo ...
Test start ...
Test Done ...
rolling 1000, rolling_sigma 1000, sd_coef 6, stop_win 12.4453574449, backtest took 164.272s, score is -329.940
Preparing algo ...
Test start ...
Test Done ...
rolling 1000, rolling_sigma 1000, sd_coef 7, stop_win 1.24453574449, backtest took 165.137s, score is -486.310
Preparing algo ...
Test start ...
Test Done ...
rolling 1000, rolling_sigma 1000, sd_coef 7, stop_win 2.48907148899, backtest took 165.269s, score is -386.220
Preparing algo ...
Test start ...
Test Done ...
rolling 1000, rolling_sigma 1000, sd_coef 7, stop_win 3.73360723348, backtest took 164.518s, score is -329.940
Preparing algo ...
Test start ...
Test Done ...
rolling 1000, rolling_sigma 1000, sd_coef 7, stop_win 4.97814297798, backtest took 164.379s, score is -329.940
Preparing algo ...
Test start ...
Test Done ...
rolling 1000, rolling_sigma 1000, sd_coef 7, stop_win 6.22267872247, backtest took 165.218s, score is -329.940
Preparing algo ...
Test start ...
Test Done ...
rolling 1000, rolling_sigma 1000, sd_coef 7, stop_win 7.46721446696, backtest took 164.192s, score is -329.940
Preparing algo ...
Test start ...
Test Done ...
rolling 1000, rolling_sigma 1000, sd_coef 7, stop_win 8.71175021146, backtest took 164.445s, score is -329.940
Preparing algo ...
Test start ...
Test Done ...
rolling 1000, rolling_sigma 1000, sd_coef 7, stop_win 9.95628595595, backtest took 163.894s, score is -329.940
Preparing algo ...
Test start ...
Test Done ...
rolling 1000, rolling_sigma 1000, sd_coef 7, stop_win 11.2008217004, backtest took 164.727s, score is -329.940
Preparing algo ...
Test start ...
Test Done ...
rolling 1000, rolling_sigma 1000, sd_coef 7, stop_win 12.4453574449, backtest took 164.343s, score is -329.940
Preparing algo ...
Test start ...
Test Done ...
rolling 1000, rolling_sigma 3000, sd_coef 2, stop_win 1.24453574449, backtest took 165.654s, score is -646.340
Preparing algo ...
Test start ...
Test Done ...
rolling 1000, rolling_sigma 3000, sd_coef 2, stop_win 2.48907148899, backtest took 164.613s, score is -546.370
Preparing algo ...
Test start ...
Test Done ...
rolling 1000, rolling_sigma 3000, sd_coef 2, stop_win 3.73360723348, backtest took 165.573s, score is -489.970
Preparing algo ...
Test start ...
Test Done ...
rolling 1000, rolling_sigma 3000, sd_coef 2, stop_win 4.97814297798, backtest took 166.039s, score is -489.970
Preparing algo ...
Test start ...
Test Done ...
rolling 1000, rolling_sigma 3000, sd_coef 2, stop_win 6.22267872247, backtest took 165.320s, score is -489.970
Preparing algo ...
Test start ...
Test Done ...
rolling 1000, rolling_sigma 3000, sd_coef 2, stop_win 7.46721446696, backtest took 166.038s, score is -489.970
Preparing algo ...
Test start ...
Test Done ...
rolling 1000, rolling_sigma 3000, sd_coef 2, stop_win 8.71175021146, backtest took 165.214s, score is -489.970
Preparing algo ...
Test start ...
Test Done ...
rolling 1000, rolling_sigma 3000, sd_coef 2, stop_win 9.95628595595, backtest took 165.616s, score is -489.970
Preparing algo ...
Test start ...
Test Done ...
rolling 1000, rolling_sigma 3000, sd_coef 2, stop_win 11.2008217004, backtest took 165.193s, score is -489.970
Preparing algo ...
Test start ...
Test Done ...
rolling 1000, rolling_sigma 3000, sd_coef 2, stop_win 12.4453574449, backtest took 165.258s, score is -489.970
Preparing algo ...
Test start ...
Test Done ...
rolling 1000, rolling_sigma 3000, sd_coef 3, stop_win 1.24453574449, backtest took 164.710s, score is -806.190
Preparing algo ...
Test start ...
Test Done ...
rolling 1000, rolling_sigma 3000, sd_coef 3, stop_win 2.48907148899, backtest took 167.854s, score is -706.100
Preparing algo ...
Test start ...
Test Done ...
rolling 1000, rolling_sigma 3000, sd_coef 3, stop_win 3.73360723348, backtest took 165.295s, score is -649.820
Preparing algo ...
Test start ...
Test Done ...
rolling 1000, rolling_sigma 3000, sd_coef 3, stop_win 4.97814297798, backtest took 165.879s, score is -649.820
Preparing algo ...
Test start ...
Test Done ...
rolling 1000, rolling_sigma 3000, sd_coef 3, stop_win 6.22267872247, backtest took 165.293s, score is -649.820
Preparing algo ...
Test start ...
Test Done ...
rolling 1000, rolling_sigma 3000, sd_coef 3, stop_win 7.46721446696, backtest took 165.883s, score is -649.820
Preparing algo ...
Test start ...
Test Done ...
rolling 1000, rolling_sigma 3000, sd_coef 3, stop_win 8.71175021146, backtest took 165.175s, score is -649.820
Preparing algo ...
Test start ...
Test Done ...
rolling 1000, rolling_sigma 3000, sd_coef 3, stop_win 9.95628595595, backtest took 165.418s, score is -649.820
Preparing algo ...
Test start ...
Test Done ...
rolling 1000, rolling_sigma 3000, sd_coef 3, stop_win 11.2008217004, backtest took 166.231s, score is -649.820
Preparing algo ...
Test start ...
Test Done ...
rolling 1000, rolling_sigma 3000, sd_coef 3, stop_win 12.4453574449, backtest took 166.115s, score is -649.820
Preparing algo ...
Test start ...
Test Done ...
rolling 1000, rolling_sigma 3000, sd_coef 4, stop_win 1.24453574449, backtest took 165.342s, score is -646.160
Preparing algo ...
Test start ...
Test Done ...
rolling 1000, rolling_sigma 3000, sd_coef 4, stop_win 2.48907148899, backtest took 165.456s, score is -546.070
Preparing algo ...
Test start ...
Test Done ...
rolling 1000, rolling_sigma 3000, sd_coef 4, stop_win 3.73360723348, backtest took 165.735s, score is -489.790
Preparing algo ...
Test start ...
Test Done ...
rolling 1000, rolling_sigma 3000, sd_coef 4, stop_win 4.97814297798, backtest took 166.020s, score is -489.790
Preparing algo ...
Test start ...
Test Done ...
rolling 1000, rolling_sigma 3000, sd_coef 4, stop_win 6.22267872247, backtest took 165.327s, score is -489.790
Preparing algo ...
Test start ...
Test Done ...
rolling 1000, rolling_sigma 3000, sd_coef 4, stop_win 7.46721446696, backtest took 165.846s, score is -489.790
Preparing algo ...
Test start ...
Test Done ...
rolling 1000, rolling_sigma 3000, sd_coef 4, stop_win 8.71175021146, backtest took 165.569s, score is -489.790
Preparing algo ...
Test start ...
Test Done ...
rolling 1000, rolling_sigma 3000, sd_coef 4, stop_win 9.95628595595, backtest took 165.229s, score is -489.790
Preparing algo ...
Test start ...
Test Done ...
rolling 1000, rolling_sigma 3000, sd_coef 4, stop_win 11.2008217004, backtest took 165.689s, score is -489.790
Preparing algo ...
Test start ...
Test Done ...
rolling 1000, rolling_sigma 3000, sd_coef 4, stop_win 12.4453574449, backtest took 165.769s, score is -489.790
Preparing algo ...
Test start ...
Test Done ...
rolling 1000, rolling_sigma 3000, sd_coef 5, stop_win 1.24453574449, backtest took 165.038s, score is -646.160
Preparing algo ...
Test start ...
Test Done ...
rolling 1000, rolling_sigma 3000, sd_coef 5, stop_win 2.48907148899, backtest took 165.843s, score is -546.070
Preparing algo ...
Test start ...
Test Done ...
rolling 1000, rolling_sigma 3000, sd_coef 5, stop_win 3.73360723348, backtest took 165.880s, score is -489.790
Preparing algo ...
Test start ...
Test Done ...
rolling 1000, rolling_sigma 3000, sd_coef 5, stop_win 4.97814297798, backtest took 165.238s, score is -489.790
Preparing algo ...
Test start ...
Test Done ...
rolling 1000, rolling_sigma 3000, sd_coef 5, stop_win 6.22267872247, backtest took 165.610s, score is -489.790
Preparing algo ...
Test start ...
Test Done ...
rolling 1000, rolling_sigma 3000, sd_coef 5, stop_win 7.46721446696, backtest took 165.915s, score is -489.790
Preparing algo ...
Test start ...
Test Done ...
rolling 1000, rolling_sigma 3000, sd_coef 5, stop_win 8.71175021146, backtest took 165.757s, score is -489.790
Preparing algo ...
Test start ...
Test Done ...
rolling 1000, rolling_sigma 3000, sd_coef 5, stop_win 9.95628595595, backtest took 165.145s, score is -489.790
Preparing algo ...
Test start ...
Test Done ...
rolling 1000, rolling_sigma 3000, sd_coef 5, stop_win 11.2008217004, backtest took 165.500s, score is -489.790
Preparing algo ...
Test start ...
Test Done ...
rolling 1000, rolling_sigma 3000, sd_coef 5, stop_win 12.4453574449, backtest took 166.285s, score is -489.790
Preparing algo ...
Test start ...
Test Done ...
rolling 1000, rolling_sigma 3000, sd_coef 6, stop_win 1.24453574449, backtest took 165.770s, score is -965.200
Preparing algo ...
Test start ...
Test Done ...
rolling 1000, rolling_sigma 3000, sd_coef 6, stop_win 2.48907148899, backtest took 166.387s, score is -865.110
Preparing algo ...
Test start ...
Test Done ...
rolling 1000, rolling_sigma 3000, sd_coef 6, stop_win 3.73360723348, backtest took 165.704s, score is -808.830
Preparing algo ...
Test start ...
Test Done ...
rolling 1000, rolling_sigma 3000, sd_coef 6, stop_win 4.97814297798, backtest took 165.727s, score is -808.830
Preparing algo ...
Test start ...
Test Done ...
rolling 1000, rolling_sigma 3000, sd_coef 6, stop_win 6.22267872247, backtest took 165.824s, score is -808.830
Preparing algo ...
Test start ...
Test Done ...
rolling 1000, rolling_sigma 3000, sd_coef 6, stop_win 7.46721446696, backtest took 166.339s, score is -808.830
Preparing algo ...
Test start ...
Test Done ...
rolling 1000, rolling_sigma 3000, sd_coef 6, stop_win 8.71175021146, backtest took 165.649s, score is -808.830
Preparing algo ...
Test start ...
Test Done ...
rolling 1000, rolling_sigma 3000, sd_coef 6, stop_win 9.95628595595, backtest took 165.909s, score is -808.830
Preparing algo ...
Test start ...
Test Done ...
rolling 1000, rolling_sigma 3000, sd_coef 6, stop_win 11.2008217004, backtest took 166.479s, score is -808.830
Preparing algo ...
Test start ...
Test Done ...
rolling 1000, rolling_sigma 3000, sd_coef 6, stop_win 12.4453574449, backtest took 165.985s, score is -808.830
Preparing algo ...
Test start ...
Test Done ...
rolling 1000, rolling_sigma 3000, sd_coef 7, stop_win 1.24453574449, backtest took 166.675s, score is -965.200
Preparing algo ...
Test start ...
Test Done ...
rolling 1000, rolling_sigma 3000, sd_coef 7, stop_win 2.48907148899, backtest took 165.791s, score is -865.110
Preparing algo ...
Test start ...
Test Done ...
rolling 1000, rolling_sigma 3000, sd_coef 7, stop_win 3.73360723348, backtest took 166.096s, score is -808.830
Preparing algo ...
Test start ...
Test Done ...
rolling 1000, rolling_sigma 3000, sd_coef 7, stop_win 4.97814297798, backtest took 165.620s, score is -808.830
Preparing algo ...
Test start ...
Test Done ...
rolling 1000, rolling_sigma 3000, sd_coef 7, stop_win 6.22267872247, backtest took 165.626s, score is -808.830
Preparing algo ...
Test start ...
Test Done ...
rolling 1000, rolling_sigma 3000, sd_coef 7, stop_win 7.46721446696, backtest took 164.878s, score is -808.830
Preparing algo ...
Test start ...
Test Done ...
rolling 1000, rolling_sigma 3000, sd_coef 7, stop_win 8.71175021146, backtest took 167.201s, score is -808.830
Preparing algo ...
Test start ...
Test Done ...
rolling 1000, rolling_sigma 3000, sd_coef 7, stop_win 9.95628595595, backtest took 164.937s, score is -808.830
Preparing algo ...
Test start ...
Test Done ...
rolling 1000, rolling_sigma 3000, sd_coef 7, stop_win 11.2008217004, backtest took 165.444s, score is -808.830
Preparing algo ...
Test start ...
Test Done ...
rolling 1000, rolling_sigma 3000, sd_coef 7, stop_win 12.4453574449, backtest took 164.896s, score is -808.830
Preparing algo ...
Test start ...
Test Done ...
rolling 1000, rolling_sigma 5000, sd_coef 2, stop_win 1.24453574449, backtest took 164.577s, score is -646.340
Preparing algo ...
Test start ...
Test Done ...
rolling 1000, rolling_sigma 5000, sd_coef 2, stop_win 2.48907148899, backtest took 163.606s, score is -546.370
Preparing algo ...
Test start ...
Test Done ...
rolling 1000, rolling_sigma 5000, sd_coef 2, stop_win 3.73360723348, backtest took 164.181s, score is -489.970
Preparing algo ...
Test start ...
Test Done ...
rolling 1000, rolling_sigma 5000, sd_coef 2, stop_win 4.97814297798, backtest took 164.629s, score is -489.970
Preparing algo ...
Test start ...
Test Done ...
rolling 1000, rolling_sigma 5000, sd_coef 2, stop_win 6.22267872247, backtest took 164.933s, score is -489.970
Preparing algo ...
Test start ...
Test Done ...
rolling 1000, rolling_sigma 5000, sd_coef 2, stop_win 7.46721446696, backtest took 163.995s, score is -489.970
Preparing algo ...
Test start ...
Test Done ...
rolling 1000, rolling_sigma 5000, sd_coef 2, stop_win 8.71175021146, backtest took 164.399s, score is -489.970
Preparing algo ...
Test start ...
Test Done ...
rolling 1000, rolling_sigma 5000, sd_coef 2, stop_win 9.95628595595, backtest took 164.727s, score is -489.970
Preparing algo ...
Test start ...
Test Done ...
rolling 1000, rolling_sigma 5000, sd_coef 2, stop_win 11.2008217004, backtest took 164.848s, score is -489.970
Preparing algo ...
Test start ...
Test Done ...
rolling 1000, rolling_sigma 5000, sd_coef 2, stop_win 12.4453574449, backtest took 163.821s, score is -489.970
Preparing algo ...
Test start ...
Test Done ...
rolling 1000, rolling_sigma 5000, sd_coef 3, stop_win 1.24453574449, backtest took 164.305s, score is -806.310
Preparing algo ...
Test start ...
Test Done ...
rolling 1000, rolling_sigma 5000, sd_coef 3, stop_win 2.48907148899, backtest took 164.719s, score is -706.220
Preparing algo ...
Test start ...
Test Done ...
rolling 1000, rolling_sigma 5000, sd_coef 3, stop_win 3.73360723348, backtest took 164.060s, score is -649.940
Preparing algo ...
Test start ...
Test Done ...
rolling 1000, rolling_sigma 5000, sd_coef 3, stop_win 4.97814297798, backtest took 165.122s, score is -649.940
Preparing algo ...
Test start ...
Test Done ...
rolling 1000, rolling_sigma 5000, sd_coef 3, stop_win 6.22267872247, backtest took 165.125s, score is -649.940
Preparing algo ...
Test start ...
Test Done ...
rolling 1000, rolling_sigma 5000, sd_coef 3, stop_win 7.46721446696, backtest took 164.451s, score is -649.940
Preparing algo ...
Test start ...
Test Done ...
rolling 1000, rolling_sigma 5000, sd_coef 3, stop_win 8.71175021146, backtest took 164.801s, score is -649.940
Preparing algo ...
Test start ...
Test Done ...
rolling 1000, rolling_sigma 5000, sd_coef 3, stop_win 9.95628595595, backtest took 164.840s, score is -649.940
Preparing algo ...
Test start ...
Test Done ...
rolling 1000, rolling_sigma 5000, sd_coef 3, stop_win 11.2008217004, backtest took 164.047s, score is -649.940
Preparing algo ...
Test start ...
Test Done ...
rolling 1000, rolling_sigma 5000, sd_coef 3, stop_win 12.4453574449, backtest took 164.533s, score is -649.940
Preparing algo ...
Test start ...
Test Done ...
rolling 1000, rolling_sigma 5000, sd_coef 4, stop_win 1.24453574449, backtest took 165.421s, score is -646.280
Preparing algo ...
Test start ...
Test Done ...
rolling 1000, rolling_sigma 5000, sd_coef 4, stop_win 2.48907148899, backtest took 165.085s, score is -546.190
Preparing algo ...
Test start ...
Test Done ...
rolling 1000, rolling_sigma 5000, sd_coef 4, stop_win 3.73360723348, backtest took 164.580s, score is -489.910
Preparing algo ...
Test start ...
Test Done ...
rolling 1000, rolling_sigma 5000, sd_coef 4, stop_win 4.97814297798, backtest took 164.646s, score is -489.910
Preparing algo ...
Test start ...
Test Done ...
rolling 1000, rolling_sigma 5000, sd_coef 4, stop_win 6.22267872247, backtest took 165.287s, score is -489.910
Preparing algo ...
Test start ...
Test Done ...
rolling 1000, rolling_sigma 5000, sd_coef 4, stop_win 7.46721446696, backtest took 164.262s, score is -489.910
Preparing algo ...
Test start ...
Test Done ...
rolling 1000, rolling_sigma 5000, sd_coef 4, stop_win 8.71175021146, backtest took 164.800s, score is -489.910
Preparing algo ...
Test start ...
Test Done ...
rolling 1000, rolling_sigma 5000, sd_coef 4, stop_win 9.95628595595, backtest took 164.103s, score is -489.910
Preparing algo ...
Test start ...
Test Done ...
rolling 1000, rolling_sigma 5000, sd_coef 4, stop_win 11.2008217004, backtest took 164.251s, score is -489.910
Preparing algo ...
Test start ...
Test Done ...
rolling 1000, rolling_sigma 5000, sd_coef 4, stop_win 12.4453574449, backtest took 164.603s, score is -489.910
Preparing algo ...
Test start ...
Test Done ...
rolling 1000, rolling_sigma 5000, sd_coef 5, stop_win 1.24453574449, backtest took 165.113s, score is -646.280
Preparing algo ...
Test start ...
Test Done ...
rolling 1000, rolling_sigma 5000, sd_coef 5, stop_win 2.48907148899, backtest took 164.118s, score is -546.190
Preparing algo ...
Test start ...
Test Done ...
rolling 1000, rolling_sigma 5000, sd_coef 5, stop_win 3.73360723348, backtest took 164.329s, score is -489.910
Preparing algo ...
Test start ...
Test Done ...
rolling 1000, rolling_sigma 5000, sd_coef 5, stop_win 4.97814297798, backtest took 165.360s, score is -489.910
Preparing algo ...
Test start ...
Test Done ...
rolling 1000, rolling_sigma 5000, sd_coef 5, stop_win 6.22267872247, backtest took 164.237s, score is -489.910
Preparing algo ...
Test start ...
Test Done ...
rolling 1000, rolling_sigma 5000, sd_coef 5, stop_win 7.46721446696, backtest took 164.999s, score is -489.910
Preparing algo ...
Test start ...
Test Done ...
rolling 1000, rolling_sigma 5000, sd_coef 5, stop_win 8.71175021146, backtest took 164.196s, score is -489.910
Preparing algo ...
Test start ...
Test Done ...
rolling 1000, rolling_sigma 5000, sd_coef 5, stop_win 9.95628595595, backtest took 164.941s, score is -489.910
Preparing algo ...
Test start ...
Test Done ...
rolling 1000, rolling_sigma 5000, sd_coef 5, stop_win 11.2008217004, backtest took 164.052s, score is -489.910
Preparing algo ...
Test start ...
Test Done ...
rolling 1000, rolling_sigma 5000, sd_coef 5, stop_win 12.4453574449, backtest took 164.084s, score is -489.910
Preparing algo ...
Test start ...
Test Done ...
rolling 1000, rolling_sigma 5000, sd_coef 6, stop_win 1.24453574449, backtest took 163.300s, score is -646.280
Preparing algo ...
Test start ...
Test Done ...
rolling 1000, rolling_sigma 5000, sd_coef 6, stop_win 2.48907148899, backtest took 166.832s, score is -546.190
Preparing algo ...
Test start ...
Test Done ...
rolling 1000, rolling_sigma 5000, sd_coef 6, stop_win 3.73360723348, backtest took 164.292s, score is -489.910
Preparing algo ...
Test start ...
Test Done ...
rolling 1000, rolling_sigma 5000, sd_coef 6, stop_win 4.97814297798, backtest took 164.912s, score is -489.910
Preparing algo ...
Test start ...
Test Done ...
rolling 1000, rolling_sigma 5000, sd_coef 6, stop_win 6.22267872247, backtest took 164.149s, score is -489.910
Preparing algo ...
Test start ...
Test Done ...
rolling 1000, rolling_sigma 5000, sd_coef 6, stop_win 7.46721446696, backtest took 165.326s, score is -489.910
Preparing algo ...
Test start ...
Test Done ...
rolling 1000, rolling_sigma 5000, sd_coef 6, stop_win 8.71175021146, backtest took 164.100s, score is -489.910
Preparing algo ...
Test start ...
Test Done ...
rolling 1000, rolling_sigma 5000, sd_coef 6, stop_win 9.95628595595, backtest took 164.655s, score is -489.910
Preparing algo ...
Test start ...
Test Done ...
rolling 1000, rolling_sigma 5000, sd_coef 6, stop_win 11.2008217004, backtest took 165.227s, score is -489.910
Preparing algo ...
Test start ...
Test Done ...
rolling 1000, rolling_sigma 5000, sd_coef 6, stop_win 12.4453574449, backtest took 164.682s, score is -489.910
Preparing algo ...
Test start ...
Test Done ...
rolling 1000, rolling_sigma 5000, sd_coef 7, stop_win 1.24453574449, backtest took 164.772s, score is -781.390
Preparing algo ...
Test start ...
Test Done ...
rolling 1000, rolling_sigma 5000, sd_coef 7, stop_win 2.48907148899, backtest took 164.667s, score is -568.200
Preparing algo ...
Test start ...
Test Done ...
rolling 1000, rolling_sigma 5000, sd_coef 7, stop_win 3.73360723348, backtest took 165.746s, score is -667.570
Preparing algo ...
Test start ...
Test Done ...
rolling 1000, rolling_sigma 5000, sd_coef 7, stop_win 4.97814297798, backtest took 165.616s, score is -567.480
Preparing algo ...
Test start ...
Test Done ...
rolling 1000, rolling_sigma 5000, sd_coef 7, stop_win 6.22267872247, backtest took 164.864s, score is -511.200
Preparing algo ...
Test start ...
Test Done ...
rolling 1000, rolling_sigma 5000, sd_coef 7, stop_win 7.46721446696, backtest took 165.356s, score is -511.200
Preparing algo ...
Test start ...
Test Done ...
rolling 1000, rolling_sigma 5000, sd_coef 7, stop_win 8.71175021146, backtest took 165.263s, score is -511.200
Preparing algo ...
Test start ...
Test Done ...
rolling 1000, rolling_sigma 5000, sd_coef 7, stop_win 9.95628595595, backtest took 164.771s, score is -511.200
Preparing algo ...
Test start ...
Test Done ...
rolling 1000, rolling_sigma 5000, sd_coef 7, stop_win 11.2008217004, backtest took 165.459s, score is -511.200
Preparing algo ...
Test start ...
Test Done ...
rolling 1000, rolling_sigma 5000, sd_coef 7, stop_win 12.4453574449, backtest took 165.500s, score is -511.200
Preparing algo ...
Test start ...
Test Done ...
rolling 1000, rolling_sigma 7000, sd_coef 2, stop_win 1.24453574449, backtest took 163.550s, score is -802.530
Preparing algo ...
Test start ...
Test Done ...
rolling 1000, rolling_sigma 7000, sd_coef 2, stop_win 2.48907148899, backtest took 163.998s, score is -546.370
Preparing algo ...
Test start ...
Test Done ...
rolling 1000, rolling_sigma 7000, sd_coef 2, stop_win 3.73360723348, backtest took 164.196s, score is -489.970
Preparing algo ...
Test start ...
Test Done ...
rolling 1000, rolling_sigma 7000, sd_coef 2, stop_win 4.97814297798, backtest took 163.632s, score is -489.970
Preparing algo ...
Test start ...
Test Done ...
rolling 1000, rolling_sigma 7000, sd_coef 2, stop_win 6.22267872247, backtest took 163.926s, score is -489.970
Preparing algo ...
Test start ...
Test Done ...
rolling 1000, rolling_sigma 7000, sd_coef 2, stop_win 7.46721446696, backtest took 164.565s, score is -489.970
Preparing algo ...
Test start ...
Test Done ...
rolling 1000, rolling_sigma 7000, sd_coef 2, stop_win 8.71175021146, backtest took 164.258s, score is -489.970
Preparing algo ...
Test start ...
Test Done ...
rolling 1000, rolling_sigma 7000, sd_coef 2, stop_win 9.95628595595, backtest took 163.687s, score is -489.970
Preparing algo ...
Test start ...
Test Done ...
rolling 1000, rolling_sigma 7000, sd_coef 2, stop_win 11.2008217004, backtest took 163.730s, score is -489.970
Preparing algo ...
Test start ...
Test Done ...
rolling 1000, rolling_sigma 7000, sd_coef 2, stop_win 12.4453574449, backtest took 164.633s, score is -489.970
Preparing algo ...
Test start ...
Test Done ...
rolling 1000, rolling_sigma 7000, sd_coef 3, stop_win 1.24453574449, backtest took 163.631s, score is -962.500
Preparing algo ...
Test start ...
Test Done ...
rolling 1000, rolling_sigma 7000, sd_coef 3, stop_win 2.48907148899, backtest took 164.251s, score is -706.220
Preparing algo ...
Test start ...
Test Done ...
rolling 1000, rolling_sigma 7000, sd_coef 3, stop_win 3.73360723348, backtest took 163.407s, score is -649.940
Preparing algo ...
Test start ...
Test Done ...
rolling 1000, rolling_sigma 7000, sd_coef 3, stop_win 4.97814297798, backtest took 164.212s, score is -649.940
Preparing algo ...
Test start ...
Test Done ...
rolling 1000, rolling_sigma 7000, sd_coef 3, stop_win 6.22267872247, backtest took 163.921s, score is -649.940
Preparing algo ...
Test start ...
Test Done ...
rolling 1000, rolling_sigma 7000, sd_coef 3, stop_win 7.46721446696, backtest took 164.560s, score is -649.940
Preparing algo ...
Test start ...
Test Done ...
rolling 1000, rolling_sigma 7000, sd_coef 3, stop_win 8.71175021146, backtest took 163.432s, score is -649.940
Preparing algo ...
Test start ...
Test Done ...
rolling 1000, rolling_sigma 7000, sd_coef 3, stop_win 9.95628595595, backtest took 163.934s, score is -649.940
Preparing algo ...
Test start ...
Test Done ...
rolling 1000, rolling_sigma 7000, sd_coef 3, stop_win 11.2008217004, backtest took 164.812s, score is -649.940
Preparing algo ...
Test start ...
Test Done ...
rolling 1000, rolling_sigma 7000, sd_coef 3, stop_win 12.4453574449, backtest took 163.753s, score is -649.940
Preparing algo ...
Test start ...
Test Done ...
rolling 1000, rolling_sigma 7000, sd_coef 4, stop_win 1.24453574449, backtest took 164.486s, score is -802.470
Preparing algo ...
Test start ...
Test Done ...
rolling 1000, rolling_sigma 7000, sd_coef 4, stop_win 2.48907148899, backtest took 163.733s, score is -546.190
Preparing algo ...
Test start ...
Test Done ...
rolling 1000, rolling_sigma 7000, sd_coef 4, stop_win 3.73360723348, backtest took 164.769s, score is -489.910
Preparing algo ...
Test start ...
Test Done ...
rolling 1000, rolling_sigma 7000, sd_coef 4, stop_win 4.97814297798, backtest took 164.160s, score is -489.910
Preparing algo ...
Test start ...
Test Done ...
rolling 1000, rolling_sigma 7000, sd_coef 4, stop_win 6.22267872247, backtest took 164.220s, score is -489.910
Preparing algo ...
Test start ...
Test Done ...
rolling 1000, rolling_sigma 7000, sd_coef 4, stop_win 7.46721446696, backtest took 163.364s, score is -489.910
Preparing algo ...
Test start ...
Test Done ...
rolling 1000, rolling_sigma 7000, sd_coef 4, stop_win 8.71175021146, backtest took 167.001s, score is -489.910
Preparing algo ...
Test start ...
Test Done ...
rolling 1000, rolling_sigma 7000, sd_coef 4, stop_win 9.95628595595, backtest took 164.399s, score is -489.910
Preparing algo ...
Test start ...
Test Done ...
rolling 1000, rolling_sigma 7000, sd_coef 4, stop_win 11.2008217004, backtest took 164.935s, score is -489.910
Preparing algo ...
Test start ...
Test Done ...
rolling 1000, rolling_sigma 7000, sd_coef 4, stop_win 12.4453574449, backtest took 164.209s, score is -489.910
Preparing algo ...
Test start ...
Test Done ...
rolling 1000, rolling_sigma 7000, sd_coef 5, stop_win 1.24453574449, backtest took 165.295s, score is -802.470
Preparing algo ...
Test start ...
Test Done ...
rolling 1000, rolling_sigma 7000, sd_coef 5, stop_win 2.48907148899, backtest took 164.218s, score is -546.190
Preparing algo ...
Test start ...
Test Done ...
rolling 1000, rolling_sigma 7000, sd_coef 5, stop_win 3.73360723348, backtest took 164.913s, score is -489.910
Preparing algo ...
Test start ...
Test Done ...
rolling 1000, rolling_sigma 7000, sd_coef 5, stop_win 4.97814297798, backtest took 165.374s, score is -489.910
Preparing algo ...
Test start ...
Test Done ...
rolling 1000, rolling_sigma 7000, sd_coef 5, stop_win 6.22267872247, backtest took 165.005s, score is -489.910
Preparing algo ...
Test start ...
Test Done ...
rolling 1000, rolling_sigma 7000, sd_coef 5, stop_win 7.46721446696, backtest took 164.305s, score is -489.910
Preparing algo ...
Test start ...
Test Done ...
rolling 1000, rolling_sigma 7000, sd_coef 5, stop_win 8.71175021146, backtest took 164.668s, score is -489.910
Preparing algo ...
Test start ...
Test Done ...
rolling 1000, rolling_sigma 7000, sd_coef 5, stop_win 9.95628595595, backtest took 165.546s, score is -489.910
Preparing algo ...
Test start ...
Test Done ...
rolling 1000, rolling_sigma 7000, sd_coef 5, stop_win 11.2008217004, backtest took 165.008s, score is -489.910
Preparing algo ...
Test start ...
Test Done ...
rolling 1000, rolling_sigma 7000, sd_coef 5, stop_win 12.4453574449, backtest took 164.318s, score is -489.910
Preparing algo ...
Test start ...
Test Done ...
rolling 1000, rolling_sigma 7000, sd_coef 6, stop_win 1.24453574449, backtest took 165.143s, score is -802.470
Preparing algo ...
Test start ...
Test Done ...
rolling 1000, rolling_sigma 7000, sd_coef 6, stop_win 2.48907148899, backtest took 165.020s, score is -546.190
Preparing algo ...
Test start ...
Test Done ...
rolling 1000, rolling_sigma 7000, sd_coef 6, stop_win 3.73360723348, backtest took 164.057s, score is -489.910
Preparing algo ...
Test start ...
Test Done ...
rolling 1000, rolling_sigma 7000, sd_coef 6, stop_win 4.97814297798, backtest took 165.255s, score is -489.910
Preparing algo ...
Test start ...
Test Done ...
rolling 1000, rolling_sigma 7000, sd_coef 6, stop_win 6.22267872247, backtest took 164.917s, score is -489.910
Preparing algo ...
Test start ...
Test Done ...
rolling 1000, rolling_sigma 7000, sd_coef 6, stop_win 7.46721446696, backtest took 164.174s, score is -489.910
Preparing algo ...
Test start ...
Test Done ...
rolling 1000, rolling_sigma 7000, sd_coef 6, stop_win 8.71175021146, backtest took 164.827s, score is -489.910
Preparing algo ...
Test start ...
Test Done ...
rolling 1000, rolling_sigma 7000, sd_coef 6, stop_win 9.95628595595, backtest took 165.267s, score is -489.910
Preparing algo ...
Test start ...
Test Done ...
rolling 1000, rolling_sigma 7000, sd_coef 6, stop_win 11.2008217004, backtest took 164.405s, score is -489.910
Preparing algo ...
Test start ...
Test Done ...
rolling 1000, rolling_sigma 7000, sd_coef 6, stop_win 12.4453574449, backtest took 164.811s, score is -489.910
Preparing algo ...
Test start ...
Test Done ...
rolling 1000, rolling_sigma 7000, sd_coef 7, stop_win 1.24453574449, backtest took 166.514s, score is -680.460
Preparing algo ...
Test start ...
Test Done ...
rolling 1000, rolling_sigma 7000, sd_coef 7, stop_win 2.48907148899, backtest took 165.793s, score is -468.050
Preparing algo ...
Test start ...
Test Done ...
rolling 1000, rolling_sigma 7000, sd_coef 7, stop_win 3.73360723348, backtest took 165.301s, score is -723.550
Preparing algo ...
Test start ...
Test Done ...
rolling 1000, rolling_sigma 7000, sd_coef 7, stop_win 4.97814297798, backtest took 166.034s, score is -467.270
Preparing algo ...
Test start ...
Test Done ...
rolling 1000, rolling_sigma 7000, sd_coef 7, stop_win 6.22267872247, backtest took 166.617s, score is -410.990
Preparing algo ...
Test start ...
Test Done ...
rolling 1000, rolling_sigma 7000, sd_coef 7, stop_win 7.46721446696, backtest took 165.255s, score is -410.990
Preparing algo ...
Test start ...
Test Done ...
rolling 1000, rolling_sigma 7000, sd_coef 7, stop_win 8.71175021146, backtest took 165.780s, score is -410.990
Preparing algo ...
Test start ...
Test Done ...
rolling 1000, rolling_sigma 7000, sd_coef 7, stop_win 9.95628595595, backtest took 165.036s, score is -410.990
Preparing algo ...
Test start ...
Test Done ...
rolling 1000, rolling_sigma 7000, sd_coef 7, stop_win 11.2008217004, backtest took 165.321s, score is -410.990
Preparing algo ...
Test start ...
Test Done ...
rolling 1000, rolling_sigma 7000, sd_coef 7, stop_win 12.4453574449, backtest took 165.466s, score is -410.990
Preparing algo ...
Test start ...
Test Done ...
rolling 1000, rolling_sigma 9000, sd_coef 2, stop_win 1.24453574449, backtest took 164.937s, score is -646.400
Preparing algo ...
Test start ...
Test Done ...
rolling 1000, rolling_sigma 9000, sd_coef 2, stop_win 2.48907148899, backtest took 163.633s, score is -546.370
Preparing algo ...
Test start ...
Test Done ...
rolling 1000, rolling_sigma 9000, sd_coef 2, stop_win 3.73360723348, backtest took 164.162s, score is -489.970
Preparing algo ...
Test start ...
Test Done ...
rolling 1000, rolling_sigma 9000, sd_coef 2, stop_win 4.97814297798, backtest took 165.333s, score is -489.970
Preparing algo ...
Test start ...
Test Done ...
rolling 1000, rolling_sigma 9000, sd_coef 2, stop_win 6.22267872247, backtest took 164.143s, score is -489.970
Preparing algo ...
Test start ...
Test Done ...
rolling 1000, rolling_sigma 9000, sd_coef 2, stop_win 7.46721446696, backtest took 164.981s, score is -489.970
Preparing algo ...
Test start ...
Test Done ...
rolling 1000, rolling_sigma 9000, sd_coef 2, stop_win 8.71175021146, backtest took 163.385s, score is -489.970
Preparing algo ...
Test start ...
Test Done ...
rolling 1000, rolling_sigma 9000, sd_coef 2, stop_win 9.95628595595, backtest took 164.006s, score is -489.970
Preparing algo ...
Test start ...
Test Done ...
rolling 1000, rolling_sigma 9000, sd_coef 2, stop_win 11.2008217004, backtest took 163.259s, score is -489.970
Preparing algo ...
Test start ...
Test Done ...
rolling 1000, rolling_sigma 9000, sd_coef 2, stop_win 12.4453574449, backtest took 163.437s, score is -489.970
Preparing algo ...
Test start ...
Test Done ...
rolling 1000, rolling_sigma 9000, sd_coef 3, stop_win 1.24453574449, backtest took 162.855s, score is -806.370
Preparing algo ...
Test start ...
Test Done ...
rolling 1000, rolling_sigma 9000, sd_coef 3, stop_win 2.48907148899, backtest took 166.638s, score is -706.220
Preparing algo ...
Test start ...
Test Done ...
rolling 1000, rolling_sigma 9000, sd_coef 3, stop_win 3.73360723348, backtest took 163.671s, score is -649.940
Preparing algo ...
Test start ...
Test Done ...
rolling 1000, rolling_sigma 9000, sd_coef 3, stop_win 4.97814297798, backtest took 164.211s, score is -649.940
Preparing algo ...
Test start ...
Test Done ...
rolling 1000, rolling_sigma 9000, sd_coef 3, stop_win 6.22267872247, backtest took 163.720s, score is -649.940
Preparing algo ...
Test start ...
Test Done ...
rolling 1000, rolling_sigma 9000, sd_coef 3, stop_win 7.46721446696, backtest took 164.881s, score is -649.940
Preparing algo ...
Test start ...
Test Done ...
rolling 1000, rolling_sigma 9000, sd_coef 3, stop_win 8.71175021146, backtest took 163.546s, score is -649.940
Preparing algo ...
Test start ...
Test Done ...
rolling 1000, rolling_sigma 9000, sd_coef 3, stop_win 9.95628595595, backtest took 164.104s, score is -649.940
Preparing algo ...
Test start ...
Test Done ...
rolling 1000, rolling_sigma 9000, sd_coef 3, stop_win 11.2008217004, backtest took 164.744s, score is -649.940
Preparing algo ...
Test start ...
Test Done ...
rolling 1000, rolling_sigma 9000, sd_coef 3, stop_win 12.4453574449, backtest took 164.631s, score is -649.940
Preparing algo ...
Test start ...
Test Done ...
rolling 1000, rolling_sigma 9000, sd_coef 4, stop_win 1.24453574449, backtest took 163.980s, score is -646.340
Preparing algo ...
Test start ...
Test Done ...
rolling 1000, rolling_sigma 9000, sd_coef 4, stop_win 2.48907148899, backtest took 163.747s, score is -546.190
Preparing algo ...
Test start ...
Test Done ...
rolling 1000, rolling_sigma 9000, sd_coef 4, stop_win 3.73360723348, backtest took 164.969s, score is -489.910
Preparing algo ...
Test start ...
Test Done ...
rolling 1000, rolling_sigma 9000, sd_coef 4, stop_win 4.97814297798, backtest took 164.022s, score is -489.910
Preparing algo ...
Test start ...
Test Done ...
rolling 1000, rolling_sigma 9000, sd_coef 4, stop_win 6.22267872247, backtest took 163.314s, score is -489.910
Preparing algo ...
Test start ...
Test Done ...
rolling 1000, rolling_sigma 9000, sd_coef 4, stop_win 7.46721446696, backtest took 163.838s, score is -489.910
Preparing algo ...
Test start ...
Test Done ...
rolling 1000, rolling_sigma 9000, sd_coef 4, stop_win 8.71175021146, backtest took 164.158s, score is -489.910
Preparing algo ...
Test start ...
Test Done ...
rolling 1000, rolling_sigma 9000, sd_coef 4, stop_win 9.95628595595, backtest took 163.565s, score is -489.910
Preparing algo ...
Test start ...
Test Done ...
rolling 1000, rolling_sigma 9000, sd_coef 4, stop_win 11.2008217004, backtest took 164.620s, score is -489.910
Preparing algo ...
Test start ...
Test Done ...
rolling 1000, rolling_sigma 9000, sd_coef 4, stop_win 12.4453574449, backtest took 164.501s, score is -489.910
Preparing algo ...
Test start ...
Test Done ...
rolling 1000, rolling_sigma 9000, sd_coef 5, stop_win 1.24453574449, backtest took 163.727s, score is -646.340
Preparing algo ...
Test start ...
Test Done ...
rolling 1000, rolling_sigma 9000, sd_coef 5, stop_win 2.48907148899, backtest took 164.117s, score is -546.190
Preparing algo ...
Test start ...
Test Done ...
rolling 1000, rolling_sigma 9000, sd_coef 5, stop_win 3.73360723348, backtest took 164.326s, score is -489.910
Preparing algo ...
Test start ...
Test Done ...
rolling 1000, rolling_sigma 9000, sd_coef 5, stop_win 4.97814297798, backtest took 163.522s, score is -489.910
Preparing algo ...
Test start ...
Test Done ...
rolling 1000, rolling_sigma 9000, sd_coef 5, stop_win 6.22267872247, backtest took 163.760s, score is -489.910
Preparing algo ...
Test start ...
Test Done ...
rolling 1000, rolling_sigma 9000, sd_coef 5, stop_win 7.46721446696, backtest took 164.740s, score is -489.910
Preparing algo ...
Test start ...
Test Done ...
rolling 1000, rolling_sigma 9000, sd_coef 5, stop_win 8.71175021146, backtest took 164.177s, score is -489.910
Preparing algo ...
Test start ...
Test Done ...
rolling 1000, rolling_sigma 9000, sd_coef 5, stop_win 9.95628595595, backtest took 163.856s, score is -489.910
Preparing algo ...
Test start ...
Test Done ...
rolling 1000, rolling_sigma 9000, sd_coef 5, stop_win 11.2008217004, backtest took 164.112s, score is -489.910
Preparing algo ...
Test start ...
Test Done ...
rolling 1000, rolling_sigma 9000, sd_coef 5, stop_win 12.4453574449, backtest took 165.183s, score is -489.910
Preparing algo ...
Test start ...
Test Done ...
rolling 1000, rolling_sigma 9000, sd_coef 6, stop_win 1.24453574449, backtest took 163.971s, score is -646.340
Preparing algo ...
Test start ...
Test Done ...
rolling 1000, rolling_sigma 9000, sd_coef 6, stop_win 2.48907148899, backtest took 164.534s, score is -546.190
Preparing algo ...
Test start ...
Test Done ...
rolling 1000, rolling_sigma 9000, sd_coef 6, stop_win 3.73360723348, backtest took 163.723s, score is -489.910
Preparing algo ...
Test start ...
Test Done ...
rolling 1000, rolling_sigma 9000, sd_coef 6, stop_win 4.97814297798, backtest took 164.380s, score is -489.910
Preparing algo ...
Test start ...
Test Done ...
rolling 1000, rolling_sigma 9000, sd_coef 6, stop_win 6.22267872247, backtest took 164.126s, score is -489.910
Preparing algo ...
Test start ...
Test Done ...
rolling 1000, rolling_sigma 9000, sd_coef 6, stop_win 7.46721446696, backtest took 164.856s, score is -489.910
Preparing algo ...
Test start ...
Test Done ...
rolling 1000, rolling_sigma 9000, sd_coef 6, stop_win 8.71175021146, backtest took 163.767s, score is -489.910
Preparing algo ...
Test start ...
Test Done ...
rolling 1000, rolling_sigma 9000, sd_coef 6, stop_win 9.95628595595, backtest took 164.215s, score is -489.910
Preparing algo ...
Test start ...
Test Done ...
rolling 1000, rolling_sigma 9000, sd_coef 6, stop_win 11.2008217004, backtest took 165.217s, score is -489.910
Preparing algo ...
Test start ...
Test Done ...
rolling 1000, rolling_sigma 9000, sd_coef 6, stop_win 12.4453574449, backtest took 164.058s, score is -489.910
Preparing algo ...
Test start ...
Test Done ...
rolling 1000, rolling_sigma 9000, sd_coef 7, stop_win 1.24453574449, backtest took 166.183s, score is -1168.290
Preparing algo ...
Test start ...
Test Done ...
rolling 1000, rolling_sigma 9000, sd_coef 7, stop_win 2.48907148899, backtest took 165.626s, score is -1011.980
Preparing algo ...
Test start ...
Test Done ...
rolling 1000, rolling_sigma 9000, sd_coef 7, stop_win 3.73360723348, backtest took 165.821s, score is -1111.350
Preparing algo ...
Test start ...
Test Done ...
rolling 1000, rolling_sigma 9000, sd_coef 7, stop_win 4.97814297798, backtest took 165.148s, score is -1011.200
Preparing algo ...
Test start ...
Test Done ...
rolling 1000, rolling_sigma 9000, sd_coef 7, stop_win 6.22267872247, backtest took 165.320s, score is -954.920
Preparing algo ...
Test start ...
Test Done ...
rolling 1000, rolling_sigma 9000, sd_coef 7, stop_win 7.46721446696, backtest took 164.380s, score is -954.920
Preparing algo ...
Test start ...
Test Done ...
rolling 1000, rolling_sigma 9000, sd_coef 7, stop_win 8.71175021146, backtest took 167.879s, score is -954.920
Preparing algo ...
Test start ...
Test Done ...
rolling 1000, rolling_sigma 9000, sd_coef 7, stop_win 9.95628595595, backtest took 165.014s, score is -954.920
Preparing algo ...
Test start ...
Test Done ...
rolling 1000, rolling_sigma 9000, sd_coef 7, stop_win 11.2008217004, backtest took 165.804s, score is -954.920
Preparing algo ...
Test start ...
Test Done ...
rolling 1000, rolling_sigma 9000, sd_coef 7, stop_win 12.4453574449, backtest took 164.764s, score is -954.920
Preparing algo ...
Test start ...
Test Done ...
rolling 3000, rolling_sigma 1000, sd_coef 2, stop_win 1.24453574449, backtest took 166.897s, score is -646.340
Preparing algo ...
Test start ...
Test Done ...
rolling 3000, rolling_sigma 1000, sd_coef 2, stop_win 2.48907148899, backtest took 165.211s, score is -546.370
Preparing algo ...
Test start ...
Test Done ...
rolling 3000, rolling_sigma 1000, sd_coef 2, stop_win 3.73360723348, backtest took 166.005s, score is -489.970
Preparing algo ...
Test start ...
Test Done ...
rolling 3000, rolling_sigma 1000, sd_coef 2, stop_win 4.97814297798, backtest took 166.640s, score is -489.970
Preparing algo ...
Test start ...
Test Done ...
rolling 3000, rolling_sigma 1000, sd_coef 2, stop_win 6.22267872247, backtest took 166.312s, score is -489.970
Preparing algo ...
Test start ...
Test Done ...
rolling 3000, rolling_sigma 1000, sd_coef 2, stop_win 7.46721446696, backtest took 165.779s, score is -489.970
Preparing algo ...
Test start ...
Test Done ...
rolling 3000, rolling_sigma 1000, sd_coef 2, stop_win 8.71175021146, backtest took 166.005s, score is -489.970
Preparing algo ...
Test start ...
Test Done ...
rolling 3000, rolling_sigma 1000, sd_coef 2, stop_win 9.95628595595, backtest took 166.775s, score is -489.970
Preparing algo ...
Test start ...
Test Done ...
rolling 3000, rolling_sigma 1000, sd_coef 2, stop_win 11.2008217004, backtest took 166.112s, score is -489.970
Preparing algo ...
Test start ...
Test Done ...
rolling 3000, rolling_sigma 1000, sd_coef 2, stop_win 12.4453574449, backtest took 165.488s, score is -489.970
Preparing algo ...
Test start ...
Test Done ...
rolling 3000, rolling_sigma 1000, sd_coef 3, stop_win 1.24453574449, backtest took 165.816s, score is -806.250
Preparing algo ...
Test start ...
Test Done ...
rolling 3000, rolling_sigma 1000, sd_coef 3, stop_win 2.48907148899, backtest took 165.955s, score is -706.160
Preparing algo ...
Test start ...
Test Done ...
rolling 3000, rolling_sigma 1000, sd_coef 3, stop_win 3.73360723348, backtest took 165.683s, score is -649.880
Preparing algo ...
Test start ...
Test Done ...
rolling 3000, rolling_sigma 1000, sd_coef 3, stop_win 4.97814297798, backtest took 166.525s, score is -649.880
Preparing algo ...
Test start ...
Test Done ...
rolling 3000, rolling_sigma 1000, sd_coef 3, stop_win 6.22267872247, backtest took 166.419s, score is -649.880
Preparing algo ...
Test start ...
Test Done ...
rolling 3000, rolling_sigma 1000, sd_coef 3, stop_win 7.46721446696, backtest took 165.372s, score is -649.880
Preparing algo ...
Test start ...
Test Done ...
rolling 3000, rolling_sigma 1000, sd_coef 3, stop_win 8.71175021146, backtest took 166.287s, score is -649.880
Preparing algo ...
Test start ...
Test Done ...
rolling 3000, rolling_sigma 1000, sd_coef 3, stop_win 9.95628595595, backtest took 166.151s, score is -649.880
Preparing algo ...
Test start ...
Test Done ...
rolling 3000, rolling_sigma 1000, sd_coef 3, stop_win 11.2008217004, backtest took 165.574s, score is -649.880
Preparing algo ...
Test start ...
Test Done ...
rolling 3000, rolling_sigma 1000, sd_coef 3, stop_win 12.4453574449, backtest took 165.881s, score is -649.880
Preparing algo ...
Test start ...
Test Done ...
rolling 3000, rolling_sigma 1000, sd_coef 4, stop_win 1.24453574449, backtest took 166.717s, score is -806.250
Preparing algo ...
Test start ...
Test Done ...
rolling 3000, rolling_sigma 1000, sd_coef 4, stop_win 2.48907148899, backtest took 166.451s, score is -706.160
Preparing algo ...
Test start ...
Test Done ...
rolling 3000, rolling_sigma 1000, sd_coef 4, stop_win 3.73360723348, backtest took 165.645s, score is -649.880
Preparing algo ...
Test start ...
Test Done ...
rolling 3000, rolling_sigma 1000, sd_coef 4, stop_win 4.97814297798, backtest took 166.057s, score is -649.880
Preparing algo ...
Test start ...
Test Done ...
rolling 3000, rolling_sigma 1000, sd_coef 4, stop_win 6.22267872247, backtest took 166.897s, score is -649.880
Preparing algo ...
Test start ...
Test Done ...
rolling 3000, rolling_sigma 1000, sd_coef 4, stop_win 7.46721446696, backtest took 165.803s, score is -649.880
Preparing algo ...
Test start ...
Test Done ...
rolling 3000, rolling_sigma 1000, sd_coef 4, stop_win 8.71175021146, backtest took 166.458s, score is -649.880
Preparing algo ...
Test start ...
Test Done ...
rolling 3000, rolling_sigma 1000, sd_coef 4, stop_win 9.95628595595, backtest took 165.817s, score is -649.880
Preparing algo ...
Test start ...
Test Done ...
rolling 3000, rolling_sigma 1000, sd_coef 4, stop_win 11.2008217004, backtest took 166.143s, score is -649.880
Preparing algo ...
Test start ...
Test Done ...
rolling 3000, rolling_sigma 1000, sd_coef 4, stop_win 12.4453574449, backtest took 166.165s, score is -649.880
Preparing algo ...
Test start ...
Test Done ...
rolling 3000, rolling_sigma 1000, sd_coef 5, stop_win 1.24453574449, backtest took 167.030s, score is -806.250
Preparing algo ...
Test start ...
Test Done ...
rolling 3000, rolling_sigma 1000, sd_coef 5, stop_win 2.48907148899, backtest took 165.482s, score is -706.160
Preparing algo ...
Test start ...
Test Done ...
rolling 3000, rolling_sigma 1000, sd_coef 5, stop_win 3.73360723348, backtest took 166.268s, score is -649.880
Preparing algo ...
Test start ...
Test Done ...
rolling 3000, rolling_sigma 1000, sd_coef 5, stop_win 4.97814297798, backtest took 167.690s, score is -649.880
Preparing algo ...
Test start ...
Test Done ...
rolling 3000, rolling_sigma 1000, sd_coef 5, stop_win 6.22267872247, backtest took 166.737s, score is -649.880
Preparing algo ...
Test start ...
Test Done ...
rolling 3000, rolling_sigma 1000, sd_coef 5, stop_win 7.46721446696, backtest took 167.755s, score is -649.880
Preparing algo ...
Test start ...
Test Done ...
rolling 3000, rolling_sigma 1000, sd_coef 5, stop_win 8.71175021146, backtest took 167.080s, score is -649.880
Preparing algo ...
Test start ...
Test Done ...
rolling 3000, rolling_sigma 1000, sd_coef 5, stop_win 9.95628595595, backtest took 168.639s, score is -649.880
Preparing algo ...
Test start ...
Test Done ...
rolling 3000, rolling_sigma 1000, sd_coef 5, stop_win 11.2008217004, backtest took 167.854s, score is -649.880
Preparing algo ...
Test start ...
Test Done ...
rolling 3000, rolling_sigma 1000, sd_coef 5, stop_win 12.4453574449, backtest took 168.178s, score is -649.880
Preparing algo ...
Test start ...
Test Done ...
rolling 3000, rolling_sigma 1000, sd_coef 6, stop_win 1.24453574449, backtest took 167.053s, score is -806.250
Preparing algo ...
Test start ...
Test Done ...
rolling 3000, rolling_sigma 1000, sd_coef 6, stop_win 2.48907148899, backtest took 172.014s, score is -706.160
Preparing algo ...
Test start ...
Test Done ...
rolling 3000, rolling_sigma 1000, sd_coef 6, stop_win 3.73360723348, backtest took 168.087s, score is -649.880
Preparing algo ...
Test start ...
Test Done ...
rolling 3000, rolling_sigma 1000, sd_coef 6, stop_win 4.97814297798, backtest took 168.864s, score is -649.880
Preparing algo ...
Test start ...
Test Done ...
rolling 3000, rolling_sigma 1000, sd_coef 6, stop_win 6.22267872247, backtest took 167.871s, score is -649.880
Preparing algo ...
Test start ...
Test Done ...
rolling 3000, rolling_sigma 1000, sd_coef 6, stop_win 7.46721446696, backtest took 169.600s, score is -649.880
Preparing algo ...
Test start ...
Test Done ...
rolling 3000, rolling_sigma 1000, sd_coef 6, stop_win 8.71175021146, backtest took 167.972s, score is -649.880
Preparing algo ...
Test start ...
Test Done ...
rolling 3000, rolling_sigma 1000, sd_coef 6, stop_win 9.95628595595, backtest took 168.376s, score is -649.880
Preparing algo ...
Test start ...
Test Done ...
rolling 3000, rolling_sigma 1000, sd_coef 6, stop_win 11.2008217004, backtest took 169.795s, score is -649.880
Preparing algo ...
Test start ...
Test Done ...
rolling 3000, rolling_sigma 1000, sd_coef 6, stop_win 12.4453574449, backtest took 168.912s, score is -649.880
Preparing algo ...
Test start ...
Test Done ...
rolling 3000, rolling_sigma 1000, sd_coef 7, stop_win 1.24453574449, backtest took 168.521s, score is -722.830
Preparing algo ...
Test start ...
Test Done ...
rolling 3000, rolling_sigma 1000, sd_coef 7, stop_win 2.48907148899, backtest took 169.257s, score is -765.920
Preparing algo ...
Test start ...
Test Done ...
rolling 3000, rolling_sigma 1000, sd_coef 7, stop_win 3.73360723348, backtest took 170.187s, score is -665.830
Preparing algo ...
Test start ...
Test Done ...
rolling 3000, rolling_sigma 1000, sd_coef 7, stop_win 4.97814297798, backtest took 169.679s, score is -609.550
Preparing algo ...
Test start ...
Test Done ...
rolling 3000, rolling_sigma 1000, sd_coef 7, stop_win 6.22267872247, backtest took 168.642s, score is -609.550
Preparing algo ...
Test start ...
Test Done ...
rolling 3000, rolling_sigma 1000, sd_coef 7, stop_win 7.46721446696, backtest took 169.439s, score is -609.550
Preparing algo ...
Test start ...
Test Done ...
rolling 3000, rolling_sigma 1000, sd_coef 7, stop_win 8.71175021146, backtest took 169.456s, score is -609.550
Preparing algo ...
Test start ...
Test Done ...
rolling 3000, rolling_sigma 1000, sd_coef 7, stop_win 9.95628595595, backtest took 168.234s, score is -609.550
Preparing algo ...
Test start ...
Test Done ...
rolling 3000, rolling_sigma 1000, sd_coef 7, stop_win 11.2008217004, backtest took 170.361s, score is -609.550
Preparing algo ...
Test start ...
Test Done ...
rolling 3000, rolling_sigma 1000, sd_coef 7, stop_win 12.4453574449, backtest took 169.597s, score is -609.550
Preparing algo ...
Test start ...
Test Done ...
rolling 3000, rolling_sigma 3000, sd_coef 2, stop_win 1.24453574449, backtest took 166.810s, score is -459.710
Preparing algo ...
Test start ...
Test Done ...
rolling 3000, rolling_sigma 3000, sd_coef 2, stop_win 2.48907148899, backtest took 168.001s, score is -602.050
Preparing algo ...
Test start ...
Test Done ...
rolling 3000, rolling_sigma 3000, sd_coef 2, stop_win 3.73360723348, backtest took 167.774s, score is -345.710
Preparing algo ...
Test start ...
Test Done ...
rolling 3000, rolling_sigma 3000, sd_coef 2, stop_win 4.97814297798, backtest took 166.548s, score is -289.310
Preparing algo ...
Test start ...
Test Done ...
rolling 3000, rolling_sigma 3000, sd_coef 2, stop_win 6.22267872247, backtest took 167.207s, score is -289.310
Preparing algo ...
Test start ...
Test Done ...
rolling 3000, rolling_sigma 3000, sd_coef 2, stop_win 7.46721446696, backtest took 167.996s, score is -289.310
Preparing algo ...
Test start ...
Test Done ...
rolling 3000, rolling_sigma 3000, sd_coef 2, stop_win 8.71175021146, backtest took 167.519s, score is -289.310
Preparing algo ...
Test start ...
Test Done ...
rolling 3000, rolling_sigma 3000, sd_coef 2, stop_win 9.95628595595, backtest took 166.681s, score is -289.310
Preparing algo ...
Test start ...
Test Done ...
rolling 3000, rolling_sigma 3000, sd_coef 2, stop_win 11.2008217004, backtest took 166.868s, score is -289.310
Preparing algo ...
Test start ...
Test Done ...
rolling 3000, rolling_sigma 3000, sd_coef 2, stop_win 12.4453574449, backtest took 168.594s, score is -289.310
Preparing algo ...
Test start ...
Test Done ...
rolling 3000, rolling_sigma 3000, sd_coef 3, stop_win 1.24453574449, backtest took 166.661s, score is -359.680
Preparing algo ...
Test start ...
Test Done ...
rolling 3000, rolling_sigma 3000, sd_coef 3, stop_win 2.48907148899, backtest took 167.789s, score is -445.620
Preparing algo ...
Test start ...
Test Done ...
rolling 3000, rolling_sigma 3000, sd_coef 3, stop_win 3.73360723348, backtest took 166.692s, score is -245.860
Preparing algo ...
Test start ...
Test Done ...
rolling 3000, rolling_sigma 3000, sd_coef 3, stop_win 4.97814297798, backtest took 167.093s, score is -289.250
Preparing algo ...
Test start ...
Test Done ...
rolling 3000, rolling_sigma 3000, sd_coef 3, stop_win 6.22267872247, backtest took 167.356s, score is -289.250
Preparing algo ...
Test start ...
Test Done ...
rolling 3000, rolling_sigma 3000, sd_coef 3, stop_win 7.46721446696, backtest took 168.490s, score is -289.250
Preparing algo ...
Test start ...
Test Done ...
rolling 3000, rolling_sigma 3000, sd_coef 3, stop_win 8.71175021146, backtest took 166.305s, score is -289.250
Preparing algo ...
Test start ...
Test Done ...
rolling 3000, rolling_sigma 3000, sd_coef 3, stop_win 9.95628595595, backtest took 167.217s, score is -289.250
Preparing algo ...
Test start ...
Test Done ...
rolling 3000, rolling_sigma 3000, sd_coef 3, stop_win 11.2008217004, backtest took 168.568s, score is -289.250
Preparing algo ...
Test start ...
Test Done ...
rolling 3000, rolling_sigma 3000, sd_coef 3, stop_win 12.4453574449, backtest took 166.847s, score is -289.250
Preparing algo ...
Test start ...
Test Done ...
rolling 3000, rolling_sigma 3000, sd_coef 4, stop_win 1.24453574449, backtest took 168.404s, score is -603.190
Preparing algo ...
Test start ...
Test Done ...
rolling 3000, rolling_sigma 3000, sd_coef 4, stop_win 2.48907148899, backtest took 166.835s, score is -345.830
Preparing algo ...
Test start ...
Test Done ...
rolling 3000, rolling_sigma 3000, sd_coef 4, stop_win 3.73360723348, backtest took 167.856s, score is -245.800
Preparing algo ...
Test start ...
Test Done ...
rolling 3000, rolling_sigma 3000, sd_coef 4, stop_win 4.97814297798, backtest took 166.438s, score is -289.190
Preparing algo ...
Test start ...
Test Done ...
rolling 3000, rolling_sigma 3000, sd_coef 4, stop_win 6.22267872247, backtest took 166.778s, score is -289.190
Preparing algo ...
Test start ...
Test Done ...
rolling 3000, rolling_sigma 3000, sd_coef 4, stop_win 7.46721446696, backtest took 165.905s, score is -289.190
Preparing algo ...
Test start ...
Test Done ...
rolling 3000, rolling_sigma 3000, sd_coef 4, stop_win 8.71175021146, backtest took 170.903s, score is -289.190
Preparing algo ...
Test start ...
Test Done ...
rolling 3000, rolling_sigma 3000, sd_coef 4, stop_win 9.95628595595, backtest took 167.128s, score is -289.190
Preparing algo ...
Test start ...
Test Done ...
rolling 3000, rolling_sigma 3000, sd_coef 4, stop_win 11.2008217004, backtest took 167.219s, score is -289.190
Preparing algo ...
Test start ...
Test Done ...
rolling 3000, rolling_sigma 3000, sd_coef 4, stop_win 12.4453574449, backtest took 166.641s, score is -289.190
Preparing algo ...
Test start ...
Test Done ...
rolling 3000, rolling_sigma 3000, sd_coef 5, stop_win 1.24453574449, backtest took 168.943s, score is -603.070
Preparing algo ...
Test start ...
Test Done ...
rolling 3000, rolling_sigma 3000, sd_coef 5, stop_win 2.48907148899, backtest took 166.676s, score is -345.830
Preparing algo ...
Test start ...
Test Done ...
rolling 3000, rolling_sigma 3000, sd_coef 5, stop_win 3.73360723348, backtest took 167.328s, score is -245.800
Preparing algo ...
Test start ...
Test Done ...
rolling 3000, rolling_sigma 3000, sd_coef 5, stop_win 4.97814297798, backtest took 168.308s, score is -289.190
Preparing algo ...
Test start ...
Test Done ...
rolling 3000, rolling_sigma 3000, sd_coef 5, stop_win 6.22267872247, backtest took 167.591s, score is -289.190
Preparing algo ...
Test start ...
Test Done ...
rolling 3000, rolling_sigma 3000, sd_coef 5, stop_win 7.46721446696, backtest took 166.734s, score is -289.190
Preparing algo ...
Test start ...
Test Done ...
rolling 3000, rolling_sigma 3000, sd_coef 5, stop_win 8.71175021146, backtest took 166.585s, score is -289.190
Preparing algo ...
Test start ...
Test Done ...
rolling 3000, rolling_sigma 3000, sd_coef 5, stop_win 9.95628595595, backtest took 168.401s, score is -289.190
Preparing algo ...
Test start ...
Test Done ...
rolling 3000, rolling_sigma 3000, sd_coef 5, stop_win 11.2008217004, backtest took 167.314s, score is -289.190
Preparing algo ...
Test start ...
Test Done ...
rolling 3000, rolling_sigma 3000, sd_coef 5, stop_win 12.4453574449, backtest took 166.527s, score is -289.190
Preparing algo ...
Test start ...
Test Done ...
rolling 3000, rolling_sigma 3000, sd_coef 6, stop_win 1.24453574449, backtest took 163.735s, score is -602.950
Preparing algo ...
Test start ...
Test Done ...
rolling 3000, rolling_sigma 3000, sd_coef 6, stop_win 2.48907148899, backtest took 163.370s, score is -345.710
Preparing algo ...
Test start ...
Test Done ...
rolling 3000, rolling_sigma 3000, sd_coef 6, stop_win 3.73360723348, backtest took 162.122s, score is -245.680
Preparing algo ...
Test start ...
Test Done ...
rolling 3000, rolling_sigma 3000, sd_coef 6, stop_win 4.97814297798, backtest took 164.705s, score is -289.070
Preparing algo ...
Test start ...
Test Done ...
rolling 3000, rolling_sigma 3000, sd_coef 6, stop_win 6.22267872247, backtest took 164.941s, score is -289.070
Preparing algo ...
Test start ...
Test Done ...
rolling 3000, rolling_sigma 3000, sd_coef 6, stop_win 7.46721446696, backtest took 164.069s, score is -289.070
Preparing algo ...
Test start ...
Test Done ...
rolling 3000, rolling_sigma 3000, sd_coef 6, stop_win 8.71175021146, backtest took 164.819s, score is -289.070
Preparing algo ...
Test start ...
Test Done ...
rolling 3000, rolling_sigma 3000, sd_coef 6, stop_win 9.95628595595, backtest took 165.069s, score is -289.070
Preparing algo ...
Test start ...
Test Done ...
rolling 3000, rolling_sigma 3000, sd_coef 6, stop_win 11.2008217004, backtest took 164.266s, score is -289.070
Preparing algo ...
Test start ...
Test Done ...
rolling 3000, rolling_sigma 3000, sd_coef 6, stop_win 12.4453574449, backtest took 164.498s, score is -289.070
Preparing algo ...
Test start ...
Test Done ...
rolling 3000, rolling_sigma 3000, sd_coef 7, stop_win 1.24453574449, backtest took 166.165s, score is -602.950
Preparing algo ...
Test start ...
Test Done ...
rolling 3000, rolling_sigma 3000, sd_coef 7, stop_win 2.48907148899, backtest took 165.512s, score is -345.710
Preparing algo ...
Test start ...
Test Done ...
rolling 3000, rolling_sigma 3000, sd_coef 7, stop_win 3.73360723348, backtest took 164.308s, score is -245.680
Preparing algo ...
Test start ...
Test Done ...
rolling 3000, rolling_sigma 3000, sd_coef 7, stop_win 4.97814297798, backtest took 164.825s, score is -289.070
Preparing algo ...
Test start ...
Test Done ...
rolling 3000, rolling_sigma 3000, sd_coef 7, stop_win 6.22267872247, backtest took 165.617s, score is -289.070
Preparing algo ...
Test start ...
Test Done ...
rolling 3000, rolling_sigma 3000, sd_coef 7, stop_win 7.46721446696, backtest took 164.474s, score is -289.070
Preparing algo ...
Test start ...
Test Done ...
rolling 3000, rolling_sigma 3000, sd_coef 7, stop_win 8.71175021146, backtest took 164.860s, score is -289.070
Preparing algo ...
Test start ...
Test Done ...
rolling 3000, rolling_sigma 3000, sd_coef 7, stop_win 9.95628595595, backtest took 164.330s, score is -289.070
Preparing algo ...
Test start ...
Test Done ...
rolling 3000, rolling_sigma 3000, sd_coef 7, stop_win 11.2008217004, backtest took 164.721s, score is -289.070
Preparing algo ...
Test start ...
Test Done ...
rolling 3000, rolling_sigma 3000, sd_coef 7, stop_win 12.4453574449, backtest took 165.720s, score is -289.070
Preparing algo ...
Test start ...
Test Done ...
rolling 3000, rolling_sigma 5000, sd_coef 2, stop_win 1.24453574449, backtest took 167.178s, score is -802.050
Preparing algo ...
Test start ...
Test Done ...
rolling 3000, rolling_sigma 5000, sd_coef 2, stop_win 2.48907148899, backtest took 166.107s, score is -546.010
Preparing algo ...
Test start ...
Test Done ...
rolling 3000, rolling_sigma 5000, sd_coef 2, stop_win 3.73360723348, backtest took 166.266s, score is -489.610
Preparing algo ...
Test start ...
Test Done ...
rolling 3000, rolling_sigma 5000, sd_coef 2, stop_win 4.97814297798, backtest took 166.611s, score is -489.610
Preparing algo ...
Test start ...
Test Done ...
rolling 3000, rolling_sigma 5000, sd_coef 2, stop_win 6.22267872247, backtest took 165.454s, score is -489.610
Preparing algo ...
Test start ...
Test Done ...
rolling 3000, rolling_sigma 5000, sd_coef 2, stop_win 7.46721446696, backtest took 166.115s, score is -489.610
Preparing algo ...
Test start ...
Test Done ...
rolling 3000, rolling_sigma 5000, sd_coef 2, stop_win 8.71175021146, backtest took 165.398s, score is -489.610
Preparing algo ...
Test start ...
Test Done ...
rolling 3000, rolling_sigma 5000, sd_coef 2, stop_win 9.95628595595, backtest took 166.086s, score is -489.610
Preparing algo ...
Test start ...
Test Done ...
rolling 3000, rolling_sigma 5000, sd_coef 2, stop_win 11.2008217004, backtest took 164.958s, score is -489.610
Preparing algo ...
Test start ...
Test Done ...
rolling 3000, rolling_sigma 5000, sd_coef 2, stop_win 12.4453574449, backtest took 165.326s, score is -489.610
Preparing algo ...
Test start ...
Test Done ...
rolling 3000, rolling_sigma 5000, sd_coef 3, stop_win 1.24453574449, backtest took 164.412s, score is -645.860
Preparing algo ...
Test start ...
Test Done ...
rolling 3000, rolling_sigma 5000, sd_coef 3, stop_win 2.48907148899, backtest took 169.039s, score is -546.010
Preparing algo ...
Test start ...
Test Done ...
rolling 3000, rolling_sigma 5000, sd_coef 3, stop_win 3.73360723348, backtest took 165.393s, score is -489.550
Preparing algo ...
Test start ...
Test Done ...
rolling 3000, rolling_sigma 5000, sd_coef 3, stop_win 4.97814297798, backtest took 166.167s, score is -489.550
Preparing algo ...
Test start ...
Test Done ...
rolling 3000, rolling_sigma 5000, sd_coef 3, stop_win 6.22267872247, backtest took 165.084s, score is -489.550
Preparing algo ...
Test start ...
Test Done ...
rolling 3000, rolling_sigma 5000, sd_coef 3, stop_win 7.46721446696, backtest took 166.896s, score is -489.550
Preparing algo ...
Test start ...
Test Done ...
rolling 3000, rolling_sigma 5000, sd_coef 3, stop_win 8.71175021146, backtest took 165.199s, score is -489.550
Preparing algo ...
Test start ...
Test Done ...
rolling 3000, rolling_sigma 5000, sd_coef 3, stop_win 9.95628595595, backtest took 165.656s, score is -489.550
Preparing algo ...
Test start ...
Test Done ...
rolling 3000, rolling_sigma 5000, sd_coef 3, stop_win 11.2008217004, backtest took 166.649s, score is -489.550
Preparing algo ...
Test start ...
Test Done ...
rolling 3000, rolling_sigma 5000, sd_coef 3, stop_win 12.4453574449, backtest took 166.258s, score is -489.550
Preparing algo ...
Test start ...
Test Done ...
rolling 3000, rolling_sigma 5000, sd_coef 4, stop_win 1.24453574449, backtest took 165.176s, score is -486.130
Preparing algo ...
Test start ...
Test Done ...
rolling 3000, rolling_sigma 5000, sd_coef 4, stop_win 2.48907148899, backtest took 166.139s, score is -386.280
Preparing algo ...
Test start ...
Test Done ...
rolling 3000, rolling_sigma 5000, sd_coef 4, stop_win 3.73360723348, backtest took 166.405s, score is -329.820
Preparing algo ...
Test start ...
Test Done ...
rolling 3000, rolling_sigma 5000, sd_coef 4, stop_win 4.97814297798, backtest took 166.336s, score is -329.820
Preparing algo ...
Test start ...
Test Done ...
rolling 3000, rolling_sigma 5000, sd_coef 4, stop_win 6.22267872247, backtest took 165.228s, score is -329.820
Preparing algo ...
Test start ...
Test Done ...
rolling 3000, rolling_sigma 5000, sd_coef 4, stop_win 7.46721446696, backtest took 165.880s, score is -329.820
Preparing algo ...
Test start ...
Test Done ...
rolling 3000, rolling_sigma 5000, sd_coef 4, stop_win 8.71175021146, backtest took 165.802s, score is -329.820
Preparing algo ...
Test start ...
Test Done ...
rolling 3000, rolling_sigma 5000, sd_coef 4, stop_win 9.95628595595, backtest took 165.143s, score is -329.820
Preparing algo ...
Test start ...
Test Done ...
rolling 3000, rolling_sigma 5000, sd_coef 4, stop_win 11.2008217004, backtest took 166.626s, score is -329.820
Preparing algo ...
Test start ...
Test Done ...
rolling 3000, rolling_sigma 5000, sd_coef 4, stop_win 12.4453574449, backtest took 166.114s, score is -329.820
Preparing algo ...
Test start ...
Test Done ...
rolling 3000, rolling_sigma 5000, sd_coef 5, stop_win 1.24453574449, backtest took 165.294s, score is -486.130
Preparing algo ...
Test start ...
Test Done ...
rolling 3000, rolling_sigma 5000, sd_coef 5, stop_win 2.48907148899, backtest took 166.017s, score is -386.280
Preparing algo ...
Test start ...
Test Done ...
rolling 3000, rolling_sigma 5000, sd_coef 5, stop_win 3.73360723348, backtest took 166.086s, score is -329.820
Preparing algo ...
Test start ...
Test Done ...
rolling 3000, rolling_sigma 5000, sd_coef 5, stop_win 4.97814297798, backtest took 165.085s, score is -329.820
Preparing algo ...
Test start ...
Test Done ...
rolling 3000, rolling_sigma 5000, sd_coef 5, stop_win 6.22267872247, backtest took 165.452s, score is -329.820
Preparing algo ...
Test start ...
Test Done ...
rolling 3000, rolling_sigma 5000, sd_coef 5, stop_win 7.46721446696, backtest took 166.559s, score is -329.820
Preparing algo ...
Test start ...
Test Done ...
rolling 3000, rolling_sigma 5000, sd_coef 5, stop_win 8.71175021146, backtest took 165.859s, score is -329.820
Preparing algo ...
Test start ...
Test Done ...
rolling 3000, rolling_sigma 5000, sd_coef 5, stop_win 9.95628595595, backtest took 165.321s, score is -329.820
Preparing algo ...
Test start ...
Test Done ...
rolling 3000, rolling_sigma 5000, sd_coef 5, stop_win 11.2008217004, backtest took 165.651s, score is -329.820
Preparing algo ...
Test start ...
Test Done ...
rolling 3000, rolling_sigma 5000, sd_coef 5, stop_win 12.4453574449, backtest took 166.987s, score is -329.820
Preparing algo ...
Test start ...
Test Done ...
rolling 3000, rolling_sigma 5000, sd_coef 6, stop_win 1.24453574449, backtest took 165.433s, score is -486.130
Preparing algo ...
Test start ...
Test Done ...
rolling 3000, rolling_sigma 5000, sd_coef 6, stop_win 2.48907148899, backtest took 166.400s, score is -386.280
Preparing algo ...
Test start ...
Test Done ...
rolling 3000, rolling_sigma 5000, sd_coef 6, stop_win 3.73360723348, backtest to