/work/rqiao/HFdata/my_utils.py:40: UserWarning: day_list1 not equal to day_list2
  warnings.warn('day_list1 not equal to day_list2')
Reading configs ...
Reading data ...
x is m1505: 3210151 entries from 34 days
y is m1509: 2870499 entries from 34 days
Preparing data ...
Preparing algo ...
Test start ...
Test Done ...
rolling 1000, rolling_sigma 1000, sd_coef 2, stop_win 5.3534210899, backtest took 383.755s, score is -273.000
Preparing algo ...
Test start ...
Test Done ...
rolling 1000, rolling_sigma 1000, sd_coef 2, stop_win 10.7068421798, backtest took 383.991s, score is -463.000
Preparing algo ...
Test start ...
Test Done ...
rolling 1000, rolling_sigma 1000, sd_coef 2, stop_win 16.0602632697, backtest took 385.627s, score is -451.000
Preparing algo ...
Test start ...
Test Done ...
rolling 1000, rolling_sigma 1000, sd_coef 2, stop_win 21.4136843596, backtest took 385.623s, score is -361.000
Preparing algo ...
Test start ...
Test Done ...
rolling 1000, rolling_sigma 1000, sd_coef 2, stop_win 26.7671054495, backtest took 383.952s, score is -371.000
Preparing algo ...
Test start ...
Test Done ...
rolling 1000, rolling_sigma 1000, sd_coef 2, stop_win 32.1205265394, backtest took 383.950s, score is -479.000
Preparing algo ...
Test start ...
Test Done ...
rolling 1000, rolling_sigma 1000, sd_coef 2, stop_win 37.4739476293, backtest took 385.653s, score is -479.000
Preparing algo ...
Test start ...
Test Done ...
rolling 1000, rolling_sigma 1000, sd_coef 2, stop_win 42.8273687192, backtest took 384.062s, score is -479.000
Preparing algo ...
Test start ...
Test Done ...
rolling 1000, rolling_sigma 1000, sd_coef 2, stop_win 48.1807898091, backtest took 384.632s, score is -479.000
Preparing algo ...
Test start ...
Test Done ...
rolling 1000, rolling_sigma 1000, sd_coef 2, stop_win 53.534210899, backtest took 384.118s, score is -479.000
Preparing algo ...
Test start ...
Test Done ...
rolling 1000, rolling_sigma 1000, sd_coef 3, stop_win 5.3534210899, backtest took 383.754s, score is -165.000
Preparing algo ...
Test start ...
Test Done ...
rolling 1000, rolling_sigma 1000, sd_coef 3, stop_win 10.7068421798, backtest took 384.473s, score is -447.000
Preparing algo ...
Test start ...
Test Done ...
rolling 1000, rolling_sigma 1000, sd_coef 3, stop_win 16.0602632697, backtest took 385.476s, score is -475.000
Preparing algo ...
Test start ...
Test Done ...
rolling 1000, rolling_sigma 1000, sd_coef 3, stop_win 21.4136843596, backtest took 383.213s, score is -67.000
Preparing algo ...
Test start ...
Test Done ...
rolling 1000, rolling_sigma 1000, sd_coef 3, stop_win 26.7671054495, backtest took 383.810s, score is -375.000
Preparing algo ...
Test start ...
Test Done ...
rolling 1000, rolling_sigma 1000, sd_coef 3, stop_win 32.1205265394, backtest took 383.490s, score is -483.000
Preparing algo ...
Test start ...
Test Done ...
rolling 1000, rolling_sigma 1000, sd_coef 3, stop_win 37.4739476293, backtest took 385.501s, score is -483.000
Preparing algo ...
Test start ...
Test Done ...
rolling 1000, rolling_sigma 1000, sd_coef 3, stop_win 42.8273687192, backtest took 383.917s, score is -483.000
Preparing algo ...
Test start ...
Test Done ...
rolling 1000, rolling_sigma 1000, sd_coef 3, stop_win 48.1807898091, backtest took 385.158s, score is -483.000
Preparing algo ...
Test start ...
Test Done ...
rolling 1000, rolling_sigma 1000, sd_coef 3, stop_win 53.534210899, backtest took 384.193s, score is -483.000
Preparing algo ...
Test start ...
Test Done ...
rolling 1000, rolling_sigma 1000, sd_coef 4, stop_win 5.3534210899, backtest took 384.259s, score is -165.000
Preparing algo ...
Test start ...
Test Done ...
rolling 1000, rolling_sigma 1000, sd_coef 4, stop_win 10.7068421798, backtest took 386.250s, score is -397.000
Preparing algo ...
Test start ...
Test Done ...
rolling 1000, rolling_sigma 1000, sd_coef 4, stop_win 16.0602632697, backtest took 382.311s, score is -151.000
Preparing algo ...
Test start ...
Test Done ...
rolling 1000, rolling_sigma 1000, sd_coef 4, stop_win 21.4136843596, backtest took 384.169s, score is -245.000
Preparing algo ...
Test start ...
Test Done ...
rolling 1000, rolling_sigma 1000, sd_coef 4, stop_win 26.7671054495, backtest took 384.206s, score is -379.000
Preparing algo ...
Test start ...
Test Done ...
rolling 1000, rolling_sigma 1000, sd_coef 4, stop_win 32.1205265394, backtest took 384.568s, score is -493.000
Preparing algo ...
Test start ...
Test Done ...
rolling 1000, rolling_sigma 1000, sd_coef 4, stop_win 37.4739476293, backtest took 384.200s, score is -493.000
Preparing algo ...
Test start ...
Test Done ...
rolling 1000, rolling_sigma 1000, sd_coef 4, stop_win 42.8273687192, backtest took 384.650s, score is -493.000
Preparing algo ...
Test start ...
Test Done ...
rolling 1000, rolling_sigma 1000, sd_coef 4, stop_win 48.1807898091, backtest took 386.336s, score is -493.000
Preparing algo ...
Test start ...
Test Done ...
rolling 1000, rolling_sigma 1000, sd_coef 4, stop_win 53.534210899, backtest took 386.548s, score is -493.000
Preparing algo ...
Test start ...
Test Done ...
rolling 1000, rolling_sigma 1000, sd_coef 5, stop_win 5.3534210899, backtest took 387.574s, score is -247.000
Preparing algo ...
Test start ...
Test Done ...
rolling 1000, rolling_sigma 1000, sd_coef 5, stop_win 10.7068421798, backtest took 386.389s, score is -273.000
Preparing algo ...
Test start ...
Test Done ...
rolling 1000, rolling_sigma 1000, sd_coef 5, stop_win 16.0602632697, backtest took 384.580s, score is -331.000
Preparing algo ...
Test start ...
Test Done ...
rolling 1000, rolling_sigma 1000, sd_coef 5, stop_win 21.4136843596, backtest took 386.458s, score is -395.000
Preparing algo ...
Test start ...
Test Done ...
rolling 1000, rolling_sigma 1000, sd_coef 5, stop_win 26.7671054495, backtest took 384.426s, score is -405.000
Preparing algo ...
Test start ...
Test Done ...
rolling 1000, rolling_sigma 1000, sd_coef 5, stop_win 32.1205265394, backtest took 386.416s, score is -519.000
Preparing algo ...
Test start ...
Test Done ...
rolling 1000, rolling_sigma 1000, sd_coef 5, stop_win 37.4739476293, backtest took 385.001s, score is -519.000
Preparing algo ...
Test start ...
Test Done ...
rolling 1000, rolling_sigma 1000, sd_coef 5, stop_win 42.8273687192, backtest took 387.339s, score is -519.000
Preparing algo ...
Test start ...
Test Done ...
rolling 1000, rolling_sigma 1000, sd_coef 5, stop_win 48.1807898091, backtest took 384.472s, score is -519.000
Preparing algo ...
Test start ...
Test Done ...
rolling 1000, rolling_sigma 1000, sd_coef 5, stop_win 53.534210899, backtest took 382.763s, score is -519.000
Preparing algo ...
Test start ...
Test Done ...
rolling 1000, rolling_sigma 1000, sd_coef 6, stop_win 5.3534210899, backtest took 384.204s, score is -301.000
Preparing algo ...
Test start ...
Test Done ...
rolling 1000, rolling_sigma 1000, sd_coef 6, stop_win 10.7068421798, backtest took 385.427s, score is -427.000
Preparing algo ...
Test start ...
Test Done ...
rolling 1000, rolling_sigma 1000, sd_coef 6, stop_win 16.0602632697, backtest took 384.667s, score is -351.000
Preparing algo ...
Test start ...
Test Done ...
rolling 1000, rolling_sigma 1000, sd_coef 6, stop_win 21.4136843596, backtest took 383.363s, score is -415.000
Preparing algo ...
Test start ...
Test Done ...
rolling 1000, rolling_sigma 1000, sd_coef 6, stop_win 26.7671054495, backtest took 382.876s, score is -405.000
Preparing algo ...
Test start ...
Test Done ...
rolling 1000, rolling_sigma 1000, sd_coef 6, stop_win 32.1205265394, backtest took 382.974s, score is -519.000
Preparing algo ...
Test start ...
Test Done ...
rolling 1000, rolling_sigma 1000, sd_coef 6, stop_win 37.4739476293, backtest took 385.166s, score is -519.000
Preparing algo ...
Test start ...
Test Done ...
rolling 1000, rolling_sigma 1000, sd_coef 6, stop_win 42.8273687192, backtest took 382.238s, score is -519.000
Preparing algo ...
Test start ...
Test Done ...
rolling 1000, rolling_sigma 1000, sd_coef 6, stop_win 48.1807898091, backtest took 382.896s, score is -519.000
Preparing algo ...
Test start ...
Test Done ...
rolling 1000, rolling_sigma 1000, sd_coef 6, stop_win 53.534210899, backtest took 382.747s, score is -519.000
Preparing algo ...
Test start ...
Test Done ...
rolling 1000, rolling_sigma 1000, sd_coef 7, stop_win 5.3534210899, backtest took 384.414s, score is -273.000
Preparing algo ...
Test start ...
Test Done ...
rolling 1000, rolling_sigma 1000, sd_coef 7, stop_win 10.7068421798, backtest took 384.077s, score is -423.000
Preparing algo ...
Test start ...
Test Done ...
rolling 1000, rolling_sigma 1000, sd_coef 7, stop_win 16.0602632697, backtest took 383.696s, score is -351.000
Preparing algo ...
Test start ...
Test Done ...
rolling 1000, rolling_sigma 1000, sd_coef 7, stop_win 21.4136843596, backtest took 384.752s, score is -415.000
Preparing algo ...
Test start ...
Test Done ...
rolling 1000, rolling_sigma 1000, sd_coef 7, stop_win 26.7671054495, backtest took 382.164s, score is -405.000
Preparing algo ...
Test start ...
Test Done ...
rolling 1000, rolling_sigma 1000, sd_coef 7, stop_win 32.1205265394, backtest took 382.771s, score is -519.000
Preparing algo ...
Test start ...
Test Done ...
rolling 1000, rolling_sigma 1000, sd_coef 7, stop_win 37.4739476293, backtest took 383.927s, score is -519.000
Preparing algo ...
Test start ...
Test Done ...
rolling 1000, rolling_sigma 1000, sd_coef 7, stop_win 42.8273687192, backtest took 382.008s, score is -519.000
Preparing algo ...
Test start ...
Test Done ...
rolling 1000, rolling_sigma 1000, sd_coef 7, stop_win 48.1807898091, backtest took 382.493s, score is -519.000
Preparing algo ...
Test start ...
Test Done ...
rolling 1000, rolling_sigma 1000, sd_coef 7, stop_win 53.534210899, backtest took 384.768s, score is -519.000
Preparing algo ...
Test start ...
Test Done ...
rolling 1000, rolling_sigma 3000, sd_coef 2, stop_win 5.3534210899, backtest took 385.741s, score is -451.000
Preparing algo ...
Test start ...
Test Done ...
rolling 1000, rolling_sigma 3000, sd_coef 2, stop_win 10.7068421798, backtest took 385.114s, score is -559.000
Preparing algo ...
Test start ...
Test Done ...
rolling 1000, rolling_sigma 3000, sd_coef 2, stop_win 16.0602632697, backtest took 385.471s, score is -377.000
Preparing algo ...
Test start ...
Test Done ...
rolling 1000, rolling_sigma 3000, sd_coef 2, stop_win 21.4136843596, backtest took 386.249s, score is -425.000
Preparing algo ...
Test start ...
Test Done ...
rolling 1000, rolling_sigma 3000, sd_coef 2, stop_win 26.7671054495, backtest took 385.980s, score is -421.000
Preparing algo ...
Test start ...
Test Done ...
rolling 1000, rolling_sigma 3000, sd_coef 2, stop_win 32.1205265394, backtest took 386.577s, score is -519.000
Preparing algo ...
Test start ...
Test Done ...
rolling 1000, rolling_sigma 3000, sd_coef 2, stop_win 37.4739476293, backtest took 384.301s, score is -519.000
Preparing algo ...
Test start ...
Test Done ...
rolling 1000, rolling_sigma 3000, sd_coef 2, stop_win 42.8273687192, backtest took 385.706s, score is -519.000
Preparing algo ...
Test start ...
Test Done ...
rolling 1000, rolling_sigma 3000, sd_coef 2, stop_win 48.1807898091, backtest took 385.550s, score is -519.000
Preparing algo ...
Test start ...
Test Done ...
rolling 1000, rolling_sigma 3000, sd_coef 2, stop_win 53.534210899, backtest took 385.545s, score is -519.000
Preparing algo ...
Test start ...
Test Done ...
rolling 1000, rolling_sigma 3000, sd_coef 3, stop_win 5.3534210899, backtest took 384.905s, score is -411.000
Preparing algo ...
Test start ...
Test Done ...
rolling 1000, rolling_sigma 3000, sd_coef 3, stop_win 10.7068421798, backtest took 384.465s, score is -603.000
Preparing algo ...
Test start ...
Test Done ...
rolling 1000, rolling_sigma 3000, sd_coef 3, stop_win 16.0602632697, backtest took 384.985s, score is -407.000
Preparing algo ...
Test start ...
Test Done ...
rolling 1000, rolling_sigma 3000, sd_coef 3, stop_win 21.4136843596, backtest took 384.921s, score is -445.000
Preparing algo ...
Test start ...
Test Done ...
rolling 1000, rolling_sigma 3000, sd_coef 3, stop_win 26.7671054495, backtest took 387.531s, score is -441.000
Preparing algo ...
Test start ...
Test Done ...
rolling 1000, rolling_sigma 3000, sd_coef 3, stop_win 32.1205265394, backtest took 385.735s, score is -529.000
Preparing algo ...
Test start ...
Test Done ...
rolling 1000, rolling_sigma 3000, sd_coef 3, stop_win 37.4739476293, backtest took 383.481s, score is -529.000
Preparing algo ...
Test start ...
Test Done ...
rolling 1000, rolling_sigma 3000, sd_coef 3, stop_win 42.8273687192, backtest took 384.987s, score is -529.000
Preparing algo ...
Test start ...
Test Done ...
rolling 1000, rolling_sigma 3000, sd_coef 3, stop_win 48.1807898091, backtest took 383.194s, score is -529.000
Preparing algo ...
Test start ...
Test Done ...
rolling 1000, rolling_sigma 3000, sd_coef 3, stop_win 53.534210899, backtest took 384.446s, score is -529.000
Preparing algo ...
Test start ...
Test Done ...
rolling 1000, rolling_sigma 3000, sd_coef 4, stop_win 5.3534210899, backtest took 385.278s, score is -415.000
Preparing algo ...
Test start ...
Test Done ...
rolling 1000, rolling_sigma 3000, sd_coef 4, stop_win 10.7068421798, backtest took 385.186s, score is -587.000
Preparing algo ...
Test start ...
Test Done ...
rolling 1000, rolling_sigma 3000, sd_coef 4, stop_win 16.0602632697, backtest took 384.683s, score is -407.000
Preparing algo ...
Test start ...
Test Done ...
rolling 1000, rolling_sigma 3000, sd_coef 4, stop_win 21.4136843596, backtest took 384.468s, score is -445.000
Preparing algo ...
Test start ...
Test Done ...
rolling 1000, rolling_sigma 3000, sd_coef 4, stop_win 26.7671054495, backtest took 386.407s, score is -441.000
Preparing algo ...
Test start ...
Test Done ...
rolling 1000, rolling_sigma 3000, sd_coef 4, stop_win 32.1205265394, backtest took 385.161s, score is -529.000
Preparing algo ...
Test start ...
Test Done ...
rolling 1000, rolling_sigma 3000, sd_coef 4, stop_win 37.4739476293, backtest took 386.123s, score is -529.000
Preparing algo ...
Test start ...
Test Done ...
rolling 1000, rolling_sigma 3000, sd_coef 4, stop_win 42.8273687192, backtest took 383.439s, score is -529.000
Preparing algo ...
Test start ...
Test Done ...
rolling 1000, rolling_sigma 3000, sd_coef 4, stop_win 48.1807898091, backtest took 385.483s, score is -529.000
Preparing algo ...
Test start ...
Test Done ...
rolling 1000, rolling_sigma 3000, sd_coef 4, stop_win 53.534210899, backtest took 385.637s, score is -529.000
Preparing algo ...
Test start ...
Test Done ...
rolling 1000, rolling_sigma 3000, sd_coef 5, stop_win 5.3534210899, backtest took 387.041s, score is -405.000
Preparing algo ...
Test start ...
Test Done ...
rolling 1000, rolling_sigma 3000, sd_coef 5, stop_win 10.7068421798, backtest took 384.790s, score is -609.000
Preparing algo ...
Test start ...
Test Done ...
rolling 1000, rolling_sigma 3000, sd_coef 5, stop_win 16.0602632697, backtest took 384.684s, score is -397.000
Preparing algo ...
Test start ...
Test Done ...
rolling 1000, rolling_sigma 3000, sd_coef 5, stop_win 21.4136843596, backtest took 386.543s, score is -435.000
Preparing algo ...
Test start ...
Test Done ...
rolling 1000, rolling_sigma 3000, sd_coef 5, stop_win 26.7671054495, backtest took 386.020s, score is -431.000
Preparing algo ...
Test start ...
Test Done ...
rolling 1000, rolling_sigma 3000, sd_coef 5, stop_win 32.1205265394, backtest took 385.780s, score is -519.000
Preparing algo ...
Test start ...
Test Done ...
rolling 1000, rolling_sigma 3000, sd_coef 5, stop_win 37.4739476293, backtest took 385.482s, score is -519.000
Preparing algo ...
Test start ...
Test Done ...
rolling 1000, rolling_sigma 3000, sd_coef 5, stop_win 42.8273687192, backtest took 384.283s, score is -519.000
Preparing algo ...
Test start ...
Test Done ...
rolling 1000, rolling_sigma 3000, sd_coef 5, stop_win 48.1807898091, backtest took 385.797s, score is -519.000
Preparing algo ...
Test start ...
Test Done ...
rolling 1000, rolling_sigma 3000, sd_coef 5, stop_win 53.534210899, backtest took 383.964s, score is -519.000
Preparing algo ...
Test start ...
Test Done ...
rolling 1000, rolling_sigma 3000, sd_coef 6, stop_win 5.3534210899, backtest took 384.752s, score is -405.000
Preparing algo ...
Test start ...
Test Done ...
rolling 1000, rolling_sigma 3000, sd_coef 6, stop_win 10.7068421798, backtest took 386.701s, score is -533.000
Preparing algo ...
Test start ...
Test Done ...
rolling 1000, rolling_sigma 3000, sd_coef 6, stop_win 16.0602632697, backtest took 386.114s, score is -397.000
Preparing algo ...
Test start ...
Test Done ...
rolling 1000, rolling_sigma 3000, sd_coef 6, stop_win 21.4136843596, backtest took 385.918s, score is -435.000
Preparing algo ...
Test start ...
Test Done ...
rolling 1000, rolling_sigma 3000, sd_coef 6, stop_win 26.7671054495, backtest took 386.711s, score is -431.000
Preparing algo ...
Test start ...
Test Done ...
rolling 1000, rolling_sigma 3000, sd_coef 6, stop_win 32.1205265394, backtest took 386.650s, score is -519.000
Preparing algo ...
Test start ...
Test Done ...
rolling 1000, rolling_sigma 3000, sd_coef 6, stop_win 37.4739476293, backtest took 385.552s, score is -519.000
Preparing algo ...
Test start ...
Test Done ...
rolling 1000, rolling_sigma 3000, sd_coef 6, stop_win 42.8273687192, backtest took 385.311s, score is -519.000
Preparing algo ...
Test start ...
Test Done ...
rolling 1000, rolling_sigma 3000, sd_coef 6, stop_win 48.1807898091, backtest took 383.571s, score is -519.000
Preparing algo ...
Test start ...
Test Done ...
rolling 1000, rolling_sigma 3000, sd_coef 6, stop_win 53.534210899, backtest took 386.127s, score is -519.000
Preparing algo ...
Test start ...
Test Done ...
rolling 1000, rolling_sigma 3000, sd_coef 7, stop_win 5.3534210899, backtest took 385.614s, score is -411.000
Preparing algo ...
Test start ...
Test Done ...
rolling 1000, rolling_sigma 3000, sd_coef 7, stop_win 10.7068421798, backtest took 386.683s, score is -533.000
Preparing algo ...
Test start ...
Test Done ...
rolling 1000, rolling_sigma 3000, sd_coef 7, stop_win 16.0602632697, backtest took 384.250s, score is -397.000
Preparing algo ...
Test start ...
Test Done ...
rolling 1000, rolling_sigma 3000, sd_coef 7, stop_win 21.4136843596, backtest took 385.300s, score is -435.000
Preparing algo ...
Test start ...
Test Done ...
rolling 1000, rolling_sigma 3000, sd_coef 7, stop_win 26.7671054495, backtest took 386.392s, score is -431.000
Preparing algo ...
Test start ...
Test Done ...
rolling 1000, rolling_sigma 3000, sd_coef 7, stop_win 32.1205265394, backtest took 386.360s, score is -519.000
Preparing algo ...
Test start ...
Test Done ...
rolling 1000, rolling_sigma 3000, sd_coef 7, stop_win 37.4739476293, backtest took 385.227s, score is -519.000
Preparing algo ...
Test start ...
Test Done ...
rolling 1000, rolling_sigma 3000, sd_coef 7, stop_win 42.8273687192, backtest took 385.742s, score is -519.000
Preparing algo ...
Test start ...
Test Done ...
rolling 1000, rolling_sigma 3000, sd_coef 7, stop_win 48.1807898091, backtest took 384.333s, score is -519.000
Preparing algo ...
Test start ...
Test Done ...
rolling 1000, rolling_sigma 3000, sd_coef 7, stop_win 53.534210899, backtest took 384.834s, score is -519.000
Preparing algo ...
Test start ...
Test Done ...
rolling 1000, rolling_sigma 5000, sd_coef 2, stop_win 5.3534210899, backtest took 384.013s, score is -319.000
Preparing algo ...
Test start ...
Test Done ...
rolling 1000, rolling_sigma 5000, sd_coef 2, stop_win 10.7068421798, backtest took 384.969s, score is -329.000
Preparing algo ...
Test start ...
Test Done ...
rolling 1000, rolling_sigma 5000, sd_coef 2, stop_win 16.0602632697, backtest took 385.872s, score is -309.000
Preparing algo ...
Test start ...
Test Done ...
rolling 1000, rolling_sigma 5000, sd_coef 2, stop_win 21.4136843596, backtest took 385.436s, score is -375.000
Preparing algo ...
Test start ...
Test Done ...
rolling 1000, rolling_sigma 5000, sd_coef 2, stop_win 26.7671054495, backtest took 384.511s, score is -427.000
Preparing algo ...
Test start ...
Test Done ...
rolling 1000, rolling_sigma 5000, sd_coef 2, stop_win 32.1205265394, backtest took 384.959s, score is -499.000
Preparing algo ...
Test start ...
Test Done ...
rolling 1000, rolling_sigma 5000, sd_coef 2, stop_win 37.4739476293, backtest took 385.757s, score is -499.000
Preparing algo ...
Test start ...
Test Done ...
rolling 1000, rolling_sigma 5000, sd_coef 2, stop_win 42.8273687192, backtest took 385.058s, score is -499.000
Preparing algo ...
Test start ...
Test Done ...
rolling 1000, rolling_sigma 5000, sd_coef 2, stop_win 48.1807898091, backtest took 385.104s, score is -499.000
Preparing algo ...
Test start ...
Test Done ...
rolling 1000, rolling_sigma 5000, sd_coef 2, stop_win 53.534210899, backtest took 383.980s, score is -499.000
Preparing algo ...
Test start ...
Test Done ...
rolling 1000, rolling_sigma 5000, sd_coef 3, stop_win 5.3534210899, backtest took 387.214s, score is -341.000
Preparing algo ...
Test start ...
Test Done ...
rolling 1000, rolling_sigma 5000, sd_coef 3, stop_win 10.7068421798, backtest took 386.581s, score is -327.000
Preparing algo ...
Test start ...
Test Done ...
rolling 1000, rolling_sigma 5000, sd_coef 3, stop_win 16.0602632697, backtest took 386.373s, score is -329.000
Preparing algo ...
Test start ...
Test Done ...
rolling 1000, rolling_sigma 5000, sd_coef 3, stop_win 21.4136843596, backtest took 384.912s, score is -395.000
Preparing algo ...
Test start ...
Test Done ...
rolling 1000, rolling_sigma 5000, sd_coef 3, stop_win 26.7671054495, backtest took 385.479s, score is -447.000
Preparing algo ...
Test start ...
Test Done ...
rolling 1000, rolling_sigma 5000, sd_coef 3, stop_win 32.1205265394, backtest took 385.028s, score is -519.000
Preparing algo ...
Test start ...
Test Done ...
rolling 1000, rolling_sigma 5000, sd_coef 3, stop_win 37.4739476293, backtest took 384.251s, score is -519.000
Preparing algo ...
Test start ...
Test Done ...
rolling 1000, rolling_sigma 5000, sd_coef 3, stop_win 42.8273687192, backtest took 386.111s, score is -519.000
Preparing algo ...
Test start ...
Test Done ...
rolling 1000, rolling_sigma 5000, sd_coef 3, stop_win 48.1807898091, backtest took 385.963s, score is -519.000
Preparing algo ...
Test start ...
Test Done ...
rolling 1000, rolling_sigma 5000, sd_coef 3, stop_win 53.534210899, backtest took 384.526s, score is -519.000
Preparing algo ...
Test start ...
Test Done ...
rolling 1000, rolling_sigma 5000, sd_coef 4, stop_win 5.3534210899, backtest took 387.229s, score is -333.000
Preparing algo ...
Test start ...
Test Done ...
rolling 1000, rolling_sigma 5000, sd_coef 4, stop_win 10.7068421798, backtest took 384.460s, score is -311.000
Preparing algo ...
Test start ...
Test Done ...
rolling 1000, rolling_sigma 5000, sd_coef 4, stop_win 16.0602632697, backtest took 384.904s, score is -323.000
Preparing algo ...
Test start ...
Test Done ...
rolling 1000, rolling_sigma 5000, sd_coef 4, stop_win 21.4136843596, backtest took 385.352s, score is -395.000
Preparing algo ...
Test start ...
Test Done ...
rolling 1000, rolling_sigma 5000, sd_coef 4, stop_win 26.7671054495, backtest took 385.240s, score is -431.000
Preparing algo ...
Test start ...
Test Done ...
rolling 1000, rolling_sigma 5000, sd_coef 4, stop_win 32.1205265394, backtest took 384.467s, score is -519.000
Preparing algo ...
Test start ...
Test Done ...
rolling 1000, rolling_sigma 5000, sd_coef 4, stop_win 37.4739476293, backtest took 385.520s, score is -519.000
Preparing algo ...
Test start ...
Test Done ...
rolling 1000, rolling_sigma 5000, sd_coef 4, stop_win 42.8273687192, backtest took 385.965s, score is -519.000
Preparing algo ...
Test start ...
Test Done ...
rolling 1000, rolling_sigma 5000, sd_coef 4, stop_win 48.1807898091, backtest took 385.724s, score is -519.000
Preparing algo ...
Test start ...
Test Done ...
rolling 1000, rolling_sigma 5000, sd_coef 4, stop_win 53.534210899, backtest took 385.823s, score is -519.000
Preparing algo ...
Test start ...
Test Done ...
rolling 1000, rolling_sigma 5000, sd_coef 5, stop_win 5.3534210899, backtest took 384.321s, score is -333.000
Preparing algo ...
Test start ...
Test Done ...
rolling 1000, rolling_sigma 5000, sd_coef 5, stop_win 10.7068421798, backtest took 387.238s, score is -301.000
Preparing algo ...
Test start ...
Test Done ...
rolling 1000, rolling_sigma 5000, sd_coef 5, stop_win 16.0602632697, backtest took 385.268s, score is -323.000
Preparing algo ...
Test start ...
Test Done ...
rolling 1000, rolling_sigma 5000, sd_coef 5, stop_win 21.4136843596, backtest took 385.723s, score is -395.000
Preparing algo ...
Test start ...
Test Done ...
rolling 1000, rolling_sigma 5000, sd_coef 5, stop_win 26.7671054495, backtest took 384.263s, score is -431.000
Preparing algo ...
Test start ...
Test Done ...
rolling 1000, rolling_sigma 5000, sd_coef 5, stop_win 32.1205265394, backtest took 384.982s, score is -519.000
Preparing algo ...
Test start ...
Test Done ...
rolling 1000, rolling_sigma 5000, sd_coef 5, stop_win 37.4739476293, backtest took 385.891s, score is -519.000
Preparing algo ...
Test start ...
Test Done ...
rolling 1000, rolling_sigma 5000, sd_coef 5, stop_win 42.8273687192, backtest took 384.716s, score is -519.000
Preparing algo ...
Test start ...
Test Done ...
rolling 1000, rolling_sigma 5000, sd_coef 5, stop_win 48.1807898091, backtest took 386.855s, score is -519.000
Preparing algo ...
Test start ...
Test Done ...
rolling 1000, rolling_sigma 5000, sd_coef 5, stop_win 53.534210899, backtest took 386.489s, score is -519.000
Preparing algo ...
Test start ...
Test Done ...
rolling 1000, rolling_sigma 5000, sd_coef 6, stop_win 5.3534210899, backtest took 385.748s, score is -329.000
Preparing algo ...
Test start ...
Test Done ...
rolling 1000, rolling_sigma 5000, sd_coef 6, stop_win 10.7068421798, backtest took 387.260s, score is -303.000
Preparing algo ...
Test start ...
Test Done ...
rolling 1000, rolling_sigma 5000, sd_coef 6, stop_win 16.0602632697, backtest took 384.045s, score is -329.000
Preparing algo ...
Test start ...
Test Done ...
rolling 1000, rolling_sigma 5000, sd_coef 6, stop_win 21.4136843596, backtest took 385.028s, score is -401.000
Preparing algo ...
Test start ...
Test Done ...
rolling 1000, rolling_sigma 5000, sd_coef 6, stop_win 26.7671054495, backtest took 385.971s, score is -427.000
Preparing algo ...
Test start ...
Test Done ...
rolling 1000, rolling_sigma 5000, sd_coef 6, stop_win 32.1205265394, backtest took 385.505s, score is -515.000
Preparing algo ...
Test start ...
Test Done ...
rolling 1000, rolling_sigma 5000, sd_coef 6, stop_win 37.4739476293, backtest took 384.376s, score is -515.000
Preparing algo ...
Test start ...
Test Done ...
rolling 1000, rolling_sigma 5000, sd_coef 6, stop_win 42.8273687192, backtest took 385.094s, score is -515.000
Preparing algo ...
Test start ...
Test Done ...
rolling 1000, rolling_sigma 5000, sd_coef 6, stop_win 48.1807898091, backtest took 385.903s, score is -515.000
Preparing algo ...
Test start ...
Test Done ...
rolling 1000, rolling_sigma 5000, sd_coef 6, stop_win 53.534210899, backtest took 385.627s, score is -515.000
Preparing algo ...
Test start ...
Test Done ...
rolling 1000, rolling_sigma 5000, sd_coef 7, stop_win 5.3534210899, backtest took 386.367s, score is -323.000
Preparing algo ...
Test start ...
Test Done ...
rolling 1000, rolling_sigma 5000, sd_coef 7, stop_win 10.7068421798, backtest took 376.506s, score is -287.000
Preparing algo ...
Test start ...
Test Done ...
rolling 1000, rolling_sigma 5000, sd_coef 7, stop_win 16.0602632697, backtest took 378.445s, score is -323.000
Preparing algo ...
Test start ...
Test Done ...
rolling 1000, rolling_sigma 5000, sd_coef 7, stop_win 21.4136843596, backtest took 383.081s, score is -395.000
Preparing algo ...
Test start ...
Test Done ...
rolling 1000, rolling_sigma 5000, sd_coef 7, stop_win 26.7671054495, backtest took 384.686s, score is -421.000
Preparing algo ...
Test start ...
Test Done ...
rolling 1000, rolling_sigma 5000, sd_coef 7, stop_win 32.1205265394, backtest took 381.591s, score is -509.000
Preparing algo ...
Test start ...
Test Done ...
rolling 1000, rolling_sigma 5000, sd_coef 7, stop_win 37.4739476293, backtest took 382.447s, score is -509.000
Preparing algo ...
Test start ...
Test Done ...
rolling 1000, rolling_sigma 5000, sd_coef 7, stop_win 42.8273687192, backtest took 383.724s, score is -509.000
Preparing algo ...
Test start ...
Test Done ...
rolling 1000, rolling_sigma 5000, sd_coef 7, stop_win 48.1807898091, backtest took 383.937s, score is -509.000
Preparing algo ...
Test start ...
Test Done ...
rolling 1000, rolling_sigma 5000, sd_coef 7, stop_win 53.534210899, backtest took 385.213s, score is -509.000
Preparing algo ...
Test start ...
Test Done ...
rolling 1000, rolling_sigma 7000, sd_coef 2, stop_win 5.3534210899, backtest took 384.556s, score is -269.000
Preparing algo ...
Test start ...
Test Done ...
rolling 1000, rolling_sigma 7000, sd_coef 2, stop_win 10.7068421798, backtest took 383.845s, score is -403.000
Preparing algo ...
Test start ...
Test Done ...
rolling 1000, rolling_sigma 7000, sd_coef 2, stop_win 16.0602632697, backtest took 384.831s, score is -323.000
Preparing algo ...
Test start ...
Test Done ...
rolling 1000, rolling_sigma 7000, sd_coef 2, stop_win 21.4136843596, backtest took 382.646s, score is -405.000
Preparing algo ...
Test start ...
Test Done ...
rolling 1000, rolling_sigma 7000, sd_coef 2, stop_win 26.7671054495, backtest took 382.809s, score is -411.000
Preparing algo ...
Test start ...
Test Done ...
rolling 1000, rolling_sigma 7000, sd_coef 2, stop_win 32.1205265394, backtest took 384.336s, score is -499.000
Preparing algo ...
Test start ...
Test Done ...
rolling 1000, rolling_sigma 7000, sd_coef 2, stop_win 37.4739476293, backtest took 383.939s, score is -499.000
Preparing algo ...
Test start ...
Test Done ...
rolling 1000, rolling_sigma 7000, sd_coef 2, stop_win 42.8273687192, backtest took 382.902s, score is -499.000
Preparing algo ...
Test start ...
Test Done ...
rolling 1000, rolling_sigma 7000, sd_coef 2, stop_win 48.1807898091, backtest took 385.642s, score is -499.000
Preparing algo ...
Test start ...
Test Done ...
rolling 1000, rolling_sigma 7000, sd_coef 2, stop_win 53.534210899, backtest took 386.703s, score is -499.000
Preparing algo ...
Test start ...
Test Done ...
rolling 1000, rolling_sigma 7000, sd_coef 3, stop_win 5.3534210899, backtest took 387.321s, score is -311.000
Preparing algo ...
Test start ...
Test Done ...
rolling 1000, rolling_sigma 7000, sd_coef 3, stop_win 10.7068421798, backtest took 386.714s, score is -413.000
Preparing algo ...
Test start ...
Test Done ...
rolling 1000, rolling_sigma 7000, sd_coef 3, stop_win 16.0602632697, backtest took 382.564s, score is -365.000
Preparing algo ...
Test start ...
Test Done ...
rolling 1000, rolling_sigma 7000, sd_coef 3, stop_win 21.4136843596, backtest took 384.668s, score is -425.000
Preparing algo ...
Test start ...
Test Done ...
rolling 1000, rolling_sigma 7000, sd_coef 3, stop_win 26.7671054495, backtest took 385.413s, score is -453.000
Preparing algo ...
Test start ...
Test Done ...
rolling 1000, rolling_sigma 7000, sd_coef 3, stop_win 32.1205265394, backtest took 384.608s, score is -519.000
Preparing algo ...
Test start ...
Test Done ...
rolling 1000, rolling_sigma 7000, sd_coef 3, stop_win 37.4739476293, backtest took 382.416s, score is -519.000
Preparing algo ...
Test start ...
Test Done ...
rolling 1000, rolling_sigma 7000, sd_coef 3, stop_win 42.8273687192, backtest took 383.618s, score is -519.000
Preparing algo ...
Test start ...
Test Done ...
rolling 1000, rolling_sigma 7000, sd_coef 3, stop_win 48.1807898091, backtest took 384.753s, score is -519.000
Preparing algo ...
Test start ...
Test Done ...
rolling 1000, rolling_sigma 7000, sd_coef 3, stop_win 53.534210899, backtest took 383.543s, score is -519.000
Preparing algo ...
Test start ...
Test Done ...
rolling 1000, rolling_sigma 7000, sd_coef 4, stop_win 5.3534210899, backtest took 385.553s, score is -313.000
Preparing algo ...
Test start ...
Test Done ...
rolling 1000, rolling_sigma 7000, sd_coef 4, stop_win 10.7068421798, backtest took 384.812s, score is -403.000
Preparing algo ...
Test start ...
Test Done ...
rolling 1000, rolling_sigma 7000, sd_coef 4, stop_win 16.0602632697, backtest took 382.605s, score is -381.000
Preparing algo ...
Test start ...
Test Done ...
rolling 1000, rolling_sigma 7000, sd_coef 4, stop_win 21.4136843596, backtest took 383.527s, score is -425.000
Preparing algo ...
Test start ...
Test Done ...
rolling 1000, rolling_sigma 7000, sd_coef 4, stop_win 26.7671054495, backtest took 382.878s, score is -469.000
Preparing algo ...
Test start ...
Test Done ...
rolling 1000, rolling_sigma 7000, sd_coef 4, stop_win 32.1205265394, backtest took 382.512s, score is -519.000
Preparing algo ...
Test start ...
Test Done ...
rolling 1000, rolling_sigma 7000, sd_coef 4, stop_win 37.4739476293, backtest took 385.204s, score is -519.000
Preparing algo ...
Test start ...
Test Done ...
rolling 1000, rolling_sigma 7000, sd_coef 4, stop_win 42.8273687192, backtest took 383.901s, score is -519.000
Preparing algo ...
Test start ...
Test Done ...
rolling 1000, rolling_sigma 7000, sd_coef 4, stop_win 48.1807898091, backtest took 383.350s, score is -519.000
Preparing algo ...
Test start ...
Test Done ...
rolling 1000, rolling_sigma 7000, sd_coef 4, stop_win 53.534210899, backtest took 376.335s, score is -519.000
Preparing algo ...
Test start ...
Test Done ...
rolling 1000, rolling_sigma 7000, sd_coef 5, stop_win 5.3534210899, backtest took 377.291s, score is -295.000
Preparing algo ...
Test start ...
Test Done ...
rolling 1000, rolling_sigma 7000, sd_coef 5, stop_win 10.7068421798, backtest took 375.158s, score is -403.000
Preparing algo ...
Test start ...
Test Done ...
rolling 1000, rolling_sigma 7000, sd_coef 5, stop_win 16.0602632697, backtest took 381.020s, score is -375.000
Preparing algo ...
Test start ...
Test Done ...
rolling 1000, rolling_sigma 7000, sd_coef 5, stop_win 21.4136843596, backtest took 381.995s, score is -425.000
Preparing algo ...
Test start ...
Test Done ...
rolling 1000, rolling_sigma 7000, sd_coef 5, stop_win 26.7671054495, backtest took 384.286s, score is -453.000
Preparing algo ...
Test start ...
Test Done ...
rolling 1000, rolling_sigma 7000, sd_coef 5, stop_win 32.1205265394, backtest took 383.931s, score is -519.000
Preparing algo ...
Test start ...
Test Done ...
rolling 1000, rolling_sigma 7000, sd_coef 5, stop_win 37.4739476293, backtest took 383.679s, score is -519.000
Preparing algo ...
Test start ...
Test Done ...
rolling 1000, rolling_sigma 7000, sd_coef 5, stop_win 42.8273687192, backtest took 382.714s, score is -519.000
Preparing algo ...
Test start ...
Test Done ...
rolling 1000, rolling_sigma 7000, sd_coef 5, stop_win 48.1807898091, backtest took 362.623s, score is -519.000
Preparing algo ...
Test start ...
Test Done ...
rolling 1000, rolling_sigma 7000, sd_coef 5, stop_win 53.534210899, backtest took 364.031s, score is -519.000
Preparing algo ...
Test start ...
Test Done ...
rolling 1000, rolling_sigma 7000, sd_coef 6, stop_win 5.3534210899, backtest took 363.663s, score is -263.000
Preparing algo ...
Test start ...
Test Done ...
rolling 1000, rolling_sigma 7000, sd_coef 6, stop_win 10.7068421798, backtest took 365.215s, score is -403.000
Preparing algo ...
Test start ...
Test Done ...
rolling 1000, rolling_sigma 7000, sd_coef 6, stop_win 16.0602632697, backtest took 365.660s, score is -343.000
Preparing algo ...
Test start ...
Test Done ...
rolling 1000, rolling_sigma 7000, sd_coef 6, stop_win 21.4136843596, backtest took 363.505s, score is -425.000
Preparing algo ...
Test start ...
Test Done ...
rolling 1000, rolling_sigma 7000, sd_coef 6, stop_win 26.7671054495, backtest took 364.961s, score is -421.000
Preparing algo ...
Test start ...
Test Done ...
rolling 1000, rolling_sigma 7000, sd_coef 6, stop_win 32.1205265394, backtest took 363.074s, score is -519.000
Preparing algo ...
Test start ...
Test Done ...
rolling 1000, rolling_sigma 7000, sd_coef 6, stop_win 37.4739476293, backtest took 363.511s, score is -519.000
Preparing algo ...
Test start ...
Test Done ...
rolling 1000, rolling_sigma 7000, sd_coef 6, stop_win 42.8273687192, backtest took 364.082s, score is -519.000
Preparing algo ...
Test start ...
Test Done ...
rolling 1000, rolling_sigma 7000, sd_coef 6, stop_win 48.1807898091, backtest took 364.007s, score is -519.000
Preparing algo ...
Test start ...
Test Done ...
rolling 1000, rolling_sigma 7000, sd_coef 6, stop_win 53.534210899, backtest took 369.969s, score is -519.000
Preparing algo ...
Test start ...
Test Done ...
rolling 1000, rolling_sigma 7000, sd_coef 7, stop_win 5.3534210899, backtest took 385.136s, score is -209.000
Preparing algo ...
Test start ...
Test Done ...
rolling 1000, rolling_sigma 7000, sd_coef 7, stop_win 10.7068421798, backtest took 385.841s, score is -403.000
Preparing algo ...
Test start ...
Test Done ...
rolling 1000, rolling_sigma 7000, sd_coef 7, stop_win 16.0602632697, backtest took 383.876s, score is -359.000
Preparing algo ...
Test start ...
Test Done ...
rolling 1000, rolling_sigma 7000, sd_coef 7, stop_win 21.4136843596, backtest took 384.106s, score is -425.000
Preparing algo ...
Test start ...
Test Done ...
rolling 1000, rolling_sigma 7000, sd_coef 7, stop_win 26.7671054495, backtest took 382.418s, score is -437.000
Preparing algo ...
Test start ...
Test Done ...
rolling 1000, rolling_sigma 7000, sd_coef 7, stop_win 32.1205265394, backtest took 385.590s, score is -519.000
Preparing algo ...
Test start ...
Test Done ...
rolling 1000, rolling_sigma 7000, sd_coef 7, stop_win 37.4739476293, backtest took 382.797s, score is -519.000
Preparing algo ...
Test start ...
Test Done ...
rolling 1000, rolling_sigma 7000, sd_coef 7, stop_win 42.8273687192, backtest took 384.017s, score is -519.000
Preparing algo ...
Test start ...
Test Done ...
rolling 1000, rolling_sigma 7000, sd_coef 7, stop_win 48.1807898091, backtest took 384.557s, score is -519.000
Preparing algo ...
Test start ...
Test Done ...
rolling 1000, rolling_sigma 7000, sd_coef 7, stop_win 53.534210899, backtest took 379.763s, score is -519.000
Preparing algo ...
Test start ...
Test Done ...
rolling 1000, rolling_sigma 9000, sd_coef 2, stop_win 5.3534210899, backtest took 363.741s, score is -209.000
Preparing algo ...
Test start ...
Test Done ...
rolling 1000, rolling_sigma 9000, sd_coef 2, stop_win 10.7068421798, backtest took 366.205s, score is -373.000
Preparing algo ...
Test start ...
Test Done ...
rolling 1000, rolling_sigma 9000, sd_coef 2, stop_win 16.0602632697, backtest took 363.265s, score is -313.000
Preparing algo ...
Test start ...
Test Done ...
rolling 1000, rolling_sigma 9000, sd_coef 2, stop_win 21.4136843596, backtest took 375.290s, score is -395.000
Preparing algo ...
Test start ...
Test Done ...
rolling 1000, rolling_sigma 9000, sd_coef 2, stop_win 26.7671054495, backtest took 383.574s, score is -411.000
Preparing algo ...
Test start ...
Test Done ...
rolling 1000, rolling_sigma 9000, sd_coef 2, stop_win 32.1205265394, backtest took 381.752s, score is -499.000
Preparing algo ...
Test start ...
Test Done ...
rolling 1000, rolling_sigma 9000, sd_coef 2, stop_win 37.4739476293, backtest took 381.855s, score is -499.000
Preparing algo ...
Test start ...
Test Done ...
rolling 1000, rolling_sigma 9000, sd_coef 2, stop_win 42.8273687192, backtest took 385.142s, score is -499.000
Preparing algo ...
Test start ...
Test Done ...
rolling 1000, rolling_sigma 9000, sd_coef 2, stop_win 48.1807898091, backtest took 381.717s, score is -499.000
Preparing algo ...
Test start ...
Test Done ...
rolling 1000, rolling_sigma 9000, sd_coef 2, stop_win 53.534210899, backtest took 379.073s, score is -499.000
Preparing algo ...
Test start ...
Test Done ...
rolling 1000, rolling_sigma 9000, sd_coef 3, stop_win 5.3534210899, backtest took 379.178s, score is -251.000
Preparing algo ...
Test start ...
Test Done ...
rolling 1000, rolling_sigma 9000, sd_coef 3, stop_win 10.7068421798, backtest took 383.963s, score is -383.000
Preparing algo ...
Test start ...
Test Done ...
rolling 1000, rolling_sigma 9000, sd_coef 3, stop_win 16.0602632697, backtest took 383.080s, score is -365.000
Preparing algo ...
Test start ...
Test Done ...
rolling 1000, rolling_sigma 9000, sd_coef 3, stop_win 21.4136843596, backtest took 382.697s, score is -415.000
Preparing algo ...
Test start ...
Test Done ...
rolling 1000, rolling_sigma 9000, sd_coef 3, stop_win 26.7671054495, backtest took 384.889s, score is -463.000
Preparing algo ...
Test start ...
Test Done ...
rolling 1000, rolling_sigma 9000, sd_coef 3, stop_win 32.1205265394, backtest took 381.561s, score is -519.000
Preparing algo ...
Test start ...
Test Done ...
rolling 1000, rolling_sigma 9000, sd_coef 3, stop_win 37.4739476293, backtest took 384.501s, score is -519.000
Preparing algo ...
Test start ...
Test Done ...
rolling 1000, rolling_sigma 9000, sd_coef 3, stop_win 42.8273687192, backtest took 383.761s, score is -519.000
Preparing algo ...
Test start ...
Test Done ...
rolling 1000, rolling_sigma 9000, sd_coef 3, stop_win 48.1807898091, backtest took 383.525s, score is -519.000
Preparing algo ...
Test start ...
Test Done ...
rolling 1000, rolling_sigma 9000, sd_coef 3, stop_win 53.534210899, backtest took 386.375s, score is -519.000
Preparing algo ...
Test start ...
Test Done ...
rolling 1000, rolling_sigma 9000, sd_coef 4, stop_win 5.3534210899, backtest took 383.274s, score is -277.000
Preparing algo ...
Test start ...
Test Done ...
rolling 1000, rolling_sigma 9000, sd_coef 4, stop_win 10.7068421798, backtest took 383.482s, score is -383.000
Preparing algo ...
Test start ...
Test Done ...
rolling 1000, rolling_sigma 9000, sd_coef 4, stop_win 16.0602632697, backtest took 386.229s, score is -391.000
Preparing algo ...
Test start ...
Test Done ...
rolling 1000, rolling_sigma 9000, sd_coef 4, stop_win 21.4136843596, backtest took 384.997s, score is -415.000
Preparing algo ...
Test start ...
Test Done ...
rolling 1000, rolling_sigma 9000, sd_coef 4, stop_win 26.7671054495, backtest took 383.262s, score is -479.000
Preparing algo ...
Test start ...
Test Done ...
rolling 1000, rolling_sigma 9000, sd_coef 4, stop_win 32.1205265394, backtest took 383.230s, score is -519.000
Preparing algo ...
Test start ...
Test Done ...
rolling 1000, rolling_sigma 9000, sd_coef 4, stop_win 37.4739476293, backtest took 385.585s, score is -519.000
Preparing algo ...
Test start ...
Test Done ...
rolling 1000, rolling_sigma 9000, sd_coef 4, stop_win 42.8273687192, backtest took 385.034s, score is -519.000
Preparing algo ...
Test start ...
Test Done ...
rolling 1000, rolling_sigma 9000, sd_coef 4, stop_win 48.1807898091, backtest took 384.499s, score is -519.000
Preparing algo ...
Test start ...
Test Done ...
rolling 1000, rolling_sigma 9000, sd_coef 4, stop_win 53.534210899, backtest took 384.709s, score is -519.000
Preparing algo ...
Test start ...
Test Done ...
rolling 1000, rolling_sigma 9000, sd_coef 5, stop_win 5.3534210899, backtest took 383.039s, score is -277.000
Preparing algo ...
Test start ...
Test Done ...
rolling 1000, rolling_sigma 9000, sd_coef 5, stop_win 10.7068421798, backtest took 386.449s, score is -383.000
Preparing algo ...
Test start ...
Test Done ...
rolling 1000, rolling_sigma 9000, sd_coef 5, stop_win 16.0602632697, backtest took 384.237s, score is -391.000
Preparing algo ...
Test start ...
Test Done ...
rolling 1000, rolling_sigma 9000, sd_coef 5, stop_win 21.4136843596, backtest took 383.131s, score is -415.000
Preparing algo ...
Test start ...
Test Done ...
rolling 1000, rolling_sigma 9000, sd_coef 5, stop_win 26.7671054495, backtest took 386.154s, score is -479.000
Preparing algo ...
Test start ...
Test Done ...
rolling 1000, rolling_sigma 9000, sd_coef 5, stop_win 32.1205265394, backtest took 382.883s, score is -519.000
Preparing algo ...
Test start ...
Test Done ...
rolling 1000, rolling_sigma 9000, sd_coef 5, stop_win 37.4739476293, backtest took 385.257s, score is -519.000
Preparing algo ...
Test start ...
Test Done ...
rolling 1000, rolling_sigma 9000, sd_coef 5, stop_win 42.8273687192, backtest took 385.886s, score is -519.000
Preparing algo ...
Test start ...
Test Done ...
rolling 1000, rolling_sigma 9000, sd_coef 5, stop_win 48.1807898091, backtest took 384.639s, score is -519.000
Preparing algo ...
Test start ...
Test Done ...
rolling 1000, rolling_sigma 9000, sd_coef 5, stop_win 53.534210899, backtest took 384.179s, score is -519.000
Preparing algo ...
Test start ...
Test Done ...
rolling 1000, rolling_sigma 9000, sd_coef 6, stop_win 5.3534210899, backtest took 386.190s, score is -309.000
Preparing algo ...
Test start ...
Test Done ...
rolling 1000, rolling_sigma 9000, sd_coef 6, stop_win 10.7068421798, backtest took 386.926s, score is -447.000
Preparing algo ...
Test start ...
Test Done ...
rolling 1000, rolling_sigma 9000, sd_coef 6, stop_win 16.0602632697, backtest took 386.281s, score is -423.000
Preparing algo ...
Test start ...
Test Done ...
rolling 1000, rolling_sigma 9000, sd_coef 6, stop_win 21.4136843596, backtest took 382.814s, score is -479.000
Preparing algo ...
Test start ...
Test Done ...
rolling 1000, rolling_sigma 9000, sd_coef 6, stop_win 26.7671054495, backtest took 377.834s, score is -511.000
Preparing algo ...
Test start ...
Test Done ...
rolling 1000, rolling_sigma 9000, sd_coef 6, stop_win 32.1205265394, backtest took 356.833s, score is -583.000
Preparing algo ...
Test start ...
Test Done ...
rolling 1000, rolling_sigma 9000, sd_coef 6, stop_win 37.4739476293, backtest took 357.768s, score is -583.000
Preparing algo ...
Test start ...
Test Done ...
rolling 1000, rolling_sigma 9000, sd_coef 6, stop_win 42.8273687192, backtest took 354.312s, score is -583.000
Preparing algo ...
Test start ...
Test Done ...
rolling 1000, rolling_sigma 9000, sd_coef 6, stop_win 48.1807898091, backtest took 356.249s, score is -583.000
Preparing algo ...
Test start ...
Test Done ...
rolling 1000, rolling_sigma 9000, sd_coef 6, stop_win 53.534210899, backtest took 355.583s, score is -583.000
Preparing algo ...
Test start ...
Test Done ...
rolling 1000, rolling_sigma 9000, sd_coef 7, stop_win 5.3534210899, backtest took 357.809s, score is -227.000
Preparing algo ...
Test start ...
Test Done ...
rolling 1000, rolling_sigma 9000, sd_coef 7, stop_win 10.7068421798, backtest took 353.672s, score is -441.000
Preparing algo ...
Test start ...
Test Done ...
rolling 1000, rolling_sigma 9000, sd_coef 7, stop_win 16.0602632697, backtest took 355.003s, score is -417.000
Preparing algo ...
Test start ...
Test Done ...
rolling 1000, rolling_sigma 9000, sd_coef 7, stop_win 21.4136843596, backtest took 355.321s, score is -473.000
Preparing algo ...
Test start ...
Test Done ...
rolling 1000, rolling_sigma 9000, sd_coef 7, stop_win 26.7671054495, backtest took 355.242s, score is -505.000
Preparing algo ...
Test start ...
Test Done ...
rolling 1000, rolling_sigma 9000, sd_coef 7, stop_win 32.1205265394, backtest took 355.118s, score is -577.000
Preparing algo ...
Test start ...
Test Done ...
rolling 1000, rolling_sigma 9000, sd_coef 7, stop_win 37.4739476293, backtest took 356.140s, score is -577.000
Preparing algo ...
Test start ...
Test Done ...
rolling 1000, rolling_sigma 9000, sd_coef 7, stop_win 42.8273687192, backtest took 355.426s, score is -577.000
Preparing algo ...
Test start ...
Test Done ...
rolling 1000, rolling_sigma 9000, sd_coef 7, stop_win 48.1807898091, backtest took 355.794s, score is -577.000
Preparing algo ...
Test start ...
Test Done ...
rolling 1000, rolling_sigma 9000, sd_coef 7, stop_win 53.534210899, backtest took 353.971s, score is -577.000
Preparing algo ...
Test start ...
Test Done ...
rolling 3000, rolling_sigma 1000, sd_coef 2, stop_win 5.3534210899, backtest took 357.150s, score is -417.000
Preparing algo ...
Test start ...
Test Done ...
rolling 3000, rolling_sigma 1000, sd_coef 2, stop_win 10.7068421798, backtest took 355.080s, score is -369.000
Preparing algo ...
Test start ...
Test Done ...
rolling 3000, rolling_sigma 1000, sd_coef 2, stop_win 16.0602632697, backtest took 357.683s, score is -327.000
Preparing algo ...
Test start ...
Test Done ...
rolling 3000, rolling_sigma 1000, sd_coef 2, stop_win 21.4136843596, backtest took 355.917s, score is -277.000
Preparing algo ...
Test start ...
Test Done ...
rolling 3000, rolling_sigma 1000, sd_coef 2, stop_win 26.7671054495, backtest took 357.308s, score is -421.000
Preparing algo ...
Test start ...
Test Done ...
rolling 3000, rolling_sigma 1000, sd_coef 2, stop_win 32.1205265394, backtest took 355.990s, score is -525.000
Preparing algo ...
Test start ...
Test Done ...
rolling 3000, rolling_sigma 1000, sd_coef 2, stop_win 37.4739476293, backtest took 356.178s, score is -525.000
Preparing algo ...
Test start ...
Test Done ...
rolling 3000, rolling_sigma 1000, sd_coef 2, stop_win 42.8273687192, backtest took 355.428s, score is -525.000
Preparing algo ...
Test start ...
Test Done ...
rolling 3000, rolling_sigma 1000, sd_coef 2, stop_win 48.1807898091, backtest took 355.389s, score is -525.000
Preparing algo ...
Test start ...
Test Done ...
rolling 3000, rolling_sigma 1000, sd_coef 2, stop_win 53.534210899, backtest took 357.042s, score is -525.000
Preparing algo ...
Test start ...
Test Done ...
rolling 3000, rolling_sigma 1000, sd_coef 3, stop_win 5.3534210899, backtest took 353.689s, score is -377.000
Preparing algo ...
Test start ...
Test Done ...
rolling 3000, rolling_sigma 1000, sd_coef 3, stop_win 10.7068421798, backtest took 356.414s, score is -491.000
Preparing algo ...
Test start ...
Test Done ...
rolling 3000, rolling_sigma 1000, sd_coef 3, stop_win 16.0602632697, backtest took 356.901s, score is -341.000
Preparing algo ...
Test start ...
Test Done ...
rolling 3000, rolling_sigma 1000, sd_coef 3, stop_win 21.4136843596, backtest took 355.521s, score is -379.000
Preparing algo ...
Test start ...
Test Done ...
rolling 3000, rolling_sigma 1000, sd_coef 3, stop_win 26.7671054495, backtest took 355.008s, score is -415.000
Preparing algo ...
Test start ...
Test Done ...
rolling 3000, rolling_sigma 1000, sd_coef 3, stop_win 32.1205265394, backtest took 357.545s, score is -503.000
Preparing algo ...
Test start ...
Test Done ...
rolling 3000, rolling_sigma 1000, sd_coef 3, stop_win 37.4739476293, backtest took 359.618s, score is -503.000
Preparing algo ...
Test start ...
Test Done ...
rolling 3000, rolling_sigma 1000, sd_coef 3, stop_win 42.8273687192, backtest took 356.722s, score is -503.000
Preparing algo ...
Test start ...
Test Done ...
rolling 3000, rolling_sigma 1000, sd_coef 3, stop_win 48.1807898091, backtest took 356.822s, score is -503.000
Preparing algo ...
Test start ...
Test Done ...
rolling 3000, rolling_sigma 1000, sd_coef 3, stop_win 53.534210899, backtest took 358.968s, score is -503.000
Preparing algo ...
Test start ...
Test Done ...
rolling 3000, rolling_sigma 1000, sd_coef 4, stop_win 5.3534210899, backtest took 354.279s, score is -373.000
Preparing algo ...
Test start ...
Test Done ...
rolling 3000, rolling_sigma 1000, sd_coef 4, stop_win 10.7068421798, backtest took 356.168s, score is -521.000
Preparing algo ...
Test start ...
Test Done ...
rolling 3000, rolling_sigma 1000, sd_coef 4, stop_win 16.0602632697, backtest took 357.248s, score is -351.000
Preparing algo ...
Test start ...
Test Done ...
rolling 3000, rolling_sigma 1000, sd_coef 4, stop_win 21.4136843596, backtest took 355.863s, score is -389.000
Preparing algo ...
Test start ...
Test Done ...
rolling 3000, rolling_sigma 1000, sd_coef 4, stop_win 26.7671054495, backtest took 359.027s, score is -415.000
Preparing algo ...
Test start ...
Test Done ...
rolling 3000, rolling_sigma 1000, sd_coef 4, stop_win 32.1205265394, backtest took 354.798s, score is -503.000
Preparing algo ...
Test start ...
Test Done ...
rolling 3000, rolling_sigma 1000, sd_coef 4, stop_win 37.4739476293, backtest took 354.409s, score is -503.000
Preparing algo ...
Test start ...
Test Done ...
rolling 3000, rolling_sigma 1000, sd_coef 4, stop_win 42.8273687192, backtest took 357.891s, score is -503.000
Preparing algo ...
Test start ...
Test Done ...
rolling 3000, rolling_sigma 1000, sd_coef 4, stop_win 48.1807898091, backtest took 354.790s, score is -503.000
Preparing algo ...
Test start ...
Test Done ...
rolling 3000, rolling_sigma 1000, sd_coef 4, stop_win 53.534210899, backtest took 355.826s, score is -503.000
Preparing algo ...
Test start ...
Test Done ...
rolling 3000, rolling_sigma 1000, sd_coef 5, stop_win 5.3534210899, backtest took 358.788s, score is -411.000
Preparing algo ...
Test start ...
Test Done ...
rolling 3000, rolling_sigma 1000, sd_coef 5, stop_win 10.7068421798, backtest took 357.064s, score is -521.000
Preparing algo ...
Test start ...
Test Done ...
rolling 3000, rolling_sigma 1000, sd_coef 5, stop_win 16.0602632697, backtest took 356.083s, score is -351.000
Preparing algo ...
Test start ...
Test Done ...
rolling 3000, rolling_sigma 1000, sd_coef 5, stop_win 21.4136843596, backtest took 355.783s, score is -389.000
Preparing algo ...
Test start ...
Test Done ...
rolling 3000, rolling_sigma 1000, sd_coef 5, stop_win 26.7671054495, backtest took 358.210s, score is -415.000
Preparing algo ...
Test start ...
Test Done ...
rolling 3000, rolling_sigma 1000, sd_coef 5, stop_win 32.1205265394, backtest took 357.126s, score is -503.000
Preparing algo ...
Test start ...
Test Done ...
rolling 3000, rolling_sigma 1000, sd_coef 5, stop_win 37.4739476293, backtest took 355.594s, score is -503.000
Preparing algo ...
Test start ...
Test Done ...
rolling 3000, rolling_sigma 1000, sd_coef 5, stop_win 42.8273687192, backtest took 354.715s, score is -503.000
Preparing algo ...
Test start ...
Test Done ...
rolling 3000, rolling_sigma 1000, sd_coef 5, stop_win 48.1807898091, backtest took 358.248s, score is -503.000
Preparing algo ...
Test start ...
Test Done ...
rolling 3000, rolling_sigma 1000, sd_coef 5, stop_win 53.534210899, backtest took 354.770s, score is -503.000
Preparing algo ...
Test start ...
Test Done ...
rolling 3000, rolling_sigma 1000, sd_coef 6, stop_win 5.3534210899, backtest took 358.875s, score is -359.000
Preparing algo ...
Test start ...
Test Done ...
rolling 3000, rolling_sigma 1000, sd_coef 6, stop_win 10.7068421798, backtest took 355.136s, score is -551.000
Preparing algo ...
Test start ...
Test Done ...
rolling 3000, rolling_sigma 1000, sd_coef 6, stop_win 16.0602632697, backtest took 355.858s, score is -381.000
Preparing algo ...
Test start ...
Test Done ...
rolling 3000, rolling_sigma 1000, sd_coef 6, stop_win 21.4136843596, backtest took 358.755s, score is -419.000
Preparing algo ...
Test start ...
Test Done ...
rolling 3000, rolling_sigma 1000, sd_coef 6, stop_win 26.7671054495, backtest took 358.470s, score is -415.000
Preparing algo ...
Test start ...
Test Done ...
rolling 3000, rolling_sigma 1000, sd_coef 6, stop_win 32.1205265394, backtest took 356.837s, score is -503.000
Preparing algo ...
Test start ...
Test Done ...
rolling 3000, rolling_sigma 1000, sd_coef 6, stop_win 37.4739476293, backtest took 356.239s, score is -503.000
Preparing algo ...
Test start ...
Test Done ...
rolling 3000, rolling_sigma 1000, sd_coef 6, stop_win 42.8273687192, backtest took 358.940s, score is -503.000
Preparing algo ...
Test start ...
Test Done ...
rolling 3000, rolling_sigma 1000, sd_coef 6, stop_win 48.1807898091, backtest took 356.645s, score is -503.000
Preparing algo ...
Test start ...
Test Done ...
rolling 3000, rolling_sigma 1000, sd_coef 6, stop_win 53.534210899, backtest took 356.763s, score is -503.000
Preparing algo ...
Test start ...
Test Done ...
rolling 3000, rolling_sigma 1000, sd_coef 7, stop_win 5.3534210899, backtest took 355.664s, score is -375.000
Preparing algo ...
Test start ...
Test Done ...
rolling 3000, rolling_sigma 1000, sd_coef 7, stop_win 10.7068421798, backtest took 357.333s, score is -541.000
Preparing algo ...
Test start ...
Test Done ...
rolling 3000, rolling_sigma 1000, sd_coef 7, stop_win 16.0602632697, backtest took 356.637s, score is -381.000
Preparing algo ...
Test start ...
Test Done ...
rolling 3000, rolling_sigma 1000, sd_coef 7, stop_win 21.4136843596, backtest took 356.889s, score is -419.000
Preparing algo ...
Test start ...
Test Done ...
rolling 3000, rolling_sigma 1000, sd_coef 7, stop_win 26.7671054495, backtest took 356.631s, score is -415.000
Preparing algo ...
Test start ...
Test Done ...
rolling 3000, rolling_sigma 1000, sd_coef 7, stop_win 32.1205265394, backtest took 357.809s, score is -503.000
Preparing algo ...
Test start ...
Test Done ...
rolling 3000, rolling_sigma 1000, sd_coef 7, stop_win 37.4739476293, backtest took 359.036s, score is -503.000
Preparing algo ...
Test start ...
Test Done ...
rolling 3000, rolling_sigma 1000, sd_coef 7, stop_win 42.8273687192, backtest took 355.920s, score is -503.000
Preparing algo ...
Test start ...
Test Done ...
rolling 3000, rolling_sigma 1000, sd_coef 7, stop_win 48.1807898091, backtest took 358.109s, score is -503.000
Preparing algo ...
Test start ...
Test Done ...
rolling 3000, rolling_sigma 1000, sd_coef 7, stop_win 53.534210899, backtest took 355.383s, score is -503.000
Preparing algo ...
Test start ...
Test Done ...
rolling 3000, rolling_sigma 3000, sd_coef 2, stop_win 5.3534210899, backtest took 354.045s, score is -197.000
Preparing algo ...
Test start ...
Test Done ...
rolling 3000, rolling_sigma 3000, sd_coef 2, stop_win 10.7068421798, backtest took 354.494s, score is -467.000
Preparing algo ...
Test start ...
Test Done ...
rolling 3000, rolling_sigma 3000, sd_coef 2, stop_win 16.0602632697, backtest took 355.312s, score is -451.000
Preparing algo ...
Test start ...
Test Done ...
rolling 3000, rolling_sigma 3000, sd_coef 2, stop_win 21.4136843596, backtest took 354.236s, score is -251.000
Preparing algo ...
Test start ...
Test Done ...
rolling 3000, rolling_sigma 3000, sd_coef 2, stop_win 26.7671054495, backtest took 352.717s, score is -345.000
Preparing algo ...
Test start ...
Test Done ...
rolling 3000, rolling_sigma 3000, sd_coef 2, stop_win 32.1205265394, backtest took 354.768s, score is -459.000
Preparing algo ...
Test start ...
Test Done ...
rolling 3000, rolling_sigma 3000, sd_coef 2, stop_win 37.4739476293, backtest took 353.690s, score is -459.000
Preparing algo ...
Test start ...
Test Done ...
rolling 3000, rolling_sigma 3000, sd_coef 2, stop_win 42.8273687192, backtest took 356.694s, score is -459.000
Preparing algo ...
Test start ...
Test Done ...
rolling 3000, rolling_sigma 3000, sd_coef 2, stop_win 48.1807898091, backtest took 354.652s, score is -459.000
Preparing algo ...
Test start ...
Test Done ...
rolling 3000, rolling_sigma 3000, sd_coef 2, stop_win 53.534210899, backtest took 354.631s, score is -459.000
Preparing algo ...
Test start ...
Test Done ...
rolling 3000, rolling_sigma 3000, sd_coef 3, stop_win 5.3534210899, backtest took 356.496s, score is -107.000
Preparing algo ...
Test start ...
Test Done ...
rolling 3000, rolling_sigma 3000, sd_coef 3, stop_win 10.7068421798, backtest took 356.789s, score is -185.000
Preparing algo ...
Test start ...
Test Done ...
rolling 3000, rolling_sigma 3000, sd_coef 3, stop_win 16.0602632697, backtest took 354.214s, score is -287.000
Preparing algo ...
Test start ...
Test Done ...
rolling 3000, rolling_sigma 3000, sd_coef 3, stop_win 21.4136843596, backtest took 355.649s, score is -301.000
Preparing algo ...
Test start ...
Test Done ...
rolling 3000, rolling_sigma 3000, sd_coef 3, stop_win 26.7671054495, backtest took 355.083s, score is -379.000
Preparing algo ...
Test start ...
Test Done ...
rolling 3000, rolling_sigma 3000, sd_coef 3, stop_win 32.1205265394, backtest took 355.070s, score is -493.000
Preparing algo ...
Test start ...
Test Done ...
rolling 3000, rolling_sigma 3000, sd_coef 3, stop_win 37.4739476293, backtest took 353.272s, score is -493.000
Preparing algo ...
Test start ...
Test Done ...
rolling 3000, rolling_sigma 3000, sd_coef 3, stop_win 42.8273687192, backtest took 353.919s, score is -493.000
Preparing algo ...
Test start ...
Test Done ...
rolling 3000, rolling_sigma 3000, sd_coef 3, stop_win 48.1807898091, backtest took 355.024s, score is -493.000
Preparing algo ...
Test start ...
Test Done ...
rolling 3000, rolling_sigma 3000, sd_coef 3, stop_win 53.534210899, backtest took 354.453s, score is -493.000
Preparing algo ...
Test start ...
Test Done ...
rolling 3000, rolling_sigma 3000, sd_coef 4, stop_win 5.3534210899, backtest took 359.205s, score is -367.000
Preparing algo ...
Test start ...
Test Done ...
rolling 3000, rolling_sigma 3000, sd_coef 4, stop_win 10.7068421798, backtest took 355.752s, score is -403.000
Preparing algo ...
Test start ...
Test Done ...
rolling 3000, rolling_sigma 3000, sd_coef 4, stop_win 16.0602632697, backtest took 357.294s, score is -345.000
Preparing algo ...
Test start ...
Test Done ...
rolling 3000, rolling_sigma 3000, sd_coef 4, stop_win 21.4136843596, backtest took 354.956s, score is -445.000
Preparing algo ...
Test start ...
Test Done ...
rolling 3000, rolling_sigma 3000, sd_coef 4, stop_win 26.7671054495, backtest took 353.990s, score is -369.000
Preparing algo ...
Test start ...
Test Done ...
rolling 3000, rolling_sigma 3000, sd_coef 4, stop_win 32.1205265394, backtest took 356.070s, score is -483.000
Preparing algo ...
Test start ...
Test Done ...
rolling 3000, rolling_sigma 3000, sd_coef 4, stop_win 37.4739476293, backtest took 356.518s, score is -483.000
Preparing algo ...
Test start ...
Test Done ...
rolling 3000, rolling_sigma 3000, sd_coef 4, stop_win 42.8273687192, backtest took 355.272s, score is -483.000
Preparing algo ...
Test start ...
Test Done ...
rolling 3000, rolling_sigma 3000, sd_coef 4, stop_win 48.1807898091, backtest took 353.888s, score is -483.000
Preparing algo ...
Test start ...
Test Done ...
rolling 3000, rolling_sigma 3000, sd_coef 4, stop_win 53.534210899, backtest took 356.627s, score is -483.000
Preparing algo ...
Test start ...
Test Done ...
rolling 3000, rolling_sigma 3000, sd_coef 5, stop_win 5.3534210899, backtest took 369.487s, score is -185.000
Preparing algo ...
Test start ...
Test Done ...
rolling 3000, rolling_sigma 3000, sd_coef 5, stop_win 10.7068421798, backtest took 361.728s, score is -95.000
Preparing algo ...
Test start ...
Test Done ...
rolling 3000, rolling_sigma 3000, sd_coef 5, stop_win 16.0602632697, backtest took 355.844s, score is -251.000
Preparing algo ...
Test start ...
Test Done ...
rolling 3000, rolling_sigma 3000, sd_coef 5, stop_win 21.4136843596, backtest took 356.961s, score is -151.000
Preparing algo ...
Test start ...
Test Done ...
rolling 3000, rolling_sigma 3000, sd_coef 5, stop_win 26.7671054495, backtest took 358.247s, score is 113.000
Preparing algo ...
Test start ...
Test Done ...
rolling 3000, rolling_sigma 3000, sd_coef 5, stop_win 32.1205265394, backtest took 356.547s, score is -265.000
Preparing algo ...
Test start ...
Test Done ...
rolling 3000, rolling_sigma 3000, sd_coef 5, stop_win 37.4739476293, backtest took 355.824s, score is -473.000
Preparing algo ...
Test start ...
Test Done ...
rolling 3000, rolling_sigma 3000, sd_coef 5, stop_win 42.8273687192, backtest took 355.252s, score is -473.000
Preparing algo ...
Test start ...
Test Done ...
rolling 3000, rolling_sigma 3000, sd_coef 5, stop_win 48.1807898091, backtest took 355.791s, score is -473.000
Preparing algo ...
Test start ...
Test Done ...
rolling 3000, rolling_sigma 3000, sd_coef 5, stop_win 53.534210899, backtest took 356.018s, score is -473.000
Preparing algo ...
Test start ...
Test Done ...
rolling 3000, rolling_sigma 3000, sd_coef 6, stop_win 5.3534210899, backtest took 368.863s, score is -329.000
Preparing algo ...
Test start ...
Test Done ...
rolling 3000, rolling_sigma 3000, sd_coef 6, stop_win 10.7068421798, backtest took 365.231s, score is -287.000
Preparing algo ...
Test start ...
Test Done ...
rolling 3000, rolling_sigma 3000, sd_coef 6, stop_win 16.0602632697, backtest took 360.839s, score is -489.000
Preparing algo ...
Test start ...
Test Done ...
rolling 3000, rolling_sigma 3000, sd_coef 6, stop_win 21.4136843596, backtest took 357.615s, score is -439.000
Preparing algo ...
Test start ...
Test Done ...
rolling 3000, rolling_sigma 3000, sd_coef 6, stop_win 26.7671054495, backtest took 361.136s, score is -335.000
Preparing algo ...
Test start ...
Test Done ...
rolling 3000, rolling_sigma 3000, sd_coef 6, stop_win 32.1205265394, backtest took 355.827s, score is -493.000
Preparing algo ...
Test start ...
Test Done ...
rolling 3000, rolling_sigma 3000, sd_coef 6, stop_win 37.4739476293, backtest took 355.666s, score is -493.000
Preparing algo ...
Test start ...
Test Done ...
rolling 3000, rolling_sigma 3000, sd_coef 6, stop_win 42.8273687192, backtest took 354.528s, score is -493.000
Preparing algo ...
Test start ...
Test Done ...
rolling 3000, rolling_sigma 3000, sd_coef 6, stop_win 48.1807898091, backtest took 355.044s, score is -493.000
Preparing algo ...
Test start ...
Test Done ...
rolling 3000, rolling_sigma 3000, sd_coef 6, stop_win 53.534210899, backtest took 356.035s, score is -493.000
Preparing algo ...
Test start ...
Test Done ...
rolling 3000, rolling_sigma 3000, sd_coef 7, stop_win 5.3534210899, backtest took 371.009s, score is -497.000
Preparing algo ...
Test start ...
Test Done ...
rolling 3000, rolling_sigma 3000, sd_coef 7, stop_win 10.7068421798, backtest took 364.486s, score is -615.000
Preparing algo ...
Test start ...
Test Done ...
rolling 3000, rolling_sigma 3000, sd_coef 7, stop_win 16.0602632697, backtest took 361.310s, score is -555.000
Preparing algo ...
Test start ...
Test Done ...
rolling 3000, rolling_sigma 3000, sd_coef 7, stop_win 21.4136843596, backtest took 364.691s, score is -505.000
Preparing algo ...
Test start ...
Test Done ...
rolling 3000, rolling_sigma 3000, sd_coef 7, stop_win 26.7671054495, backtest took 358.451s, score is -335.000
Preparing algo ...
Test start ...
Test Done ...
rolling 3000, rolling_sigma 3000, sd_coef 7, stop_win 32.1205265394, backtest took 368.584s, score is -493.000
Preparing algo ...
Test start ...
Test Done ...
rolling 3000, rolling_sigma 3000, sd_coef 7, stop_win 37.4739476293, backtest took 382.918s, score is -493.000
Preparing algo ...
Test start ...
Test Done ...
rolling 3000, rolling_sigma 3000, sd_coef 7, stop_win 42.8273687192, backtest took 384.988s, score is -493.000
Preparing algo ...
Test start ...
Test Done ...
rolling 3000, rolling_sigma 3000, sd_coef 7, stop_win 48.1807898091, backtest took 384.566s, score is -493.000
Preparing algo ...
Test start ...
Test Done ...
rolling 3000, rolling_sigma 3000, sd_coef 7, stop_win 53.534210899, backtest took 381.526s, score is -493.000
Preparing algo ...
Test start ...
Test Done ...
rolling 3000, rolling_sigma 5000, sd_coef 2, stop_win 5.3534210899, backtest took 387.199s, score is -49.000
Preparing algo ...
Test start ...
Test Done ...
rolling 3000, rolling_sigma 5000, sd_coef 2, stop_win 10.7068421798, backtest took 386.406s, score is -285.000
Preparing algo ...
Test start ...
Test Done ...
rolling 3000, rolling_sigma 5000, sd_coef 2, stop_win 16.0602632697, backtest took 386.653s, score is -327.000
Preparing algo ...
Test start ...
Test Done ...
rolling 3000, rolling_sigma 5000, sd_coef 2, stop_win 21.4136843596, backtest took 385.857s, score is -123.000
Preparing algo ...
Test start ...
Test Done ...
rolling 3000, rolling_sigma 5000, sd_coef 2, stop_win 26.7671054495, backtest took 385.606s, score is -371.000
Preparing algo ...
Test start ...
Test Done ...
rolling 3000, rolling_sigma 5000, sd_coef 2, stop_win 32.1205265394, backtest took 385.729s, score is -459.000
Preparing algo ...
Test start ...
Test Done ...
rolling 3000, rolling_sigma 5000, sd_coef 2, stop_win 37.4739476293, backtest took 386.095s, score is -459.000
Preparing algo ...
Test start ...
Test Done ...
rolling 3000, rolling_sigma 5000, sd_coef 2, stop_win 42.8273687192, backtest took 386.321s, score is -459.000
Preparing algo ...
Test start ...
Test Done ...
rolling 3000, rolling_sigma 5000, sd_coef 2, stop_win 48.1807898091, backtest took 385.436s, score is -459.000
Preparing algo ...
Test start ...
Test Done ...
rolling 3000, rolling_sigma 5000, sd_coef 2, stop_win 53.534210899, backtest took 386.385s, score is -459.000
Preparing algo ...
Test start ...
Test Done ...
rolling 3000, rolling_sigma 5000, sd_coef 3, stop_win 5.3534210899, backtest took 385.990s, score is -103.000
Preparing algo ...
Test start ...
Test Done ...
rolling 3000, rolling_sigma 5000, sd_coef 3, stop_win 10.7068421798, backtest took 386.312s, score is -265.000
Preparing algo ...
Test start ...
Test Done ...
rolling 3000, rolling_sigma 5000, sd_coef 3, stop_win 16.0602632697, backtest took 387.866s, score is -321.000
Preparing algo ...
Test start ...
Test Done ...
rolling 3000, rolling_sigma 5000, sd_coef 3, stop_win 21.4136843596, backtest took 386.077s, score is -147.000
Preparing algo ...
Test start ...
Test Done ...
rolling 3000, rolling_sigma 5000, sd_coef 3, stop_win 26.7671054495, backtest took 383.973s, score is -405.000
Preparing algo ...
Test start ...
Test Done ...
rolling 3000, rolling_sigma 5000, sd_coef 3, stop_win 32.1205265394, backtest took 386.771s, score is -493.000
Preparing algo ...
Test start ...
Test Done ...
rolling 3000, rolling_sigma 5000, sd_coef 3, stop_win 37.4739476293, backtest took 385.759s, score is -493.000
Preparing algo ...
Test start ...
Test Done ...
rolling 3000, rolling_sigma 5000, sd_coef 3, stop_win 42.8273687192, backtest took 385.686s, score is -493.000
Preparing algo ...
Test start ...
Test Done ...
rolling 3000, rolling_sigma 5000, sd_coef 3, stop_win 48.1807898091, backtest took 382.871s, score is -493.000
Preparing algo ...
Test start ...
Test Done ...
rolling 3000, rolling_sigma 5000, sd_coef 3, stop_win 53.534210899, backtest took 384.123s, score is -493.000
Preparing algo ...
Test start ...
Test Done ...
rolling 3000, rolling_sigma 5000, sd_coef 4, stop_win 5.3534210899, backtest took 387.337s, score is -103.000
Preparing algo ...
Test start ...
Test Done ...
rolling 3000, rolling_sigma 5000, sd_coef 4, stop_win 10.7068421798, backtest took 386.108s, score is -269.000
Preparing algo ...
Test start ...
Test Done ...
rolling 3000, rolling_sigma 5000, sd_coef 4, stop_win 16.0602632697, backtest took 387.711s, score is -311.000
Preparing algo ...
Test start ...
Test Done ...
rolling 3000, rolling_sigma 5000, sd_coef 4, stop_win 21.4136843596, backtest took 384.058s, score is -147.000
Preparing algo ...
Test start ...
Test Done ...
rolling 3000, rolling_sigma 5000, sd_coef 4, stop_win 26.7671054495, backtest took 387.882s, score is -405.000
Preparing algo ...
Test start ...
Test Done ...
rolling 3000, rolling_sigma 5000, sd_coef 4, stop_win 32.1205265394, backtest took 384.190s, score is -493.000
Preparing algo ...
Test start ...
Test Done ...
rolling 3000, rolling_sigma 5000, sd_coef 4, stop_win 37.4739476293, backtest took 385.155s, score is -493.000
Preparing algo ...
Test start ...
Test Done ...
rolling 3000, rolling_sigma 5000, sd_coef 4, stop_win 42.8273687192, backtest took 387.216s, score is -493.000
Preparing algo ...
Test start ...
Test Done ...
rolling 3000, rolling_sigma 5000, sd_coef 4, stop_win 48.1807898091, backtest took 387.204s, score is -493.000
Preparing algo ...
Test start ...
Test Done ...
rolling 3000, rolling_sigma 5000, sd_coef 4, stop_win 53.534210899, backtest took 385.996s, score is -493.000
Preparing algo ...
Test start ...
Test Done ...
rolling 3000, rolling_sigma 5000, sd_coef 5, stop_win 5.3534210899, backtest took 384.945s, score is -177.000
Preparing algo ...
Test start ...
Test Done ...
rolling 3000, rolling_sigma 5000, sd_coef 5, stop_win 10.7068421798, backtest took 387.770s, score is -269.000
Preparing algo ...
Test start ...
Test Done ...
rolling 3000, rolling_sigma 5000, sd_coef 5, stop_win 16.0602632697, backtest took 385.889s, score is -311.000
Preparing algo ...
Test start ...
Test Done ...
rolling 3000, rolling_sigma 5000, sd_coef 5, stop_win 21.4136843596, backtest took 386.371s, score is -147.000
Preparing algo ...
Test start ...
Test Done ...
rolling 3000, rolling_sigma 5000, sd_coef 5, stop_win 26.7671054495, backtest took 386.472s, score is -405.000
Preparing algo ...
Test start ...
Test Done ...
rolling 3000, rolling_sigma 5000, sd_coef 5, stop_win 32.1205265394, backtest took 385.724s, score is -493.000
Preparing algo ...
Test start ...
Test Done ...
rolling 3000, rolling_sigma 5000, sd_coef 5, stop_win 37.4739476293, backtest took 385.937s, score is -493.000
Preparing algo ...
Test start ...
Test Done ...
rolling 3000, rolling_sigma 5000, sd_coef 5, stop_win 42.8273687192, backtest took 385.644s, score is -493.000
Preparing algo ...
Test start ...
Test Done ...
rolling 3000, rolling_sigma 5000, sd_coef 5, stop_win 48.1807898091, backtest took 386.791s, score is -493.000
Preparing algo ...
Test start ...
Test Done ...
rolling 3000, rolling_sigma 5000, sd_coef 5, stop_win 53.534210899, backtest took 385.874s, score is -493.000
Preparing algo ...
Test start ...
Test Done ...
rolling 3000, rolling_sigma 5000, sd_coef 6, stop_win 5.3534210899, backtest took 388.377s, score is -257.000
Preparing algo ...
Test start ...
Test Done ...
rolling 3000, rolling_sigma 5000, sd_coef 6, stop_win 10.7068421798, backtest took 386.489s, score is -269.000
Preparing algo ...
Test start ...
Test Done ...
rolling 3000, rolling_sigma 5000, sd_coef 6, stop_win 16.0602632697, backtest took 386.166s, score is -301.000
Preparing algo ...
Test start ...
Test Done ...
rolling 3000, rolling_sigma 5000, sd_coef 6, stop_win 21.4136843596, backtest took 387.857s, score is -271.000
Preparing algo ...
Test start ...
Test Done ...
rolling 3000, rolling_sigma 5000, sd_coef 6, stop_win 26.7671054495, backtest took 386.656s, score is -415.000
Preparing algo ...
Test start ...
Test Done ...
rolling 3000, rolling_sigma 5000, sd_coef 6, stop_win 32.1205265394, backtest took 384.851s, score is -503.000
Preparing algo ...
Test start ...
Test Done ...
rolling 3000, rolling_sigma 5000, sd_coef 6, stop_win 37.4739476293, backtest took 386.985s, score is -503.000
Preparing algo ...
Test start ...
Test Done ...
rolling 3000, rolling_sigma 5000, sd_coef 6, stop_win 42.8273687192, backtest took 386.948s, score is -503.000
Preparing algo ...
Test start ...
Test Done ...
rolling 3000, rolling_sigma 5000, sd_coef 6, stop_win 48.1807898091, backtest took 386.718s, score is -503.000
Preparing algo ...
Test start ...
Test Done ...
rolling 3000, rolling_sigma 5000, sd_coef 6, stop_win 53.534210899, backtest took 385.063s, score is -503.000
Preparing algo ...
Test start ...
Test Done ...
rolling 3000, rolling_sigma 5000, sd_coef 7, stop_win 5.3534210899, backtest took 387.054s, score is -225.000
Preparing algo ...
Test start ...
Test Done ...
rolling 3000, rolling_sigma 5000, sd_coef 7, stop_win 10.7068421798, backtest took 387.494s, score is -269.000
Preparing algo ...
Test start ...
Test Done ...
rolling 3000, rolling_sigma 5000, sd_coef 7, stop_win 16.0602632697, backtest took 386.034s, score is -311.000
Preparing algo ...
Test start ...
Test Done ...
rolling 3000, rolling_sigma 5000, sd_coef 7, stop_win 21.4136843596, backtest took 386.306s, score is -271.000
Preparing algo ...
Test start ...
Test Done ...
rolling 3000, rolling_sigma 5000, sd_coef 7, stop_win 26.7671054495, backtest took 364.850s, score is -415.000
Preparing algo ...
Test start ...
Test Done ...
rolling 3000, rolling_sigma 5000, sd_coef 7, stop_win 32.1205265394, backtest took 386.482s, score is -503.000
Preparing algo ...
Test start ...
Test Done ...
rolling 3000, rolling_sigma 5000, sd_coef 7, stop_win 37.4739476293, backtest took 383.762s, score is -503.000
Preparing algo ...
Test start ...
Test Done ...
rolling 3000, rolling_sigma 5000, sd_coef 7, stop_win 42.8273687192, backtest took 384.227s, score is -503.000
Preparing algo ...
Test start ...
Test Done ...
rolling 3000, rolling_sigma 5000, sd_coef 7, stop_win 48.1807898091, backtest took 385.656s, score is -503.000
Preparing algo ...
Test start ...
Test Done ...
rolling 3000, rolling_sigma 5000, sd_coef 7, stop_win 53.534210899, backtest took 387.272s, score is -503.000
Preparing algo ...
Test start ...
Test Done ...
rolling 3000, rolling_sigma 7000, sd_coef 2, stop_win 5.3534210899, backtest took 385.333s, score is -245.000
Preparing algo ...
Test start ...
Test Done ...
rolling 3000, rolling_sigma 7000, sd_coef 2, stop_win 10.7068421798, backtest took 384.823s, score is -197.000
Preparing algo ...
Test start ...
Test Done ...
rolling 3000, rolling_sigma 7000, sd_coef 2, stop_win 16.0602632697, backtest took 385.806s, score is -353.000
Preparing algo ...
Test start ...
Test Done ...
rolling 3000, rolling_sigma 7000, sd_coef 2, stop_win 21.4136843596, backtest took 385.706s, score is -159.000
Preparing algo ...
Test start ...
Test Done ...
rolling 3000, rolling_sigma 7000, sd_coef 2, stop_win 26.7671054495, backtest took 385.094s, score is -387.000
Preparing algo ...
Test start ...
Test Done ...
rolling 3000, rolling_sigma 7000, sd_coef 2, stop_win 32.1205265394, backtest took 385.791s, score is -459.000
Preparing algo ...
Test start ...
Test Done ...
rolling 3000, rolling_sigma 7000, sd_coef 2, stop_win 37.4739476293, backtest took 385.892s, score is -459.000
Preparing algo ...
Test start ...
Test Done ...
rolling 3000, rolling_sigma 7000, sd_coef 2, stop_win 42.8273687192, backtest took 384.790s, score is -459.000
Preparing algo ...
Test start ...
Test Done ...
rolling 3000, rolling_sigma 7000, sd_coef 2, stop_win 48.1807898091, backtest took 385.112s, score is -459.000
Preparing algo ...
Test start ...
Test Done ...
rolling 3000, rolling_sigma 7000, sd_coef 2, stop_win 53.534210899, backtest took 386.017s, score is -459.000
Preparing algo ...
Test start ...
Test Done ...
rolling 3000, rolling_sigma 7000, sd_coef 3, stop_win 5.3534210899, backtest took 384.703s, score is -179.000
Preparing algo ...
Test start ...
Test Done ...
rolling 3000, rolling_sigma 7000, sd_coef 3, stop_win 10.7068421798, backtest took 386.239s, score is -155.000
Preparing algo ...
Test start ...
Test Done ...
rolling 3000, rolling_sigma 7000, sd_coef 3, stop_win 16.0602632697, backtest took 385.421s, score is -227.000
Preparing algo ...
Test start ...
Test Done ...
rolling 3000, rolling_sigma 7000, sd_coef 3, stop_win 21.4136843596, backtest took 385.103s, score is -137.000
Preparing algo ...
Test start ...
Test Done ...
rolling 3000, rolling_sigma 7000, sd_coef 3, stop_win 26.7671054495, backtest took 387.112s, score is -415.000
Preparing algo ...
Test start ...
Test Done ...
rolling 3000, rolling_sigma 7000, sd_coef 3, stop_win 32.1205265394, backtest took 385.688s, score is -503.000
Preparing algo ...
Test start ...
Test Done ...
rolling 3000, rolling_sigma 7000, sd_coef 3, stop_win 37.4739476293, backtest took 383.914s, score is -503.000
Preparing algo ...
Test start ...
Test Done ...
rolling 3000, rolling_sigma 7000, sd_coef 3, stop_win 42.8273687192, backtest took 386.780s, score is -503.000
Preparing algo ...
Test start ...
Test Done ...
rolling 3000, rolling_sigma 7000, sd_coef 3, stop_win 48.1807898091, backtest took 385.895s, score is -503.000
Preparing algo ...
Test start ...
Test Done ...
rolling 3000, rolling_sigma 7000, sd_coef 3, stop_win 53.534210899, backtest took 386.461s, score is -503.000
Preparing algo ...
Test start ...
Test Done ...
rolling 3000, rolling_sigma 7000, sd_coef 4, stop_win 5.3534210899, backtest took 384.582s, score is -185.000
Preparing algo ...
Test start ...
Test Done ...
rolling 3000, rolling_sigma 7000, sd_coef 4, stop_win 10.7068421798, backtest took 385.607s, score is -155.000
Preparing algo ...
Test start ...
Test Done ...
rolling 3000, rolling_sigma 7000, sd_coef 4, stop_win 16.0602632697, backtest took 388.801s, score is -217.000
Preparing algo ...
Test start ...
Test Done ...
rolling 3000, rolling_sigma 7000, sd_coef 4, stop_win 21.4136843596, backtest took 387.766s, score is -137.000
Preparing algo ...
Test start ...
Test Done ...
rolling 3000, rolling_sigma 7000, sd_coef 4, stop_win 26.7671054495, backtest took 388.176s, score is -415.000
Preparing algo ...
Test start ...
Test Done ...
rolling 3000, rolling_sigma 7000, sd_coef 4, stop_win 32.1205265394, backtest took 386.843s, score is -503.000
Preparing algo ...
Test start ...
Test Done ...
rolling 3000, rolling_sigma 7000, sd_coef 4, stop_win 37.4739476293, backtest took 390.424s, score is -503.000
Preparing algo ...
Test start ...
Test Done ...
rolling 3000, rolling_sigma 7000, sd_coef 4, stop_win 42.8273687192, backtest took 385.240s, score is -503.000
Preparing algo ...
Test start ...
Test Done ...
rolling 3000, rolling_sigma 7000, sd_coef 4, stop_win 48.1807898091, backtest took 384.946s, score is -503.000
Preparing algo ...
Test start ...
Test Done ...
rolling 3000, rolling_sigma 7000, sd_coef 4, stop_win 53.534210899, backtest took 386.772s, score is -503.000
Preparing algo ...
Test start ...
Test Done ...
rolling 3000, rolling_sigma 7000, sd_coef 5, stop_win 5.3534210899, backtest took 388.542s, score is -185.000
Preparing algo ...
Test start ...
Test Done ...
rolling 3000, rolling_sigma 7000, sd_coef 5, stop_win 10.7068421798, backtest took 387.850s, score is -155.000
Preparing algo ...
Test start ...
Test Done ...
rolling 3000, rolling_sigma 7000, sd_coef 5, stop_win 16.0602632697, backtest took 384.881s, score is -167.000
Preparing algo ...
Test start ...
Test Done ...
rolling 3000, rolling_sigma 7000, sd_coef 5, stop_win 21.4136843596, backtest took 387.438s, score is -137.000
Preparing algo ...
Test start ...
Test Done ...
rolling 3000, rolling_sigma 7000, sd_coef 5, stop_win 26.7671054495, backtest took 386.865s, score is -415.000
Preparing algo ...
Test start ...
Test Done ...
rolling 3000, rolling_sigma 7000, sd_coef 5, stop_win 32.1205265394, backtest took 386.325s, score is -503.000
Preparing algo ...
Test start ...
Test Done ...
rolling 3000, rolling_sigma 7000, sd_coef 5, stop_win 37.4739476293, backtest took 386.508s, score is -503.000
Preparing algo ...
Test start ...
Test Done ...
rolling 3000, rolling_sigma 7000, sd_coef 5, stop_win 42.8273687192, backtest took 387.078s, score is -503.000
Preparing algo ...
Test start ...
Test Done ...
rolling 3000, rolling_sigma 7000, sd_coef 5, stop_win 48.1807898091, backtest took 386.241s, score is -503.000
Preparing algo ...
Test start ...
Test Done ...
rolling 3000, rolling_sigma 7000, sd_coef 5, stop_win 53.534210899, backtest took 385.685s, score is -503.000
Preparing algo ...
Test start ...
Test Done ...
rolling 3000, rolling_sigma 7000, sd_coef 6, stop_win 5.3534210899, backtest took 385.690s, score is -115.000
Preparing algo ...
Test start ...
Test Done ...
rolling 3000, rolling_sigma 7000, sd_coef 6, stop_win 10.7068421798, backtest took 385.547s, score is -155.000
Preparing algo ...
Test start ...
Test Done ...
rolling 3000, rolling_sigma 7000, sd_coef 6, stop_win 16.0602632697, backtest took 387.672s, score is -167.000
Preparing algo ...
Test start ...
Test Done ...
rolling 3000, rolling_sigma 7000, sd_coef 6, stop_win 21.4136843596, backtest took 385.895s, score is -137.000
Preparing algo ...
Test start ...
Test Done ...
rolling 3000, rolling_sigma 7000, sd_coef 6, stop_win 26.7671054495, backtest took 385.506s, score is -415.000
Preparing algo ...
Test start ...
Test Done ...
rolling 3000, rolling_sigma 7000, sd_coef 6, stop_win 32.1205265394, backtest took 387.411s, score is -503.000
Preparing algo ...
Test start ...
Test Done ...
rolling 3000, rolling_sigma 7000, sd_coef 6, stop_win 37.4739476293, backtest took 387.362s, score is -503.000
Preparing algo ...
Test start ...
Test Done ...
rolling 3000, rolling_sigma 7000, sd_coef 6, stop_win 42.8273687192, backtest took 384.542s, score is -503.000
Preparing algo ...
Test start ...
Test Done ...
rolling 3000, rolling_sigma 7000, sd_coef 6, stop_win 48.1807898091, backtest took 387.581s, score is -503.000
Preparing algo ...
Test start ...
Test Done ...
rolling 3000, rolling_sigma 7000, sd_coef 6, stop_win 53.534210899, backtest took 387.154s, score is -503.000
Preparing algo ...
Test start ...
Test Done ...
rolling 3000, rolling_sigma 7000, sd_coef 7, stop_win 5.3534210899, backtest took 387.897s, score is -115.000
Preparing algo ...
Test start ...
Test Done ...
rolling 3000, rolling_sigma 7000, sd_coef 7, stop_win 10.7068421798, backtest took 385.754s, score is -155.000
Preparing algo ...
Test start ...
Test Done ...
rolling 3000, rolling_sigma 7000, sd_coef 7, stop_win 16.0602632697, backtest took 385.886s, score is -167.000
Preparing algo ...
Test start ...
Test Done ...
rolling 3000, rolling_sigma 7000, sd_coef 7, stop_win 21.4136843596, backtest took 387.247s, score is -127.000
Preparing algo ...
Test start ...
Test Done ...
rolling 3000, rolling_sigma 7000, sd_coef 7, stop_win 26.7671054495, backtest took 386.876s, score is -415.000
Preparing algo ...
Test start ...
Test Done ...
rolling 3000, rolling_sigma 7000, sd_coef 7, stop_win 32.1205265394, backtest took 387.585s, score is -503.000
Preparing algo ...
Test start ...
Test Done ...
rolling 3000, rolling_sigma 7000, sd_coef 7, stop_win 37.4739476293, backtest took 384.507s, score is -503.000
Preparing algo ...
Test start ...
Test Done ...
rolling 3000, rolling_sigma 7000, sd_coef 7, stop_win 42.8273687192, backtest took 387.958s, score is -503.000
Preparing algo ...
Test start ...
Test Done ...
rolling 3000, rolling_sigma 7000, sd_coef 7, stop_win 48.1807898091, backtest took 384.628s, score is -503.000
Preparing algo ...
Test start ...
Test Done ...
rolling 3000, rolling_sigma 7000, sd_coef 7, stop_win 53.534210899, backtest took 385.657s, score is -503.000
Preparing algo ...
Test start ...
Test Done ...
rolling 3000, rolling_sigma 9000, sd_coef 2, stop_win 5.3534210899, backtest took 386.318s, score is -59.000
Preparing algo ...
Test start ...
Test Done ...
rolling 3000, rolling_sigma 9000, sd_coef 2, stop_win 10.7068421798, backtest took 386.868s, score is -191.000
Preparing algo ...
Test start ...
Test Done ...
rolling 3000, rolling_sigma 9000, sd_coef 2, stop_win 16.0602632697, backtest took 386.260s, score is -347.000
Preparing algo ...
Test start ...
Test Done ...
rolling 3000, rolling_sigma 9000, sd_coef 2, stop_win 21.4136843596, backtest took 383.016s, score is -123.000
Preparing algo ...
Test start ...
Test Done ...
rolling 3000, rolling_sigma 9000, sd_coef 2, stop_win 26.7671054495, backtest took 386.337s, score is -371.000
Preparing algo ...
Test start ...
Test Done ...
rolling 3000, rolling_sigma 9000, sd_coef 2, stop_win 32.1205265394, backtest took 385.355s, score is -459.000
Preparing algo ...
Test start ...
Test Done ...
rolling 3000, rolling_sigma 9000, sd_coef 2, stop_win 37.4739476293, backtest took 386.396s, score is -459.000
Preparing algo ...
Test start ...
Test Done ...
rolling 3000, rolling_sigma 9000, sd_coef 2, stop_win 42.8273687192, backtest took 383.716s, score is -459.000
Preparing algo ...
Test start ...
Test Done ...
rolling 3000, rolling_sigma 9000, sd_coef 2, stop_win 48.1807898091, backtest took 385.740s, score is -459.000
Preparing algo ...
Test start ...
Test Done ...
rolling 3000, rolling_sigma 9000, sd_coef 2, stop_win 53.534210899, backtest took 385.912s, score is -459.000
Preparing algo ...
Test start ...
Test Done ...
rolling 3000, rolling_sigma 9000, sd_coef 3, stop_win 5.3534210899, backtest took 386.831s, score is -129.000
Preparing algo ...
Test start ...
Test Done ...
rolling 3000, rolling_sigma 9000, sd_coef 3, stop_win 10.7068421798, backtest took 384.100s, score is -185.000
Preparing algo ...
Test start ...
Test Done ...
rolling 3000, rolling_sigma 9000, sd_coef 3, stop_win 16.0602632697, backtest took 384.846s, score is -321.000
Preparing algo ...
Test start ...
Test Done ...
rolling 3000, rolling_sigma 9000, sd_coef 3, stop_win 21.4136843596, backtest took 387.249s, score is -117.000
Preparing algo ...
Test start ...
Test Done ...
rolling 3000, rolling_sigma 9000, sd_coef 3, stop_win 26.7671054495, backtest took 385.460s, score is -415.000
Preparing algo ...
Test start ...
Test Done ...
rolling 3000, rolling_sigma 9000, sd_coef 3, stop_win 32.1205265394, backtest took 387.675s, score is -503.000
Preparing algo ...
Test start ...
Test Done ...
rolling 3000, rolling_sigma 9000, sd_coef 3, stop_win 37.4739476293, backtest took 387.522s, score is -503.000
Preparing algo ...
Test start ...
Test Done ...
rolling 3000, rolling_sigma 9000, sd_coef 3, stop_win 42.8273687192, backtest took 385.379s, score is -503.000
Preparing algo ...
Test start ...
Test Done ...
rolling 3000, rolling_sigma 9000, sd_coef 3, stop_win 48.1807898091, backtest took 387.065s, score is -503.000
Preparing algo ...
Test start ...
Test Done ...
rolling 3000, rolling_sigma 9000, sd_coef 3, stop_win 53.534210899, backtest took 384.301s, score is -503.000
Preparing algo ...
Test start ...
Test Done ...
rolling 3000, rolling_sigma 9000, sd_coef 4, stop_win 5.3534210899, backtest took 386.454s, score is -147.000
Preparing algo ...
Test start ...
Test Done ...
rolling 3000, rolling_sigma 9000, sd_coef 4, stop_win 10.7068421798, backtest took 387.851s, score is -191.000
Preparing algo ...
Test start ...
Test Done ...
rolling 3000, rolling_sigma 9000, sd_coef 4, stop_win 16.0602632697, backtest took 386.174s, score is -317.000
Preparing algo ...
Test start ...
Test Done ...
rolling 3000, rolling_sigma 9000, sd_coef 4, stop_win 21.4136843596, backtest took 386.539s, score is -133.000
Preparing algo ...
Test start ...
Test Done ...
rolling 3000, rolling_sigma 9000, sd_coef 4, stop_win 26.7671054495, backtest took 386.420s, score is -431.000
Preparing algo ...
Test start ...
Test Done ...
rolling 3000, rolling_sigma 9000, sd_coef 4, stop_win 32.1205265394, backtest took 387.160s, score is -503.000
Preparing algo ...
Test start ...
Test Done ...
rolling 3000, rolling_sigma 9000, sd_coef 4, stop_win 37.4739476293, backtest took 387.128s, score is -503.000
Preparing algo ...
Test start ...
Test Done ...
rolling 3000, rolling_sigma 9000, sd_coef 4, stop_win 42.8273687192, backtest took 386.550s, score is -503.000
Preparing algo ...
Test start ...
Test Done ...
rolling 3000, rolling_sigma 9000, sd_coef 4, stop_win 48.1807898091, backtest took 383.688s, score is -503.000
Preparing algo ...
Test start ...
Test Done ...
rolling 3000, rolling_sigma 9000, sd_coef 4, stop_win 53.534210899, backtest took 386.922s, score is -503.000
Preparing algo ...
Test start ...
Test Done ...
rolling 3000, rolling_sigma 9000, sd_coef 5, stop_win 5.3534210899, backtest took 387.337s, score is -199.000
Preparing algo ...
Test start ...
Test Done ...
rolling 3000, rolling_sigma 9000, sd_coef 5, stop_win 10.7068421798, backtest took 387.533s, score is -191.000
Preparing algo ...
Test start ...
Test Done ...
rolling 3000, rolling_sigma 9000, sd_coef 5, stop_win 16.0602632697, backtest took 384.454s, score is -327.000
Preparing algo ...
Test start ...
Test Done ...
rolling 3000, rolling_sigma 9000, sd_coef 5, stop_win 21.4136843596, backtest took 385.045s, score is -133.000
Preparing algo ...
Test start ...
Test Done ...
rolling 3000, rolling_sigma 9000, sd_coef 5, stop_win 26.7671054495, backtest took 387.636s, score is -431.000
Preparing algo ...
Test start ...
Test Done ...
rolling 3000, rolling_sigma 9000, sd_coef 5, stop_win 32.1205265394, backtest took 385.182s, score is -503.000
Preparing algo ...
Test start ...
Test Done ...
rolling 3000, rolling_sigma 9000, sd_coef 5, stop_win 37.4739476293, backtest took 387.435s, score is -503.000
Preparing algo ...
Test start ...
Test Done ...
rolling 3000, rolling_sigma 9000, sd_coef 5, stop_win 42.8273687192, backtest took 387.654s, score is -503.000
Preparing algo ...
Test start ...
Test Done ...
rolling 3000, rolling_sigma 9000, sd_coef 5, stop_win 48.1807898091, backtest took 385.905s, score is -503.000
Preparing algo ...
Test start ...
Test Done ...
rolling 3000, rolling_sigma 9000, sd_coef 5, stop_win 53.534210899, backtest took 387.231s, score is -503.000
Preparing algo ...
Test start ...
Test Done ...
rolling 3000, rolling_sigma 9000, sd_coef 6, stop_win 5.3534210899, backtest took 384.607s, score is -205.000
Preparing algo ...
Test start ...
Test Done ...
rolling 3000, rolling_sigma 9000, sd_coef 6, stop_win 10.7068421798, backtest took 385.239s, score is -191.000
Preparing algo ...
Test start ...
Test Done ...
rolling 3000, rolling_sigma 9000, sd_coef 6, stop_win 16.0602632697, backtest took 387.558s, score is -317.000
Preparing algo ...
Test start ...
Test Done ...
rolling 3000, rolling_sigma 9000, sd_coef 6, stop_win 21.4136843596, backtest took 387.506s, score is -133.000
Preparing algo ...
Test start ...
Test Done ...
rolling 3000, rolling_sigma 9000, sd_coef 6, stop_win 26.7671054495, backtest took 387.625s, score is -431.000
Preparing algo ...
Test start ...
Test Done ...
rolling 3000, rolling_sigma 9000, sd_coef 6, stop_win 32.1205265394, backtest took 387.394s, score is -503.000
Preparing algo ...
Test start ...
Test Done ...
rolling 3000, rolling_sigma 9000, sd_coef 6, stop_win 37.4739476293, backtest took 388.545s, score is -503.000
Preparing algo ...
Test start ...
Test Done ...
rolling 3000, rolling_sigma 9000, sd_coef 6, stop_win 42.8273687192, backtest took 386.985s, score is -503.000
Preparing algo ...
Test start ...
Test Done ...
rolling 3000, rolling_sigma 9000, sd_coef 6, stop_win 48.1807898091, backtest took 387.218s, score is -503.000
Preparing algo ...
Test start ...
Test Done ...
rolling 3000, rolling_sigma 9000, sd_coef 6, stop_win 53.534210899, backtest took 385.384s, score is -503.000
Preparing algo ...
Test start ...
Test Done ...
rolling 3000, rolling_sigma 9000, sd_coef 7, stop_win 5.3534210899, backtest took 390.016s, score is -211.000
Preparing algo ...
Test start ...
Test Done ...
rolling 3000, rolling_sigma 9000, sd_coef 7, stop_win 10.7068421798, backtest took 387.954s, score is -279.000
Preparing algo ...
Test start ...
Test Done ...
rolling 3000, rolling_sigma 9000, sd_coef 7, stop_win 16.0602632697, backtest took 388.727s, score is -297.000
Preparing algo ...
Test start ...
Test Done ...
rolling 3000, rolling_sigma 9000, sd_coef 7, stop_win 21.4136843596, backtest took 385.369s, score is -117.000
Preparing algo ...
Test start ...
Test Done ...
rolling 3000, rolling_sigma 9000, sd_coef 7, stop_win 26.7671054495, backtest took 386.695s, score is -415.000
Preparing algo ...
Test start ...
Test Done ...
rolling 3000, rolling_sigma 9000, sd_coef 7, stop_win 32.1205265394, backtest took 388.248s, score is -503.000
Preparing algo ...
Test start ...
Test Done ...
rolling 3000, rolling_sigma 9000, sd_coef 7, stop_win 37.4739476293, backtest took 385.817s, score is -503.000
Preparing algo ...
Test start ...
Test Done ...
rolling 3000, rolling_sigma 9000, sd_coef 7, stop_win 42.8273687192, backtest took 388.631s, score is -503.000
Preparing algo ...
Test start ...
Test Done ...
rolling 3000, rolling_sigma 9000, sd_coef 7, stop_win 48.1807898091, backtest took 388.155s, score is -503.000
Preparing algo ...
Test start ...
Test Done ...
rolling 3000, rolling_sigma 9000, sd_coef 7, stop_win 53.534210899, backtest took 385.728s, score is -503.000
Preparing algo ...
Test start ...
Test Done ...
rolling 5000, rolling_sigma 1000, sd_coef 2, stop_win 5.3534210899, backtest took 389.601s, score is -291.000
Preparing algo ...
Test start ...
Test Done ...
rolling 5000, rolling_sigma 1000, sd_coef 2, stop_win 10.7068421798, backtest took 386.010s, score is -413.000
Preparing algo ...
Test start ...
Test Done ...
rolling 5000, rolling_sigma 1000, sd_coef 2, stop_win 16.0602632697, backtest took 387.570s, score is -257.000
Preparing algo ...
Test start ...
Test Done ...
rolling 5000, rolling_sigma 1000, sd_coef 2, stop_win 21.4136843596, backtest took 389.107s, score is -375.000
Preparing algo ...
Test start ...
Test Done ...
rolling 5000, rolling_sigma 1000, sd_coef 2, stop_win 26.7671054495, backtest took 388.023s, score is -375.000
Preparing algo ...
Test start ...
Test Done ...
rolling 5000, rolling_sigma 1000, sd_coef 2, stop_win 32.1205265394, backtest took 388.067s, score is -479.000
Preparing algo ...
Test start ...
Test Done ...
rolling 5000, rolling_sigma 1000, sd_coef 2, stop_win 37.4739476293, backtest took 388.493s, score is -479.000
Preparing algo ...
Test start ...
Test Done ...
rolling 5000, rolling_sigma 1000, sd_coef 2, stop_win 42.8273687192, backtest took 390.518s, score is -479.000
Preparing algo ...
Test start ...
Test Done ...
rolling 5000, rolling_sigma 1000, sd_coef 2, stop_win 48.1807898091, backtest took 389.535s, score is -479.000
Preparing algo ...
Test start ...
Test Done ...
rolling 5000, rolling_sigma 1000, sd_coef 2, stop_win 53.534210899, backtest took 389.715s, score is -479.000
Preparing algo ...
Test start ...
Test Done ...
rolling 5000, rolling_sigma 1000, sd_coef 3, stop_win 5.3534210899, backtest took 386.126s, score is -301.000
Preparing algo ...
Test start ...
Test Done ...
rolling 5000, rolling_sigma 1000, sd_coef 3, stop_win 10.7068421798, backtest took 389.218s, score is -427.000
Preparing algo ...
Test start ...
Test Done ...
rolling 5000, rolling_sigma 1000, sd_coef 3, stop_win 16.0602632697, backtest took 389.300s, score is -351.000
Preparing algo ...
Test start ...
Test Done ...
rolling 5000, rolling_sigma 1000, sd_coef 3, stop_win 21.4136843596, backtest took 389.208s, score is -389.000
Preparing algo ...
Test start ...
Test Done ...
rolling 5000, rolling_sigma 1000, sd_coef 3, stop_win 26.7671054495, backtest took 386.771s, score is -415.000
Preparing algo ...
Test start ...
Test Done ...
rolling 5000, rolling_sigma 1000, sd_coef 3, stop_win 32.1205265394, backtest took 388.614s, score is -503.000
Preparing algo ...
Test start ...
Test Done ...
rolling 5000, rolling_sigma 1000, sd_coef 3, stop_win 37.4739476293, backtest took 389.158s, score is -503.000
Preparing algo ...
Test start ...
Test Done ...
rolling 5000, rolling_sigma 1000, sd_coef 3, stop_win 42.8273687192, backtest took 388.208s, score is -503.000
Preparing algo ...
Test start ..