Reading configs ...
Reading data ...
x is a1505: 2589538 entries from 34 days
y is a1509: 1590870 entries from 34 days
Preparing data ...
Preparing algo ...
Test start ...
Test Done ...
rolling 1000, rolling_sigma 1000, sd_coef 2, stop_win 6.86081995806, backtest took 330.966s, score is 360.000
Preparing algo ...
Test start ...
Test Done ...
rolling 1000, rolling_sigma 1000, sd_coef 2, stop_win 13.7216399161, backtest took 330.827s, score is 570.000
Preparing algo ...
Test start ...
Test Done ...
rolling 1000, rolling_sigma 1000, sd_coef 2, stop_win 20.5824598742, backtest took 331.897s, score is 632.000
Preparing algo ...
Test start ...
Test Done ...
rolling 1000, rolling_sigma 1000, sd_coef 2, stop_win 27.4432798322, backtest took 330.821s, score is 386.000
Preparing algo ...
Test start ...
Test Done ...
rolling 1000, rolling_sigma 1000, sd_coef 2, stop_win 34.3040997903, backtest took 330.957s, score is 654.000
Preparing algo ...
Test start ...
Test Done ...
rolling 1000, rolling_sigma 1000, sd_coef 2, stop_win 41.1649197484, backtest took 329.246s, score is 724.000
Preparing algo ...
Test start ...
Test Done ...
rolling 1000, rolling_sigma 1000, sd_coef 2, stop_win 48.0257397064, backtest took 329.822s, score is 894.000
Preparing algo ...
Test start ...
Test Done ...
rolling 1000, rolling_sigma 1000, sd_coef 2, stop_win 54.8865596645, backtest took 332.772s, score is 390.000
Preparing algo ...
Test start ...
Test Done ...
rolling 1000, rolling_sigma 1000, sd_coef 2, stop_win 61.7473796225, backtest took 330.504s, score is 550.000
Preparing algo ...
Test start ...
Test Done ...
rolling 1000, rolling_sigma 1000, sd_coef 2, stop_win 68.6081995806, backtest took 330.670s, score is 650.000
Preparing algo ...
Test start ...
Test Done ...
rolling 1000, rolling_sigma 1000, sd_coef 3, stop_win 6.86081995806, backtest took 329.921s, score is 898.000
Preparing algo ...
Test start ...
Test Done ...
rolling 1000, rolling_sigma 1000, sd_coef 3, stop_win 13.7216399161, backtest took 331.044s, score is 902.000
Preparing algo ...
Test start ...
Test Done ...
rolling 1000, rolling_sigma 1000, sd_coef 3, stop_win 20.5824598742, backtest took 330.773s, score is 950.000
Preparing algo ...
Test start ...
Test Done ...
rolling 1000, rolling_sigma 1000, sd_coef 3, stop_win 27.4432798322, backtest took 330.856s, score is 888.000
Preparing algo ...
Test start ...
Test Done ...
rolling 1000, rolling_sigma 1000, sd_coef 3, stop_win 34.3040997903, backtest took 329.820s, score is 724.000
Preparing algo ...
Test start ...
Test Done ...
rolling 1000, rolling_sigma 1000, sd_coef 3, stop_win 41.1649197484, backtest took 329.946s, score is 842.000
Preparing algo ...
Test start ...
Test Done ...
rolling 1000, rolling_sigma 1000, sd_coef 3, stop_win 48.0257397064, backtest took 331.032s, score is 1054.000
Preparing algo ...
Test start ...
Test Done ...
rolling 1000, rolling_sigma 1000, sd_coef 3, stop_win 54.8865596645, backtest took 330.363s, score is 600.000
Preparing algo ...
Test start ...
Test Done ...
rolling 1000, rolling_sigma 1000, sd_coef 3, stop_win 61.7473796225, backtest took 329.681s, score is 670.000
Preparing algo ...
Test start ...
Test Done ...
rolling 1000, rolling_sigma 1000, sd_coef 3, stop_win 68.6081995806, backtest took 330.766s, score is 740.000
Preparing algo ...
Test start ...
Test Done ...
rolling 1000, rolling_sigma 1000, sd_coef 4, stop_win 6.86081995806, backtest took 332.037s, score is 742.000
Preparing algo ...
Test start ...
Test Done ...
rolling 1000, rolling_sigma 1000, sd_coef 4, stop_win 13.7216399161, backtest took 331.949s, score is 694.000
Preparing algo ...
Test start ...
Test Done ...
rolling 1000, rolling_sigma 1000, sd_coef 4, stop_win 20.5824598742, backtest took 331.357s, score is 930.000
Preparing algo ...
Test start ...
Test Done ...
rolling 1000, rolling_sigma 1000, sd_coef 4, stop_win 27.4432798322, backtest took 330.399s, score is 674.000
Preparing algo ...
Test start ...
Test Done ...
rolling 1000, rolling_sigma 1000, sd_coef 4, stop_win 34.3040997903, backtest took 331.257s, score is 854.000
Preparing algo ...
Test start ...
Test Done ...
rolling 1000, rolling_sigma 1000, sd_coef 4, stop_win 41.1649197484, backtest took 329.954s, score is 862.000
Preparing algo ...
Test start ...
Test Done ...
rolling 1000, rolling_sigma 1000, sd_coef 4, stop_win 48.0257397064, backtest took 330.440s, score is 964.000
Preparing algo ...
Test start ...
Test Done ...
rolling 1000, rolling_sigma 1000, sd_coef 4, stop_win 54.8865596645, backtest took 331.329s, score is 660.000
Preparing algo ...
Test start ...
Test Done ...
rolling 1000, rolling_sigma 1000, sd_coef 4, stop_win 61.7473796225, backtest took 330.686s, score is 730.000
Preparing algo ...
Test start ...
Test Done ...
rolling 1000, rolling_sigma 1000, sd_coef 4, stop_win 68.6081995806, backtest took 330.344s, score is 800.000
Preparing algo ...
Test start ...
Test Done ...
rolling 1000, rolling_sigma 1000, sd_coef 5, stop_win 6.86081995806, backtest took 333.695s, score is 484.000
Preparing algo ...
Test start ...
Test Done ...
rolling 1000, rolling_sigma 1000, sd_coef 5, stop_win 13.7216399161, backtest took 332.447s, score is 290.000
Preparing algo ...
Test start ...
Test Done ...
rolling 1000, rolling_sigma 1000, sd_coef 5, stop_win 20.5824598742, backtest took 331.116s, score is 594.000
Preparing algo ...
Test start ...
Test Done ...
rolling 1000, rolling_sigma 1000, sd_coef 5, stop_win 27.4432798322, backtest took 329.580s, score is 522.000
Preparing algo ...
Test start ...
Test Done ...
rolling 1000, rolling_sigma 1000, sd_coef 5, stop_win 34.3040997903, backtest took 330.455s, score is 536.000
Preparing algo ...
Test start ...
Test Done ...
rolling 1000, rolling_sigma 1000, sd_coef 5, stop_win 41.1649197484, backtest took 331.721s, score is 812.000
Preparing algo ...
Test start ...
Test Done ...
rolling 1000, rolling_sigma 1000, sd_coef 5, stop_win 48.0257397064, backtest took 329.698s, score is 470.000
Preparing algo ...
Test start ...
Test Done ...
rolling 1000, rolling_sigma 1000, sd_coef 5, stop_win 54.8865596645, backtest took 330.864s, score is 520.000
Preparing algo ...
Test start ...
Test Done ...
rolling 1000, rolling_sigma 1000, sd_coef 5, stop_win 61.7473796225, backtest took 329.468s, score is 590.000
Preparing algo ...
Test start ...
Test Done ...
rolling 1000, rolling_sigma 1000, sd_coef 5, stop_win 68.6081995806, backtest took 330.834s, score is 660.000
Preparing algo ...
Test start ...
Test Done ...
rolling 1000, rolling_sigma 1000, sd_coef 6, stop_win 6.86081995806, backtest took 333.835s, score is 246.000
Preparing algo ...
Test start ...
Test Done ...
rolling 1000, rolling_sigma 1000, sd_coef 6, stop_win 13.7216399161, backtest took 333.646s, score is 198.000
Preparing algo ...
Test start ...
Test Done ...
rolling 1000, rolling_sigma 1000, sd_coef 6, stop_win 20.5824598742, backtest took 331.925s, score is 306.000
Preparing algo ...
Test start ...
Test Done ...
rolling 1000, rolling_sigma 1000, sd_coef 6, stop_win 27.4432798322, backtest took 332.780s, score is 466.000
Preparing algo ...
Test start ...
Test Done ...
rolling 1000, rolling_sigma 1000, sd_coef 6, stop_win 34.3040997903, backtest took 330.545s, score is 606.000
Preparing algo ...
Test start ...
Test Done ...
rolling 1000, rolling_sigma 1000, sd_coef 6, stop_win 41.1649197484, backtest took 330.804s, score is 822.000
Preparing algo ...
Test start ...
Test Done ...
rolling 1000, rolling_sigma 1000, sd_coef 6, stop_win 48.0257397064, backtest took 329.695s, score is 480.000
Preparing algo ...
Test start ...
Test Done ...
rolling 1000, rolling_sigma 1000, sd_coef 6, stop_win 54.8865596645, backtest took 331.007s, score is 530.000
Preparing algo ...
Test start ...
Test Done ...
rolling 1000, rolling_sigma 1000, sd_coef 6, stop_win 61.7473796225, backtest took 329.643s, score is 600.000
Preparing algo ...
Test start ...
Test Done ...
rolling 1000, rolling_sigma 1000, sd_coef 6, stop_win 68.6081995806, backtest took 331.114s, score is 670.000
Preparing algo ...
Test start ...
Test Done ...
rolling 1000, rolling_sigma 1000, sd_coef 7, stop_win 6.86081995806, backtest took 336.458s, score is 522.000
Preparing algo ...
Test start ...
Test Done ...
rolling 1000, rolling_sigma 1000, sd_coef 7, stop_win 13.7216399161, backtest took 334.408s, score is 468.000
Preparing algo ...
Test start ...
Test Done ...
rolling 1000, rolling_sigma 1000, sd_coef 7, stop_win 20.5824598742, backtest took 333.218s, score is 556.000
Preparing algo ...
Test start ...
Test Done ...
rolling 1000, rolling_sigma 1000, sd_coef 7, stop_win 27.4432798322, backtest took 332.258s, score is 684.000
Preparing algo ...
Test start ...
Test Done ...
rolling 1000, rolling_sigma 1000, sd_coef 7, stop_win 34.3040997903, backtest took 333.920s, score is 824.000
Preparing algo ...
Test start ...
Test Done ...
rolling 1000, rolling_sigma 1000, sd_coef 7, stop_win 41.1649197484, backtest took 331.230s, score is 1002.000
Preparing algo ...
Test start ...
Test Done ...
rolling 1000, rolling_sigma 1000, sd_coef 7, stop_win 48.0257397064, backtest took 333.510s, score is 1142.000
Preparing algo ...
Test start ...
Test Done ...
rolling 1000, rolling_sigma 1000, sd_coef 7, stop_win 54.8865596645, backtest took 330.537s, score is 730.000
Preparing algo ...
Test start ...
Test Done ...
rolling 1000, rolling_sigma 1000, sd_coef 7, stop_win 61.7473796225, backtest took 331.187s, score is 790.000
Preparing algo ...
Test start ...
Test Done ...
rolling 1000, rolling_sigma 1000, sd_coef 7, stop_win 68.6081995806, backtest took 331.519s, score is 860.000
Preparing algo ...
Test start ...
Test Done ...
rolling 1000, rolling_sigma 3000, sd_coef 2, stop_win 6.86081995806, backtest took 333.654s, score is 260.000
Preparing algo ...
Test start ...
Test Done ...
rolling 1000, rolling_sigma 3000, sd_coef 2, stop_win 13.7216399161, backtest took 331.981s, score is 414.000
Preparing algo ...
Test start ...
Test Done ...
rolling 1000, rolling_sigma 3000, sd_coef 2, stop_win 20.5824598742, backtest took 330.708s, score is 330.000
Preparing algo ...
Test start ...
Test Done ...
rolling 1000, rolling_sigma 3000, sd_coef 2, stop_win 27.4432798322, backtest took 331.324s, score is 274.000
Preparing algo ...
Test start ...
Test Done ...
rolling 1000, rolling_sigma 3000, sd_coef 2, stop_win 34.3040997903, backtest took 333.829s, score is 414.000
Preparing algo ...
Test start ...
Test Done ...
rolling 1000, rolling_sigma 3000, sd_coef 2, stop_win 41.1649197484, backtest took 331.594s, score is 672.000
Preparing algo ...
Test start ...
Test Done ...
rolling 1000, rolling_sigma 3000, sd_coef 2, stop_win 48.0257397064, backtest took 331.046s, score is 212.000
Preparing algo ...
Test start ...
Test Done ...
rolling 1000, rolling_sigma 3000, sd_coef 2, stop_win 54.8865596645, backtest took 332.439s, score is 272.000
Preparing algo ...
Test start ...
Test Done ...
rolling 1000, rolling_sigma 3000, sd_coef 2, stop_win 61.7473796225, backtest took 330.777s, score is 342.000
Preparing algo ...
Test start ...
Test Done ...
rolling 1000, rolling_sigma 3000, sd_coef 2, stop_win 68.6081995806, backtest took 333.177s, score is 492.000
Preparing algo ...
Test start ...
Test Done ...
rolling 1000, rolling_sigma 3000, sd_coef 3, stop_win 6.86081995806, backtest took 332.735s, score is 184.000
Preparing algo ...
Test start ...
Test Done ...
rolling 1000, rolling_sigma 3000, sd_coef 3, stop_win 13.7216399161, backtest took 332.715s, score is 290.000
Preparing algo ...
Test start ...
Test Done ...
rolling 1000, rolling_sigma 3000, sd_coef 3, stop_win 20.5824598742, backtest took 332.799s, score is -56.000
Preparing algo ...
Test start ...
Test Done ...
rolling 1000, rolling_sigma 3000, sd_coef 3, stop_win 27.4432798322, backtest took 331.290s, score is 152.000
Preparing algo ...
Test start ...
Test Done ...
rolling 1000, rolling_sigma 3000, sd_coef 3, stop_win 34.3040997903, backtest took 331.962s, score is 328.000
Preparing algo ...
Test start ...
Test Done ...
rolling 1000, rolling_sigma 3000, sd_coef 3, stop_win 41.1649197484, backtest took 332.199s, score is 56.000
Preparing algo ...
Test start ...
Test Done ...
rolling 1000, rolling_sigma 3000, sd_coef 3, stop_win 48.0257397064, backtest took 332.023s, score is 116.000
Preparing algo ...
Test start ...
Test Done ...
rolling 1000, rolling_sigma 3000, sd_coef 3, stop_win 54.8865596645, backtest took 332.855s, score is 176.000
Preparing algo ...
Test start ...
Test Done ...
rolling 1000, rolling_sigma 3000, sd_coef 3, stop_win 61.7473796225, backtest took 330.361s, score is 246.000
Preparing algo ...
Test start ...
Test Done ...
rolling 1000, rolling_sigma 3000, sd_coef 3, stop_win 68.6081995806, backtest took 333.139s, score is 434.000
Preparing algo ...
Test start ...
Test Done ...
rolling 1000, rolling_sigma 3000, sd_coef 4, stop_win 6.86081995806, backtest took 331.784s, score is 76.000
Preparing algo ...
Test start ...
Test Done ...
rolling 1000, rolling_sigma 3000, sd_coef 4, stop_win 13.7216399161, backtest took 332.514s, score is 434.000
Preparing algo ...
Test start ...
Test Done ...
rolling 1000, rolling_sigma 3000, sd_coef 4, stop_win 20.5824598742, backtest took 333.041s, score is 416.000
Preparing algo ...
Test start ...
Test Done ...
rolling 1000, rolling_sigma 3000, sd_coef 4, stop_win 27.4432798322, backtest took 332.092s, score is 332.000
Preparing algo ...
Test start ...
Test Done ...
rolling 1000, rolling_sigma 3000, sd_coef 4, stop_win 34.3040997903, backtest took 330.191s, score is 472.000
Preparing algo ...
Test start ...
Test Done ...
rolling 1000, rolling_sigma 3000, sd_coef 4, stop_win 41.1649197484, backtest took 331.590s, score is 730.000
Preparing algo ...
Test start ...
Test Done ...
rolling 1000, rolling_sigma 3000, sd_coef 4, stop_win 48.0257397064, backtest took 331.084s, score is 270.000
Preparing algo ...
Test start ...
Test Done ...
rolling 1000, rolling_sigma 3000, sd_coef 4, stop_win 54.8865596645, backtest took 332.792s, score is 330.000
Preparing algo ...
Test start ...
Test Done ...
rolling 1000, rolling_sigma 3000, sd_coef 4, stop_win 61.7473796225, backtest took 330.817s, score is 400.000
Preparing algo ...
Test start ...
Test Done ...
rolling 1000, rolling_sigma 3000, sd_coef 4, stop_win 68.6081995806, backtest took 330.397s, score is 570.000
Preparing algo ...
Test start ...
Test Done ...
rolling 1000, rolling_sigma 3000, sd_coef 5, stop_win 6.86081995806, backtest took 332.318s, score is 22.000
Preparing algo ...
Test start ...
Test Done ...
rolling 1000, rolling_sigma 3000, sd_coef 5, stop_win 13.7216399161, backtest took 334.247s, score is 290.000
Preparing algo ...
Test start ...
Test Done ...
rolling 1000, rolling_sigma 3000, sd_coef 5, stop_win 20.5824598742, backtest took 332.090s, score is 304.000
Preparing algo ...
Test start ...
Test Done ...
rolling 1000, rolling_sigma 3000, sd_coef 5, stop_win 27.4432798322, backtest took 330.761s, score is 240.000
Preparing algo ...
Test start ...
Test Done ...
rolling 1000, rolling_sigma 3000, sd_coef 5, stop_win 34.3040997903, backtest took 332.676s, score is 414.000
Preparing algo ...
Test start ...
Test Done ...
rolling 1000, rolling_sigma 3000, sd_coef 5, stop_win 41.1649197484, backtest took 331.733s, score is 644.000
Preparing algo ...
Test start ...
Test Done ...
rolling 1000, rolling_sigma 3000, sd_coef 5, stop_win 48.0257397064, backtest took 332.475s, score is 188.000
Preparing algo ...
Test start ...
Test Done ...
rolling 1000, rolling_sigma 3000, sd_coef 5, stop_win 54.8865596645, backtest took 333.549s, score is 238.000
Preparing algo ...
Test start ...
Test Done ...
rolling 1000, rolling_sigma 3000, sd_coef 5, stop_win 61.7473796225, backtest took 331.903s, score is 308.000
Preparing algo ...
Test start ...
Test Done ...
rolling 1000, rolling_sigma 3000, sd_coef 5, stop_win 68.6081995806, backtest took 332.748s, score is 378.000
Preparing algo ...
Test start ...
Test Done ...
rolling 1000, rolling_sigma 3000, sd_coef 6, stop_win 6.86081995806, backtest took 333.622s, score is 72.000
Preparing algo ...
Test start ...
Test Done ...
rolling 1000, rolling_sigma 3000, sd_coef 6, stop_win 13.7216399161, backtest took 334.442s, score is 330.000
Preparing algo ...
Test start ...
Test Done ...
rolling 1000, rolling_sigma 3000, sd_coef 6, stop_win 20.5824598742, backtest took 331.795s, score is 292.000
Preparing algo ...
Test start ...
Test Done ...
rolling 1000, rolling_sigma 3000, sd_coef 6, stop_win 27.4432798322, backtest took 332.983s, score is 280.000
Preparing algo ...
Test start ...
Test Done ...
rolling 1000, rolling_sigma 3000, sd_coef 6, stop_win 34.3040997903, backtest took 332.949s, score is 420.000
Preparing algo ...
Test start ...
Test Done ...
rolling 1000, rolling_sigma 3000, sd_coef 6, stop_win 41.1649197484, backtest took 331.567s, score is 644.000
Preparing algo ...
Test start ...
Test Done ...
rolling 1000, rolling_sigma 3000, sd_coef 6, stop_win 48.0257397064, backtest took 333.257s, score is 176.000
Preparing algo ...
Test start ...
Test Done ...
rolling 1000, rolling_sigma 3000, sd_coef 6, stop_win 54.8865596645, backtest took 332.301s, score is 226.000
Preparing algo ...
Test start ...
Test Done ...
rolling 1000, rolling_sigma 3000, sd_coef 6, stop_win 61.7473796225, backtest took 332.562s, score is 296.000
Preparing algo ...
Test start ...
Test Done ...
rolling 1000, rolling_sigma 3000, sd_coef 6, stop_win 68.6081995806, backtest took 333.802s, score is 366.000
Preparing algo ...
Test start ...
Test Done ...
rolling 1000, rolling_sigma 3000, sd_coef 7, stop_win 6.86081995806, backtest took 333.750s, score is 28.000
Preparing algo ...
Test start ...
Test Done ...
rolling 1000, rolling_sigma 3000, sd_coef 7, stop_win 13.7216399161, backtest took 334.460s, score is 240.000
Preparing algo ...
Test start ...
Test Done ...
rolling 1000, rolling_sigma 3000, sd_coef 7, stop_win 20.5824598742, backtest took 332.102s, score is 292.000
Preparing algo ...
Test start ...
Test Done ...
rolling 1000, rolling_sigma 3000, sd_coef 7, stop_win 27.4432798322, backtest took 333.957s, score is 262.000
Preparing algo ...
Test start ...
Test Done ...
rolling 1000, rolling_sigma 3000, sd_coef 7, stop_win 34.3040997903, backtest took 331.608s, score is 402.000
Preparing algo ...
Test start ...
Test Done ...
rolling 1000, rolling_sigma 3000, sd_coef 7, stop_win 41.1649197484, backtest took 331.959s, score is 644.000
Preparing algo ...
Test start ...
Test Done ...
rolling 1000, rolling_sigma 3000, sd_coef 7, stop_win 48.0257397064, backtest took 332.442s, score is 176.000
Preparing algo ...
Test start ...
Test Done ...
rolling 1000, rolling_sigma 3000, sd_coef 7, stop_win 54.8865596645, backtest took 333.880s, score is 226.000
Preparing algo ...
Test start ...
Test Done ...
rolling 1000, rolling_sigma 3000, sd_coef 7, stop_win 61.7473796225, backtest took 333.051s, score is 296.000
Preparing algo ...
Test start ...
Test Done ...
rolling 1000, rolling_sigma 3000, sd_coef 7, stop_win 68.6081995806, backtest took 331.185s, score is 366.000
Preparing algo ...
Test start ...
Test Done ...
rolling 1000, rolling_sigma 5000, sd_coef 2, stop_win 6.86081995806, backtest took 331.489s, score is 196.000
Preparing algo ...
Test start ...
Test Done ...
rolling 1000, rolling_sigma 5000, sd_coef 2, stop_win 13.7216399161, backtest took 332.317s, score is 232.000
Preparing algo ...
Test start ...
Test Done ...
rolling 1000, rolling_sigma 5000, sd_coef 2, stop_win 20.5824598742, backtest took 331.467s, score is 166.000
Preparing algo ...
Test start ...
Test Done ...
rolling 1000, rolling_sigma 5000, sd_coef 2, stop_win 27.4432798322, backtest took 331.530s, score is 308.000
Preparing algo ...
Test start ...
Test Done ...
rolling 1000, rolling_sigma 5000, sd_coef 2, stop_win 34.3040997903, backtest took 331.631s, score is 418.000
Preparing algo ...
Test start ...
Test Done ...
rolling 1000, rolling_sigma 5000, sd_coef 2, stop_win 41.1649197484, backtest took 331.008s, score is 174.000
Preparing algo ...
Test start ...
Test Done ...
rolling 1000, rolling_sigma 5000, sd_coef 2, stop_win 48.0257397064, backtest took 330.749s, score is 234.000
Preparing algo ...
Test start ...
Test Done ...
rolling 1000, rolling_sigma 5000, sd_coef 2, stop_win 54.8865596645, backtest took 333.156s, score is 294.000
Preparing algo ...
Test start ...
Test Done ...
rolling 1000, rolling_sigma 5000, sd_coef 2, stop_win 61.7473796225, backtest took 331.032s, score is 364.000
Preparing algo ...
Test start ...
Test Done ...
rolling 1000, rolling_sigma 5000, sd_coef 2, stop_win 68.6081995806, backtest took 332.303s, score is 480.000
Preparing algo ...
Test start ...
Test Done ...
rolling 1000, rolling_sigma 5000, sd_coef 3, stop_win 6.86081995806, backtest took 331.708s, score is 208.000
Preparing algo ...
Test start ...
Test Done ...
rolling 1000, rolling_sigma 5000, sd_coef 3, stop_win 13.7216399161, backtest took 333.259s, score is 260.000
Preparing algo ...
Test start ...
Test Done ...
rolling 1000, rolling_sigma 5000, sd_coef 3, stop_win 20.5824598742, backtest took 331.830s, score is 168.000
Preparing algo ...
Test start ...
Test Done ...
rolling 1000, rolling_sigma 5000, sd_coef 3, stop_win 27.4432798322, backtest took 330.662s, score is 334.000
Preparing algo ...
Test start ...
Test Done ...
rolling 1000, rolling_sigma 5000, sd_coef 3, stop_win 34.3040997903, backtest took 332.685s, score is 426.000
Preparing algo ...
Test start ...
Test Done ...
rolling 1000, rolling_sigma 5000, sd_coef 3, stop_win 41.1649197484, backtest took 330.634s, score is 192.000
Preparing algo ...
Test start ...
Test Done ...
rolling 1000, rolling_sigma 5000, sd_coef 3, stop_win 48.0257397064, backtest took 331.596s, score is 262.000
Preparing algo ...
Test start ...
Test Done ...
rolling 1000, rolling_sigma 5000, sd_coef 3, stop_win 54.8865596645, backtest took 331.148s, score is 322.000
Preparing algo ...
Test start ...
Test Done ...
rolling 1000, rolling_sigma 5000, sd_coef 3, stop_win 61.7473796225, backtest took 333.207s, score is 392.000
Preparing algo ...
Test start ...
Test Done ...
rolling 1000, rolling_sigma 5000, sd_coef 3, stop_win 68.6081995806, backtest took 330.692s, score is 482.000
Preparing algo ...
Test start ...
Test Done ...
rolling 1000, rolling_sigma 5000, sd_coef 4, stop_win 6.86081995806, backtest took 334.172s, score is 282.000
Preparing algo ...
Test start ...
Test Done ...
rolling 1000, rolling_sigma 5000, sd_coef 4, stop_win 13.7216399161, backtest took 332.040s, score is 408.000
Preparing algo ...
Test start ...
Test Done ...
rolling 1000, rolling_sigma 5000, sd_coef 4, stop_win 20.5824598742, backtest took 333.077s, score is 188.000
Preparing algo ...
Test start ...
Test Done ...
rolling 1000, rolling_sigma 5000, sd_coef 4, stop_win 27.4432798322, backtest took 331.602s, score is 334.000
Preparing algo ...
Test start ...
Test Done ...
rolling 1000, rolling_sigma 5000, sd_coef 4, stop_win 34.3040997903, backtest took 333.175s, score is 426.000
Preparing algo ...
Test start ...
Test Done ...
rolling 1000, rolling_sigma 5000, sd_coef 4, stop_win 41.1649197484, backtest took 333.249s, score is 192.000
Preparing algo ...
Test start ...
Test Done ...
rolling 1000, rolling_sigma 5000, sd_coef 4, stop_win 48.0257397064, backtest took 331.727s, score is 262.000
Preparing algo ...
Test start ...
Test Done ...
rolling 1000, rolling_sigma 5000, sd_coef 4, stop_win 54.8865596645, backtest took 331.120s, score is 322.000
Preparing algo ...
Test start ...
Test Done ...
rolling 1000, rolling_sigma 5000, sd_coef 4, stop_win 61.7473796225, backtest took 333.355s, score is 392.000
Preparing algo ...
Test start ...
Test Done ...
rolling 1000, rolling_sigma 5000, sd_coef 4, stop_win 68.6081995806, backtest took 331.391s, score is 482.000
Preparing algo ...
Test start ...
Test Done ...
rolling 1000, rolling_sigma 5000, sd_coef 5, stop_win 6.86081995806, backtest took 334.066s, score is 102.000
Preparing algo ...
Test start ...
Test Done ...
rolling 1000, rolling_sigma 5000, sd_coef 5, stop_win 13.7216399161, backtest took 331.740s, score is 368.000
Preparing algo ...
Test start ...
Test Done ...
rolling 1000, rolling_sigma 5000, sd_coef 5, stop_win 20.5824598742, backtest took 334.249s, score is 340.000
Preparing algo ...
Test start ...
Test Done ...
rolling 1000, rolling_sigma 5000, sd_coef 5, stop_win 27.4432798322, backtest took 331.977s, score is 308.000
Preparing algo ...
Test start ...
Test Done ...
rolling 1000, rolling_sigma 5000, sd_coef 5, stop_win 34.3040997903, backtest took 333.097s, score is 426.000
Preparing algo ...
Test start ...
Test Done ...
rolling 1000, rolling_sigma 5000, sd_coef 5, stop_win 41.1649197484, backtest took 331.537s, score is 586.000
Preparing algo ...
Test start ...
Test Done ...
rolling 1000, rolling_sigma 5000, sd_coef 5, stop_win 48.0257397064, backtest took 332.701s, score is 262.000
Preparing algo ...
Test start ...
Test Done ...
rolling 1000, rolling_sigma 5000, sd_coef 5, stop_win 54.8865596645, backtest took 332.014s, score is 322.000
Preparing algo ...
Test start ...
Test Done ...
rolling 1000, rolling_sigma 5000, sd_coef 5, stop_win 61.7473796225, backtest took 333.044s, score is 392.000
Preparing algo ...
Test start ...
Test Done ...
rolling 1000, rolling_sigma 5000, sd_coef 5, stop_win 68.6081995806, backtest took 333.132s, score is 462.000
Preparing algo ...
Test start ...
Test Done ...
rolling 1000, rolling_sigma 5000, sd_coef 6, stop_win 6.86081995806, backtest took 334.039s, score is 28.000
Preparing algo ...
Test start ...
Test Done ...
rolling 1000, rolling_sigma 5000, sd_coef 6, stop_win 13.7216399161, backtest took 332.493s, score is 184.000
Preparing algo ...
Test start ...
Test Done ...
rolling 1000, rolling_sigma 5000, sd_coef 6, stop_win 20.5824598742, backtest took 333.715s, score is 368.000
Preparing algo ...
Test start ...
Test Done ...
rolling 1000, rolling_sigma 5000, sd_coef 6, stop_win 27.4432798322, backtest took 333.731s, score is 220.000
Preparing algo ...
Test start ...
Test Done ...
rolling 1000, rolling_sigma 5000, sd_coef 6, stop_win 34.3040997903, backtest took 333.087s, score is 446.000
Preparing algo ...
Test start ...
Test Done ...
rolling 1000, rolling_sigma 5000, sd_coef 6, stop_win 41.1649197484, backtest took 332.454s, score is 606.000
Preparing algo ...
Test start ...
Test Done ...
rolling 1000, rolling_sigma 5000, sd_coef 6, stop_win 48.0257397064, backtest took 331.189s, score is 262.000
Preparing algo ...
Test start ...
Test Done ...
rolling 1000, rolling_sigma 5000, sd_coef 6, stop_win 54.8865596645, backtest took 333.909s, score is 322.000
Preparing algo ...
Test start ...
Test Done ...
rolling 1000, rolling_sigma 5000, sd_coef 6, stop_win 61.7473796225, backtest took 331.086s, score is 392.000
Preparing algo ...
Test start ...
Test Done ...
rolling 1000, rolling_sigma 5000, sd_coef 6, stop_win 68.6081995806, backtest took 333.614s, score is 462.000
Preparing algo ...
Test start ...
Test Done ...
rolling 1000, rolling_sigma 5000, sd_coef 7, stop_win 6.86081995806, backtest took 332.407s, score is -34.000
Preparing algo ...
Test start ...
Test Done ...
rolling 1000, rolling_sigma 5000, sd_coef 7, stop_win 13.7216399161, backtest took 333.417s, score is 184.000
Preparing algo ...
Test start ...
Test Done ...
rolling 1000, rolling_sigma 5000, sd_coef 7, stop_win 20.5824598742, backtest took 333.235s, score is 368.000
Preparing algo ...
Test start ...
Test Done ...
rolling 1000, rolling_sigma 5000, sd_coef 7, stop_win 27.4432798322, backtest took 334.685s, score is 220.000
Preparing algo ...
Test start ...
Test Done ...
rolling 1000, rolling_sigma 5000, sd_coef 7, stop_win 34.3040997903, backtest took 332.243s, score is 446.000
Preparing algo ...
Test start ...
Test Done ...
rolling 1000, rolling_sigma 5000, sd_coef 7, stop_win 41.1649197484, backtest took 330.975s, score is 606.000
Preparing algo ...
Test start ...
Test Done ...
rolling 1000, rolling_sigma 5000, sd_coef 7, stop_win 48.0257397064, backtest took 332.525s, score is 262.000
Preparing algo ...
Test start ...
Test Done ...
rolling 1000, rolling_sigma 5000, sd_coef 7, stop_win 54.8865596645, backtest took 334.551s, score is 322.000
Preparing algo ...
Test start ...
Test Done ...
rolling 1000, rolling_sigma 5000, sd_coef 7, stop_win 61.7473796225, backtest took 332.160s, score is 392.000
Preparing algo ...
Test start ...
Test Done ...
rolling 1000, rolling_sigma 5000, sd_coef 7, stop_win 68.6081995806, backtest took 331.342s, score is 462.000
Preparing algo ...
Test start ...
Test Done ...
rolling 1000, rolling_sigma 7000, sd_coef 2, stop_win 6.86081995806, backtest took 333.230s, score is 538.000
Preparing algo ...
Test start ...
Test Done ...
rolling 1000, rolling_sigma 7000, sd_coef 2, stop_win 13.7216399161, backtest took 331.236s, score is 572.000
Preparing algo ...
Test start ...
Test Done ...
rolling 1000, rolling_sigma 7000, sd_coef 2, stop_win 20.5824598742, backtest took 333.141s, score is 198.000
Preparing algo ...
Test start ...
Test Done ...
rolling 1000, rolling_sigma 7000, sd_coef 2, stop_win 27.4432798322, backtest took 331.384s, score is 350.000
Preparing algo ...
Test start ...
Test Done ...
rolling 1000, rolling_sigma 7000, sd_coef 2, stop_win 34.3040997903, backtest took 332.194s, score is 472.000
Preparing algo ...
Test start ...
Test Done ...
rolling 1000, rolling_sigma 7000, sd_coef 2, stop_win 41.1649197484, backtest took 333.025s, score is 216.000
Preparing algo ...
Test start ...
Test Done ...
rolling 1000, rolling_sigma 7000, sd_coef 2, stop_win 48.0257397064, backtest took 330.656s, score is 276.000
Preparing algo ...
Test start ...
Test Done ...
rolling 1000, rolling_sigma 7000, sd_coef 2, stop_win 54.8865596645, backtest took 332.045s, score is 336.000
Preparing algo ...
Test start ...
Test Done ...
rolling 1000, rolling_sigma 7000, sd_coef 2, stop_win 61.7473796225, backtest took 331.803s, score is 406.000
Preparing algo ...
Test start ...
Test Done ...
rolling 1000, rolling_sigma 7000, sd_coef 2, stop_win 68.6081995806, backtest took 331.433s, score is 476.000
Preparing algo ...
Test start ...
Test Done ...
rolling 1000, rolling_sigma 7000, sd_coef 3, stop_win 6.86081995806, backtest took 333.106s, score is 568.000
Preparing algo ...
Test start ...
Test Done ...
rolling 1000, rolling_sigma 7000, sd_coef 3, stop_win 13.7216399161, backtest took 331.609s, score is 612.000
Preparing algo ...
Test start ...
Test Done ...
rolling 1000, rolling_sigma 7000, sd_coef 3, stop_win 20.5824598742, backtest took 332.741s, score is 206.000
Preparing algo ...
Test start ...
Test Done ...
rolling 1000, rolling_sigma 7000, sd_coef 3, stop_win 27.4432798322, backtest took 331.007s, score is 330.000
Preparing algo ...
Test start ...
Test Done ...
rolling 1000, rolling_sigma 7000, sd_coef 3, stop_win 34.3040997903, backtest took 331.834s, score is 482.000
Preparing algo ...
Test start ...
Test Done ...
rolling 1000, rolling_sigma 7000, sd_coef 3, stop_win 41.1649197484, backtest took 332.276s, score is 224.000
Preparing algo ...
Test start ...
Test Done ...
rolling 1000, rolling_sigma 7000, sd_coef 3, stop_win 48.0257397064, backtest took 332.493s, score is 284.000
Preparing algo ...
Test start ...
Test Done ...
rolling 1000, rolling_sigma 7000, sd_coef 3, stop_win 54.8865596645, backtest took 330.712s, score is 344.000
Preparing algo ...
Test start ...
Test Done ...
rolling 1000, rolling_sigma 7000, sd_coef 3, stop_win 61.7473796225, backtest took 331.885s, score is 414.000
Preparing algo ...
Test start ...
Test Done ...
rolling 1000, rolling_sigma 7000, sd_coef 3, stop_win 68.6081995806, backtest took 323.292s, score is 484.000
Preparing algo ...
Test start ...
Test Done ...
rolling 1000, rolling_sigma 7000, sd_coef 4, stop_win 6.86081995806, backtest took 325.836s, score is 508.000
Preparing algo ...
Test start ...
Test Done ...
rolling 1000, rolling_sigma 7000, sd_coef 4, stop_win 13.7216399161, backtest took 329.746s, score is 746.000
Preparing algo ...
Test start ...
Test Done ...
rolling 1000, rolling_sigma 7000, sd_coef 4, stop_win 20.5824598742, backtest took 329.919s, score is 322.000
Preparing algo ...
Test start ...
Test Done ...
rolling 1000, rolling_sigma 7000, sd_coef 4, stop_win 27.4432798322, backtest took 330.631s, score is 466.000
Preparing algo ...
Test start ...
Test Done ...
rolling 1000, rolling_sigma 7000, sd_coef 4, stop_win 34.3040997903, backtest took 332.635s, score is 616.000
Preparing algo ...
Test start ...
Test Done ...
rolling 1000, rolling_sigma 7000, sd_coef 4, stop_win 41.1649197484, backtest took 330.872s, score is 766.000
Preparing algo ...
Test start ...
Test Done ...
rolling 1000, rolling_sigma 7000, sd_