/work/rqiao/HFdata/my_utils.py:40: UserWarning: day_list1 not equal to day_list2
  warnings.warn('day_list1 not equal to day_list2')
Reading configs ...
Reading data ...
x is m1505: 3210151 entries from 34 days
y is m1509: 2870499 entries from 34 days
Preparing data ...
Preparing algo ...
Test start ...
Test Done ...
rolling 1000, sd_coef 2, stop_win 5.3534210899, backtest took 316.701s, score is -32609.000
Preparing algo ...
Test start ...
Test Done ...
rolling 1000, sd_coef 2, stop_win 10.7068421798, backtest took 317.865s, score is -32609.000
Preparing algo ...
Test start ...
Test Done ...
rolling 1000, sd_coef 2, stop_win 16.0602632697, backtest took 319.156s, score is -32609.000
Preparing algo ...
Test start ...
Test Done ...
rolling 1000, sd_coef 2, stop_win 21.4136843596, backtest took 324.110s, score is -32609.000
Preparing algo ...
Test start ...
Test Done ...
rolling 1000, sd_coef 2, stop_win 26.7671054495, backtest took 332.163s, score is -32609.000
Preparing algo ...
Test start ...
Test Done ...
rolling 1000, sd_coef 2, stop_win 32.1205265394, backtest took 340.579s, score is -32609.000
Preparing algo ...
Test start ...
Test Done ...
rolling 1000, sd_coef 2, stop_win 37.4739476293, backtest took 337.058s, score is -32609.000
Preparing algo ...
Test start ...
Test Done ...
rolling 1000, sd_coef 2, stop_win 42.8273687192, backtest took 337.284s, score is -32609.000
Preparing algo ...
Test start ...
Test Done ...
rolling 1000, sd_coef 2, stop_win 48.1807898091, backtest took 337.063s, score is -32609.000
Preparing algo ...
Test start ...
Test Done ...
rolling 1000, sd_coef 2, stop_win 53.534210899, backtest took 339.880s, score is -32609.000
Preparing algo ...
Test start ...
Test Done ...
rolling 1000, sd_coef 3, stop_win 5.3534210899, backtest took 336.622s, score is -14387.000
Preparing algo ...
Test start ...
Test Done ...
rolling 1000, sd_coef 3, stop_win 10.7068421798, backtest took 338.643s, score is -14387.000
Preparing algo ...
Test start ...
Test Done ...
rolling 1000, sd_coef 3, stop_win 16.0602632697, backtest took 336.841s, score is -14387.000
Preparing algo ...
Test start ...
Test Done ...
rolling 1000, sd_coef 3, stop_win 21.4136843596, backtest took 337.213s, score is -14387.000
Preparing algo ...
Test start ...
Test Done ...
rolling 1000, sd_coef 3, stop_win 26.7671054495, backtest took 335.788s, score is -14387.000
Preparing algo ...
Test start ...
Test Done ...
rolling 1000, sd_coef 3, stop_win 32.1205265394, backtest took 337.512s, score is -14387.000
Preparing algo ...
Test start ...
Test Done ...
rolling 1000, sd_coef 3, stop_win 37.4739476293, backtest took 336.228s, score is -14387.000
Preparing algo ...
Test start ...
Test Done ...
rolling 1000, sd_coef 3, stop_win 42.8273687192, backtest took 337.866s, score is -14387.000
Preparing algo ...
Test start ...
Test Done ...
rolling 1000, sd_coef 3, stop_win 48.1807898091, backtest took 338.371s, score is -14387.000
Preparing algo ...
Test start ...
Test Done ...
rolling 1000, sd_coef 3, stop_win 53.534210899, backtest took 338.498s, score is -14387.000
Preparing algo ...
Test start ...
Test Done ...
rolling 1000, sd_coef 4, stop_win 5.3534210899, backtest took 340.107s, score is -6935.000
Preparing algo ...
Test start ...
Test Done ...
rolling 1000, sd_coef 4, stop_win 10.7068421798, backtest took 337.898s, score is -6935.000
Preparing algo ...
Test start ...
Test Done ...
rolling 1000, sd_coef 4, stop_win 16.0602632697, backtest took 337.858s, score is -6935.000
Preparing algo ...
Test start ...
Test Done ...
rolling 1000, sd_coef 4, stop_win 21.4136843596, backtest took 336.564s, score is -6935.000
Preparing algo ...
Test start ...
Test Done ...
rolling 1000, sd_coef 4, stop_win 26.7671054495, backtest took 335.330s, score is -6935.000
Preparing algo ...
Test start ...
Test Done ...
rolling 1000, sd_coef 4, stop_win 32.1205265394, backtest took 337.429s, score is -6935.000
Preparing algo ...
Test start ...
Test Done ...
rolling 1000, sd_coef 4, stop_win 37.4739476293, backtest took 337.147s, score is -6935.000
Preparing algo ...
Test start ...
Test Done ...
rolling 1000, sd_coef 4, stop_win 42.8273687192, backtest took 337.710s, score is -6935.000
Preparing algo ...
Test start ...
Test Done ...
rolling 1000, sd_coef 4, stop_win 48.1807898091, backtest took 337.073s, score is -6935.000
Preparing algo ...
Test start ...
Test Done ...
rolling 1000, sd_coef 4, stop_win 53.534210899, backtest took 338.275s, score is -6935.000
Preparing algo ...
Test start ...
Test Done ...
rolling 1000, sd_coef 5, stop_win 5.3534210899, backtest took 335.285s, score is -4290.000
Preparing algo ...
Test start ...
Test Done ...
rolling 1000, sd_coef 5, stop_win 10.7068421798, backtest took 336.746s, score is -4290.000
Preparing algo ...
Test start ...
Test Done ...
rolling 1000, sd_coef 5, stop_win 16.0602632697, backtest took 336.542s, score is -4290.000
Preparing algo ...
Test start ...
Test Done ...
rolling 1000, sd_coef 5, stop_win 21.4136843596, backtest took 337.009s, score is -4290.000
Preparing algo ...
Test start ...
Test Done ...
rolling 1000, sd_coef 5, stop_win 26.7671054495, backtest took 336.236s, score is -4290.000
Preparing algo ...
Test start ...
Test Done ...
rolling 1000, sd_coef 5, stop_win 32.1205265394, backtest took 336.084s, score is -4290.000
Preparing algo ...
Test start ...
Test Done ...
rolling 1000, sd_coef 5, stop_win 37.4739476293, backtest took 337.947s, score is -4290.000
Preparing algo ...
Test start ...
Test Done ...
rolling 1000, sd_coef 5, stop_win 42.8273687192, backtest took 337.917s, score is -4290.000
Preparing algo ...
Test start ...
Test Done ...
rolling 1000, sd_coef 5, stop_win 48.1807898091, backtest took 336.384s, score is -4290.000
Preparing algo ...
Test start ...
Test Done ...
rolling 1000, sd_coef 5, stop_win 53.534210899, backtest took 336.864s, score is -4290.000
Preparing algo ...
Test start ...
Test Done ...
rolling 1000, sd_coef 6, stop_win 5.3534210899, backtest took 337.572s, score is -3321.000
Preparing algo ...
Test start ...
Test Done ...
rolling 1000, sd_coef 6, stop_win 10.7068421798, backtest took 337.917s, score is -3321.000
Preparing algo ...
Test start ...
Test Done ...
rolling 1000, sd_coef 6, stop_win 16.0602632697, backtest took 337.501s, score is -3321.000
Preparing algo ...
Test start ...
Test Done ...
rolling 1000, sd_coef 6, stop_win 21.4136843596, backtest took 336.612s, score is -3321.000
Preparing algo ...
Test start ...
Test Done ...
rolling 1000, sd_coef 6, stop_win 26.7671054495, backtest took 337.286s, score is -3321.000
Preparing algo ...
Test start ...
Test Done ...
rolling 1000, sd_coef 6, stop_win 32.1205265394, backtest took 338.990s, score is -3321.000
Preparing algo ...
Test start ...
Test Done ...
rolling 1000, sd_coef 6, stop_win 37.4739476293, backtest took 339.000s, score is -3321.000
Preparing algo ...
Test start ...
Test Done ...
rolling 1000, sd_coef 6, stop_win 42.8273687192, backtest took 337.880s, score is -3321.000
Preparing algo ...
Test start ...
Test Done ...
rolling 1000, sd_coef 6, stop_win 48.1807898091, backtest took 337.633s, score is -3321.000
Preparing algo ...
Test start ...
Test Done ...
rolling 1000, sd_coef 6, stop_win 53.534210899, backtest took 338.213s, score is -3321.000
Preparing algo ...
Test start ...
Test Done ...
rolling 1000, sd_coef 7, stop_win 5.3534210899, backtest took 339.107s, score is -2997.000
Preparing algo ...
Test start ...
Test Done ...
rolling 1000, sd_coef 7, stop_win 10.7068421798, backtest took 339.256s, score is -2997.000
Preparing algo ...
Test start ...
Test Done ...
rolling 1000, sd_coef 7, stop_win 16.0602632697, backtest took 337.816s, score is -2997.000
Preparing algo ...
Test start ...
Test Done ...
rolling 1000, sd_coef 7, stop_win 21.4136843596, backtest took 339.546s, score is -2997.000
Preparing algo ...
Test start ...
Test Done ...
rolling 1000, sd_coef 7, stop_win 26.7671054495, backtest took 338.140s, score is -2997.000
Preparing algo ...
Test start ...
Test Done ...
rolling 1000, sd_coef 7, stop_win 32.1205265394, backtest took 339.392s, score is -2997.000
Preparing algo ...
Test start ...
Test Done ...
rolling 1000, sd_coef 7, stop_win 37.4739476293, backtest took 337.665s, score is -2997.000
Preparing algo ...
Test start ...
Test Done ...
rolling 1000, sd_coef 7, stop_win 42.8273687192, backtest took 338.434s, score is -2997.000
Preparing algo ...
Test start ...
Test Done ...
rolling 1000, sd_coef 7, stop_win 48.1807898091, backtest took 338.113s, score is -2997.000
Preparing algo ...
Test start ...
Test Done ...
rolling 1000, sd_coef 7, stop_win 53.534210899, backtest took 336.363s, score is -2997.000
Preparing algo ...
Test start ...
Test Done ...
rolling 3000, sd_coef 2, stop_win 5.3534210899, backtest took 335.807s, score is -10511.000
Preparing algo ...
Test start ...
Test Done ...
rolling 3000, sd_coef 2, stop_win 10.7068421798, backtest took 336.060s, score is -10511.000
Preparing algo ...
Test start ...
Test Done ...
rolling 3000, sd_coef 2, stop_win 16.0602632697, backtest took 335.914s, score is -10511.000
Preparing algo ...
Test start ...
Test Done ...
rolling 3000, sd_coef 2, stop_win 21.4136843596, backtest took 335.153s, score is -10511.000
Preparing algo ...
Test start ...
Test Done ...
rolling 3000, sd_coef 2, stop_win 26.7671054495, backtest took 337.742s, score is -10511.000
Preparing algo ...
Test start ...
Test Done ...
rolling 3000, sd_coef 2, stop_win 32.1205265394, backtest took 337.014s, score is -10511.000
Preparing algo ...
Test start ...
Test Done ...
rolling 3000, sd_coef 2, stop_win 37.4739476293, backtest took 335.558s, score is -10511.000
Preparing algo ...
Test start ...
Test Done ...
rolling 3000, sd_coef 2, stop_win 42.8273687192, backtest took 338.316s, score is -10511.000
Preparing algo ...
Test start ...
Test Done ...
rolling 3000, sd_coef 2, stop_win 48.1807898091, backtest took 335.548s, score is -10511.000
Preparing algo ...
Test start ...
Test Done ...
rolling 3000, sd_coef 2, stop_win 53.534210899, backtest took 335.015s, score is -10511.000
Preparing algo ...
Test start ...
Test Done ...
rolling 3000, sd_coef 3, stop_win 5.3534210899, backtest took 336.275s, score is -2517.000
Preparing algo ...
Test start ...
Test Done ...
rolling 3000, sd_coef 3, stop_win 10.7068421798, backtest took 336.101s, score is -2517.000
Preparing algo ...
Test start ...
Test Done ...
rolling 3000, sd_coef 3, stop_win 16.0602632697, backtest took 336.055s, score is -2517.000
Preparing algo ...
Test start ...
Test Done ...
rolling 3000, sd_coef 3, stop_win 21.4136843596, backtest took 332.783s, score is -2517.000
Preparing algo ...
Test start ...
Test Done ...
rolling 3000, sd_coef 3, stop_win 26.7671054495, backtest took 340.752s, score is -2517.000
Preparing algo ...
Test start ...
Test Done ...
rolling 3000, sd_coef 3, stop_win 32.1205265394, backtest took 337.129s, score is -2517.000
Preparing algo ...
Test start ...
Test Done ...
rolling 3000, sd_coef 3, stop_win 37.4739476293, backtest took 337.414s, score is -2517.000
Preparing algo ...
Test start ...
Test Done ...
rolling 3000, sd_coef 3, stop_win 42.8273687192, backtest took 339.184s, score is -2517.000
Preparing algo ...
Test start ...
Test Done ...
rolling 3000, sd_coef 3, stop_win 48.1807898091, backtest took 338.667s, score is -2517.000
Preparing algo ...
Test start ...
Test Done ...
rolling 3000, sd_coef 3, stop_win 53.534210899, backtest took 336.690s, score is -2517.000
Preparing algo ...
Test start ...
Test Done ...
rolling 3000, sd_coef 4, stop_win 5.3534210899, backtest took 335.855s, score is -881.000
Preparing algo ...
Test start ...
Test Done ...
rolling 3000, sd_coef 4, stop_win 10.7068421798, backtest took 337.103s, score is -881.000
Preparing algo ...
Test start ...
Test Done ...
rolling 3000, sd_coef 4, stop_win 16.0602632697, backtest took 337.326s, score is -881.000
Preparing algo ...
Test start ...
Test Done ...
rolling 3000, sd_coef 4, stop_win 21.4136843596, backtest took 338.361s, score is -881.000
Preparing algo ...
Test start ...
Test Done ...
rolling 3000, sd_coef 4, stop_win 26.7671054495, backtest took 336.762s, score is -881.000
Preparing algo ...
Test start ...
Test Done ...
rolling 3000, sd_coef 4, stop_win 32.1205265394, backtest took 337.736s, score is -881.000
Preparing algo ...
Test start ...
Test Done ...
rolling 3000, sd_coef 4, stop_win 37.4739476293, backtest took 336.014s, score is -881.000
Preparing algo ...
Test start ...
Test Done ...
rolling 3000, sd_coef 4, stop_win 42.8273687192, backtest took 337.038s, score is -881.000
Preparing algo ...
Test start ...
Test Done ...
rolling 3000, sd_coef 4, stop_win 48.1807898091, backtest took 335.919s, score is -881.000
Preparing algo ...
Test start ...
Test Done ...
rolling 3000, sd_coef 4, stop_win 53.534210899, backtest took 335.853s, score is -881.000
Preparing algo ...
Test start ...
Test Done ...
rolling 3000, sd_coef 5, stop_win 5.3534210899, backtest took 336.679s, score is 149.000
Preparing algo ...
Test start ...
Test Done ...
rolling 3000, sd_coef 5, stop_win 10.7068421798, backtest took 335.555s, score is 149.000
Preparing algo ...
Test start ...
Test Done ...
rolling 3000, sd_coef 5, stop_win 16.0602632697, backtest took 337.620s, score is 149.000
Preparing algo ...
Test start ...
Test Done ...
rolling 3000, sd_coef 5, stop_win 21.4136843596, backtest took 335.603s, score is 149.000
Preparing algo ...
Test start ...
Test Done ...
rolling 3000, sd_coef 5, stop_win 26.7671054495, backtest took 336.636s, score is 149.000
Preparing algo ...
Test start ...
Test Done ...
rolling 3000, sd_coef 5, stop_win 32.1205265394, backtest took 335.992s, score is 149.000
Preparing algo ...
Test start ...
Test Done ...
rolling 3000, sd_coef 5, stop_win 37.4739476293, backtest took 337.730s, score is 149.000
Preparing algo ...
Test start ...
Test Done ...
rolling 3000, sd_coef 5, stop_win 42.8273687192, backtest took 335.688s, score is 149.000
Preparing algo ...
Test start ...
Test Done ...
rolling 3000, sd_coef 5, stop_win 48.1807898091, backtest took 336.046s, score is 149.000
Preparing algo ...
Test start ...
Test Done ...
rolling 3000, sd_coef 5, stop_win 53.534210899, backtest took 337.864s, score is 149.000
Preparing algo ...
Test start ...
Test Done ...
rolling 3000, sd_coef 6, stop_win 5.3534210899, backtest took 337.403s, score is -314.000
Preparing algo ...
Test start ...
Test Done ...
rolling 3000, sd_coef 6, stop_win 10.7068421798, backtest took 335.821s, score is -314.000
Preparing algo ...
Test start ...
Test Done ...
rolling 3000, sd_coef 6, stop_win 16.0602632697, backtest took 336.200s, score is -314.000
Preparing algo ...
Test start ...
Test Done ...
rolling 3000, sd_coef 6, stop_win 21.4136843596, backtest took 336.500s, score is -314.000
Preparing algo ...
Test start ...
Test Done ...
rolling 3000, sd_coef 6, stop_win 26.7671054495, backtest took 335.391s, score is -314.000
Preparing algo ...
Test start ...
Test Done ...
rolling 3000, sd_coef 6, stop_win 32.1205265394, backtest took 334.929s, score is -314.000
Preparing algo ...
Test start ...
Test Done ...
rolling 3000, sd_coef 6, stop_win 37.4739476293, backtest took 336.114s, score is -314.000
Preparing algo ...
Test start ...
Test Done ...
rolling 3000, sd_coef 6, stop_win 42.8273687192, backtest took 336.171s, score is -314.000
Preparing algo ...
Test start ...
Test Done ...
rolling 3000, sd_coef 6, stop_win 48.1807898091, backtest took 334.595s, score is -314.000
Preparing algo ...
Test start ...
Test Done ...
rolling 3000, sd_coef 6, stop_win 53.534210899, backtest took 336.691s, score is -314.000
Preparing algo ...
Test start ...
Test Done ...
rolling 3000, sd_coef 7, stop_win 5.3534210899, backtest took 333.995s, score is -727.000
Preparing algo ...
Test start ...
Test Done ...
rolling 3000, sd_coef 7, stop_win 10.7068421798, backtest took 335.687s, score is -727.000
Preparing algo ...
Test start ...
Test Done ...
rolling 3000, sd_coef 7, stop_win 16.0602632697, backtest took 335.164s, score is -727.000
Preparing algo ...
Test start ...
Test Done ...
rolling 3000, sd_coef 7, stop_win 21.4136843596, backtest took 336.902s, score is -727.000
Preparing algo ...
Test start ...
Test Done ...
rolling 3000, sd_coef 7, stop_win 26.7671054495, backtest took 334.430s, score is -727.000
Preparing algo ...
Test start ...
Test Done ...
rolling 3000, sd_coef 7, stop_win 32.1205265394, backtest took 336.143s, score is -727.000
Preparing algo ...
Test start ...
Test Done ...
rolling 3000, sd_coef 7, stop_win 37.4739476293, backtest took 335.259s, score is -727.000
Preparing algo ...
Test start ...
Test Done ...
rolling 3000, sd_coef 7, stop_win 42.8273687192, backtest took 336.743s, score is -727.000
Preparing algo ...
Test start ...
Test Done ...
rolling 3000, sd_coef 7, stop_win 48.1807898091, backtest took 334.312s, score is -727.000
Preparing algo ...
Test start ...
Test Done ...
rolling 3000, sd_coef 7, stop_win 53.534210899, backtest took 335.047s, score is -727.000
Preparing algo ...
Test start ...
Test Done ...
rolling 5000, sd_coef 2, stop_win 5.3534210899, backtest took 334.954s, score is -5389.000
Preparing algo ...
Test start ...
Test Done ...
rolling 5000, sd_coef 2, stop_win 10.7068421798, backtest took 336.709s, score is -5389.000
Preparing algo ...
Test start ...
Test Done ...
rolling 5000, sd_coef 2, stop_win 16.0602632697, backtest took 335.068s, score is -5389.000
Preparing algo ...
Test start ...
Test Done ...
rolling 5000, sd_coef 2, stop_win 21.4136843596, backtest took 333.692s, score is -5389.000
Preparing algo ...
Test start ...
Test Done ...
rolling 5000, sd_coef 2, stop_win 26.7671054495, backtest took 335.510s, score is -5389.000
Preparing algo ...
Test start ...
Test Done ...
rolling 5000, sd_coef 2, stop_win 32.1205265394, backtest took 333.646s, score is -5389.000
Preparing algo ...
Test start ...
Test Done ...
rolling 5000, sd_coef 2, stop_win 37.4739476293, backtest took 334.752s, score is -5389.000
Preparing algo ...
Test start ...
Test Done ...
rolling 5000, sd_coef 2, stop_win 42.8273687192, backtest took 334.171s, score is -5389.000
Preparing algo ...
Test start ...
Test Done ...
rolling 5000, sd_coef 2, stop_win 48.1807898091, backtest took 332.980s, score is -5389.000
Preparing algo ...
Test start ...
Test Done ...
rolling 5000, sd_coef 2, stop_win 53.534210899, backtest took 336.694s, score is -5389.000
Preparing algo ...
Test start ...
Test Done ...
rolling 5000, sd_coef 3, stop_win 5.3534210899, backtest took 334.777s, score is -1209.000
Preparing algo ...
Test start ...
Test Done ...
rolling 5000, sd_coef 3, stop_win 10.7068421798, backtest took 335.143s, score is -1209.000
Preparing algo ...
Test start ...
Test Done ...
rolling 5000, sd_coef 3, stop_win 16.0602632697, backtest took 335.980s, score is -1209.000
Preparing algo ...
Test start ...
Test Done ...
rolling 5000, sd_coef 3, stop_win 21.4136843596, backtest took 335.981s, score is -1209.000
Preparing algo ...
Test start ...
Test Done ...
rolling 5000, sd_coef 3, stop_win 26.7671054495, backtest took 334.648s, score is -1209.000
Preparing algo ...
Test start ...
Test Done ...
rolling 5000, sd_coef 3, stop_win 32.1205265394, backtest took 337.007s, score is -1209.000
Preparing algo ...
Test start ...
Test Done ...
rolling 5000, sd_coef 3, stop_win 37.4739476293, backtest took 337.001s, score is -1209.000
Preparing algo ...
Test start ...
Test Done ...
rolling 5000, sd_coef 3, stop_win 42.8273687192, backtest took 334.969s, score is -1209.000
Preparing algo ...
Test start ...
Test Done ...
rolling 5000, sd_coef 3, stop_win 48.1807898091, backtest took 337.074s, score is -1209.000
Preparing algo ...
Test start ...
Test Done ...
rolling 5000, sd_coef 3, stop_win 53.534210899, backtest took 334.300s, score is -1209.000
Preparing algo ...
Test start ...
Test Done ...
rolling 5000, sd_coef 4, stop_win 5.3534210899, backtest took 335.636s, score is -277.000
Preparing algo ...
Test start ...
Test Done ...
rolling 5000, sd_coef 4, stop_win 10.7068421798, backtest took 336.069s, score is -277.000
Preparing algo ...
Test start ...
Test Done ...
rolling 5000, sd_coef 4, stop_win 16.0602632697, backtest took 335.380s, score is -277.000
Preparing algo ...
Test start ...
Test Done ...
rolling 5000, sd_coef 4, stop_win 21.4136843596, backtest took 334.724s, score is -277.000
Preparing algo ...
Test start ...
Test Done ...
rolling 5000, sd_coef 4, stop_win 26.7671054495, backtest took 336.686s, score is -277.000
Preparing algo ...
Test start ...
Test Done ...
rolling 5000, sd_coef 4, stop_win 32.1205265394, backtest took 335.483s, score is -277.000
Preparing algo ...
Test start ...
Test Done ...
rolling 5000, sd_coef 4, stop_win 37.4739476293, backtest took 336.151s, score is -277.000
Preparing algo ...
Test start ...
Test Done ...
rolling 5000, sd_coef 4, stop_win 42.8273687192, backtest took 334.168s, score is -277.000
Preparing algo ...
Test start ...
Test Done ...
rolling 5000, sd_coef 4, stop_win 48.1807898091, backtest took 336.893s, score is -277.000
Preparing algo ...
Test start ...
Test Done ...
rolling 5000, sd_coef 4, stop_win 53.534210899, backtest took 334.679s, score is -277.000
Preparing algo ...
Test start ...
Test Done ...
rolling 5000, sd_coef 5, stop_win 5.3534210899, backtest took 336.420s, score is 779.000
Preparing algo ...
Test start ...
Test Done ...
rolling 5000, sd_coef 5, stop_win 10.7068421798, backtest took 335.019s, score is 779.000
Preparing algo ...
Test start ...
Test Done ...
rolling 5000, sd_coef 5, stop_win 16.0602632697, backtest took 336.011s, score is 779.000
Preparing algo ...
Test start ...
Test Done ...
rolling 5000, sd_coef 5, stop_win 21.4136843596, backtest took 335.866s, score is 779.000
Preparing algo ...
Test start ...
Test Done ...
rolling 5000, sd_coef 5, stop_win 26.7671054495, backtest took 335.729s, score is 779.000
Preparing algo ...
Test start ...
Test Done ...
rolling 5000, sd_coef 5, stop_win 32.1205265394, backtest took 333.969s, score is 779.000
Preparing algo ...
Test start ...
Test Done ...
rolling 5000, sd_coef 5, stop_win 37.4739476293, backtest took 334.543s, score is 779.000
Preparing algo ...
Test start ...
Test Done ...
rolling 5000, sd_coef 5, stop_win 42.8273687192, backtest took 335.465s, score is 779.000
Preparing algo ...
Test start ...
Test Done ...
rolling 5000, sd_coef 5, stop_win 48.1807898091, backtest took 335.871s, score is 779.000
Preparing algo ...
Test start ...
Test Done ...
rolling 5000, sd_coef 5, stop_win 53.534210899, backtest took 336.447s, score is 779.000
Preparing algo ...
Test start ...
Test Done ...
rolling 5000, sd_coef 6, stop_win 5.3534210899, backtest took 335.796s, score is 5.000
Preparing algo ...
Test start ...
Test Done ...
rolling 5000, sd_coef 6, stop_win 10.7068421798, backtest took 334.389s, score is 5.000
Preparing algo ...
Test start ...
Test Done ...
rolling 5000, sd_coef 6, stop_win 16.0602632697, backtest took 335.493s, score is 5.000
Preparing algo ...
Test start ...
Test Done ...
rolling 5000, sd_coef 6, stop_win 21.4136843596, backtest took 335.323s, score is 5.000
Preparing algo ...
Test start ...
Test Done ...
rolling 5000, sd_coef 6, stop_win 26.7671054495, backtest took 334.058s, score is 5.000
Preparing algo ...
Test start ...
Test Done ...
rolling 5000, sd_coef 6, stop_win 32.1205265394, backtest took 337.219s, score is 5.000
Preparing algo ...
Test start ...
Test Done ...
rolling 5000, sd_coef 6, stop_win 37.4739476293, backtest took 334.231s, score is 5.000
Preparing algo ...
Test start ...
Test Done ...
rolling 5000, sd_coef 6, stop_win 42.8273687192, backtest took 334.705s, score is 5.000
Preparing algo ...
Test start ...
Test Done ...
rolling 5000, sd_coef 6, stop_win 48.1807898091, backtest took 335.646s, score is 5.000
Preparing algo ...
Test start ...
Test Done ...
rolling 5000, sd_coef 6, stop_win 53.534210899, backtest took 336.625s, score is 5.000
Preparing algo ...
Test start ...
Test Done ...
rolling 5000, sd_coef 7, stop_win 5.3534210899, backtest took 327.886s, score is -483.000
Preparing algo ...
Test start ...
Test Done ...
rolling 5000, sd_coef 7, stop_win 10.7068421798, backtest took 329.214s, score is -483.000
Preparing algo ...
Test start ...
Test Done ...
rolling 5000, sd_coef 7, stop_win 16.0602632697, backtest took 330.489s, score is -483.000
Preparing algo ...
Test start ...
Test Done ...
rolling 5000, sd_coef 7, stop_win 21.4136843596, backtest took 329.783s, score is -483.000
Preparing algo ...
Test start ...
Test Done ...
rolling 5000, sd_coef 7, stop_win 26.7671054495, backtest took 328.679s, score is -483.000
Preparing algo ...
Test start ...
Test Done ...
rolling 5000, sd_coef 7, stop_win 32.1205265394, backtest took 330.021s, score is -483.000
Preparing algo ...
Test start ...
Test Done ...
rolling 5000, sd_coef 7, stop_win 37.4739476293, backtest took 327.613s, score is -483.000
Preparing algo ...
Test start ...
Test Done ...
rolling 5000, sd_coef 7, stop_win 42.8273687192, backtest took 327.773s, score is -483.000
Preparing algo ...
Test start ...
Test Done ...
rolling 5000, sd_coef 7, stop_win 48.1807898091, backtest took 330.421s, score is -483.000
Preparing algo ...
Test start ...
Test Done ...
rolling 5000, sd_coef 7, stop_win 53.534210899, backtest took 327.952s, score is -483.000
Preparing algo ...
Test start ...
Test Done ...
rolling 7000, sd_coef 2, stop_win 5.3534210899, backtest took 334.048s, score is -3467.000
Preparing algo ...
Test start ...
Test Done ...
rolling 7000, sd_coef 2, stop_win 10.7068421798, backtest took 332.558s, score is -3467.000
Preparing algo ...
Test start ...
Test Done ...
rolling 7000, sd_coef 2, stop_win 16.0602632697, backtest took 333.187s, score is -3467.000
Preparing algo ...
Test start ...
Test Done ...
rolling 7000, sd_coef 2, stop_win 21.4136843596, backtest took 334.538s, score is -3467.000
Preparing algo ...
Test start ...
Test Done ...
rolling 7000, sd_coef 2, stop_win 26.7671054495, backtest took 335.458s, score is -3467.000
Preparing algo ...
Test start ...
Test Done ...
rolling 7000, sd_coef 2, stop_win 32.1205265394, backtest took 332.839s, score is -3467.000
Preparing algo ...
Test start ...
Test Done ...
rolling 7000, sd_coef 2, stop_win 37.4739476293, backtest took 333.367s, score is -3467.000
Preparing algo ...
Test start ...
Test Done ...
rolling 7000, sd_coef 2, stop_win 42.8273687192, backtest took 335.302s, score is -3467.000
Preparing algo ...
Test start ...
Test Done ...
rolling 7000, sd_coef 2, stop_win 48.1807898091, backtest took 333.931s, score is -3467.000
Preparing algo ...
Test start ...
Test Done ...
rolling 7000, sd_coef 2, stop_win 53.534210899, backtest took 335.327s, score is -3467.000
Preparing algo ...
Test start ...
Test Done ...
rolling 7000, sd_coef 3, stop_win 5.3534210899, backtest took 336.304s, score is -191.000
Preparing algo ...
Test start ...
Test Done ...
rolling 7000, sd_coef 3, stop_win 10.7068421798, backtest took 335.888s, score is -191.000
Preparing algo ...
Test start ...
Test Done ...
rolling 7000, sd_coef 3, stop_win 16.0602632697, backtest took 333.440s, score is -191.000
Preparing algo ...
Test start ...
Test Done ...
rolling 7000, sd_coef 3, stop_win 21.4136843596, backtest took 334.380s, score is -191.000
Preparing algo ...
Test start ...
Test Done ...
rolling 7000, sd_coef 3, stop_win 26.7671054495, backtest took 335.743s, score is -191.000
Preparing algo ...
Test start ...
Test Done ...
rolling 7000, sd_coef 3, stop_win 32.1205265394, backtest took 336.801s, score is -191.000
Preparing algo ...
Test start ...
Test Done ...
rolling 7000, sd_coef 3, stop_win 37.4739476293, backtest took 336.415s, score is -191.000
Preparing algo ...
Test start ...
Test Done ...
rolling 7000, sd_coef 3, stop_win 42.8273687192, backtest took 335.889s, score is -191.000
Preparing algo ...
Test start ...
Test Done ...
rolling 7000, sd_coef 3, stop_win 48.1807898091, backtest took 334.271s, score is -191.000
Preparing algo ...
Test start ...
Test Done ...
rolling 7000, sd_coef 3, stop_win 53.534210899, backtest took 336.883s, score is -191.000
Preparing algo ...
Test start ...
Test Done ...
rolling 7000, sd_coef 4, stop_win 5.3534210899, backtest took 336.703s, score is -131.000
Preparing algo ...
Test start ...
Test Done ...
rolling 7000, sd_coef 4, stop_win 10.7068421798, backtest took 335.414s, score is -131.000
Preparing algo ...
Test start ...
Test Done ...
rolling 7000, sd_coef 4, stop_win 16.0602632697, backtest took 330.673s, score is -131.000
Preparing algo ...
Test start ...
Test Done ...
rolling 7000, sd_coef 4, stop_win 21.4136843596, backtest took 326.015s, score is -131.000
Preparing algo ...
Test start ...
Test Done ...
rolling 7000, sd_coef 4, stop_win 26.7671054495, backtest took 335.737s, score is -131.000
Preparing algo ...
Test start ...
Test Done ...
rolling 7000, sd_coef 4, stop_win 32.1205265394, backtest took 335.344s, score is -131.000
Preparing algo ...
Test start ...
Test Done ...
rolling 7000, sd_coef 4, stop_win 37.4739476293, backtest took 335.470s, score is -131.000
Preparing algo ...
Test start ...
Test Done ...
rolling 7000, sd_coef 4, stop_win 42.8273687192, backtest took 335.719s, score is -131.000
Preparing algo ...
Test start ...
Test Done ...
rolling 7000, sd_coef 4, stop_win 48.1807898091, backtest took 333.691s, score is -131.000
Preparing algo ...
Test start ...
Test Done ...
rolling 7000, sd_coef 4, stop_win 53.534210899, backtest took 334.044s, score is -131.000
Preparing algo ...
Test start ...
Test Done ...
rolling 7000, sd_coef 5, stop_win 5.3534210899, backtest took 336.692s, score is 313.000
Preparing algo ...
Test start ...
Test Done ...
rolling 7000, sd_coef 5, stop_win 10.7068421798, backtest took 332.697s, score is 313.000
Preparing algo ...
Test start ...
Test Done ...
rolling 7000, sd_coef 5, stop_win 16.0602632697, backtest took 336.308s, score is 313.000
Preparing algo ...
Test start ...
Test Done ...
rolling 7000, sd_coef 5, stop_win 21.4136843596, backtest took 333.838s, score is 313.000
Preparing algo ...
Test start ...
Test Done ...
rolling 7000, sd_coef 5, stop_win 26.7671054495, backtest took 335.998s, score is 313.000
Preparing algo ...
Test start ...
Test Done ...
rolling 7000, sd_coef 5, stop_win 32.1205265394, backtest took 336.201s, score is 313.000
Preparing algo ...
Test start ...
Test Done ...
rolling 7000, sd_coef 5, stop_win 37.4739476293, backtest took 334.843s, score is 313.000
Preparing algo ...
Test start ...
Test Done ...
rolling 7000, sd_coef 5, stop_win 42.8273687192, backtest took 335.496s, score is 313.000
Preparing algo ...
Test start ...
Test Done ...
rolling 7000, sd_coef 5, stop_win 48.1807898091, backtest took 336.219s, score is 313.000
Preparing algo ...
Test start ...
Test Done ...
rolling 7000, sd_coef 5, stop_win 53.534210899, backtest took 333.958s, score is 313.000
Preparing algo ...
Test start ...
Test Done ...
rolling 7000, sd_coef 6, stop_win 5.3534210899, backtest took 335.286s, score is -161.000
Preparing algo ...
Test start ...
Test Done ...
rolling 7000, sd_coef 6, stop_win 10.7068421798, backtest took 336.117s, score is -161.000
Preparing algo ...
Test start ...
Test Done ...
rolling 7000, sd_coef 6, stop_win 16.0602632697, backtest took 336.031s, score is -161.000
Preparing algo ...
Test start ...
Test Done ...
rolling 7000, sd_coef 6, stop_win 21.4136843596, backtest took 335.528s, score is -161.000
Preparing algo ...
Test start ...
Test Done ...
rolling 7000, sd_coef 6, stop_win 26.7671054495, backtest took 333.925s, score is -161.000
Preparing algo ...
Test start ...
Test Done ...
rolling 7000, sd_coef 6, stop_win 32.1205265394, backtest took 333.092s, score is -161.000
Preparing algo ...
Test start ...
Test Done ...
rolling 7000, sd_coef 6, stop_win 37.4739476293, backtest took 335.342s, score is -161.000
Preparing algo ...
Test start ...
Test Done ...
rolling 7000, sd_coef 6, stop_win 42.8273687192, backtest took 333.372s, score is -161.000
Preparing algo ...
Test start ...
Test Done ...
rolling 7000, sd_coef 6, stop_win 48.1807898091, backtest took 336.577s, score is -161.000
Preparing algo ...
Test start ...
Test Done ...
rolling 7000, sd_coef 6, stop_win 53.534210899, backtest took 335.364s, score is -161.000
Preparing algo ...
Test start ...
Test Done ...
rolling 7000, sd_coef 7, stop_win 5.3534210899, backtest took 336.803s, score is -463.000
Preparing algo ...
Test start ...
Test Done ...
rolling 7000, sd_coef 7, stop_win 10.7068421798, backtest took 337.775s, score is -463.000
Preparing algo ...
Test start ...
Test Done ...
rolling 7000, sd_coef 7, stop_win 16.0602632697, backtest took 335.214s, score is -463.000
Preparing algo ...
Test start ...
Test Done ...
rolling 7000, sd_coef 7, stop_win 21.4136843596, backtest took 336.716s, score is -463.000
Preparing algo ...
Test start ...
Test Done ...
rolling 7000, sd_coef 7