Reading configs ...
Reading data ...
x is i1505: 1454064 entries from 34 days
y is i1509: 1230440 entries from 34 days
Preparing data ...
Preparing algo ...
Test start ...
Test Done ...
rolling 1000, sd_coef 2, stop_win 1.24453574449, backtest took 134.181s, score is -141868.920
Preparing algo ...
Test start ...
Test Done ...
rolling 1000, sd_coef 2, stop_win 2.48907148899, backtest took 134.560s, score is -141868.920
Preparing algo ...
Test start ...
Test Done ...
rolling 1000, sd_coef 2, stop_win 3.73360723348, backtest took 133.642s, score is -141868.920
Preparing algo ...
Test start ...
Test Done ...
rolling 1000, sd_coef 2, stop_win 4.97814297798, backtest took 133.982s, score is -141868.920
Preparing algo ...
Test start ...
Test Done ...
rolling 1000, sd_coef 2, stop_win 6.22267872247, backtest took 134.955s, score is -141868.920
Preparing algo ...
Test start ...
Test Done ...
rolling 1000, sd_coef 2, stop_win 7.46721446696, backtest took 133.628s, score is -141868.920
Preparing algo ...
Test start ...
Test Done ...
rolling 1000, sd_coef 2, stop_win 8.71175021146, backtest took 133.844s, score is -141868.920
Preparing algo ...
Test start ...
Test Done ...
rolling 1000, sd_coef 2, stop_win 9.95628595595, backtest took 133.903s, score is -141868.920
Preparing algo ...
Test start ...
Test Done ...
rolling 1000, sd_coef 2, stop_win 11.2008217004, backtest took 133.787s, score is -141868.920
Preparing algo ...
Test start ...
Test Done ...
rolling 1000, sd_coef 2, stop_win 12.4453574449, backtest took 134.819s, score is -141868.920
Preparing algo ...
Test start ...
Test Done ...
rolling 1000, sd_coef 3, stop_win 1.24453574449, backtest took 137.838s, score is -122650.910
Preparing algo ...
Test start ...
Test Done ...
rolling 1000, sd_coef 3, stop_win 2.48907148899, backtest took 138.642s, score is -122650.910
Preparing algo ...
Test start ...
Test Done ...
rolling 1000, sd_coef 3, stop_win 3.73360723348, backtest took 138.076s, score is -122650.910
Preparing algo ...
Test start ...
Test Done ...
rolling 1000, sd_coef 3, stop_win 4.97814297798, backtest took 141.874s, score is -122650.910
Preparing algo ...
Test start ...
Test Done ...
rolling 1000, sd_coef 3, stop_win 6.22267872247, backtest took 142.642s, score is -122650.910
Preparing algo ...
Test start ...
Test Done ...
rolling 1000, sd_coef 3, stop_win 7.46721446696, backtest took 142.880s, score is -122650.910
Preparing algo ...
Test start ...
Test Done ...
rolling 1000, sd_coef 3, stop_win 8.71175021146, backtest took 142.133s, score is -122650.910
Preparing algo ...
Test start ...
Test Done ...
rolling 1000, sd_coef 3, stop_win 9.95628595595, backtest took 142.639s, score is -122650.910
Preparing algo ...
Test start ...
Test Done ...
rolling 1000, sd_coef 3, stop_win 11.2008217004, backtest took 142.014s, score is -122650.910
Preparing algo ...
Test start ...
Test Done ...
rolling 1000, sd_coef 3, stop_win 12.4453574449, backtest took 142.564s, score is -122650.910
Preparing algo ...
Test start ...
Test Done ...
rolling 1000, sd_coef 4, stop_win 1.24453574449, backtest took 141.944s, score is -108102.760
Preparing algo ...
Test start ...
Test Done ...
rolling 1000, sd_coef 4, stop_win 2.48907148899, backtest took 142.522s, score is -108102.760
Preparing algo ...
Test start ...
Test Done ...
rolling 1000, sd_coef 4, stop_win 3.73360723348, backtest took 142.195s, score is -108102.760
Preparing algo ...
Test start ...
Test Done ...
rolling 1000, sd_coef 4, stop_win 4.97814297798, backtest took 142.820s, score is -108102.760
Preparing algo ...
Test start ...
Test Done ...
rolling 1000, sd_coef 4, stop_win 6.22267872247, backtest took 141.852s, score is -108102.760
Preparing algo ...
Test start ...
Test Done ...
rolling 1000, sd_coef 4, stop_win 7.46721446696, backtest took 142.545s, score is -108102.760
Preparing algo ...
Test start ...
Test Done ...
rolling 1000, sd_coef 4, stop_win 8.71175021146, backtest took 141.942s, score is -108102.760
Preparing algo ...
Test start ...
Test Done ...
rolling 1000, sd_coef 4, stop_win 9.95628595595, backtest took 142.016s, score is -108102.760
Preparing algo ...
Test start ...
Test Done ...
rolling 1000, sd_coef 4, stop_win 11.2008217004, backtest took 142.862s, score is -108102.760
Preparing algo ...
Test start ...
Test Done ...
rolling 1000, sd_coef 4, stop_win 12.4453574449, backtest took 142.081s, score is -108102.760
Preparing algo ...
Test start ...
Test Done ...
rolling 1000, sd_coef 5, stop_win 1.24453574449, backtest took 142.606s, score is -101729.000
Preparing algo ...
Test start ...
Test Done ...
rolling 1000, sd_coef 5, stop_win 2.48907148899, backtest took 141.881s, score is -101729.000
Preparing algo ...
Test start ...
Test Done ...
rolling 1000, sd_coef 5, stop_win 3.73360723348, backtest took 141.691s, score is -101729.000
Preparing algo ...
Test start ...
Test Done ...
rolling 1000, sd_coef 5, stop_win 4.97814297798, backtest took 142.736s, score is -101729.000
Preparing algo ...
Test start ...
Test Done ...
rolling 1000, sd_coef 5, stop_win 6.22267872247, backtest took 142.002s, score is -101729.000
Preparing algo ...
Test start ...
Test Done ...
rolling 1000, sd_coef 5, stop_win 7.46721446696, backtest took 141.677s, score is -101729.000
Preparing algo ...
Test start ...
Test Done ...
rolling 1000, sd_coef 5, stop_win 8.71175021146, backtest took 142.532s, score is -101729.000
Preparing algo ...
Test start ...
Test Done ...
rolling 1000, sd_coef 5, stop_win 9.95628595595, backtest took 141.921s, score is -101729.000
Preparing algo ...
Test start ...
Test Done ...
rolling 1000, sd_coef 5, stop_win 11.2008217004, backtest took 141.822s, score is -101729.000
Preparing algo ...
Test start ...
Test Done ...
rolling 1000, sd_coef 5, stop_win 12.4453574449, backtest took 142.863s, score is -101729.000
Preparing algo ...
Test start ...
Test Done ...
rolling 1000, sd_coef 6, stop_win 1.24453574449, backtest took 141.933s, score is -101148.690
Preparing algo ...
Test start ...
Test Done ...
rolling 1000, sd_coef 6, stop_win 2.48907148899, backtest took 142.655s, score is -101148.690
Preparing algo ...
Test start ...
Test Done ...
rolling 1000, sd_coef 6, stop_win 3.73360723348, backtest took 141.660s, score is -101148.690
Preparing algo ...
Test start ...
Test Done ...
rolling 1000, sd_coef 6, stop_win 4.97814297798, backtest took 142.970s, score is -101148.690
Preparing algo ...
Test start ...
Test Done ...
rolling 1000, sd_coef 6, stop_win 6.22267872247, backtest took 141.896s, score is -101148.690
Preparing algo ...
Test start ...
Test Done ...
rolling 1000, sd_coef 6, stop_win 7.46721446696, backtest took 142.259s, score is -101148.690
Preparing algo ...
Test start ...
Test Done ...
rolling 1000, sd_coef 6, stop_win 8.71175021146, backtest took 142.552s, score is -101148.690
Preparing algo ...
Test start ...
Test Done ...
rolling 1000, sd_coef 6, stop_win 9.95628595595, backtest took 142.040s, score is -101148.690
Preparing algo ...
Test start ...
Test Done ...
rolling 1000, sd_coef 6, stop_win 11.2008217004, backtest took 141.768s, score is -101148.690
Preparing algo ...
Test start ...
Test Done ...
rolling 1000, sd_coef 6, stop_win 12.4453574449, backtest took 142.461s, score is -101148.690
Preparing algo ...
Test start ...
Test Done ...
rolling 1000, sd_coef 7, stop_win 1.24453574449, backtest took 141.462s, score is -99336.620
Preparing algo ...
Test start ...
Test Done ...
rolling 1000, sd_coef 7, stop_win 2.48907148899, backtest took 142.334s, score is -99336.620
Preparing algo ...
Test start ...
Test Done ...
rolling 1000, sd_coef 7, stop_win 3.73360723348, backtest took 141.518s, score is -99336.620
Preparing algo ...
Test start ...
Test Done ...
rolling 1000, sd_coef 7, stop_win 4.97814297798, backtest took 142.637s, score is -99336.620
Preparing algo ...
Test start ...
Test Done ...
rolling 1000, sd_coef 7, stop_win 6.22267872247, backtest took 141.844s, score is -99336.620
Preparing algo ...
Test start ...
Test Done ...
rolling 1000, sd_coef 7, stop_win 7.46721446696, backtest took 141.328s, score is -99336.620
Preparing algo ...
Test start ...
Test Done ...
rolling 1000, sd_coef 7, stop_win 8.71175021146, backtest took 141.482s, score is -99336.620
Preparing algo ...
Test start ...
Test Done ...
rolling 1000, sd_coef 7, stop_win 9.95628595595, backtest took 142.996s, score is -99336.620
Preparing algo ...
Test start ...
Test Done ...
rolling 1000, sd_coef 7, stop_win 11.2008217004, backtest took 141.374s, score is -99336.620
Preparing algo ...
Test start ...
Test Done ...
rolling 1000, sd_coef 7, stop_win 12.4453574449, backtest took 142.392s, score is -99336.620
Preparing algo ...
Test start ...
Test Done ...
rolling 3000, sd_coef 2, stop_win 1.24453574449, backtest took 141.698s, score is -43716.760
Preparing algo ...
Test start ...
Test Done ...
rolling 3000, sd_coef 2, stop_win 2.48907148899, backtest took 141.828s, score is -43716.760
Preparing algo ...
Test start ...
Test Done ...
rolling 3000, sd_coef 2, stop_win 3.73360723348, backtest took 141.750s, score is -43716.760
Preparing algo ...
Test start ...
Test Done ...
rolling 3000, sd_coef 2, stop_win 4.97814297798, backtest took 141.984s, score is -43716.760
Preparing algo ...
Test start ...
Test Done ...
rolling 3000, sd_coef 2, stop_win 6.22267872247, backtest took 142.376s, score is -43716.760
Preparing algo ...
Test start ...
Test Done ...
rolling 3000, sd_coef 2, stop_win 7.46721446696, backtest took 141.289s, score is -43716.760
Preparing algo ...
Test start ...
Test Done ...
rolling 3000, sd_coef 2, stop_win 8.71175021146, backtest took 141.796s, score is -43716.760
Preparing algo ...
Test start ...
Test Done ...
rolling 3000, sd_coef 2, stop_win 9.95628595595, backtest took 141.086s, score is -43716.760
Preparing algo ...
Test start ...
Test Done ...
rolling 3000, sd_coef 2, stop_win 11.2008217004, backtest took 141.604s, score is -43716.760
Preparing algo ...
Test start ...
Test Done ...
rolling 3000, sd_coef 2, stop_win 12.4453574449, backtest took 141.347s, score is -43716.760
Preparing algo ...
Test start ...
Test Done ...
rolling 3000, sd_coef 3, stop_win 1.24453574449, backtest took 141.827s, score is -26434.370
Preparing algo ...
Test start ...
Test Done ...
rolling 3000, sd_coef 3, stop_win 2.48907148899, backtest took 141.835s, score is -26434.370
Preparing algo ...
Test start ...
Test Done ...
rolling 3000, sd_coef 3, stop_win 3.73360723348, backtest took 141.455s, score is -26434.370
Preparing algo ...
Test start ...
Test Done ...
rolling 3000, sd_coef 3, stop_win 4.97814297798, backtest took 141.852s, score is -26434.370
Preparing algo ...
Test start ...
Test Done ...
rolling 3000, sd_coef 3, stop_win 6.22267872247, backtest took 141.821s, score is -26434.370
Preparing algo ...
Test start ...
Test Done ...
rolling 3000, sd_coef 3, stop_win 7.46721446696, backtest took 142.287s, score is -26434.370
Preparing algo ...
Test start ...
Test Done ...
rolling 3000, sd_coef 3, stop_win 8.71175021146, backtest took 141.217s, score is -26434.370
Preparing algo ...
Test start ...
Test Done ...
rolling 3000, sd_coef 3, stop_win 9.95628595595, backtest took 141.592s, score is -26434.370
Preparing algo ...
Test start ...
Test Done ...
rolling 3000, sd_coef 3, stop_win 11.2008217004, backtest took 141.899s, score is -26434.370
Preparing algo ...
Test start ...
Test Done ...
rolling 3000, sd_coef 3, stop_win 12.4453574449, backtest took 141.401s, score is -26434.370
Preparing algo ...
Test start ...
Test Done ...
rolling 3000, sd_coef 4, stop_win 1.24453574449, backtest took 141.816s, score is -17102.610
Preparing algo ...
Test start ...
Test Done ...
rolling 3000, sd_coef 4, stop_win 2.48907148899, backtest took 142.015s, score is -17102.610
Preparing algo ...
Test start ...
Test Done ...
rolling 3000, sd_coef 4, stop_win 3.73360723348, backtest took 141.263s, score is -17102.610
Preparing algo ...
Test start ...
Test Done ...
rolling 3000, sd_coef 4, stop_win 4.97814297798, backtest took 141.666s, score is -17102.610
Preparing algo ...
Test start ...
Test Done ...
rolling 3000, sd_coef 4, stop_win 6.22267872247, backtest took 141.993s, score is -17102.610
Preparing algo ...
Test start ...
Test Done ...
rolling 3000, sd_coef 4, stop_win 7.46721446696, backtest took 142.018s, score is -17102.610
Preparing algo ...
Test start ...
Test Done ...
rolling 3000, sd_coef 4, stop_win 8.71175021146, backtest took 141.578s, score is -17102.610
Preparing algo ...
Test start ...
Test Done ...
rolling 3000, sd_coef 4, stop_win 9.95628595595, backtest took 141.883s, score is -17102.610
Preparing algo ...
Test start ...
Test Done ...
rolling 3000, sd_coef 4, stop_win 11.2008217004, backtest took 141.078s, score is -17102.610
Preparing algo ...
Test start ...
Test Done ...
rolling 3000, sd_coef 4, stop_win 12.4453574449, backtest took 143.978s, score is -17102.610
Preparing algo ...
Test start ...
Test Done ...
rolling 3000, sd_coef 5, stop_win 1.24453574449, backtest took 141.158s, score is -15617.080
Preparing algo ...
Test start ...
Test Done ...
rolling 3000, sd_coef 5, stop_win 2.48907148899, backtest took 142.131s, score is -15617.080
Preparing algo ...
Test start ...
Test Done ...
rolling 3000, sd_coef 5, stop_win 3.73360723348, backtest took 142.106s, score is -15617.080
Preparing algo ...
Test start ...
Test Done ...
rolling 3000, sd_coef 5, stop_win 4.97814297798, backtest took 141.463s, score is -15617.080
Preparing algo ...
Test start ...
Test Done ...
rolling 3000, sd_coef 5, stop_win 6.22267872247, backtest took 141.950s, score is -15617.080
Preparing algo ...
Test start ...
Test Done ...
rolling 3000, sd_coef 5, stop_win 7.46721446696, backtest took 142.041s, score is -15617.080
Preparing algo ...
Test start ...
Test Done ...
rolling 3000, sd_coef 5, stop_win 8.71175021146, backtest took 142.225s, score is -15617.080
Preparing algo ...
Test start ...
Test Done ...
rolling 3000, sd_coef 5, stop_win 9.95628595595, backtest took 141.657s, score is -15617.080
Preparing algo ...
Test start ...
Test Done ...
rolling 3000, sd_coef 5, stop_win 11.2008217004, backtest took 142.210s, score is -15617.080
Preparing algo ...
Test start ...
Test Done ...
rolling 3000, sd_coef 5, stop_win 12.4453574449, backtest took 141.742s, score is -15617.080
Preparing algo ...
Test start ...
Test Done ...
rolling 3000, sd_coef 6, stop_win 1.24453574449, backtest took 141.549s, score is -14000.220
Preparing algo ...
Test start ...
Test Done ...
rolling 3000, sd_coef 6, stop_win 2.48907148899, backtest took 141.636s, score is -14000.220
Preparing algo ...
Test start ...
Test Done ...
rolling 3000, sd_coef 6, stop_win 3.73360723348, backtest took 141.646s, score is -14000.220
Preparing algo ...
Test start ...
Test Done ...
rolling 3000, sd_coef 6, stop_win 4.97814297798, backtest took 141.836s, score is -14000.220
Preparing algo ...
Test start ...
Test Done ...
rolling 3000, sd_coef 6, stop_win 6.22267872247, backtest took 141.959s, score is -14000.220
Preparing algo ...
Test start ...
Test Done ...
rolling 3000, sd_coef 6, stop_win 7.46721446696, backtest took 141.807s, score is -14000.220
Preparing algo ...
Test start ...
Test Done ...
rolling 3000, sd_coef 6, stop_win 8.71175021146, backtest took 141.685s, score is -14000.220
Preparing algo ...
Test start ...
Test Done ...
rolling 3000, sd_coef 6, stop_win 9.95628595595, backtest took 142.413s, score is -14000.220
Preparing algo ...
Test start ...
Test Done ...
rolling 3000, sd_coef 6, stop_win 11.2008217004, backtest took 141.506s, score is -14000.220
Preparing algo ...
Test start ...
Test Done ...
rolling 3000, sd_coef 6, stop_win 12.4453574449, backtest took 141.357s, score is -14000.220
Preparing algo ...
Test start ...
Test Done ...
rolling 3000, sd_coef 7, stop_win 1.24453574449, backtest took 141.670s, score is -11066.920
Preparing algo ...
Test start ...
Test Done ...
rolling 3000, sd_coef 7, stop_win 2.48907148899, backtest took 141.844s, score is -11066.920
Preparing algo ...
Test start ...
Test Done ...
rolling 3000, sd_coef 7, stop_win 3.73360723348, backtest took 141.491s, score is -11066.920
Preparing algo ...
Test start ...
Test Done ...
rolling 3000, sd_coef 7, stop_win 4.97814297798, backtest took 142.315s, score is -11066.920
Preparing algo ...
Test start ...
Test Done ...
rolling 3000, sd_coef 7, stop_win 6.22267872247, backtest took 141.360s, score is -11066.920
Preparing algo ...
Test start ...
Test Done ...
rolling 3000, sd_coef 7, stop_win 7.46721446696, backtest took 142.285s, score is -11066.920
Preparing algo ...
Test start ...
Test Done ...
rolling 3000, sd_coef 7, stop_win 8.71175021146, backtest took 142.090s, score is -11066.920
Preparing algo ...
Test start ...
Test Done ...
rolling 3000, sd_coef 7, stop_win 9.95628595595, backtest took 140.307s, score is -11066.920
Preparing algo ...
Test start ...
Test Done ...
rolling 3000, sd_coef 7, stop_win 11.2008217004, backtest took 143.734s, score is -11066.920
Preparing algo ...
Test start ...
Test Done ...
rolling 3000, sd_coef 7, stop_win 12.4453574449, backtest took 141.716s, score is -11066.920
Preparing algo ...
Test start ...
Test Done ...
rolling 5000, sd_coef 2, stop_win 1.24453574449, backtest took 141.766s, score is -29064.440
Preparing algo ...
Test start ...
Test Done ...
rolling 5000, sd_coef 2, stop_win 2.48907148899, backtest took 140.665s, score is -29064.440
Preparing algo ...
Test start ...
Test Done ...
rolling 5000, sd_coef 2, stop_win 3.73360723348, backtest took 140.787s, score is -29064.440
Preparing algo ...
Test start ...
Test Done ...
rolling 5000, sd_coef 2, stop_win 4.97814297798, backtest took 141.834s, score is -29064.440
Preparing algo ...
Test start ...
Test Done ...
rolling 5000, sd_coef 2, stop_win 6.22267872247, backtest took 140.726s, score is -29064.440
Preparing algo ...
Test start ...
Test Done ...
rolling 5000, sd_coef 2, stop_win 7.46721446696, backtest took 141.012s, score is -29064.440
Preparing algo ...
Test start ...
Test Done ...
rolling 5000, sd_coef 2, stop_win 8.71175021146, backtest took 141.830s, score is -29064.440
Preparing algo ...
Test start ...
Test Done ...
rolling 5000, sd_coef 2, stop_win 9.95628595595, backtest took 141.992s, score is -29064.440
Preparing algo ...
Test start ...
Test Done ...
rolling 5000, sd_coef 2, stop_win 11.2008217004, backtest took 141.049s, score is -29064.440
Preparing algo ...
Test start ...
Test Done ...
rolling 5000, sd_coef 2, stop_win 12.4453574449, backtest took 140.643s, score is -29064.440
Preparing algo ...
Test start ...
Test Done ...
rolling 5000, sd_coef 3, stop_win 1.24453574449, backtest took 142.041s, score is -15274.370
Preparing algo ...
Test start ...
Test Done ...
rolling 5000, sd_coef 3, stop_win 2.48907148899, backtest took 140.762s, score is -15274.370
Preparing algo ...
Test start ...
Test Done ...
rolling 5000, sd_coef 3, stop_win 3.73360723348, backtest took 141.797s, score is -15274.370
Preparing algo ...
Test start ...
Test Done ...
rolling 5000, sd_coef 3, stop_win 4.97814297798, backtest took 140.781s, score is -15274.370
Preparing algo ...
Test start ...
Test Done ...
rolling 5000, sd_coef 3, stop_win 6.22267872247, backtest took 140.971s, score is -15274.370
Preparing algo ...
Test start ...
Test Done ...
rolling 5000, sd_coef 3, stop_win 7.46721446696, backtest took 141.119s, score is -15274.370
Preparing algo ...
Test start ...
Test Done ...
rolling 5000, sd_coef 3, stop_win 8.71175021146, backtest took 141.409s, score is -15274.370
Preparing algo ...
Test start ...
Test Done ...
rolling 5000, sd_coef 3, stop_win 9.95628595595, backtest took 141.315s, score is -15274.370
Preparing algo ...
Test start ...
Test Done ...
rolling 5000, sd_coef 3, stop_win 11.2008217004, backtest took 140.793s, score is -15274.370
Preparing algo ...
Test start ...
Test Done ...
rolling 5000, sd_coef 3, stop_win 12.4453574449, backtest took 141.389s, score is -15274.370
Preparing algo ...
Test start ...
Test Done ...
rolling 5000, sd_coef 4, stop_win 1.24453574449, backtest took 140.518s, score is -7996.100
Preparing algo ...
Test start ...
Test Done ...
rolling 5000, sd_coef 4, stop_win 2.48907148899, backtest took 140.567s, score is -7996.100
Preparing algo ...
Test start ...
Test Done ...
rolling 5000, sd_coef 4, stop_win 3.73360723348, backtest took 141.517s, score is -7996.100
Preparing algo ...
Test start ...
Test Done ...
rolling 5000, sd_coef 4, stop_win 4.97814297798, backtest took 140.616s, score is -7996.100
Preparing algo ...
Test start ...
Test Done ...
rolling 5000, sd_coef 4, stop_win 6.22267872247, backtest took 141.566s, score is -7996.100
Preparing algo ...
Test start ...
Test Done ...
rolling 5000, sd_coef 4, stop_win 7.46721446696, backtest took 140.643s, score is -7996.100
Preparing algo ...
Test start ...
Test Done ...
rolling 5000, sd_coef 4, stop_win 8.71175021146, backtest took 141.152s, score is -7996.100
Preparing algo ...
Test start ...
Test Done ...
rolling 5000, sd_coef 4, stop_win 9.95628595595, backtest took 141.479s, score is -7996.100
Preparing algo ...
Test start ...
Test Done ...
rolling 5000, sd_coef 4, stop_win 11.2008217004, backtest took 141.757s, score is -7996.100
Preparing algo ...
Test start ...
Test Done ...
rolling 5000, sd_coef 4, stop_win 12.4453574449, backtest took 140.516s, score is -7996.100
Preparing algo ...
Test start ...
Test Done ...
rolling 5000, sd_coef 5, stop_win 1.24453574449, backtest took 141.496s, score is -5040.810
Preparing algo ...
Test start ...
Test Done ...
rolling 5000, sd_coef 5, stop_win 2.48907148899, backtest took 140.410s, score is -5040.810
Preparing algo ...
Test start ...
Test Done ...
rolling 5000, sd_coef 5, stop_win 3.73360723348, backtest took 141.012s, score is -5040.810
Preparing algo ...
Test start ...
Test Done ...
rolling 5000, sd_coef 5, stop_win 4.97814297798, backtest took 140.535s, score is -5040.810
Preparing algo ...
Test start ...
Test Done ...
rolling 5000, sd_coef 5, stop_win 6.22267872247, backtest took 140.643s, score is -5040.810
Preparing algo ...
Test start ...
Test Done ...
rolling 5000, sd_coef 5, stop_win 7.46721446696, backtest took 141.176s, score is -5040.810
Preparing algo ...
Test start ...
Test Done ...
rolling 5000, sd_coef 5, stop_win 8.71175021146, backtest took 140.636s, score is -5040.810
Preparing algo ...
Test start ...
Test Done ...
rolling 5000, sd_coef 5, stop_win 9.95628595595, backtest took 141.719s, score is -5040.810
Preparing algo ...
Test start ...
Test Done ...
rolling 5000, sd_coef 5, stop_win 11.2008217004, backtest took 141.112s, score is -5040.810
Preparing algo ...
Test start ...
Test Done ...
rolling 5000, sd_coef 5, stop_win 12.4453574449, backtest took 140.800s, score is -5040.810
Preparing algo ...
Test start ...
Test Done ...
rolling 5000, sd_coef 6, stop_win 1.24453574449, backtest took 140.880s, score is -4576.050
Preparing algo ...
Test start ...
Test Done ...
rolling 5000, sd_coef 6, stop_win 2.48907148899, backtest took 141.759s, score is -4576.050
Preparing algo ...
Test start ...
Test Done ...
rolling 5000, sd_coef 6, stop_win 3.73360723348, backtest took 140.678s, score is -4576.050
Preparing algo ...
Test start ...
Test Done ...
rolling 5000, sd_coef 6, stop_win 4.97814297798, backtest took 140.991s, score is -4576.050
Preparing algo ...
Test start ...
Test Done ...
rolling 5000, sd_coef 6, stop_win 6.22267872247, backtest took 140.921s, score is -4576.050
Preparing algo ...
Test start ...
Test Done ...
rolling 5000, sd_coef 6, stop_win 7.46721446696, backtest took 141.287s, score is -4576.050
Preparing algo ...
Test start ...
Test Done ...
rolling 5000, sd_coef 6, stop_win 8.71175021146, backtest took 140.749s, score is -4576.050
Preparing algo ...
Test start ...
Test Done ...
rolling 5000, sd_coef 6, stop_win 9.95628595595, backtest took 139.338s, score is -4576.050
Preparing algo ...
Test start ...
Test Done ...
rolling 5000, sd_coef 6, stop_win 11.2008217004, backtest took 142.752s, score is -4576.050
Preparing algo ...
Test start ...
Test Done ...
rolling 5000, sd_coef 6, stop_win 12.4453574449, backtest took 140.815s, score is -4576.050
Preparing algo ...
Test start ...
Test Done ...
rolling 5000, sd_coef 7, stop_win 1.24453574449, backtest took 141.308s, score is -3518.910
Preparing algo ...
Test start ...
Test Done ...
rolling 5000, sd_coef 7, stop_win 2.48907148899, backtest took 140.033s, score is -3518.910
Preparing algo ...
Test start ...
Test Done ...
rolling 5000, sd_coef 7, stop_win 3.73360723348, backtest took 141.262s, score is -3518.910
Preparing algo ...
Test start ...
Test Done ...
rolling 5000, sd_coef 7, stop_win 4.97814297798, backtest took 140.530s, score is -3518.910
Preparing algo ...
Test start ...
Test Done ...
rolling 5000, sd_coef 7, stop_win 6.22267872247, backtest took 140.649s, score is -3518.910
Preparing algo ...
Test start ...
Test Done ...
rolling 5000, sd_coef 7, stop_win 7.46721446696, backtest took 140.923s, score is -3518.910
Preparing algo ...
Test start ...
Test Done ...
rolling 5000, sd_coef 7, stop_win 8.71175021146, backtest took 140.621s, score is -3518.910
Preparing algo ...
Test start ...
Test Done ...
rolling 5000, sd_coef 7, stop_win 9.95628595595, backtest took 141.308s, score is -3518.910
Preparing algo ...
Test start ...
Test Done ...
rolling 5000, sd_coef 7, stop_win 11.2008217004, backtest took 140.842s, score is -3518.910
Preparing algo ...
Test start ...
Test Done ...
rolling 5000, sd_coef 7, stop_win 12.4453574449, backtest took 140.979s, score is -3518.910
Preparing algo ...
Test start ...
Test Done ...
rolling 7000, sd_coef 2, stop_win 1.24453574449, backtest took 139.970s, score is -21772.860
Preparing algo ...
Test start ...
Test Done ...
rolling 7000, sd_coef 2, stop_win 2.48907148899, backtest took 141.133s, score is -21772.860
Preparing algo ...
Test start ...
Test Done ...
rolling 7000, sd_coef 2, stop_win 3.73360723348, backtest took 139.877s, score is -21772.860
Preparing algo ...
Test start ...
Test Done ...
rolling 7000, sd_coef 2, stop_win 4.97814297798, backtest took 140.066s, score is -21772.860
Preparing algo ...
Test start ...
Test Done ...
rolling 7000, sd_coef 2, stop_win 6.22267872247, backtest took 140.737s, score is -21772.860
Preparing algo ...
Test start ...
Test Done ...
rolling 7000, sd_coef 2, stop_win 7.46721446696, backtest took 140.016s, score is -21772.860
Preparing algo ...
Test start ...
Test Done ...
rolling 7000, sd_coef 2, stop_win 8.71175021146, backtest took 139.929s, score is -21772.860
Preparing algo ...
Test start ...
Test Done ...
rolling 7000, sd_coef 2, stop_win 9.95628595595, backtest took 140.304s, score is -21772.860
Preparing algo ...
Test start ...
Test Done ...
rolling 7000, sd_coef 2, stop_win 11.2008217004, backtest took 140.361s, score is -21772.860
Preparing algo ...
Test start ...
Test Done ...
rolling 7000, sd_coef 2, stop_win 12.4453574449, backtest took 141.279s, score is -21772.860
Preparing algo ...
Test start ...
Test Done ...
rolling 7000, sd_coef 3, stop_win 1.24453574449, backtest took 140.073s, score is -11945.460
Preparing algo ...
Test start ...
Test Done ...
rolling 7000, sd_coef 3, stop_win 2.48907148899, backtest took 139.985s, score is -11945.460
Preparing algo ...
Test start ...
Test Done ...
rolling 7000, sd_coef 3, stop_win 3.73360723348, backtest took 140.077s, score is -11945.460
Preparing algo ...
Test start ...
Test Done ...
rolling 7000, sd_coef 3, stop_win 4.97814297798, backtest took 140.980s, score is -11945.460
Preparing algo ...
Test start ...
Test Done ...
rolling 7000, sd_coef 3, stop_win 6.22267872247, backtest took 139.928s, score is -11945.460
Preparing algo ...
Test start ...
Test Done ...
rolling 7000, sd_coef 3, stop_win 7.46721446696, backtest took 140.111s, score is -11945.460
Preparing algo ...
Test start ...
Test Done ...
rolling 7000, sd_coef 3, stop_win 8.71175021146, backtest took 141.364s, score is -11945.460
Preparing algo ...
Test start ...
Test Done ...
rolling 7000, sd_coef 3, stop_win 9.95628595595, backtest took 139.993s, score is -11945.460
Preparing algo ...
Test start ...
Test Done ...
rolling 7000, sd_coef 3, stop_win 11.2008217004, backtest took 141.114s, score is -11945.460
Preparing algo ...
Test start ...
Test Done ...
rolling 7000, sd_coef 3, stop_win 12.4453574449, backtest took 140.484s, score is -11945.460
Preparing algo ...
Test start ...
Test Done ...
rolling 7000, sd_coef 4, stop_win 1.24453574449, backtest took 140.892s, score is -4978.710
Preparing algo ...
Test start ...
Test Done ...
rolling 7000, sd_coef 4, stop_win 2.48907148899, backtest took 139.951s, score is -4978.710
Preparing algo ...
Test start ...
Test Done ...
rolling 7000, sd_coef 4, stop_win 3.73360723348, backtest took 140.072s, score is -4978.710
Preparing algo ...
Test start ...
Test Done ...
rolling 7000, sd_coef 4, stop_win 4.97814297798, backtest took 140.134s, score is -4978.710
Preparing algo ...
Test start ...
Test Done ...
rolling 7000, sd_coef 4, stop_win 6.22267872247, backtest took 140.949s, score is -4978.710
Preparing algo ...
Test start ...
Test Done ...
rolling 7000, sd_coef 4, stop_win 7.46721446696, backtest took 139.739s, score is -4978.710
Preparing algo ...
Test start ...
Test Done ...
rolling 7000, sd_coef 4, stop_win 8.71175021146, backtest took 138.453s, score is -4978.710
Preparing algo ...
Test start ...
Test Done ...
rolling 7000, sd_coef 4, stop_win 9.95628595595, backtest took 142.155s, score is -4978.710
Preparing algo ...
Test start ...
Test Done ...
rolling 7000, sd_coef 4, stop_win 11.2008217004, backtest took 139.926s, score is -4978.710
Preparing algo ...
Test start ...
Test Done ...
rolling 7000, sd_coef 4, stop_win 12.4453574449, backtest took 140.510s, score is -4978.710
Preparing algo ...
Test start ...
Test Done ...
rolling 7000, sd_coef 5, stop_win 1.24453574449, backtest took 139.894s, score is -3257.590
Preparing algo ...
Test start ...
Test Done ...
rolling 7000, sd_coef 5, stop_win 2.48907148899, backtest took 140.735s, score is -3257.590
Preparing algo ...
Test start ...
Test Done ...
rolling 7000, sd_coef 5, stop_win 3.73360723348, backtest took 139.320s, score is -3257.590
Preparing algo ...
Test start ...
Test Done ...
rolling 7000, sd_coef 5, stop_win 4.97814297798, backtest took 140.331s, score is -3257.590
Preparing algo ...
Test start ...
Test Done ...
rolling 7000, sd_coef 5, stop_win 6.22267872247, backtest took 140.441s, score is -3257.590
Preparing algo ...
Test start ...
Test Done ...
rolling 7000, sd_coef 5, stop_win 7.46721446696, backtest took 139.595s, score is -3257.590
Preparing algo ...
Test start ...
Test Done ...
rolling 7000, sd_coef 5, stop_win 8.71175021146, backtest took 140.278s, score is -3257.590
Preparing algo ...
Test start ...
Test Done ...
rolling 7000, sd_coef 5, stop_win 9.95628595595, backtest took 139.379s, score is -3257.590
Preparing algo ...
Test start ...
Test Done ...
rolling 7000, sd_coef 5, stop_win 11.2008217004, backtest took 140.443s, score is -3257.590
Preparing algo ...
Test start ...
Test Done ...
rolling 7000, sd_coef 5, stop_win 12.4453574449, backtest took 139.505s, score is -3257.590
Preparing algo ...
Test start ...
Test Done ...
rolling 7000, sd_coef 6, stop_win 1.24453574449, backtest took 139.859s, score is -3226.050
Preparing algo ...
Test start ...
Test Done ...
rolling 7000, sd_coef 6, stop_win 2.48907148899, backtest took 140.571s, score is -3226.050
Preparing algo ...
Test start ...
Test Done ...
rolling 7000, sd_coef 6, stop_win 3.73360723348, backtest took 140.115s, score is -3226.050
Preparing algo ...
Test start ...
Test Done ...
rolling 7000, sd_coef 6, stop_win 4.97814297798, backtest took 139.614s, score is -3226.050
Preparing algo ...
Test start ...
Test Done ...
rolling 7000, sd_coef 6, stop_win 6.22267872247, backtest took 140.153s, score is -3226.050
Preparing algo ...
Test start ...
Test Done ...
rolling 7000, sd_coef 6, stop_win 7.46721446696, backtest took 140.370s, score is -3226.050
Preparing algo ...
Test start ...
Test Done ...
rolling 7000, sd_coef 6, stop_win 8.71175021146, backtest took 139.833s, score is -3226.050
Preparing algo ...
Test start ...
Test Done ...
rolling 7000, sd_coef 6, stop_win 9.95628595595, backtest took 140.235s, score is -3226.050
Preparing algo ...
Test start ...
Test Done ...
rolling 7000, sd_coef 6, stop_win 11.2008217004, backtest took 140.229s, score is -3226.050
Preparing algo ...
Test start ...
Test Done ...
rolling 7000, sd_coef 6, stop_win 12.4453574449, backtest took 140.345s, score is -3226.050
Preparing algo ...
Test start ...
Test Done ...
rolling 7000, sd_coef 7, stop_win 1.24453574449, backtest took 139.757s, score is -3165.330
Preparing algo ...
Test start ...
Test Done ...
rolling 7000, sd_coef 7, stop_win 2.48907148899, backtest took 139.752s, score is -3165.330
Preparing algo ...
Test start ...
Test Done ...
rolling 7000, sd_coef 7, stop_win 3.73360723348, backtest took 140.228s, score is -3165.330
Preparing algo ...
Test start ...
Test Done ...
rolling 7000, sd_coef 7, stop_win 4.97814297798, backtest took 139.542s, score is -3165.330
Preparing algo ...
Test start ...
Test Done ...
rolling 7000, sd_coef 7, stop_win 6.22267872247, backtest took 140.238s, score is -3165.330
Preparing algo ...
Test start ...
Test Done ...
rolling 7000, sd_coef 7, stop_win 7.46721446696, backtest took 139.570s, score is -3165.330
Preparing algo ...
Test start ...
Test Done ...
rolling 7000, sd_coef 7, stop_win 8.71175021146, backtest took 139.850s, score is -3165.330
Preparing algo ...
Test start ...
Test Done ...
rolling 7000, sd_coef 7, stop_win 9.95628595595, backtest took 140.342s, score is -3165.330
Preparing algo ...
Test start ...
Test Done ...
rolling 7000, sd_coef 7, stop_win 11.2008217004, backtest took 139.742s, score is -3165.330
Preparing algo ...
Test start ...
Test Done ...
rolling 7000, sd_coef 7, stop_win 12.4453574449, backtest took 139.626s, score is -3165.330
Preparing algo ...
Test start ...
Test Done ...
rolling 9000, sd_coef 2, stop_win 1.24453574449, backtest took 139.634s, score is -19491.020
Preparing algo ...
Test start ...
Test Done ...
rolling 9000, sd_coef 2, stop_win 2.48907148899, backtest took 139.495s, score is -19491.020
Preparing algo ...
Test start ...
Test Done ...
rolling 9000, sd_coef 2, stop_win 3.73360723348, backtest took 139.412s, score is -19491.020
Preparing algo ...
Test start ...
Test Done ...
rolling 9000, sd_coef 2, stop_win 4.97814297798, backtest took 139.841s, score is -19491.020
Preparing algo ...
Test start ...
Test Done ...
rolling 9000, sd_coef 2, stop_win 6.22267872247, backtest took 139.222s, score is -19491.020
Preparing algo ...
Test start ...
Test Done ...
rolling 9000, sd_coef 2, stop_win 7.46721446696, backtest took 139.476s, score is -19491.020
Preparing algo ...
Test start ...
Test Done ...
rolling 9000, sd_coef 2, stop_win 8.71175021146, backtest took 139.986s, score is -19491.020
Preparing algo ...
Test start ...
Test Done ...
rolling 9000, sd_coef 2, stop_win 9.95628595595, backtest took 139.295s, score is -19491.020
Preparing algo ...
Test start ...
Test Done ...
rolling 9000, sd_coef 2, stop_win 11.2008217004, backtest took 139.655s, score is -19491.020
Preparing algo ...
Test start ...
Test Done ...
rolling 9000, sd_coef 2, stop_win 12.4453574449, backtest took 139.643s, score is -19491.020
Preparing algo ...
Test start ...
Test Done ...
rolling 9000, sd_coef 3, stop_win 1.24453574449, backtest took 139.982s, score is -8083.150
Preparing algo ...
Test start ...
Test Done ...
rolling 9000, sd_coef 3, stop_win 2.48907148899, backtest took 139.456s, score is -8083.150
Preparing algo ...
Test start ...
Test Done ...
rolling 9000, sd_coef 3, stop_win 3.73360723348, backtest took 139.765s, score is -8083.150
Preparing algo ...
Test start ...
Test Done ...
rolling 9000, sd_coef 3, stop_win 4.97814297798, backtest took 140.542s, score is -8083.150
Preparing algo ...
Test start ...
Test Done ...
rolling 9000, sd_coef 3, stop_win 6.22267872247, backtest took 139.803s, score is -8083.150
Preparing algo ...
Test start ...
Test Done ...
rolling 9000, sd_coef 3, stop_win 7.46721446696, backtest took 140.589s, score is -8083.150
Preparing algo ...
Test start ...
Test Done ...
rolling 9000, sd_coef 3, stop_win 8.71175021146, backtest took 139.835s, score is -8083.150
Preparing algo ...
Test start ...
Test Done ...
rolling 9000, sd_coef 3, stop_win 9.95628595595, backtest took 140.621s, score is -8083.150
Preparing algo ...
Test start ...
Test Done ...
rolling 9000, sd_coef 3, stop_win 11.2008217004, backtest took 140.226s, score is -8083.150
Preparing algo ...
Test start ...
Test Done ...
rolling 9000, sd_coef 3, stop_win 12.4453574449, backtest took 140.286s, score is -8083.150
Preparing algo ...
Test start ...
Test Done ...
rolling 9000, sd_coef 4, stop_win 1.24453574449, backtest took 139.453s, score is -3966.090
Preparing algo ...
Test start ...
Test Done ...
rolling 9000, sd_coef 4, stop_win 2.48907148899, backtest took 139.962s, score is -3966.090
Preparing algo ...
Test start ...
Test Done ...
rolling 9000, sd_coef 4, stop_win 3.73360723348, backtest took 140.001s, score is -3966.090
Preparing algo ...
Test start ...
Test Done ...
rolling 9000, sd_coef 4, stop_win 4.97814297798, backtest took 140.733s, score is -3966.090
Preparing algo ...
Test start ...
Test Done ...
rolling 9000, sd_coef 4, stop_win 6.22267872247, backtest took 139.225s, score is -3966.090
Preparing algo ...
Test start ...
Test Done ...
rolling 9000, sd_coef 4, stop_win 7.46721446696, backtest took 140.458s, score is -3966.090
Preparing algo ...
Test start ...
Test Done ...
rolling 9000, sd_coef 4, stop_win 8.71175021146, backtest took 139.207s, score is -3966.090
Preparing algo ...
Test start ...
Test Done ...
rolling 9000, sd_coef 4, stop_win 9.95628595595, backtest took 140.490s, score is -3966.090
Preparing algo ...
Test start ...
Test Done ...
rolling 9000, sd_coef 4, stop_win 11.2008217004, backtest took 139.489s, score is -3966.090
Preparing algo ...
Test start ...
Test Done ...
rolling 9000, sd_coef 4, stop_win 12.4453574449, backtest took 139.239s, score is -3966.090
Preparing algo ...
Test start ...
Test Done ...
rolling 9000, sd_coef 5, stop_win 1.24453574449, backtest took 139.429s, score is -2598.130
Preparing algo ...
Test start ...
Test Done ...
rolling 9000, sd_coef 5, stop_win 2.48907148899, backtest took 138.528s, score is -2598.130
Preparing algo ...
Test start ...
Test Done ...
rolling 9000, sd_coef 5, stop_win 3.73360723348, backtest took 139.292s, score is -2598.130
Preparing algo ...
Test start ...
Test Done ...
rolling 9000, sd_coef 5, stop_win 4.97814297798, backtest took 138.495s, score is -2598.130
Preparing algo ...
Test start ...
Test Done ...
rolling 9000, sd_coef 5, stop_win 6.22267872247, backtest took 138.365s, score is -2598.130
Preparing algo ...
Test start ...
Test Done ...
rolling 9000, sd_coef 5, stop_win 7.46721446696, backtest took 139.512s, score is -2598.130
Preparing algo ...
Test start ...
Test Done ...
rolling 9000, sd_coef 5, stop_win 8.71175021146, backtest took 138.307s, score is -2598.130
Preparing algo ...
Test start ...
Test Done ...
rolling 9000, sd_coef 5, stop_win 9.95628595595, backtest took 138.860s, score is -2598.130
Preparing algo ...
Test start ...
Test Done ...
rolling 9000, sd_coef 5, stop_win 11.2008217004, backtest took 139.081s, score is -2598.130
Preparing algo ...
Test start ...
Test Done ...
rolling 9000, sd_coef 5, stop_win 12.4453574449, backtest took 138.943s, score is -2598.130
Preparing algo ...
Test start ...
Test Done ...
rolling 9000, sd_coef 6, stop_win 1.24453574449, backtest took 136.007s, score is -2152.980
Preparing algo ...
Test start ...
Test Done ...
rolling 9000, sd_coef 6, stop_win 2.48907148899, backtest took 136.419s, score is -2152.980
Preparing algo ...
Test start ...
Test Done ...
rolling 9000, sd_coef 6, stop_win 3.73360723348, backtest took 136.948s, score is -2152.980
Preparing algo ...
Test start ...
Test Done ...
rolling 9000, sd_coef 6, stop_win 4.97814297798, backtest took 135.964s, score is -2152.980
Preparing algo ...
Test start ...
Test Done ...
rolling 9000, sd_coef 6, stop_win 6.22267872247, backtest took 137.288s, score is -2152.980
Preparing algo ...
Test start ...
Test Done ...
rolling 9000, sd_coef 6, stop_win 7.46721446696, backtest took 136.537s, score is -2152.980
Preparing algo ...
Test start ...
Test Done ...
rolling 9000, sd_coef 6, stop_win 8.71175021146, backtest took 135.186s, score is -2152.980
Preparing algo ...
Test start ...
Test Done ...
rolling 9000, sd_coef 6, stop_win 9.95628595595, backtest took 139.151s, score is -2152.980
Preparing algo ...
Test start ...
Test Done ...
rolling 9000, sd_coef 6, stop_win 11.2008217004, backtest took 136.485s, score is -2152.980
Preparing algo ...
Test start ...
Test Done ...
rolling 9000, sd_coef 6, stop_win 12.4453574449, backtest took 137.277s, score is -2152.980
Preparing algo ...
Test start ...
Test Done ...
rolling 9000, sd_coef 7, stop_win 1.24453574449, backtest took 136.326s, score is -2039.100
Preparing algo ...
Test start ...
Test Done ...
rolling 9000, sd_coef 7, stop_win 2.48907148899, backtest took 136.941s, score is -2039.100
Preparing algo ...
Test start ...
Test Done ...
rolling 9000, sd_coef 7, stop_win 3.73360723348, backtest took 136.172s, score is -2039.100
Preparing algo ...
Test start ...
Test Done ...
rolling 9000, sd_coef 7, stop_win 4.97814297798, backtest took 136.462s, score is -2039.100
Preparing algo ...
Test start ...
Test Done ...
rolling 9000, sd_coef 7, stop_win 6.22267872247, backtest took 136.744s, score is -2039.100
Preparing algo ...
Test start ...
Test Done ...
rolling 9000, sd_coef 7, stop_win 7.46721446696, backtest took 136.769s, score is -2039.100
Preparing algo ...
Test start ...
Test Done ...
rolling 9000, sd_coef 7, stop_win 8.71175021146, backtest took 137.524s, score is -2039.100
Preparing algo ...
Test start ...
Test Done ...
rolling 9000, sd_coef 7, stop_win 9.95628595595, backtest took 137.049s, score is -2039.100
Preparing algo ...
Test start ...
Test Done ...
rolling 9000, sd_coef 7, stop_win 11.2008217004, backtest took 137.131s, score is -2039.100
Preparing algo ...
Test start ...
Test Done ...
rolling 9000, sd_coef 7, stop_win 12.4453574449, backtest took 136.739s, score is -2039.100
Traceback (most recent call last):
  File "grid_search_one_roll_i.py", line 129, in <module>
    "stop_win": [p[3] for p in pars],
IndexError: tuple index out of range
