/work/rqiao/HFdata/my_utils.py:40: UserWarning: day_list1 not equal to day_list2
  warnings.warn('day_list1 not equal to day_list2')
Reading configs ...
Reading data ...
x is c1505: 385584 entries from 34 days
y is c1509: 312023 entries from 34 days
Preparing data ...
Preparing algo ...
Test start ...
Test Done ...
rolling 1000, sd_coef 2, stop_win 3.43558791376, backtest took 36.203s, score is -3009.200
Preparing algo ...
Test start ...
Test Done ...
rolling 1000, sd_coef 2, stop_win 6.87117582752, backtest took 36.222s, score is -3009.200
Preparing algo ...
Test start ...
Test Done ...
rolling 1000, sd_coef 2, stop_win 10.3067637413, backtest took 36.113s, score is -3009.200
Preparing algo ...
Test start ...
Test Done ...
rolling 1000, sd_coef 2, stop_win 13.742351655, backtest took 36.191s, score is -3009.200
Preparing algo ...
Test start ...
Test Done ...
rolling 1000, sd_coef 2, stop_win 17.1779395688, backtest took 35.888s, score is -3009.200
Preparing algo ...
Test start ...
Test Done ...
rolling 1000, sd_coef 2, stop_win 20.6135274826, backtest took 35.995s, score is -3009.200
Preparing algo ...
Test start ...
Test Done ...
rolling 1000, sd_coef 2, stop_win 24.0491153963, backtest took 35.715s, score is -3009.200
Preparing algo ...
Test start ...
Test Done ...
rolling 1000, sd_coef 2, stop_win 27.4847033101, backtest took 35.675s, score is -3009.200
Preparing algo ...
Test start ...
Test Done ...
rolling 1000, sd_coef 2, stop_win 30.9202912239, backtest took 35.731s, score is -3009.200
Preparing algo ...
Test start ...
Test Done ...
rolling 1000, sd_coef 2, stop_win 34.3558791376, backtest took 35.088s, score is -3009.200
Preparing algo ...
Test start ...
Test Done ...
rolling 1000, sd_coef 3, stop_win 3.43558791376, backtest took 36.061s, score is -996.800
Preparing algo ...
Test start ...
Test Done ...
rolling 1000, sd_coef 3, stop_win 6.87117582752, backtest took 35.828s, score is -996.800
Preparing algo ...
Test start ...
Test Done ...
rolling 1000, sd_coef 3, stop_win 10.3067637413, backtest took 35.586s, score is -996.800
Preparing algo ...
Test start ...
Test Done ...
rolling 1000, sd_coef 3, stop_win 13.742351655, backtest took 35.853s, score is -996.800
Preparing algo ...
Test start ...
Test Done ...
rolling 1000, sd_coef 3, stop_win 17.1779395688, backtest took 35.794s, score is -996.800
Preparing algo ...
Test start ...
Test Done ...
rolling 1000, sd_coef 3, stop_win 20.6135274826, backtest took 35.451s, score is -996.800
Preparing algo ...
Test start ...
Test Done ...
rolling 1000, sd_coef 3, stop_win 24.0491153963, backtest took 35.617s, score is -996.800
Preparing algo ...
Test start ...
Test Done ...
rolling 1000, sd_coef 3, stop_win 27.4847033101, backtest took 35.583s, score is -996.800
Preparing algo ...
Test start ...
Test Done ...
rolling 1000, sd_coef 3, stop_win 30.9202912239, backtest took 35.428s, score is -996.800
Preparing algo ...
Test start ...
Test Done ...
rolling 1000, sd_coef 3, stop_win 34.3558791376, backtest took 35.818s, score is -996.800
Preparing algo ...
Test start ...
Test Done ...
rolling 1000, sd_coef 4, stop_win 3.43558791376, backtest took 35.590s, score is -543.200
Preparing algo ...
Test start ...
Test Done ...
rolling 1000, sd_coef 4, stop_win 6.87117582752, backtest took 35.651s, score is -543.200
Preparing algo ...
Test start ...
Test Done ...
rolling 1000, sd_coef 4, stop_win 10.3067637413, backtest took 35.845s, score is -543.200
Preparing algo ...
Test start ...
Test Done ...
rolling 1000, sd_coef 4, stop_win 13.742351655, backtest took 35.469s, score is -543.200
Preparing algo ...
Test start ...
Test Done ...
rolling 1000, sd_coef 4, stop_win 17.1779395688, backtest took 35.494s, score is -543.200
Preparing algo ...
Test start ...
Test Done ...
rolling 1000, sd_coef 4, stop_win 20.6135274826, backtest took 35.620s, score is -543.200
Preparing algo ...
Test start ...
Test Done ...
rolling 1000, sd_coef 4, stop_win 24.0491153963, backtest took 35.657s, score is -543.200
Preparing algo ...
Test start ...
Test Done ...
rolling 1000, sd_coef 4, stop_win 27.4847033101, backtest took 35.847s, score is -543.200
Preparing algo ...
Test start ...
Test Done ...
rolling 1000, sd_coef 4, stop_win 30.9202912239, backtest took 35.428s, score is -543.200
Preparing algo ...
Test start ...
Test Done ...
rolling 1000, sd_coef 4, stop_win 34.3558791376, backtest took 35.997s, score is -543.200
Preparing algo ...
Test start ...
Test Done ...
rolling 1000, sd_coef 5, stop_win 3.43558791376, backtest took 35.655s, score is -633.200
Preparing algo ...
Test start ...
Test Done ...
rolling 1000, sd_coef 5, stop_win 6.87117582752, backtest took 35.502s, score is -633.200
Preparing algo ...
Test start ...
Test Done ...
rolling 1000, sd_coef 5, stop_win 10.3067637413, backtest took 35.491s, score is -633.200
Preparing algo ...
Test start ...
Test Done ...
rolling 1000, sd_coef 5, stop_win 13.742351655, backtest took 35.503s, score is -633.200
Preparing algo ...
Test start ...
Test Done ...
rolling 1000, sd_coef 5, stop_win 17.1779395688, backtest took 35.710s, score is -633.200
Preparing algo ...
Test start ...
Test Done ...
rolling 1000, sd_coef 5, stop_win 20.6135274826, backtest took 35.592s, score is -633.200
Preparing algo ...
Test start ...
Test Done ...
rolling 1000, sd_coef 5, stop_win 24.0491153963, backtest took 35.464s, score is -633.200
Preparing algo ...
Test start ...
Test Done ...
rolling 1000, sd_coef 5, stop_win 27.4847033101, backtest took 35.570s, score is -633.200
Preparing algo ...
Test start ...
Test Done ...
rolling 1000, sd_coef 5, stop_win 30.9202912239, backtest took 35.741s, score is -633.200
Preparing algo ...
Test start ...
Test Done ...
rolling 1000, sd_coef 5, stop_win 34.3558791376, backtest took 35.546s, score is -633.200
Preparing algo ...
Test start ...
Test Done ...
rolling 1000, sd_coef 6, stop_win 3.43558791376, backtest took 35.343s, score is -462.000
Preparing algo ...
Test start ...
Test Done ...
rolling 1000, sd_coef 6, stop_win 6.87117582752, backtest took 35.636s, score is -462.000
Preparing algo ...
Test start ...
Test Done ...
rolling 1000, sd_coef 6, stop_win 10.3067637413, backtest took 35.613s, score is -462.000
Preparing algo ...
Test start ...
Test Done ...
rolling 1000, sd_coef 6, stop_win 13.742351655, backtest took 35.585s, score is -462.000
Preparing algo ...
Test start ...
Test Done ...
rolling 1000, sd_coef 6, stop_win 17.1779395688, backtest took 35.496s, score is -462.000
Preparing algo ...
Test start ...
Test Done ...
rolling 1000, sd_coef 6, stop_win 20.6135274826, backtest took 35.516s, score is -462.000
Preparing algo ...
Test start ...
Test Done ...
rolling 1000, sd_coef 6, stop_win 24.0491153963, backtest took 35.727s, score is -462.000
Preparing algo ...
Test start ...
Test Done ...
rolling 1000, sd_coef 6, stop_win 27.4847033101, backtest took 35.537s, score is -462.000
Preparing algo ...
Test start ...
Test Done ...
rolling 1000, sd_coef 6, stop_win 30.9202912239, backtest took 35.331s, score is -462.000
Preparing algo ...
Test start ...
Test Done ...
rolling 1000, sd_coef 6, stop_win 34.3558791376, backtest took 35.666s, score is -462.000
Preparing algo ...
Test start ...
Test Done ...
rolling 1000, sd_coef 7, stop_win 3.43558791376, backtest took 35.433s, score is -340.000
Preparing algo ...
Test start ...
Test Done ...
rolling 1000, sd_coef 7, stop_win 6.87117582752, backtest took 35.301s, score is -340.000
Preparing algo ...
Test start ...
Test Done ...
rolling 1000, sd_coef 7, stop_win 10.3067637413, backtest took 34.973s, score is -340.000
Preparing algo ...
Test start ...
Test Done ...
rolling 1000, sd_coef 7, stop_win 13.742351655, backtest took 35.408s, score is -340.000
Preparing algo ...
Test start ...
Test Done ...
rolling 1000, sd_coef 7, stop_win 17.1779395688, backtest took 35.401s, score is -340.000
Preparing algo ...
Test start ...
Test Done ...
rolling 1000, sd_coef 7, stop_win 20.6135274826, backtest took 35.231s, score is -340.000
Preparing algo ...
Test start ...
Test Done ...
rolling 1000, sd_coef 7, stop_win 24.0491153963, backtest took 35.245s, score is -340.000
Preparing algo ...
Test start ...
Test Done ...
rolling 1000, sd_coef 7, stop_win 27.4847033101, backtest took 35.257s, score is -340.000
Preparing algo ...
Test start ...
Test Done ...
rolling 1000, sd_coef 7, stop_win 30.9202912239, backtest took 35.632s, score is -340.000
Preparing algo ...
Test start ...
Test Done ...
rolling 1000, sd_coef 7, stop_win 34.3558791376, backtest took 35.274s, score is -340.000
Preparing algo ...
Test start ...
Test Done ...
rolling 3000, sd_coef 2, stop_win 3.43558791376, backtest took 35.240s, score is -689.600
Preparing algo ...
Test start ...
Test Done ...
rolling 3000, sd_coef 2, stop_win 6.87117582752, backtest took 35.541s, score is -689.600
Preparing algo ...
Test start ...
Test Done ...
rolling 3000, sd_coef 2, stop_win 10.3067637413, backtest took 34.868s, score is -689.600
Preparing algo ...
Test start ...
Test Done ...
rolling 3000, sd_coef 2, stop_win 13.742351655, backtest took 35.394s, score is -689.600
Preparing algo ...
Test start ...
Test Done ...
rolling 3000, sd_coef 2, stop_win 17.1779395688, backtest took 35.166s, score is -689.600
Preparing algo ...
Test start ...
Test Done ...
rolling 3000, sd_coef 2, stop_win 20.6135274826, backtest took 35.294s, score is -689.600
Preparing algo ...
Test start ...
Test Done ...
rolling 3000, sd_coef 2, stop_win 24.0491153963, backtest took 35.563s, score is -689.600
Preparing algo ...
Test start ...
Test Done ...
rolling 3000, sd_coef 2, stop_win 27.4847033101, backtest took 35.167s, score is -689.600
Preparing algo ...
Test start ...
Test Done ...
rolling 3000, sd_coef 2, stop_win 30.9202912239, backtest took 35.152s, score is -689.600
Preparing algo ...
Test start ...
Test Done ...
rolling 3000, sd_coef 2, stop_win 34.3558791376, backtest took 35.280s, score is -689.600
Preparing algo ...
Test start ...
Test Done ...
rolling 3000, sd_coef 3, stop_win 3.43558791376, backtest took 35.023s, score is 109.200
Preparing algo ...
Test start ...
Test Done ...
rolling 3000, sd_coef 3, stop_win 6.87117582752, backtest took 35.398s, score is 109.200
Preparing algo ...
Test start ...
Test Done ...
rolling 3000, sd_coef 3, stop_win 10.3067637413, backtest took 35.099s, score is 109.200
Preparing algo ...
Test start ...
Test Done ...
rolling 3000, sd_coef 3, stop_win 13.742351655, backtest took 35.265s, score is 109.200
Preparing algo ...
Test start ...
Test Done ...
rolling 3000, sd_coef 3, stop_win 17.1779395688, backtest took 35.460s, score is 109.200
Preparing algo ...
Test start ...
Test Done ...
rolling 3000, sd_coef 3, stop_win 20.6135274826, backtest took 35.338s, score is 109.200
Preparing algo ...
Test start ...
Test Done ...
rolling 3000, sd_coef 3, stop_win 24.0491153963, backtest took 35.217s, score is 109.200
Preparing algo ...
Test start ...
Test Done ...
rolling 3000, sd_coef 3, stop_win 27.4847033101, backtest took 35.348s, score is 109.200
Preparing algo ...
Test start ...
Test Done ...
rolling 3000, sd_coef 3, stop_win 30.9202912239, backtest took 35.157s, score is 109.200
Preparing algo ...
Test start ...
Test Done ...
rolling 3000, sd_coef 3, stop_win 34.3558791376, backtest took 35.253s, score is 109.200
Preparing algo ...
Test start ...
Test Done ...
rolling 3000, sd_coef 4, stop_win 3.43558791376, backtest took 35.370s, score is 190.800
Preparing algo ...
Test start ...
Test Done ...
rolling 3000, sd_coef 4, stop_win 6.87117582752, backtest took 35.196s, score is 190.800
Preparing algo ...
Test start ...
Test Done ...
rolling 3000, sd_coef 4, stop_win 10.3067637413, backtest took 34.903s, score is 190.800
Preparing algo ...
Test start ...
Test Done ...
rolling 3000, sd_coef 4, stop_win 13.742351655, backtest took 35.258s, score is 190.800
Preparing algo ...
Test start ...
Test Done ...
rolling 3000, sd_coef 4, stop_win 17.1779395688, backtest took 35.254s, score is 190.800
Preparing algo ...
Test start ...
Test Done ...
rolling 3000, sd_coef 4, stop_win 20.6135274826, backtest took 35.119s, score is 190.800
Preparing algo ...
Test start ...
Test Done ...
rolling 3000, sd_coef 4, stop_win 24.0491153963, backtest took 35.144s, score is 190.800
Preparing algo ...
Test start ...
Test Done ...
rolling 3000, sd_coef 4, stop_win 27.4847033101, backtest took 35.194s, score is 190.800
Preparing algo ...
Test start ...
Test Done ...
rolling 3000, sd_coef 4, stop_win 30.9202912239, backtest took 35.440s, score is 190.800
Preparing algo ...
Test start ...
Test Done ...
rolling 3000, sd_coef 4, stop_win 34.3558791376, backtest took 34.938s, score is 190.800
Preparing algo ...
Test start ...
Test Done ...
rolling 3000, sd_coef 5, stop_win 3.43558791376, backtest took 34.763s, score is 8.800
Preparing algo ...
Test start ...
Test Done ...
rolling 3000, sd_coef 5, stop_win 6.87117582752, backtest took 34.911s, score is 8.800
Preparing algo ...
Test start ...
Test Done ...
rolling 3000, sd_coef 5, stop_win 10.3067637413, backtest took 34.773s, score is 8.800
Preparing algo ...
Test start ...
Test Done ...
rolling 3000, sd_coef 5, stop_win 13.742351655, backtest took 34.574s, score is 8.800
Preparing algo ...
Test start ...
Test Done ...
rolling 3000, sd_coef 5, stop_win 17.1779395688, backtest took 34.987s, score is 8.800
Preparing algo ...
Test start ...
Test Done ...
rolling 3000, sd_coef 5, stop_win 20.6135274826, backtest took 34.866s, score is 8.800
Preparing algo ...
Test start ...
Test Done ...
rolling 3000, sd_coef 5, stop_win 24.0491153963, backtest took 35.177s, score is 8.800
Preparing algo ...
Test start ...
Test Done ...
rolling 3000, sd_coef 5, stop_win 27.4847033101, backtest took 35.085s, score is 8.800
Preparing algo ...
Test start ...
Test Done ...
rolling 3000, sd_coef 5, stop_win 30.9202912239, backtest took 35.423s, score is 8.800
Preparing algo ...
Test start ...
Test Done ...
rolling 3000, sd_coef 5, stop_win 34.3558791376, backtest took 35.125s, score is 8.800
Preparing algo ...
Test start ...
Test Done ...
rolling 3000, sd_coef 6, stop_win 3.43558791376, backtest took 34.502s, score is 411.200
Preparing algo ...
Test start ...
Test Done ...
rolling 3000, sd_coef 6, stop_win 6.87117582752, backtest took 35.204s, score is 411.200
Preparing algo ...
Test start ...
Test Done ...
rolling 3000, sd_coef 6, stop_win 10.3067637413, backtest took 35.010s, score is 411.200
Preparing algo ...
Test start ...
Test Done ...
rolling 3000, sd_coef 6, stop_win 13.742351655, backtest took 34.813s, score is 411.200
Preparing algo ...
Test start ...
Test Done ...
rolling 3000, sd_coef 6, stop_win 17.1779395688, backtest took 34.978s, score is 411.200
Preparing algo ...
Test start ...
Test Done ...
rolling 3000, sd_coef 6, stop_win 20.6135274826, backtest took 35.089s, score is 411.200
Preparing algo ...
Test start ...
Test Done ...
rolling 3000, sd_coef 6, stop_win 24.0491153963, backtest took 35.014s, score is 411.200
Preparing algo ...
Test start ...
Test Done ...
rolling 3000, sd_coef 6, stop_win 27.4847033101, backtest took 34.856s, score is 411.200
Preparing algo ...
Test start ...
Test Done ...
rolling 3000, sd_coef 6, stop_win 30.9202912239, backtest took 34.984s, score is 411.200
Preparing algo ...
Test start ...
Test Done ...
rolling 3000, sd_coef 6, stop_win 34.3558791376, backtest took 34.905s, score is 411.200
Preparing algo ...
Test start ...
Test Done ...
rolling 3000, sd_coef 7, stop_win 3.43558791376, backtest took 34.269s, score is 100.400
Preparing algo ...
Test start ...
Test Done ...
rolling 3000, sd_coef 7, stop_win 6.87117582752, backtest took 34.908s, score is 100.400
Preparing algo ...
Test start ...
Test Done ...
rolling 3000, sd_coef 7, stop_win 10.3067637413, backtest took 34.733s, score is 100.400
Preparing algo ...
Test start ...
Test Done ...
rolling 3000, sd_coef 7, stop_win 13.742351655, backtest took 34.557s, score is 100.400
Preparing algo ...
Test start ...
Test Done ...
rolling 3000, sd_coef 7, stop_win 17.1779395688, backtest took 34.519s, score is 100.400
Preparing algo ...
Test start ...
Test Done ...
rolling 3000, sd_coef 7, stop_win 20.6135274826, backtest took 34.610s, score is 100.400
Preparing algo ...
Test start ...
Test Done ...
rolling 3000, sd_coef 7, stop_win 24.0491153963, backtest took 34.830s, score is 100.400
Preparing algo ...
Test start ...
Test Done ...
rolling 3000, sd_coef 7, stop_win 27.4847033101, backtest took 34.481s, score is 100.400
Preparing algo ...
Test start ...
Test Done ...
rolling 3000, sd_coef 7, stop_win 30.9202912239, backtest took 36.284s, score is 100.400
Preparing algo ...
Test start ...
Test Done ...
rolling 3000, sd_coef 7, stop_win 34.3558791376, backtest took 37.079s, score is 100.400
Preparing algo ...
Test start ...
Test Done ...
rolling 5000, sd_coef 2, stop_win 3.43558791376, backtest took 37.479s, score is -160.800
Preparing algo ...
Test start ...
Test Done ...
rolling 5000, sd_coef 2, stop_win 6.87117582752, backtest took 37.459s, score is -160.800
Preparing algo ...
Test start ...
Test Done ...
rolling 5000, sd_coef 2, stop_win 10.3067637413, backtest took 37.123s, score is -160.800
Preparing algo ...
Test start ...
Test Done ...
rolling 5000, sd_coef 2, stop_win 13.742351655, backtest took 37.567s, score is -160.800
Preparing algo ...
Test start ...
Test Done ...
rolling 5000, sd_coef 2, stop_win 17.1779395688, backtest took 37.555s, score is -160.800
Preparing algo ...
Test start ...
Test Done ...
rolling 5000, sd_coef 2, stop_win 20.6135274826, backtest took 36.874s, score is -160.800
Preparing algo ...
Test start ...
Test Done ...
rolling 5000, sd_coef 2, stop_win 24.0491153963, backtest took 37.881s, score is -160.800
Preparing algo ...
Test start ...
Test Done ...
rolling 5000, sd_coef 2, stop_win 27.4847033101, backtest took 37.404s, score is -160.800
Preparing algo ...
Test start ...
Test Done ...
rolling 5000, sd_coef 2, stop_win 30.9202912239, backtest took 37.402s, score is -160.800
Preparing algo ...
Test start ...
Test Done ...
rolling 5000, sd_coef 2, stop_win 34.3558791376, backtest took 37.638s, score is -160.800
Preparing algo ...
Test start ...
Test Done ...
rolling 5000, sd_coef 3, stop_win 3.43558791376, backtest took 37.382s, score is -106.000
Preparing algo ...
Test start ...
Test Done ...
rolling 5000, sd_coef 3, stop_win 6.87117582752, backtest took 37.322s, score is -106.000
Preparing algo ...
Test start ...
Test Done ...
rolling 5000, sd_coef 3, stop_win 10.3067637413, backtest took 37.468s, score is -106.000
Preparing algo ...
Test start ...
Test Done ...
rolling 5000, sd_coef 3, stop_win 13.742351655, backtest took 37.295s, score is -106.000
Preparing algo ...
Test start ...
Test Done ...
rolling 5000, sd_coef 3, stop_win 17.1779395688, backtest took 37.542s, score is -106.000
Preparing algo ...
Test start ...
Test Done ...
rolling 5000, sd_coef 3, stop_win 20.6135274826, backtest took 37.308s, score is -106.000
Preparing algo ...
Test start ...
Test Done ...
rolling 5000, sd_coef 3, stop_win 24.0491153963, backtest took 37.463s, score is -106.000
Preparing algo ...
Test start ...
Test Done ...
rolling 5000, sd_coef 3, stop_win 27.4847033101, backtest took 37.419s, score is -106.000
Preparing algo ...
Test start ...
Test Done ...
rolling 5000, sd_coef 3, stop_win 30.9202912239, backtest took 37.853s, score is -106.000
Preparing algo ...
Test start ...
Test Done ...
rolling 5000, sd_coef 3, stop_win 34.3558791376, backtest took 37.536s, score is -106.000
Preparing algo ...
Test start ...
Test Done ...
rolling 5000, sd_coef 4, stop_win 3.43558791376, backtest took 37.326s, score is 29.200
Preparing algo ...
Test start ...
Test Done ...
rolling 5000, sd_coef 4, stop_win 6.87117582752, backtest took 37.566s, score is 29.200
Preparing algo ...
Test start ...
Test Done ...
rolling 5000, sd_coef 4, stop_win 10.3067637413, backtest took 37.604s, score is 29.200
Preparing algo ...
Test start ...
Test Done ...
rolling 5000, sd_coef 4, stop_win 13.742351655, backtest took 37.502s, score is 29.200
Preparing algo ...
Test start ...
Test Done ...
rolling 5000, sd_coef 4, stop_win 17.1779395688, backtest took 37.188s, score is 29.200
Preparing algo ...
Test start ...
Test Done ...
rolling 5000, sd_coef 4, stop_win 20.6135274826, backtest took 37.722s, score is 29.200
Preparing algo ...
Test start ...
Test Done ...
rolling 5000, sd_coef 4, stop_win 24.0491153963, backtest took 37.664s, score is 29.200
Preparing algo ...
Test start ...
Test Done ...
rolling 5000, sd_coef 4, stop_win 27.4847033101, backtest took 37.431s, score is 29.200
Preparing algo ...
Test start ...
Test Done ...
rolling 5000, sd_coef 4, stop_win 30.9202912239, backtest took 37.505s, score is 29.200
Preparing algo ...
Test start ...
Test Done ...
rolling 5000, sd_coef 4, stop_win 34.3558791376, backtest took 37.530s, score is 29.200
Preparing algo ...
Test start ...
Test Done ...
rolling 5000, sd_coef 5, stop_win 3.43558791376, backtest took 37.686s, score is 73.600
Preparing algo ...
Test start ...
Test Done ...
rolling 5000, sd_coef 5, stop_win 6.87117582752, backtest took 37.344s, score is 73.600
Preparing algo ...
Test start ...
Test Done ...
rolling 5000, sd_coef 5, stop_win 10.3067637413, backtest took 37.309s, score is 73.600
Preparing algo ...
Test start ...
Test Done ...
rolling 5000, sd_coef 5, stop_win 13.742351655, backtest took 37.501s, score is 73.600
Preparing algo ...
Test start ...
Test Done ...
rolling 5000, sd_coef 5, stop_win 17.1779395688, backtest took 37.549s, score is 73.600
Preparing algo ...
Test start ...
Test Done ...
rolling 5000, sd_coef 5, stop_win 20.6135274826, backtest took 37.491s, score is 73.600
Preparing algo ...
Test start ...
Test Done ...
rolling 5000, sd_coef 5, stop_win 24.0491153963, backtest took 37.081s, score is 73.600
Preparing algo ...
Test start ...
Test Done ...
rolling 5000, sd_coef 5, stop_win 27.4847033101, backtest took 37.695s, score is 73.600
Preparing algo ...
Test start ...
Test Done ...
rolling 5000, sd_coef 5, stop_win 30.9202912239, backtest took 37.564s, score is 73.600
Preparing algo ...
Test start ...
Test Done ...
rolling 5000, sd_coef 5, stop_win 34.3558791376, backtest took 37.315s, score is 73.600
Preparing algo ...
Test start ...
Test Done ...
rolling 5000, sd_coef 6, stop_win 3.43558791376, backtest took 37.037s, score is 375.600
Preparing algo ...
Test start ...
Test Done ...
rolling 5000, sd_coef 6, stop_win 6.87117582752, backtest took 36.916s, score is 375.600
Preparing algo ...
Test start ...
Test Done ...
rolling 5000, sd_coef 6, stop_win 10.3067637413, backtest took 37.249s, score is 375.600
Preparing algo ...
Test start ...
Test Done ...
rolling 5000, sd_coef 6, stop_win 13.742351655, backtest took 36.872s, score is 375.600
Preparing algo ...
Test start ...
Test Done ...
rolling 5000, sd_coef 6, stop_win 17.1779395688, backtest took 37.057s, score is 375.600
Preparing algo ...
Test start ...
Test Done ...
rolling 5000, sd_coef 6, stop_win 20.6135274826, backtest took 37.192s, score is 375.600
Preparing algo ...
Test start ...
Test Done ...
rolling 5000, sd_coef 6, stop_win 24.0491153963, backtest took 37.042s, score is 375.600
Preparing algo ...
Test start ...
Test Done ...
rolling 5000, sd_coef 6, stop_win 27.4847033101, backtest took 36.649s, score is 375.600
Preparing algo ...
Test start ...
Test Done ...
rolling 5000, sd_coef 6, stop_win 30.9202912239, backtest took 37.172s, score is 375.600
Preparing algo ...
Test start ...
Test Done ...
rolling 5000, sd_coef 6, stop_win 34.3558791376, backtest took 36.983s, score is 375.600
Preparing algo ...
Test start ...
Test Done ...
rolling 5000, sd_coef 7, stop_win 3.43558791376, backtest took 37.040s, score is 395.600
Preparing algo ...
Test start ...
Test Done ...
rolling 5000, sd_coef 7, stop_win 6.87117582752, backtest took 37.138s, score is 395.600
Preparing algo ...
Test start ...
Test Done ...
rolling 5000, sd_coef 7, stop_win 10.3067637413, backtest took 37.181s, score is 395.600
Preparing algo ...
Test start ...
Test Done ...
rolling 5000, sd_coef 7, stop_win 13.742351655, backtest took 37.070s, score is 395.600
Preparing algo ...
Test start ...
Test Done ...
rolling 5000, sd_coef 7, stop_win 17.1779395688, backtest took 36.597s, score is 395.600
Preparing algo ...
Test start ...
Test Done ...
rolling 5000, sd_coef 7, stop_win 20.6135274826, backtest took 37.213s, score is 395.600
Preparing algo ...
Test start ...
Test Done ...
rolling 5000, sd_coef 7, stop_win 24.0491153963, backtest took 37.148s, score is 395.600
Preparing algo ...
Test start ...
Test Done ...
rolling 5000, sd_coef 7, stop_win 27.4847033101, backtest took 36.968s, score is 395.600
Preparing algo ...
Test start ...
Test Done ...
rolling 5000, sd_coef 7, stop_win 30.9202912239, backtest took 37.009s, score is 395.600
Preparing algo ...
Test start ...
Test Done ...
rolling 5000, sd_coef 7, stop_win 34.3558791376, backtest took 36.975s, score is 395.600
Preparing algo ...
Test start ...
Test Done ...
rolling 7000, sd_coef 2, stop_win 3.43558791376, backtest took 37.448s, score is -259.200
Preparing algo ...
Test start ...
Test Done ...
rolling 7000, sd_coef 2, stop_win 6.87117582752, backtest took 37.045s, score is -259.200
Preparing algo ...
Test start ...
Test Done ...
rolling 7000, sd_coef 2, stop_win 10.3067637413, backtest took 37.201s, score is -259.200
Preparing algo ...
Test start ...
Test Done ...
rolling 7000, sd_coef 2, stop_win 13.742351655, backtest took 37.088s, score is -259.200
Preparing algo ...
Test start ...
Test Done ...
rolling 7000, sd_coef 2, stop_win 17.1779395688, backtest took 37.045s, score is -259.200
Preparing algo ...
Test start ...
Test Done ...
rolling 7000, sd_coef 2, stop_win 20.6135274826, backtest took 37.103s, score is -259.200
Preparing algo ...
Test start ...
Test Done ...
rolling 7000, sd_coef 2, stop_win 24.0491153963, backtest took 37.106s, score is -259.200
Preparing algo ...
Test start ...
Test Done ...
rolling 7000, sd_coef 2, stop_win 27.4847033101, backtest took 37.072s, score is -259.200
Preparing algo ...
Test start ...
Test Done ...
rolling 7000, sd_coef 2, stop_win 30.9202912239, backtest took 36.997s, score is -259.200
Preparing algo ...
Test start ...
Test Done ...
rolling 7000, sd_coef 2, stop_win 34.3558791376, backtest took 37.237s, score is -259.200
Preparing algo ...
Test start ...
Test Done ...
rolling 7000, sd_coef 3, stop_win 3.43558791376, backtest took 37.275s, score is 78.000
Preparing algo ...
Test start ...
Test Done ...
rolling 7000, sd_coef 3, stop_win 6.87117582752, backtest took 36.797s, score is 78.000
Preparing algo ...
Test start ...
Test Done ...
rolling 7000, sd_coef 3, stop_win 10.3067637413, backtest took 37.250s, score is 78.000
Preparing algo ...
Test start ...
Test Done ...
rolling 7000, sd_coef 3, stop_win 13.742351655, backtest took 37.138s, score is 78.000
Preparing algo ...
Test start ...
Test Done ...
rolling 7000, sd_coef 3, stop_win 17.1779395688, backtest took 37.526s, score is 78.000
Preparing algo ...
Test start ...
Test Done ...
rolling 7000, sd_coef 3, stop_win 20.6135274826, backtest took 36.757s, score is 78.000
Preparing algo ...
Test start ...
Test Done ...
rolling 7000, sd_coef 3, stop_win 24.0491153963, backtest took 37.388s, score is 78.000
Preparing algo ...
Test start ...
Test Done ...
rolling 7000, sd_coef 3, stop_win 27.4847033101, backtest took 37.366s, score is 78.000
Preparing algo ...
Test start ...
Test Done ...
rolling 7000, sd_coef 3, stop_win 30.9202912239, backtest took 37.233s, score is 78.000
Preparing algo ...
Test start ...
Test Done ...
rolling 7000, sd_coef 3, stop_win 34.3558791376, backtest took 37.298s, score is 78.000
Preparing algo ...
Test start ...
Test Done ...
rolling 7000, sd_coef 4, stop_win 3.43558791376, backtest took 37.035s, score is -86.000
Preparing algo ...
Test start ...
Test Done ...
rolling 7000, sd_coef 4, stop_win 6.87117582752, backtest took 36.972s, score is -86.000
Preparing algo ...
Test start ...
Test Done ...
rolling 7000, sd_coef 4, stop_win 10.3067637413, backtest took 36.625s, score is -86.000
Preparing algo ...
Test start ...
Test Done ...
rolling 7000, sd_coef 4, stop_win 13.742351655, backtest took 37.143s, score is -86.000
Preparing algo ...
Test start ...
Test Done ...
rolling 7000, sd_coef 4, stop_win 17.1779395688, backtest took 37.129s, score is -86.000
Preparing algo ...
Test start ...
Test Done ...
rolling 7000, sd_coef 4, stop_win 20.6135274826, backtest took 36.934s, score is -86.000
Preparing algo ...
Test start ...
Test Done ...
rolling 7000, sd_coef 4, stop_win 24.0491153963, backtest took 36.945s, score is -86.000
Preparing algo ...
Test start ...
Test Done ...
rolling 7000, sd_coef 4, stop_win 27.4847033101, backtest took 36.900s, score is -86.000
Preparing algo ...
Test start ...
Test Done ...
rolling 7000, sd_coef 4, stop_win 30.9202912239, backtest took 37.257s, score is -86.000
Preparing algo ...
Test start ...
Test Done ...
rolling 7000, sd_coef 4, stop_win 34.3558791376, backtest took 36.844s, score is -86.000
Preparing algo ...
Test start ...
Test Done ...
rolling 7000, sd_coef 5, stop_win 3.43558791376, backtest took 36.832s, score is 118.400
Preparing algo ...
Test start ...
Test Done ...
rolling 7000, sd_coef 5, stop_win 6.87117582752, backtest took 36.667s, score is 118.400
Preparing algo ...
Test start ...
Test Done ...
rolling 7000, sd_coef 5, stop_win 10.3067637413, backtest took 36.287s, score is 118.400
Preparing algo ...
Test start ...
Test Done ...
rolling 7000, sd_coef 5, stop_win 13.742351655, backtest took 36.961s, score is 118.400
Preparing algo ...
Test start ...
Test Done ...
rolling 7000, sd_coef 5, stop_win 17.1779395688, backtest took 36.765s, score is 118.400
Preparing algo ...
Test start ...
Test Done ...
rolling 7000, sd_coef 5, stop_win 20.6135274826, backtest took 36.542s, score is 118.400
Preparing algo ...
Test start ...
Test Done ...
rolling 7000, sd_coef 5, stop_win 24.0491153963, backtest took 36.678s, score is 118.400
Preparing algo ...
Test start ...
Test Done ...
rolling 7000, sd_coef 5, stop_win 27.4847033101, backtest took 36.701s, score is 118.400
Preparing algo ...
Test start ...
Test Done ...
rolling 7000, sd_coef 5, stop_win 30.9202912239, backtest took 37.010s, score is 118.400
Preparing algo ...
Test start ...
Test Done ...
rolling 7000, sd_coef 5, stop_win 34.3558791376, backtest took 36.743s, score is 118.400
Preparing algo ...
Test start ...
Test Done ...
rolling 7000, sd_coef 6, stop_win 3.43558791376, backtest took 36.272s, score is 375.600
Preparing algo ...
Test start ...
Test Done ...
rolling 7000, sd_coef 6, stop_win 6.87117582752, backtest took 36.497s, score is 375.600
Preparing algo ...
Test start ...
Test Done ...
rolling 7000, sd_coef 6, stop_win 10.3067637413, backtest took 36.543s, score is 375.600
Preparing algo ...
Test start ...
Test Done ...
rolling 7000, sd_coef 6, stop_win 13.742351655, backtest took 36.410s, score is 375.600
Preparing algo ...
Test start ...
Test Done ...
rolling 7000, sd_coef 6, stop_win 17.1779395688, backtest took 35.986s, score is 375.600
Preparing algo ...
Test start ...
Test Done ...
rolling 7000, sd_coef 6, stop_win 20.6135274826, backtest took 36.622s, score is 375.600
Preparing algo ...
Test start ...
Test Done ...
rolling 7000, sd_coef 6, stop_win 24.0491153963, backtest took 36.527s, score is 375.600
Preparing algo ...
Test start ...
Test Done ...
rolling 7000, sd_coef 6, stop_win 27.4847033101, backtest took 36.285s, score is 375.600
Preparing algo ...
Test start ...
Test Done ...
rolling 7000, sd_coef 6, stop_win 30.9202912239, backtest took 36.457s, score is 375.600
Preparing algo ...
Test start ...
Test Done ...
rolling 7000, sd_coef 6, stop_win 34.3558791376, backtest took 36.386s, score is 375.600
Preparing algo ...
Test start ...
Test Done ...
rolling 7000, sd_coef 7, stop_win 3.43558791376, backtest took 36.737s, score is 252.800
Preparing algo ...
Test start ...
Test Done ...
rolling 7000, sd_coef 7, stop_win 6.87117582752, backtest took 36.377s, score is 252.800
Preparing algo ...
Test start ...
Test Done ...
rolling 7000, sd_coef 7, stop_win 10.3067637413, backtest took 36.298s, score is 252.800
Preparing algo ...
Test start ...
Test Done ...
rolling 7000, sd_coef 7, stop_win 13.742351655, backtest took 36.532s, score is 252.800
Preparing algo ...
Test start ...
Test Done ...
rolling 7000, sd_coef 7, stop_win 17.1779395688, backtest took 36.554s, score is 252.800
Preparing algo ...
Test start ...
Test Done ...
rolling 7000, sd_coef 7, stop_win 20.6135274826, backtest took 36.431s, score is 252.800
Preparing algo ...
Test start ...
Test Done ...
rolling 7000, sd_coef 7, stop_win 24.0491153963, backtest took 36.051s, score is 252.800
Preparing algo ...
Test start ...
Test Done ...
rolling 7000, sd_coef 7, stop_win 27.4847033101, backtest took 36.699s, score is 252.800
Preparing algo ...
Test start ...
Test Done ...
rolling 7000, sd_coef 7, stop_win 30.9202912239, backtest took 36.486s, score is 252.800
Preparing algo ...
Test start ...
Test Done ...
rolling 7000, sd_coef 7, stop_win 34.3558791376, backtest took 36.342s, score is 252.800
Preparing algo ...
Test start ...
Test Done ...
rolling 9000, sd_coef 2, stop_win 3.43558791376, backtest took 36.552s, score is -330.000
Preparing algo ...
Test start ...
Test Done ...
rolling 9000, sd_coef 2, stop_win 6.87117582752, backtest took 36.506s, score is -330.000
Preparing algo ...
Test start ...
Test Done ...
rolling 9000, sd_coef 2, stop_win 10.3067637413, backtest took 36.828s, score is -330.000
Preparing algo ...
Test start ...
Test Done ...
rolling 9000, sd_coef 2, stop_win 13.742351655, backtest took 36.570s, score is -330.000
Preparing algo ...
Test start ...
Test Done ...
rolling 9000, sd_coef 2, stop_win 17.1779395688, backtest took 36.447s, score is -330.000
Preparing algo ...
Test start ...
Test Done ...
rolling 9000, sd_coef 2, stop_win 20.6135274826, backtest took 36.810s, score is -330.000
Preparing algo ...
Test start ...
Test Done ...
rolling 9000, sd_coef 2, stop_win 24.0491153963, backtest took 35.952s, score is -330.000
Preparing algo ...
Test start ...
Test Done ...
rolling 9000, sd_coef 2, stop_win 27.4847033101, backtest took 37.275s, score is -330.000
Preparing algo ...
Test start ...
Test Done ...
rolling 9000, sd_coef 2, stop_win 30.9202912239, backtest took 36.629s, score is -330.000
Preparing algo ...
Test start ...
Test Done ...
rolling 9000, sd_coef 2, stop_win 34.3558791376, backtest took 36.635s, score is -330.000
Preparing algo ...
Test start ...
Test Done ...
rolling 9000, sd_coef 3, stop_win 3.43558791376, backtest took 37.085s, score is -68.000
Preparing algo ...
Test start ...
Test Done ...
rolling 9000, sd_coef 3, stop_win 6.87117582752, backtest took 36.714s, score is -68.000
Preparing algo ...
Test start ...
Test Done ...
rolling 9000, sd_coef 3, stop_win 10.3067637413, backtest took 36.616s, score is -68.000
Preparing algo ...
Test start ...
Test Done ...
rolling 9000, sd_coef 3, stop_win 13.742351655, backtest took 36.888s, score is -68.000
Preparing algo ...
Test start ...
Test Done ...
rolling 9000, sd_coef 3, stop_win 17.1779395688, backtest took 36.568s, score is -68.000
Preparing algo ...
Test start ...
Test Done ...
rolling 9000, sd_coef 3, stop_win 20.6135274826, backtest took 36.870s, score is -68.000
Preparing algo ...
Test start ...
Test Done ...
rolling 9000, sd_coef 3, stop_win 24.0491153963, backtest took 36.308s, score is -68.000
Preparing algo ...
Test start ...
Test Done ...
rolling 9000, sd_coef 3, stop_win 27.4847033101, backtest took 36.861s, score is -68.000
Preparing algo ...
Test start ...
Test Done ...
rolling 9000, sd_coef 3, stop_win 30.9202912239, backtest took 36.683s, score is -68.000
Preparing algo ...
Test start ...
Test Done ...
rolling 9000, sd_coef 3, stop_win 34.3558791376, backtest took 37.131s, score is -68.000
Preparing algo ...
Test start ...
Test Done ...
rolling 9000, sd_coef 4, stop_win 3.43558791376, backtest took 35.847s, score is 14.000
Preparing algo ...
Test start ...
Test Done ...
rolling 9000, sd_coef 4, stop_win 6.87117582752, backtest took 36.469s, score is 14.000
Preparing algo ...
Test start ...
Test Done ...
rolling 9000, sd_coef 4, stop_win 10.3067637413, backtest took 36.219s, score is 14.000
Preparing algo ...
Test start ...
Test Done ...
rolling 9000, sd_coef 4, stop_win 13.742351655, backtest took 36.246s, score is 14.000
Preparing algo ...
Test start ...
Test Done ...
rolling 9000, sd_coef 4, stop_win 17.1779395688, backtest took 36.300s, score is 14.000
Preparing algo ...
Test start ...
Test Done ...
rolling 9000, sd_coef 4, stop_win 20.6135274826, backtest took 36.305s, score is 14.000
Preparing algo ...
Test start ...
Test Done ...
rolling 9000, sd_coef 4, stop_win 24.0491153963, backtest took 36.231s, score is 14.000
Preparing algo ...
Test start ...
Test Done ...
rolling 9000, sd_coef 4, stop_win 27.4847033101, backtest took 35.813s, score is 14.000
Preparing algo ...
Test start ...
Test Done ...
rolling 9000, sd_coef 4, stop_win 30.9202912239, backtest took 36.451s, score is 14.000
Preparing algo ...
Test start ...
Test Done ...
rolling 9000, sd_coef 4, stop_win 34.3558791376, backtest took 36.354s, score is 14.000
Preparing algo ...
Test start ...
Test Done ...
rolling 9000, sd_coef 5, stop_win 3.43558791376, backtest took 36.049s, score is 118.400
Preparing algo ...
Test start ...
Test Done ...
rolling 9000, sd_coef 5, stop_win 6.87117582752, backtest took 36.228s, score is 118.400
Preparing algo ...
Test start ...
Test Done ...
rolling 9000, sd_coef 5, stop_win 10.3067637413, backtest took 36.166s, score is 118.400
Preparing algo ...
Test start ...
Test Done ...
rolling 9000, sd_coef 5, stop_win 13.742351655, backtest took 36.520s, score is 118.400
Preparing algo ...
Test start ...
Test Done ...
rolling 9000, sd_coef 5, stop_win 17.1779395688, backtest took 36.099s, score is 118.400
Preparing algo ...
Test start ...
Test Done ...
rolling 9000, sd_coef 5, stop_win 20.6135274826, backtest took 36.311s, score is 118.400
Preparing algo ...
Test start ...
Test Done ...
rolling 9000, sd_coef 5, stop_win 24.0491153963, backtest took 36.231s, score is 118.400
Preparing algo ...
Test start ...
Test Done ...
rolling 9000, sd_coef 5, stop_win 27.4847033101, backtest took 35.751s, score is 118.400
Preparing algo ...
Test start ...
Test Done ...
rolling 9000, sd_coef 5, stop_win 30.9202912239, backtest took 36.406s, score is 118.400
Preparing algo ...
Test start ...
Test Done ...
rolling 9000, sd_coef 5, stop_win 34.3558791376, backtest took 36.280s, score is 118.400
Preparing algo ...
Test start ...
Test Done ...
rolling 9000, sd_coef 6, stop_win 3.43558791376, backtest took 35.828s, score is 375.600
Preparing algo ...
Test start ...
Test Done ...
rolling 9000, sd_coef 6, stop_win 6.87117582752, backtest took 35.913s, score is 375.600
Preparing algo ...
Test start ...
Test Done ...
rolling 9000, sd_coef 6, stop_win 10.3067637413, backtest took 35.875s, score is 375.600
Preparing algo ...
Test start ...
Test Done ...
rolling 9000, sd_coef 6, stop_win 13.742351655, backtest took 36.274s, score is 375.600
Preparing algo ...
Test start ...
Test Done ...
rolling 9000, sd_coef 6, stop_win 17.1779395688, backtest took 35.830s, score is 375.600
Preparing algo ...
Test start ...
Test Done ...
rolling 9000, sd_coef 6, stop_win 20.6135274826, backtest took 35.835s, score is 375.600
Preparing algo ...
Test start ...
Test Done ...
rolling 9000, sd_coef 6, stop_win 24.0491153963, backtest took 35.949s, score is 375.600
Preparing algo ...
Test start ...
Test Done ...
rolling 9000, sd_coef 6, stop_win 27.4847033101, backtest took 36.149s, score is 375.600
Preparing algo ...
Test start ...
Test Done ...
rolling 9000, sd_coef 6, stop_win 30.9202912239, backtest took 35.975s, score is 375.600
Preparing algo ...
Test start ...
Test Done ...
rolling 9000, sd_coef 6, stop_win 34.3558791376, backtest took 35.482s, score is 375.600
Preparing algo ...
Test start ...
Test Done ...
rolling 9000, sd_coef 7, stop_win 3.43558791376, backtest took 36.151s, score is 252.800
Preparing algo ...
Test start ...
Test Done ...
rolling 9000, sd_coef 7, stop_win 6.87117582752, backtest took 36.090s, score is 252.800
Preparing algo ...
Test start ...
Test Done ...
rolling 9000, sd_coef 7, stop_win 10.3067637413, backtest took 35.862s, score is 252.800
Preparing algo ...
Test start ...
Test Done ...
rolling 9000, sd_coef 7, stop_win 13.742351655, backtest took 35.951s, score is 252.800
Preparing algo ...
Test start ...
Test Done ...
rolling 9000, sd_coef 7, stop_win 17.1779395688, backtest took 35.858s, score is 252.800
Preparing algo ...
Test start ...
Test Done ...
rolling 9000, sd_coef 7, stop_win 20.6135274826, backtest took 36.293s, score is 252.800
Preparing algo ...
Test start ...
Test Done ...
rolling 9000, sd_coef 7, stop_win 24.0491153963, backtest took 35.852s, score is 252.800
Preparing algo ...
Test start ...
Test Done ...
rolling 9000, sd_coef 7, stop_win 27.4847033101, backtest took 35.826s, score is 252.800
Preparing algo ...
Test start ...
Test Done ...
rolling 9000, sd_coef 7, stop_win 30.9202912239, backtest took 36.067s, score is 252.800
Preparing algo ...
Test start ...
Test Done ...
rolling 9000, sd_coef 7, stop_win 34.3558791376, backtest took 36.109s, score is 252.800
Traceback (most recent call last):
  File "grid_search_one_roll_c.py", line 129, in <module>
    "stop_win": [p[3] for p in pars],
IndexError: tuple index out of range
