Reading configs ...
Reading data ...
x is a1505: 2589538 entries from 34 days
y is a1509: 1590870 entries from 34 days
Preparing data ...
Preparing algo ...
Test start ...
Test Done ...
rolling 1000, sd_coef 2, stop_win 6.86081995806, backtest took 271.478s, score is -65066.000
Preparing algo ...
Test start ...
Test Done ...
rolling 1000, sd_coef 2, stop_win 13.7216399161, backtest took 271.759s, score is -65066.000
Preparing algo ...
Test start ...
Test Done ...
rolling 1000, sd_coef 2, stop_win 20.5824598742, backtest took 272.301s, score is -65066.000
Preparing algo ...
Test start ...
Test Done ...
rolling 1000, sd_coef 2, stop_win 27.4432798322, backtest took 272.775s, score is -65066.000
Preparing algo ...
Test start ...
Test Done ...
rolling 1000, sd_coef 2, stop_win 34.3040997903, backtest took 276.906s, score is -65066.000
Preparing algo ...
Test start ...
Test Done ...
rolling 1000, sd_coef 2, stop_win 41.1649197484, backtest took 280.191s, score is -65066.000
Preparing algo ...
Test start ...
Test Done ...
rolling 1000, sd_coef 2, stop_win 48.0257397064, backtest took 288.439s, score is -65066.000
Preparing algo ...
Test start ...
Test Done ...
rolling 1000, sd_coef 2, stop_win 54.8865596645, backtest took 290.949s, score is -65066.000
Preparing algo ...
Test start ...
Test Done ...
rolling 1000, sd_coef 2, stop_win 61.7473796225, backtest took 288.590s, score is -65066.000
Preparing algo ...
Test start ...
Test Done ...
rolling 1000, sd_coef 2, stop_win 68.6081995806, backtest took 289.691s, score is -65066.000
Preparing algo ...
Test start ...
Test Done ...
rolling 1000, sd_coef 3, stop_win 6.86081995806, backtest took 289.089s, score is -19522.000
Preparing algo ...
Test start ...
Test Done ...
rolling 1000, sd_coef 3, stop_win 13.7216399161, backtest took 290.626s, score is -19522.000
Preparing algo ...
Test start ...
Test Done ...
rolling 1000, sd_coef 3, stop_win 20.5824598742, backtest took 289.045s, score is -19522.000
Preparing algo ...
Test start ...
Test Done ...
rolling 1000, sd_coef 3, stop_win 27.4432798322, backtest took 289.862s, score is -19522.000
Preparing algo ...
Test start ...
Test Done ...
rolling 1000, sd_coef 3, stop_win 34.3040997903, backtest took 289.272s, score is -19522.000
Preparing algo ...
Test start ...
Test Done ...
rolling 1000, sd_coef 3, stop_win 41.1649197484, backtest took 289.524s, score is -19522.000
Preparing algo ...
Test start ...
Test Done ...
rolling 1000, sd_coef 3, stop_win 48.0257397064, backtest took 289.210s, score is -19522.000
Preparing algo ...
Test start ...
Test Done ...
rolling 1000, sd_coef 3, stop_win 54.8865596645, backtest took 287.942s, score is -19522.000
Preparing algo ...
Test start ...
Test Done ...
rolling 1000, sd_coef 3, stop_win 61.7473796225, backtest took 287.948s, score is -19522.000
Preparing algo ...
Test start ...
Test Done ...
rolling 1000, sd_coef 3, stop_win 68.6081995806, backtest took 286.873s, score is -19522.000
Preparing algo ...
Test start ...
Test Done ...
rolling 1000, sd_coef 4, stop_win 6.86081995806, backtest took 287.863s, score is -5994.000
Preparing algo ...
Test start ...
Test Done ...
rolling 1000, sd_coef 4, stop_win 13.7216399161, backtest took 286.088s, score is -5994.000
Preparing algo ...
Test start ...
Test Done ...
rolling 1000, sd_coef 4, stop_win 20.5824598742, backtest took 286.661s, score is -5994.000
Preparing algo ...
Test start ...
Test Done ...
rolling 1000, sd_coef 4, stop_win 27.4432798322, backtest took 287.692s, score is -5994.000
Preparing algo ...
Test start ...
Test Done ...
rolling 1000, sd_coef 4, stop_win 34.3040997903, backtest took 286.578s, score is -5994.000
Preparing algo ...
Test start ...
Test Done ...
rolling 1000, sd_coef 4, stop_win 41.1649197484, backtest took 287.691s, score is -5994.000
Preparing algo ...
Test start ...
Test Done ...
rolling 1000, sd_coef 4, stop_win 48.0257397064, backtest took 285.603s, score is -5994.000
Preparing algo ...
Test start ...
Test Done ...
rolling 1000, sd_coef 4, stop_win 54.8865596645, backtest took 286.803s, score is -5994.000
Preparing algo ...
Test start ...
Test Done ...
rolling 1000, sd_coef 4, stop_win 61.7473796225, backtest took 286.707s, score is -5994.000
Preparing algo ...
Test start ...
Test Done ...
rolling 1000, sd_coef 4, stop_win 68.6081995806, backtest took 284.736s, score is -5994.000
Preparing algo ...
Test start ...
Test Done ...
rolling 1000, sd_coef 5, stop_win 6.86081995806, backtest took 286.648s, score is -2962.000
Preparing algo ...
Test start ...
Test Done ...
rolling 1000, sd_coef 5, stop_win 13.7216399161, backtest took 282.836s, score is -2962.000
Preparing algo ...
Test start ...
Test Done ...
rolling 1000, sd_coef 5, stop_win 20.5824598742, backtest took 289.993s, score is -2962.000
Preparing algo ...
Test start ...
Test Done ...
rolling 1000, sd_coef 5, stop_win 27.4432798322, backtest took 285.639s, score is -2962.000
Preparing algo ...
Test start ...
Test Done ...
rolling 1000, sd_coef 5, stop_win 34.3040997903, backtest took 285.958s, score is -2962.000
Preparing algo ...
Test start ...
Test Done ...
rolling 1000, sd_coef 5, stop_win 41.1649197484, backtest took 287.555s, score is -2962.000
Preparing algo ...
Test start ...
Test Done ...
rolling 1000, sd_coef 5, stop_win 48.0257397064, backtest took 285.746s, score is -2962.000
Preparing algo ...
Test start ...
Test Done ...
rolling 1000, sd_coef 5, stop_win 54.8865596645, backtest took 285.708s, score is -2962.000
Preparing algo ...
Test start ...
Test Done ...
rolling 1000, sd_coef 5, stop_win 61.7473796225, backtest took 286.856s, score is -2962.000
Preparing algo ...
Test start ...
Test Done ...
rolling 1000, sd_coef 5, stop_win 68.6081995806, backtest took 284.929s, score is -2962.000
Preparing algo ...
Test start ...
Test Done ...
rolling 1000, sd_coef 6, stop_win 6.86081995806, backtest took 285.733s, score is -2712.000
Preparing algo ...
Test start ...
Test Done ...
rolling 1000, sd_coef 6, stop_win 13.7216399161, backtest took 287.216s, score is -2712.000
Preparing algo ...
Test start ...
Test Done ...
rolling 1000, sd_coef 6, stop_win 20.5824598742, backtest took 285.337s, score is -2712.000
Preparing algo ...
Test start ...
Test Done ...
rolling 1000, sd_coef 6, stop_win 27.4432798322, backtest took 285.638s, score is -2712.000
Preparing algo ...
Test start ...
Test Done ...
rolling 1000, sd_coef 6, stop_win 34.3040997903, backtest took 287.438s, score is -2712.000
Preparing algo ...
Test start ...
Test Done ...
rolling 1000, sd_coef 6, stop_win 41.1649197484, backtest took 286.417s, score is -2712.000
Preparing algo ...
Test start ...
Test Done ...
rolling 1000, sd_coef 6, stop_win 48.0257397064, backtest took 287.053s, score is -2712.000
Preparing algo ...
Test start ...
Test Done ...
rolling 1000, sd_coef 6, stop_win 54.8865596645, backtest took 286.873s, score is -2712.000
Preparing algo ...
Test start ...
Test Done ...
rolling 1000, sd_coef 6, stop_win 61.7473796225, backtest took 285.073s, score is -2712.000
Preparing algo ...
Test start ...
Test Done ...
rolling 1000, sd_coef 6, stop_win 68.6081995806, backtest took 287.977s, score is -2712.000
Preparing algo ...
Test start ...
Test Done ...
rolling 1000, sd_coef 7, stop_win 6.86081995806, backtest took 283.866s, score is -2332.000
Preparing algo ...
Test start ...
Test Done ...
rolling 1000, sd_coef 7, stop_win 13.7216399161, backtest took 290.562s, score is -2332.000
Preparing algo ...
Test start ...
Test Done ...
rolling 1000, sd_coef 7, stop_win 20.5824598742, backtest took 285.738s, score is -2332.000
Preparing algo ...
Test start ...
Test Done ...
rolling 1000, sd_coef 7, stop_win 27.4432798322, backtest took 286.203s, score is -2332.000
Preparing algo ...
Test start ...
Test Done ...
rolling 1000, sd_coef 7, stop_win 34.3040997903, backtest took 287.634s, score is -2332.000
Preparing algo ...
Test start ...
Test Done ...
rolling 1000, sd_coef 7, stop_win 41.1649197484, backtest took 286.464s, score is -2332.000
Preparing algo ...
Test start ...
Test Done ...
rolling 1000, sd_coef 7, stop_win 48.0257397064, backtest took 287.389s, score is -2332.000
Preparing algo ...
Test start ...
Test Done ...
rolling 1000, sd_coef 7, stop_win 54.8865596645, backtest took 287.236s, score is -2332.000
Preparing algo ...
Test start ...
Test Done ...
rolling 1000, sd_coef 7, stop_win 61.7473796225, backtest took 286.402s, score is -2332.000
Preparing algo ...
Test start ...
Test Done ...
rolling 1000, sd_coef 7, stop_win 68.6081995806, backtest took 286.109s, score is -2332.000
Preparing algo ...
Test start ...
Test Done ...
rolling 3000, sd_coef 2, stop_win 6.86081995806, backtest took 287.383s, score is -15584.000
Preparing algo ...
Test start ...
Test Done ...
rolling 3000, sd_coef 2, stop_win 13.7216399161, backtest took 285.617s, score is -15584.000
Preparing algo ...
Test start ...
Test Done ...
rolling 3000, sd_coef 2, stop_win 20.5824598742, backtest took 285.512s, score is -15584.000
Preparing algo ...
Test start ...
Test Done ...
rolling 3000, sd_coef 2, stop_win 27.4432798322, backtest took 286.419s, score is -15584.000
Preparing algo ...
Test start ...
Test Done ...
rolling 3000, sd_coef 2, stop_win 34.3040997903, backtest took 285.556s, score is -15584.000
Preparing algo ...
Test start ...
Test Done ...
rolling 3000, sd_coef 2, stop_win 41.1649197484, backtest took 284.097s, score is -15584.000
Preparing algo ...
Test start ...
Test Done ...
rolling 3000, sd_coef 2, stop_win 48.0257397064, backtest took 285.590s, score is -15584.000
Preparing algo ...
Test start ...
Test Done ...
rolling 3000, sd_coef 2, stop_win 54.8865596645, backtest took 284.393s, score is -15584.000
Preparing algo ...
Test start ...
Test Done ...
rolling 3000, sd_coef 2, stop_win 61.7473796225, backtest took 286.028s, score is -15584.000
Preparing algo ...
Test start ...
Test Done ...
rolling 3000, sd_coef 2, stop_win 68.6081995806, backtest took 285.007s, score is -15584.000
Preparing algo ...
Test start ...
Test Done ...
rolling 3000, sd_coef 3, stop_win 6.86081995806, backtest took 285.828s, score is -2878.000
Preparing algo ...
Test start ...
Test Done ...
rolling 3000, sd_coef 3, stop_win 13.7216399161, backtest took 287.299s, score is -2878.000
Preparing algo ...
Test start ...
Test Done ...
rolling 3000, sd_coef 3, stop_win 20.5824598742, backtest took 285.797s, score is -2878.000
Preparing algo ...
Test start ...
Test Done ...
rolling 3000, sd_coef 3, stop_win 27.4432798322, backtest took 286.257s, score is -2878.000
Preparing algo ...
Test start ...
Test Done ...
rolling 3000, sd_coef 3, stop_win 34.3040997903, backtest took 286.509s, score is -2878.000
Preparing algo ...
Test start ...
Test Done ...
rolling 3000, sd_coef 3, stop_win 41.1649197484, backtest took 283.151s, score is -2878.000
Preparing algo ...
Test start ...
Test Done ...
rolling 3000, sd_coef 3, stop_win 48.0257397064, backtest took 290.882s, score is -2878.000
Preparing algo ...
Test start ...
Test Done ...
rolling 3000, sd_coef 3, stop_win 54.8865596645, backtest took 285.758s, score is -2878.000
Preparing algo ...
Test start ...
Test Done ...
rolling 3000, sd_coef 3, stop_win 61.7473796225, backtest took 286.233s, score is -2878.000
Preparing algo ...
Test start ...
Test Done ...
rolling 3000, sd_coef 3, stop_win 68.6081995806, backtest took 287.712s, score is -2878.000
Preparing algo ...
Test start ...
Test Done ...
rolling 3000, sd_coef 4, stop_win 6.86081995806, backtest took 285.569s, score is 596.000
Preparing algo ...
Test start ...
Test Done ...
rolling 3000, sd_coef 4, stop_win 13.7216399161, backtest took 286.561s, score is 596.000
Preparing algo ...
Test start ...
Test Done ...
rolling 3000, sd_coef 4, stop_win 20.5824598742, backtest took 287.408s, score is 596.000
Preparing algo ...
Test start ...
Test Done ...
rolling 3000, sd_coef 4, stop_win 27.4432798322, backtest took 286.743s, score is 596.000
Preparing algo ...
Test start ...
Test Done ...
rolling 3000, sd_coef 4, stop_win 34.3040997903, backtest took 287.216s, score is 596.000
Preparing algo ...
Test start ...
Test Done ...
rolling 3000, sd_coef 4, stop_win 41.1649197484, backtest took 284.384s, score is 596.000
Preparing algo ...
Test start ...
Test Done ...
rolling 3000, sd_coef 4, stop_win 48.0257397064, backtest took 287.202s, score is 596.000
Preparing algo ...
Test start ...
Test Done ...
rolling 3000, sd_coef 4, stop_win 54.8865596645, backtest took 285.320s, score is 596.000
Preparing algo ...
Test start ...
Test Done ...
rolling 3000, sd_coef 4, stop_win 61.7473796225, backtest took 285.997s, score is 596.000
Preparing algo ...
Test start ...
Test Done ...
rolling 3000, sd_coef 4, stop_win 68.6081995806, backtest took 284.466s, score is 596.000
Preparing algo ...
Test start ...
Test Done ...
rolling 3000, sd_coef 5, stop_win 6.86081995806, backtest took 285.849s, score is 962.000
Preparing algo ...
Test start ...
Test Done ...
rolling 3000, sd_coef 5, stop_win 13.7216399161, backtest took 284.880s, score is 962.000
Preparing algo ...
Test start ...
Test Done ...
rolling 3000, sd_coef 5, stop_win 20.5824598742, backtest took 286.306s, score is 962.000
Preparing algo ...
Test start ...
Test Done ...
rolling 3000, sd_coef 5, stop_win 27.4432798322, backtest took 286.546s, score is 962.000
Preparing algo ...
Test start ...
Test Done ...
rolling 3000, sd_coef 5, stop_win 34.3040997903, backtest took 285.435s, score is 962.000
Preparing algo ...
Test start ...
Test Done ...
rolling 3000, sd_coef 5, stop_win 41.1649197484, backtest took 285.995s, score is 962.000
Preparing algo ...
Test start ...
Test Done ...
rolling 3000, sd_coef 5, stop_win 48.0257397064, backtest took 287.620s, score is 962.000
Preparing algo ...
Test start ...
Test Done ...
rolling 3000, sd_coef 5, stop_win 54.8865596645, backtest took 286.953s, score is 962.000
Preparing algo ...
Test start ...
Test Done ...
rolling 3000, sd_coef 5, stop_win 61.7473796225, backtest took 286.428s, score is 962.000
Preparing algo ...
Test start ...
Test Done ...
rolling 3000, sd_coef 5, stop_win 68.6081995806, backtest took 285.181s, score is 962.000
Preparing algo ...
Test start ...
Test Done ...
rolling 3000, sd_coef 6, stop_win 6.86081995806, backtest took 286.554s, score is 72.000
Preparing algo ...
Test start ...
Test Done ...
rolling 3000, sd_coef 6, stop_win 13.7216399161, backtest took 286.286s, score is 72.000
Preparing algo ...
Test start ...
Test Done ...
rolling 3000, sd_coef 6, stop_win 20.5824598742, backtest took 286.144s, score is 72.000
Preparing algo ...
Test start ...
Test Done ...
rolling 3000, sd_coef 6, stop_win 27.4432798322, backtest took 285.632s, score is 72.000
Preparing algo ...
Test start ...
Test Done ...
rolling 3000, sd_coef 6, stop_win 34.3040997903, backtest took 286.516s, score is 72.000
Preparing algo ...
Test start ...
Test Done ...
rolling 3000, sd_coef 6, stop_win 41.1649197484, backtest took 285.548s, score is 72.000
Preparing algo ...
Test start ...
Test Done ...
rolling 3000, sd_coef 6, stop_win 48.0257397064, backtest took 284.841s, score is 72.000
Preparing algo ...
Test start ...
Test Done ...
rolling 3000, sd_coef 6, stop_win 54.8865596645, backtest took 284.582s, score is 72.000
Preparing algo ...
Test start ...
Test Done ...
rolling 3000, sd_coef 6, stop_win 61.7473796225, backtest took 284.860s, score is 72.000
Preparing algo ...
Test start ...
Test Done ...
rolling 3000, sd_coef 6, stop_win 68.6081995806, backtest took 287.503s, score is 72.000
Preparing algo ...
Test start ...
Test Done ...
rolling 3000, sd_coef 7, stop_win 6.86081995806, backtest took 273.947s, score is 44.000
Preparing algo ...
Test start ...
Test Done ...
rolling 3000, sd_coef 7, stop_win 13.7216399161, backtest took 275.159s, score is 44.000
Preparing algo ...
Test start ...
Test Done ...
rolling 3000, sd_coef 7, stop_win 20.5824598742, backtest took 275.512s, score is 44.000
Preparing algo ...
Test start ...
Test Done ...
rolling 3000, sd_coef 7, stop_win 27.4432798322, backtest took 275.379s, score is 44.000
Preparing algo ...
Test start ...
Test Done ...
rolling 3000, sd_coef 7, stop_win 34.3040997903, backtest took 276.369s, score is 44.000
Preparing algo ...
Test start ...
Test Done ...
rolling 3000, sd_coef 7, stop_win 41.1649197484, backtest took 273.712s, score is 44.000
Preparing algo ...
Test start ...
Test Done ...
rolling 3000, sd_coef 7, stop_win 48.0257397064, backtest took 274.922s, score is 44.000
Preparing algo ...
Test start ...
Test Done ...
rolling 3000, sd_coef 7, stop_win 54.8865596645, backtest took 275.172s, score is 44.000
Preparing algo ...
Test start ...
Test Done ...
rolling 3000, sd_coef 7, stop_win 61.7473796225, backtest took 274.959s, score is 44.000
Preparing algo ...
Test start ...
Test Done ...
rolling 3000, sd_coef 7, stop_win 68.6081995806, backtest took 273.406s, score is 44.000
Preparing algo ...
Test start ...
Test Done ...
rolling 5000, sd_coef 2, stop_win 6.86081995806, backtest took 282.960s, score is -6974.000
Preparing algo ...
Test start ...
Test Done ...
rolling 5000, sd_coef 2, stop_win 13.7216399161, backtest took 284.499s, score is -6974.000
Preparing algo ...
Test start ...
Test Done ...
rolling 5000, sd_coef 2, stop_win 20.5824598742, backtest took 284.382s, score is -6974.000
Preparing algo ...
Test start ...
Test Done ...
rolling 5000, sd_coef 2, stop_win 27.4432798322, backtest took 285.062s, score is -6974.000
Preparing algo ...
Test start ...
Test Done ...
rolling 5000, sd_coef 2, stop_win 34.3040997903, backtest took 285.842s, score is -6974.000
Preparing algo ...
Test start ...
Test Done ...
rolling 5000, sd_coef 2, stop_win 41.1649197484, backtest took 284.705s, score is -6974.000
Preparing algo ...
Test start ...
Test Done ...
rolling 5000, sd_coef 2, stop_win 48.0257397064, backtest took 284.127s, score is -6974.000
Preparing algo ...
Test start ...
Test Done ...
rolling 5000, sd_coef 2, stop_win 54.8865596645, backtest took 285.290s, score is -6974.000
Preparing algo ...
Test start ...
Test Done ...
rolling 5000, sd_coef 2, stop_win 61.7473796225, backtest took 283.681s, score is -6974.000
Preparing algo ...
Test start ...
Test Done ...
rolling 5000, sd_coef 2, stop_win 68.6081995806, backtest took 285.507s, score is -6974.000
Preparing algo ...
Test start ...
Test Done ...
rolling 5000, sd_coef 3, stop_win 6.86081995806, backtest took 284.206s, score is -746.000
Preparing algo ...
Test start ...
Test Done ...
rolling 5000, sd_coef 3, stop_win 13.7216399161, backtest took 284.869s, score is -746.000
Preparing algo ...
Test start ...
Test Done ...
rolling 5000, sd_coef 3, stop_win 20.5824598742, backtest took 285.494s, score is -746.000
Preparing algo ...
Test start ...
Test Done ...
rolling 5000, sd_coef 3, stop_win 27.4432798322, backtest took 284.516s, score is -746.000
Preparing algo ...
Test start ...
Test Done ...
rolling 5000, sd_coef 3, stop_win 34.3040997903, backtest took 283.526s, score is -746.000
Preparing algo ...
Test start ...
Test Done ...
rolling 5000, sd_coef 3, stop_win 41.1649197484, backtest took 286.111s, score is -746.000
Preparing algo ...
Test start ...
Test Done ...
rolling 5000, sd_coef 3, stop_win 48.0257397064, backtest took 284.008s, score is -746.000
Preparing algo ...
Test start ...
Test Done ...
rolling 5000, sd_coef 3, stop_win 54.8865596645, backtest took 284.997s, score is -746.000
Preparing algo ...
Test start ...
Test Done ...
rolling 5000, sd_coef 3, stop_win 61.7473796225, backtest took 284.423s, score is -746.000
Preparing algo ...
Test start ...
Test Done ...
rolling 5000, sd_coef 3, stop_win 68.6081995806, backtest took 285.654s, score is -746.000
Preparing algo ...
Test start ...
Test Done ...
rolling 5000, sd_coef 4, stop_win 6.86081995806, backtest took 285.720s, score is 278.000
Preparing algo ...
Test start ...
Test Done ...
rolling 5000, sd_coef 4, stop_win 13.7216399161, backtest took 285.709s, score is 278.000
Preparing algo ...
Test start ...
Test Done ...
rolling 5000, sd_coef 4, stop_win 20.5824598742, backtest took 284.017s, score is 278.000
Preparing algo ...
Test start ...
Test Done ...
rolling 5000, sd_coef 4, stop_win 27.4432798322, backtest took 284.575s, score is 278.000
Preparing algo ...
Test start ...
Test Done ...
rolling 5000, sd_coef 4, stop_win 34.3040997903, backtest took 285.320s, score is 278.000
Preparing algo ...
Test start ...
Test Done ...
rolling 5000, sd_coef 4, stop_win 41.1649197484, backtest took 286.090s, score is 278.000
Preparing algo ...
Test start ...
Test Done ...
rolling 5000, sd_coef 4, stop_win 48.0257397064, backtest took 286.524s, score is 278.000
Preparing algo ...
Test start ...
Test Done ...
rolling 5000, sd_coef 4, stop_win 54.8865596645, backtest took 284.552s, score is 278.000
Preparing algo ...
Test start ...
Test Done ...
rolling 5000, sd_coef 4, stop_win 61.7473796225, backtest took 286.392s, score is 278.000
Preparing algo ...
Test start ...
Test Done ...
rolling 5000, sd_coef 4, stop_win 68.6081995806, backtest took 284.306s, score is 278.000
Preparing algo ...
Test start ...
Test Done ...
rolling 5000, sd_coef 5, stop_win 6.86081995806, backtest took 286.067s, score is 490.000
Preparing algo ...
Test start ...
Test Done ...
rolling 5000, sd_coef 5, stop_win 13.7216399161, backtest took 284.009s, score is 490.000
Preparing algo ...
Test start ...
Test Done ...
rolling 5000, sd_coef 5, stop_win 20.5824598742, backtest took 286.197s, score is 490.000
Preparing algo ...
Test start ...
Test Done ...
rolling 5000, sd_coef 5, stop_win 27.4432798322, backtest took 286.369s, score is 490.000
Preparing algo ...
Test start ...
Test Done ...
rolling 5000, sd_coef 5, stop_win 34.3040997903, backtest took 286.046s, score is 490.000
Preparing algo ...
Test start ...
Test Done ...
rolling 5000, sd_coef 5, stop_win 41.1649197484, backtest took 286.606s, score is 490.000
Preparing algo ...
Test start ...
Test Done ...
rolling 5000, sd_coef 5, stop_win 48.0257397064, backtest took 285.057s, score is 490.000
Preparing algo ...
Test start ...
Test Done ...
rolling 5000, sd_coef 5, stop_win 54.8865596645, backtest took 285.719s, score is 490.000
Preparing algo ...
Test start ...
Test Done ...
rolling 5000, sd_coef 5, stop_win 61.7473796225, backtest took 286.652s, score is 490.000
Preparing algo ...
Test start ...
Test Done ...
rolling 5000, sd_coef 5, stop_win 68.6081995806, backtest took 287.098s, score is 490.000
Preparing algo ...
Test start ...
Test Done ...
rolling 5000, sd_coef 6, stop_win 6.86081995806, backtest took 283.338s, score is 570.000
Preparing algo ...
Test start ...
Test Done ...
rolling 5000, sd_coef 6, stop_win 13.7216399161, backtest took 284.113s, score is 570.000
Preparing algo ...
Test start ...
Test Done ...
rolling 5000, sd_coef 6, stop_win 20.5824598742, backtest took 282.774s, score is 570.000
Preparing algo ...
Test start ...
Test Done ...
rolling 5000, sd_coef 6, stop_win 27.4432798322, backtest took 282.847s, score is 570.000
Preparing algo ...
Test start ...
Test Done ...
rolling 5000, sd_coef 6, stop_win 34.3040997903, backtest took 284.807s, score is 570.000
Preparing algo ...
Test start ...
Test Done ...
rolling 5000, sd_coef 6, stop_win 41.1649197484, backtest took 283.076s, score is 570.000
Preparing algo ...
Test start ...
Test Done ...
rolling 5000, sd_coef 6, stop_win 48.0257397064, backtest took 281.929s, score is 570.000
Preparing algo ...
Test start ...
Test Done ...
rolling 5000, sd_coef 6, stop_win 54.8865596645, backtest took 284.051s, score is 570.000
Preparing algo ...
Test start ...
Test Done ...
rolling 5000, sd_coef 6, stop_win 61.7473796225, backtest took 282.275s, score is 570.000
Preparing algo ...
Test start ...
Test Done ...
rolling 5000, sd_coef 6, stop_win 68.6081995806, backtest took 284.006s, score is 570.000
Preparing algo ...
Test start ...
Test Done ...
rolling 5000, sd_coef 7, stop_win 6.86081995806, backtest took 277.846s, score is -432.000
Preparing algo ...
Test start ...
Test Done ...
rolling 5000, sd_coef 7, stop_win 13.7216399161, backtest took 277.554s, score is -432.000
Preparing algo ...
Test start ...
Test Done ...
rolling 5000, sd_coef 7, stop_win 20.5824598742, backtest took 275.987s, score is -432.000
Preparing algo ...
Test start ...
Test Done ...
rolling 5000, sd_coef 7, stop_win 27.4432798322, backtest took 278.144s, score is -432.000
Preparing algo ...
Test start ...
Test Done ...
rolling 5000, sd_coef 7, stop_win 34.3040997903, backtest took 277.668s, score is -432.000
Preparing algo ...
Test start ...
Test Done ...
rolling 5000, sd_coef 7, stop_win 41.1649197484, backtest took 276.666s, score is -432.000
Preparing algo ...
Test start ...
Test Done ...
rolling 5000, sd_coef 7, stop_win 48.0257397064, backtest took 275.725s, score is -432.000
Preparing algo ...
Test start ...
Test Done ...
rolling 5000, sd_coef 7, stop_win 54.8865596645, backtest took 278.746s, score is -432.000
Preparing algo ...
Test start ...
Test Done ...
rolling 5000, sd_coef 7, stop_win 61.7473796225, backtest took 275.744s, score is -432.000
Preparing algo ...
Test start ...
Test Done ...
rolling 5000, sd_coef 7, stop_win 68.6081995806, backtest took 277.309s, score is -432.000
Preparing algo ...
Test start ...
Test Done ...
rolling 7000, sd_coef 2, stop_win 6.86081995806, backtest took 284.059s, score is -3376.000
Preparing algo ...
Test start ...
Test Done ...
rolling 7000, sd_coef 2, stop_win 13.7216399161, backtest took 285.942s, score is -3376.000
Preparing algo ...
Test start ...
Test Done ...
rolling 7000, sd_coef 2, stop_win 20.5824598742, backtest took 284.472s, score is -3376.000
Preparing algo ...
Test start ...
Test Done ...
rolling 7000, sd_coef 2, stop_win 27.4432798322, backtest took 286.413s, score is -3376.000
Preparing algo ...
Test start ...
Test Done ...
rolling 7000, sd_coef 2, stop_win 34.3040997903, backtest took 284.651s, score is -3376.000
Preparing algo ...
Test start ...
Test Done ...
rolling 7000, sd_coef 2, stop_win 41.1649197484, backtest took 286.093s, score is -3376.000
Preparing algo ...
Test start ...
Test Done ...
rolling 7000, sd_coef 2, stop_win 48.0257397064, backtest took 285.386s, score is -3376.000
Preparing algo ...
Test start ...
Test Done ...
rolling 7000, sd_coef 2, stop_win 54.8865596645, backtest took 286.275s, score is -3376.000
Preparing algo ...
Test start ...
Test Done ...
rolling 7000, sd_coef 2, stop_win 61.7473796225, backtest took 284.781s, score is -3376.000
Preparing algo ...
Test start ...
Test Done ...
rolling 7000, sd_coef 2, stop_win 68.6081995806, backtest took 286.421s, score is -3376.000
Preparing algo ...
Test start ...
Test Done ...
rolling 7000, sd_coef 3, stop_win 6.86081995806, backtest took 285.139s, score is -372.000
Preparing algo ...
Test start ...
Test Done ...
rolling 7000, sd_coef 3, stop_win 13.7216399161, backtest took 285.817s, score is -372.000
Preparing algo ...
Test start ...
Test Done ...
rolling 7000, sd_coef 3, stop_win 20.5824598742, backtest took 285.903s, score is -372.000
Preparing algo ...
Test start ...
Test Done ...
rolling 7000, sd_coef 3, stop_win 27.4432798322, backtest took 285.952s, score is -372.000
Preparing algo ...
Test start ...
Test Done ...
rolling 7000, sd_coef 3, stop_win 34.3040997903, backtest took 284.866s, score is -372.000
Preparing algo ...
Test start ...
Test Done ...
rolling 7000, sd_coef 3, stop_win 41.1649197484, backtest took 287.296s, score is -372.000
Preparing algo ...
Test start ...
Test Done ...
rolling 7000, sd_coef 3, stop_win 48.0257397064, backtest took 285.849s, score is -372.000
Preparing algo ...
Test start ...
Test Done ...
rolling 7000, sd_coef 3, stop_win 54.8865596645, backtest took 285.444s, score is -372.000
Preparing algo ...
Test start ...
Test Done ...
rolling 7000, sd_coef 3, stop_win 61.7473796225, backtest took 285.532s, score is -372.000
Preparing algo ...
Test start ...
Test Done ...
rolling 7000, sd_coef 3, stop_win 68.6081995806, backtest took 286.745s, score is -372.000
Preparing algo ...
Test start ...
Test Done ...
rolling 7000, sd_coef 4, stop_win 6.86081995806, backtest took 287.256s, score is 526.000
Preparing algo ...
Test start ...
Test Done ...
rolling 7000, sd_coef 4, stop_win 13.7216399161, backtest took 284.694s, score is 526.000
Preparing algo ...
Test start ...
Test Done ...
rolling 7000, sd_coef 4, stop_win 20.5824598742, backtest took 284.434s, score is 526.000
Preparing algo ...
Test start ...
Test Done ...
rolling 7000, sd_coef 4, stop_win 27.4432798322, backtest took 286.415s, score is 526.000
Preparing algo ...
Test start ...
Test Done ...
rolling 7000, sd_coef 4, stop_win 34.3040997903, backtest took 285.888s, score is 526.000
Preparing algo ...
Test start ...
Test Done ...
rolling 7000, sd_coef 4, stop_win 41.1649197484, backtest took 285.738s, score is 526.000
Preparing algo ...
Test start ...
Test Done ...
rolling 7000, sd_coef 4, stop_win 48.0257397064, backtest took 286.240s, score is 526.000
Preparing algo ...
Test start ...
Test Done ...
rolling 7000, sd_coef 4, stop_win 54.8865596645, backtest took 284.524s, score is 526.000
Preparing algo ...
Test start ...
Test Done ...
rolling 7000, sd_coef 4, stop_win 61.7473796225, backtest took 286.663s, score is 526.000
Preparing algo ...
Test start ...
Test Done ...
rolling 7000, sd_coef 4, stop_win 68.6081995806, backtest took 285.324s, score is 526.000
Preparing algo ...
Test start ...
Test Done ...
rolling 7000, sd_coef 5, stop_win 6.86081995806, backtest took 286.621s, score is 746.000
Preparing algo ...
Test start ...
Test Done ...
rolling 7000, sd_coef 5, stop_win 13.7216399161, backtest took 283.937s, score is 746.000
Preparing algo ...
Test start ...
Test Done ...
rolling 7000, sd_coef 5, stop_win 20.5824598742, backtest took 286.440s, score is 746.000
Preparing algo ...
Test start ...
Test Done ...
rolling 7000, sd_coef 5, stop_win 27.4432798322, backtest took 285.773s, score is 746.000
Preparing algo ...
Test start ...
Test Done ...
rolling 7000, sd_coef 5, stop_win 34.3040997903, backtest took 285.791s, score is 746.000
Preparing algo ...
Test start ...
Test Done ...
rolling 7000, sd_coef 5, stop_win 41.1649197484, backtest took 286.503s, score is 746.000
Preparing algo ...
Test start ...
Test Done ...
rolling 7000, sd_coef 5, stop_win 48.0257397064, backtest took 287.183s, score is 746.000
Preparing algo ...
Test start ...
Test Done ...
rolling 7000, sd_coef 5, stop_win 54.8865596645, backtest took 284.736s, score is 746.000
Preparing algo ...
Test start ...
Test Done ...
rolling 7000, sd_coef 5, stop_win 61.7473796225, backtest took 285.687s, score is 746.000
Preparing algo ...
Test start ...
Test Done ...
rolling 7000, sd_coef 5, stop_win 68.6081995806, backtest took 285.947s, score is 746.000
Preparing algo ...
Test start ...
Test Done ...
rolling 7000, sd_coef 6, stop_win 6.86081995806, backtest took 283.236s, score is 446.000
Preparing algo ...
Test start ...
Test Done ...
rolling 7000, sd_coef 6, stop_win 13.7216399161, backtest took 281.193s, score is 446.000
Preparing algo ...
Test start ...
Test Done ...
rolling 7000, sd_coef 6, stop_win 20.5824598742, backtest took 282.486s, score is 446.000
Preparing algo ...
Test start ...
Test Done ...
rolling 7000, sd_coef 6, stop_win 27.4432798322, backtest took 282.139s, score is 446.000
Preparing algo ...
Test start ...
Test Done ...
rolling 7000, sd_coef 6, stop_win 34.3040997903, backtest took 283.765s, score is 446.000
Preparing algo ...
Test start ...
Test Done ...
rolling 7000, sd_coef 6, stop_win 41.1649197484, backtest took 281.759s, score is 446.000
Preparing algo ...
Test start ...
Test Done ...
rolling 7000, sd_coef 6, stop_win 48.0257397064, backtest took 280.771s, score is 446.000
Preparing algo ...
Test start ...
Test Done ...
rolling 7000, sd_coef 6, stop_win 54.8865596645, backtest took 283.406s, score is 446.000
Preparing algo ...
Test start ...
Test Done ...
rolling 7000, sd_coef 6, stop_win 61.7473796225, backtest took 281.437s, score is 446.000
Preparing algo ...
Test start ...
Test Done ...
rolling 7000, sd_coef 6, stop_win 68.6081995806, backtest took 282.274s, score is 446.000
Preparing algo ...
Test start ...
Test Done ...
rolling 7000, sd_coef 7, stop_win 6.86081995806, backtest took 275.110s, score is 28.000
Preparing algo ...
Test start ...
Test Done ...
rolling 7000, sd_coef 7, stop_win 13.7216399161, backtest took 276.129s, score is 28.000
Preparing algo ...
Test start ...
Test Done ...
rolling 7000, sd_coef 7, stop_win 20.5824598742, backtest took 275.666s, score is 28.000
Preparing algo ...
Test start ...
Test Done ...
rolling 7000, sd_coef 7, stop_win 27.4432798322, backtest took 276.607s, score is 28.000
Preparing algo ...
Test start ...
Test Done ...
rolling 7000, sd_coef 7, stop_win 34.3040997903, backtest took 275.111s, score is 28.000
Preparing algo ...
Test start ...
Test Done ...
rolling 7000, sd_coef 7, stop_win 41.1649197484, backtest took 275.807s, score is 28.000
Preparing algo ...
Test start ...
Test Done ...
rolling 7000, sd_coef 7, stop_win 48.0257397064, backtest took 277.614s, score is 28.000
Preparing algo ...
Test start ...
Test Done ...
rolling 7000, sd_coef 7, stop_win 54.8865596645, backtest took 277.605s, score is 28.000
Preparing algo ...
Test start ...
Test Done ...
rolling 7000, sd_coef 7, stop_win 61.7473796225, backtest took 276.639s, score is 28.000
Preparing algo ...
Test start ...
Test Done ...
rolling 7000, sd_coef 7, stop_win 68.6081995806, backtest took 272.083s, score is 28.000
Preparing algo ...
Test start ...
Test Done ...
rolling 9000, sd_coef 2, stop_win 6.86081995806, backtest took 280.365s, score is -2328.000
Preparing algo ...
Test start ...
Test Done ...
rolling 9000, sd_coef 2, stop_win 13.7216399161, backtest took 280.730s, score is -2328.000
Preparing algo ...
Test start ...
Test Done ...
rolling 9000, sd_coef 2, stop_win 20.5824598742, backtest took 282.957s, score is -2328.000
Preparing algo ...
Test start ...
Test Done ...
rolling 9000, sd_coef 2, stop_win 27.4432798322, backtest took 284.821s, score is -2328.000
Preparing algo ...
Test start ...
Test Done ...
rolling 9000, sd_coef 2, stop_win 34.3040997903, backtest took 283.343s, score is -2328.000
Preparing algo ...
Test start ...
Test Done ...
rolling 9000, sd_coef 2, stop_win 41.1649197484, backtest took 284.227s, score is -2328.000
Preparing algo ...
Test start ...
Test Done ...
rolling 9000, sd_coef 2, stop_win 48.0257397064, backtest took 282.774s, score is -2328.000
Preparing algo ...
Test start ...
Test Done ...
rolling 9000, sd_coef 2, stop_win 54.8865596645, backtest took 282.433s, score is -2328.000
Preparing algo ...
Test start ...
Test Done ...
rolling 9000, sd_coef 2, stop_win 61.7473796225, backtest took 282.890s, score is -2328.000
Preparing algo ...
Test start ...
Test Done ...
rolling 9000, sd_coef 2, stop_win 68.6081995806, backtest took 286.291s, score is -2328.000
Preparing algo ...
Test start ...
Test Done ...
rolling 9000, sd_coef 3, stop_win 6.86081995806, backtest took 283.808s, score is -52.000
Preparing algo ...
Test start ...
Test Done ...
rolling 9000, sd_coef 3, stop_win 13.7216399161, backtest took 284.571s, score is -52.000
Preparing algo ...
Test start ...
Test Done ...
rolling 9000, sd_coef 3, stop_win 20.5824598742, backtest took 285.608s, score is -52.000
Preparing algo ...
Test start ...
Test Done ...
rolling 9000, sd_coef 3, stop_win 27.4432798322, backtest took 283.906s, score is -52.000
Preparing algo ...
Test start ...
Test Done ...
rolling 9000, sd_coef 3, stop_win 34.3040997903, backtest took 284.586s, score is -52.000
Preparing algo ...
Test start ...
Test Done ...
rolling 9000, sd_coef 3, stop_win 41.1649197484, backtest took 286.442s, score is -52.000
Preparing algo ...
Test start ...
Test Done ...
rolling 9000, sd_coef 3, stop_win 48.0257397064, backtest took 284.977s, score is -52.000
Preparing algo ...
Test start ...
Test Done ...
rolling 9000, sd_coef 3, stop_win 54.8865596645, backtest took 286.081s, score is -52.000
Preparing algo ...
Test start ...
Test Done ...
rolling 9000, sd_coef 3, stop_win 61.7473796225, backtest took 284.352s, score is -52.000
Preparing algo ...
Test start ...
Test Done ...
rolling 9000, sd_coef 3, stop_win 68.6081995806, backtest took 286.288s, score is -52.000
Preparing algo ...
Test start ...
Test Done ...
rolling 9000, sd_coef 4, stop_win 6.86081995806, backtest took 286.124s, score is 1008.000
Preparing algo ...
Test start ...
Test Done ...
rolling 9000, sd_coef 4, stop_win 13.7216399161, backtest took 283.989s, score is 1008.000
Preparing algo ...
Test start ...
Test Done ...
rolling 9000, sd_coef 4, stop_win 20.5824598742, backtest took 285.282s, score is 1008.000
Preparing algo ...
Test start ...
Test Done ...
rolling 9000, sd_coef 4, stop_win 27.4432798322, backtest took 285.047s, score is 1008.000
Preparing algo ...
Test start ...
Test Done ...
rolling 9000, sd_coef 4, stop_win 34.3040997903, backtest took 284.455s, score is 1008.000
Preparing algo ...
Test start ...
Test Done ...
rolling 9000, sd_coef 4, stop_win 41.1649197484, backtest took 285.846s, score is 1008.000
Preparing algo ...
Test start ...
Test Done ...
rolling 9000, sd_coef 4, stop_win 48.0257397064, backtest took 283.982s, score is 1008.000
Preparing algo ...
Test start ...
Test Done ...
rolling 9000, sd_coef 4, stop_win 54.8865596645, backtest took 284.673s, score is 1008.000
Preparing algo ...
Test start ...
Test Done ...
rolling 9000, sd_coef 4, stop_win 61.7473796225, backtest took 286.160s, score is 1008.000
Preparing algo ...
Test start ...
Test Done ...
rolling 9000, sd_coef 4, stop_win 68.6081995806, backtest took 283.309s, score is 1008.000
Preparing algo ...
Test start ...
Test Done ...
rolling 9000, sd_coef 5, stop_win 6.86081995806, backtest took 285.508s, score is 246.000
Preparing algo ...
Test start ...
Test Done ...
rolling 9000, sd_coef 5, stop_win 13.7216399161, backtest took 284.426s, score is 246.000
Preparing algo ...
Test start ...
Test Done ...
rolling 9000, sd_coef 5, stop_win 20.5824598742, backtest took 284.135s, score is 246.000
Preparing algo ...
Test start ...
Test Done ...
rolling 9000, sd_coef 5, stop_win 27.4432798322, backtest took 285.789s, score is 246.000
Preparing algo ...
Test start ...
Test Done ...
rolling 9000, sd_coef 5, stop_win 34.3040997903, backtest took 284.126s, score is 246.000
Preparing algo ...
Test start ...
Test Done ...
rolling 9000, sd_coef 5, stop_win 41.1649197484, backtest took 283.739s, score is 246.000
Preparing algo ...
Test start ...
Test Done ...
rolling 9000, sd_coef 5, stop_win 48.0257397064, backtest took 284.157s, score is 246.000
Preparing algo ...
Test start ...
Test Done ...
rolling 9000, sd_coef 5, stop_win 54.8865596645, backtest took 286.515s, score is 246.000
Preparing algo ...
Test start ...
Test Done ...
rolling 9000, sd_coef 5, stop_win 61.7473796225, backtest took 284.400s, score is 246.000
Preparing algo ...
Test start ...
Test Done ...
rolling 9000, sd_coef 5, stop_win 68.6081995806, backtest took 283.823s, score is 246.000
Preparing algo ...
Test start ...
Test Done ...
rolling 9000, sd_coef 6, stop_win 6.86081995806, backtest took 275.831s, score is 428.000
Preparing algo ...
Test start ...
Test Done ...
rolling 9000, sd_coef 6, stop_win 13.7216399161, backtest took 274.850s, score is 428.000
Preparing algo ...
Test start ...
Test Done ...
rolling 9000, sd_coef 6, stop_win 20.5824598742, backtest took 274.894s, score is 428.000
Preparing algo ...
Test start ...
Test Done ...
rolling 9000, sd_coef 6, stop_win 27.4432798322, backtest took 274.388s, score is 428.000
Preparing algo ...
Test start ...
Test Done ...
rolling 9000, sd_coef 6, stop_win 34.3040997903, backtest took 273.909s, score is 428.000
Preparing algo ...
Test start ...
Test Done ...
rolling 9000, sd_coef 6, stop_win 41.1649197484, backtest took 275.550s, score is 428.000
Preparing algo ...
Test start ...
Test Done ...
rolling 9000, sd_coef 6, stop_win 48.0257397064, backtest took 274.399s, score is 428.000
Preparing algo ...
Test start ...
Test Done ...
rolling 9000, sd_coef 6, stop_win 54.8865596645, backtest took 276.232s, score is 428.000
Preparing algo ...
Test start ...
Test Done ...
rolling 9000, sd_coef 6, stop_win 61.7473796225, backtest took 275.356s, score is 428.000
Preparing algo ...
Test start ...
Test Done ...
rolling 9000, sd_coef 6, stop_win 68.6081995806, backtest took 273.720s, score is 428.000
Preparing algo ...
Test start ...
Test Done ...
rolling 9000, sd_coef 7, stop_win 6.86081995806, backtest took 275.935s, score is -22.000
Preparing algo ...
Test start ...
Test Done ...
rolling 9000, sd_coef 7, stop_win 13.7216399161, backtest took 268.446s, score is -22.000
Preparing algo ...
Test start ...
Test Done ...
rolling 9000, sd_coef 7, stop_win 20.5824598742, backtest took 270.040s, score is -22.000
Preparing algo ...
Test start ...
Test Done ...
rolling 9000, sd_coef 7, stop_win 27.4432798322, backtest took 269.459s, score is -22.000
Preparing algo ...
Test start ...
Test Done ...
rolling 9000, sd_coef 7, stop_win 34.3040997903, backtest took 269.270s, score is -22.000
Preparing algo ...
Test start ...
Test Done ...
rolling 9000, sd_coef 7, stop_win 41.1649197484, backtest took 271.559s, score is -22.000
Preparing algo ...
Test start ...
Test Done ...
rolling 9000, sd_coef 7, stop_win 48.0257397064, backtest took 272.367s, score is -22.000
Preparing algo ...
Test start ...
Test Done ...
rolling 9000, sd_coef 7, stop_win 54.8865596645, backtest took 273.282s, score is -22.000
Preparing algo ...
Test start ...
Test Done ...
rolling 9000, sd_coef 7, stop_win 61.7473796225, backtest took 273.635s, score is -22.000
Preparing algo ...
Test start ...
Test Done ...
rolling 9000, sd_coef 7, stop_win 68.6081995806, backtest took 274.717s, score is -22.000
Traceback (most recent call last):
  File "grid_search_one_roll_a.py", line 129, in <module>
    "stop_win": [p[3] for p in pars],
IndexError: tuple index out of range
