Reading configs ...
Reading data ...
x is cs1505: 371116 entries from 34 days
y is cs1509: 307740 entries from 34 days
Preparing data ...
Preparing algo ...
Test start ...
Test Done ...
rolling 1000, sd_coef 2, stop_win 5.1722637742, backtest took 36.283s, score is -3721.000
Preparing algo ...
Test start ...
Test Done ...
rolling 1000, sd_coef 2, stop_win 10.3445275484, backtest took 36.717s, score is -3721.000
Preparing algo ...
Test start ...
Test Done ...
rolling 1000, sd_coef 2, stop_win 15.5167913226, backtest took 36.525s, score is -3721.000
Preparing algo ...
Test start ...
Test Done ...
rolling 1000, sd_coef 2, stop_win 20.6890550968, backtest took 36.461s, score is -3721.000
Preparing algo ...
Test start ...
Test Done ...
rolling 1000, sd_coef 2, stop_win 25.861318871, backtest took 36.577s, score is -3721.000
Preparing algo ...
Test start ...
Test Done ...
rolling 1000, sd_coef 2, stop_win 31.0335826452, backtest took 36.286s, score is -3721.000
Preparing algo ...
Test start ...
Test Done ...
rolling 1000, sd_coef 2, stop_win 36.2058464194, backtest took 36.404s, score is -3721.000
Preparing algo ...
Test start ...
Test Done ...
rolling 1000, sd_coef 2, stop_win 41.3781101936, backtest took 36.364s, score is -3721.000
Preparing algo ...
Test start ...
Test Done ...
rolling 1000, sd_coef 2, stop_win 46.5503739678, backtest took 36.269s, score is -3721.000
Preparing algo ...
Test start ...
Test Done ...
rolling 1000, sd_coef 2, stop_win 51.722637742, backtest took 36.292s, score is -3721.000
Preparing algo ...
Test start ...
Test Done ...
rolling 1000, sd_coef 3, stop_win 5.1722637742, backtest took 36.339s, score is -643.000
Preparing algo ...
Test start ...
Test Done ...
rolling 1000, sd_coef 3, stop_win 10.3445275484, backtest took 36.371s, score is -643.000
Preparing algo ...
Test start ...
Test Done ...
rolling 1000, sd_coef 3, stop_win 15.5167913226, backtest took 36.126s, score is -643.000
Preparing algo ...
Test start ...
Test Done ...
rolling 1000, sd_coef 3, stop_win 20.6890550968, backtest took 36.210s, score is -643.000
Preparing algo ...
Test start ...
Test Done ...
rolling 1000, sd_coef 3, stop_win 25.861318871, backtest took 36.549s, score is -643.000
Preparing algo ...
Test start ...
Test Done ...
rolling 1000, sd_coef 3, stop_win 31.0335826452, backtest took 36.282s, score is -643.000
Preparing algo ...
Test start ...
Test Done ...
rolling 1000, sd_coef 3, stop_win 36.2058464194, backtest took 36.187s, score is -643.000
Preparing algo ...
Test start ...
Test Done ...
rolling 1000, sd_coef 3, stop_win 41.3781101936, backtest took 36.367s, score is -643.000
Preparing algo ...
Test start ...
Test Done ...
rolling 1000, sd_coef 3, stop_win 46.5503739678, backtest took 36.442s, score is -643.000
Preparing algo ...
Test start ...
Test Done ...
rolling 1000, sd_coef 3, stop_win 51.722637742, backtest took 36.193s, score is -643.000
Preparing algo ...
Test start ...
Test Done ...
rolling 1000, sd_coef 4, stop_win 5.1722637742, backtest took 36.133s, score is -143.000
Preparing algo ...
Test start ...
Test Done ...
rolling 1000, sd_coef 4, stop_win 10.3445275484, backtest took 36.191s, score is -143.000
Preparing algo ...
Test start ...
Test Done ...
rolling 1000, sd_coef 4, stop_win 15.5167913226, backtest took 36.434s, score is -143.000
Preparing algo ...
Test start ...
Test Done ...
rolling 1000, sd_coef 4, stop_win 20.6890550968, backtest took 36.139s, score is -143.000
Preparing algo ...
Test start ...
Test Done ...
rolling 1000, sd_coef 4, stop_win 25.861318871, backtest took 35.980s, score is -143.000
Preparing algo ...
Test start ...
Test Done ...
rolling 1000, sd_coef 4, stop_win 31.0335826452, backtest took 36.139s, score is -143.000
Preparing algo ...
Test start ...
Test Done ...
rolling 1000, sd_coef 4, stop_win 36.2058464194, backtest took 36.228s, score is -143.000
Preparing algo ...
Test start ...
Test Done ...
rolling 1000, sd_coef 4, stop_win 41.3781101936, backtest took 36.269s, score is -143.000
Preparing algo ...
Test start ...
Test Done ...
rolling 1000, sd_coef 4, stop_win 46.5503739678, backtest took 36.102s, score is -143.000
Preparing algo ...
Test start ...
Test Done ...
rolling 1000, sd_coef 4, stop_win 51.722637742, backtest took 36.318s, score is -143.000
Preparing algo ...
Test start ...
Test Done ...
rolling 1000, sd_coef 5, stop_win 5.1722637742, backtest took 36.290s, score is -173.000
Preparing algo ...
Test start ...
Test Done ...
rolling 1000, sd_coef 5, stop_win 10.3445275484, backtest took 36.096s, score is -173.000
Preparing algo ...
Test start ...
Test Done ...
rolling 1000, sd_coef 5, stop_win 15.5167913226, backtest took 36.326s, score is -173.000
Preparing algo ...
Test start ...
Test Done ...
rolling 1000, sd_coef 5, stop_win 20.6890550968, backtest took 36.131s, score is -173.000
Preparing algo ...
Test start ...
Test Done ...
rolling 1000, sd_coef 5, stop_win 25.861318871, backtest took 36.200s, score is -173.000
Preparing algo ...
Test start ...
Test Done ...
rolling 1000, sd_coef 5, stop_win 31.0335826452, backtest took 36.178s, score is -173.000
Preparing algo ...
Test start ...
Test Done ...
rolling 1000, sd_coef 5, stop_win 36.2058464194, backtest took 36.213s, score is -173.000
Preparing algo ...
Test start ...
Test Done ...
rolling 1000, sd_coef 5, stop_win 41.3781101936, backtest took 36.319s, score is -173.000
Preparing algo ...
Test start ...
Test Done ...
rolling 1000, sd_coef 5, stop_win 46.5503739678, backtest took 36.337s, score is -173.000
Preparing algo ...
Test start ...
Test Done ...
rolling 1000, sd_coef 5, stop_win 51.722637742, backtest took 36.851s, score is -173.000
Preparing algo ...
Test start ...
Test Done ...
rolling 1000, sd_coef 6, stop_win 5.1722637742, backtest took 36.462s, score is -197.000
Preparing algo ...
Test start ...
Test Done ...
rolling 1000, sd_coef 6, stop_win 10.3445275484, backtest took 36.712s, score is -197.000
Preparing algo ...
Test start ...
Test Done ...
rolling 1000, sd_coef 6, stop_win 15.5167913226, backtest took 36.384s, score is -197.000
Preparing algo ...
Test start ...
Test Done ...
rolling 1000, sd_coef 6, stop_win 20.6890550968, backtest took 36.665s, score is -197.000
Preparing algo ...
Test start ...
Test Done ...
rolling 1000, sd_coef 6, stop_win 25.861318871, backtest took 36.275s, score is -197.000
Preparing algo ...
Test start ...
Test Done ...
rolling 1000, sd_coef 6, stop_win 31.0335826452, backtest took 36.532s, score is -197.000
Preparing algo ...
Test start ...
Test Done ...
rolling 1000, sd_coef 6, stop_win 36.2058464194, backtest took 36.550s, score is -197.000
Preparing algo ...
Test start ...
Test Done ...
rolling 1000, sd_coef 6, stop_win 41.3781101936, backtest took 36.431s, score is -197.000
Preparing algo ...
Test start ...
Test Done ...
rolling 1000, sd_coef 6, stop_win 46.5503739678, backtest took 36.500s, score is -197.000
Preparing algo ...
Test start ...
Test Done ...
rolling 1000, sd_coef 6, stop_win 51.722637742, backtest took 36.549s, score is -197.000
Preparing algo ...
Test start ...
Test Done ...
rolling 1000, sd_coef 7, stop_win 5.1722637742, backtest took 36.549s, score is -215.000
Preparing algo ...
Test start ...
Test Done ...
rolling 1000, sd_coef 7, stop_win 10.3445275484, backtest took 36.553s, score is -215.000
Preparing algo ...
Test start ...
Test Done ...
rolling 1000, sd_coef 7, stop_win 15.5167913226, backtest took 36.936s, score is -215.000
Preparing algo ...
Test start ...
Test Done ...
rolling 1000, sd_coef 7, stop_win 20.6890550968, backtest took 37.664s, score is -215.000
Preparing algo ...
Test start ...
Test Done ...
rolling 1000, sd_coef 7, stop_win 25.861318871, backtest took 37.724s, score is -215.000
Preparing algo ...
Test start ...
Test Done ...
rolling 1000, sd_coef 7, stop_win 31.0335826452, backtest took 37.741s, score is -215.000
Preparing algo ...
Test start ...
Test Done ...
rolling 1000, sd_coef 7, stop_win 36.2058464194, backtest took 37.707s, score is -215.000
Preparing algo ...
Test start ...
Test Done ...
rolling 1000, sd_coef 7, stop_win 41.3781101936, backtest took 37.711s, score is -215.000
Preparing algo ...
Test start ...
Test Done ...
rolling 1000, sd_coef 7, stop_win 46.5503739678, backtest took 37.520s, score is -215.000
Preparing algo ...
Test start ...
Test Done ...
rolling 1000, sd_coef 7, stop_win 51.722637742, backtest took 37.580s, score is -215.000
Preparing algo ...
Test start ...
Test Done ...
rolling 3000, sd_coef 2, stop_win 5.1722637742, backtest took 37.680s, score is -561.000
Preparing algo ...
Test start ...
Test Done ...
rolling 3000, sd_coef 2, stop_win 10.3445275484, backtest took 37.780s, score is -561.000
Preparing algo ...
Test start ...
Test Done ...
rolling 3000, sd_coef 2, stop_win 15.5167913226, backtest took 37.716s, score is -561.000
Preparing algo ...
Test start ...
Test Done ...
rolling 3000, sd_coef 2, stop_win 20.6890550968, backtest took 37.822s, score is -561.000
Preparing algo ...
Test start ...
Test Done ...
rolling 3000, sd_coef 2, stop_win 25.861318871, backtest took 37.646s, score is -561.000
Preparing algo ...
Test start ...
Test Done ...
rolling 3000, sd_coef 2, stop_win 31.0335826452, backtest took 37.704s, score is -561.000
Preparing algo ...
Test start ...
Test Done ...
rolling 3000, sd_coef 2, stop_win 36.2058464194, backtest took 37.691s, score is -561.000
Preparing algo ...
Test start ...
Test Done ...
rolling 3000, sd_coef 2, stop_win 41.3781101936, backtest took 37.850s, score is -561.000
Preparing algo ...
Test start ...
Test Done ...
rolling 3000, sd_coef 2, stop_win 46.5503739678, backtest took 37.581s, score is -561.000
Preparing algo ...
Test start ...
Test Done ...
rolling 3000, sd_coef 2, stop_win 51.722637742, backtest took 37.576s, score is -561.000
Preparing algo ...
Test start ...
Test Done ...
rolling 3000, sd_coef 3, stop_win 5.1722637742, backtest took 37.681s, score is -23.000
Preparing algo ...
Test start ...
Test Done ...
rolling 3000, sd_coef 3, stop_win 10.3445275484, backtest took 37.880s, score is -23.000
Preparing algo ...
Test start ...
Test Done ...
rolling 3000, sd_coef 3, stop_win 15.5167913226, backtest took 37.705s, score is -23.000
Preparing algo ...
Test start ...
Test Done ...
rolling 3000, sd_coef 3, stop_win 20.6890550968, backtest took 37.595s, score is -23.000
Preparing algo ...
Test start ...
Test Done ...
rolling 3000, sd_coef 3, stop_win 25.861318871, backtest took 37.756s, score is -23.000
Preparing algo ...
Test start ...
Test Done ...
rolling 3000, sd_coef 3, stop_win 31.0335826452, backtest took 37.794s, score is -23.000
Preparing algo ...
Test start ...
Test Done ...
rolling 3000, sd_coef 3, stop_win 36.2058464194, backtest took 37.626s, score is -23.000
Preparing algo ...
Test start ...
Test Done ...
rolling 3000, sd_coef 3, stop_win 41.3781101936, backtest took 37.917s, score is -23.000
Preparing algo ...
Test start ...
Test Done ...
rolling 3000, sd_coef 3, stop_win 46.5503739678, backtest took 37.669s, score is -23.000
Preparing algo ...
Test start ...
Test Done ...
rolling 3000, sd_coef 3, stop_win 51.722637742, backtest took 37.692s, score is -23.000
Preparing algo ...
Test start ...
Test Done ...
rolling 3000, sd_coef 4, stop_win 5.1722637742, backtest took 37.890s, score is 17.000
Preparing algo ...
Test start ...
Test Done ...
rolling 3000, sd_coef 4, stop_win 10.3445275484, backtest took 37.794s, score is 17.000
Preparing algo ...
Test start ...
Test Done ...
rolling 3000, sd_coef 4, stop_win 15.5167913226, backtest took 37.630s, score is 17.000
Preparing algo ...
Test start ...
Test Done ...
rolling 3000, sd_coef 4, stop_win 20.6890550968, backtest took 37.261s, score is 17.000
Preparing algo ...
Test start ...
Test Done ...
rolling 3000, sd_coef 4, stop_win 25.861318871, backtest took 38.007s, score is 17.000
Preparing algo ...
Test start ...
Test Done ...
rolling 3000, sd_coef 4, stop_win 31.0335826452, backtest took 37.771s, score is 17.000
Preparing algo ...
Test start ...
Test Done ...
rolling 3000, sd_coef 4, stop_win 36.2058464194, backtest took 37.650s, score is 17.000
Preparing algo ...
Test start ...
Test Done ...
rolling 3000, sd_coef 4, stop_win 41.3781101936, backtest took 37.819s, score is 17.000
Preparing algo ...
Test start ...
Test Done ...
rolling 3000, sd_coef 4, stop_win 46.5503739678, backtest took 37.719s, score is 17.000
Preparing algo ...
Test start ...
Test Done ...
rolling 3000, sd_coef 4, stop_win 51.722637742, backtest took 37.852s, score is 17.000
Preparing algo ...
Test start ...
Test Done ...
rolling 3000, sd_coef 5, stop_win 5.1722637742, backtest took 37.628s, score is 2.000
Preparing algo ...
Test start ...
Test Done ...
rolling 3000, sd_coef 5, stop_win 10.3445275484, backtest took 37.684s, score is 2.000
Preparing algo ...
Test start ...
Test Done ...
rolling 3000, sd_coef 5, stop_win 15.5167913226, backtest took 37.556s, score is 2.000
Preparing algo ...
Test start ...
Test Done ...
rolling 3000, sd_coef 5, stop_win 20.6890550968, backtest took 37.559s, score is 2.000
Preparing algo ...
Test start ...
Test Done ...
rolling 3000, sd_coef 5, stop_win 25.861318871, backtest took 37.222s, score is 2.000
Preparing algo ...
Test start ...
Test Done ...
rolling 3000, sd_coef 5, stop_win 31.0335826452, backtest took 38.037s, score is 2.000
Preparing algo ...
Test start ...
Test Done ...
rolling 3000, sd_coef 5, stop_win 36.2058464194, backtest took 37.704s, score is 2.000
Preparing algo ...
Test start ...
Test Done ...
rolling 3000, sd_coef 5, stop_win 41.3781101936, backtest took 37.590s, score is 2.000
Preparing algo ...
Test start ...
Test Done ...
rolling 3000, sd_coef 5, stop_win 46.5503739678, backtest took 37.784s, score is 2.000
Preparing algo ...
Test start ...
Test Done ...
rolling 3000, sd_coef 5, stop_win 51.722637742, backtest took 37.678s, score is 2.000
Preparing algo ...
Test start ...
Test Done ...
rolling 3000, sd_coef 6, stop_win 5.1722637742, backtest took 36.816s, score is -225.000
Preparing algo ...
Test start ...
Test Done ...
rolling 3000, sd_coef 6, stop_win 10.3445275484, backtest took 36.762s, score is -225.000
Preparing algo ...
Test start ...
Test Done ...
rolling 3000, sd_coef 6, stop_win 15.5167913226, backtest took 36.776s, score is -225.000
Preparing algo ...
Test start ...
Test Done ...
rolling 3000, sd_coef 6, stop_win 20.6890550968, backtest took 36.896s, score is -225.000
Preparing algo ...
Test start ...
Test Done ...
rolling 3000, sd_coef 6, stop_win 25.861318871, backtest took 36.859s, score is -225.000
Preparing algo ...
Test start ...
Test Done ...
rolling 3000, sd_coef 6, stop_win 31.0335826452, backtest took 36.890s, score is -225.000
Preparing algo ...
Test start ...
Test Done ...
rolling 3000, sd_coef 6, stop_win 36.2058464194, backtest took 36.859s, score is -225.000
Preparing algo ...
Test start ...
Test Done ...
rolling 3000, sd_coef 6, stop_win 41.3781101936, backtest took 36.607s, score is -225.000
Preparing algo ...
Test start ...
Test Done ...
rolling 3000, sd_coef 6, stop_win 46.5503739678, backtest took 36.696s, score is -225.000
Preparing algo ...
Test start ...
Test Done ...
rolling 3000, sd_coef 6, stop_win 51.722637742, backtest took 36.744s, score is -225.000
Preparing algo ...
Test start ...
Test Done ...
rolling 3000, sd_coef 7, stop_win 5.1722637742, backtest took 36.740s, score is 261.000
Preparing algo ...
Test start ...
Test Done ...
rolling 3000, sd_coef 7, stop_win 10.3445275484, backtest took 36.581s, score is 261.000
Preparing algo ...
Test start ...
Test Done ...
rolling 3000, sd_coef 7, stop_win 15.5167913226, backtest took 36.618s, score is 261.000
Preparing algo ...
Test start ...
Test Done ...
rolling 3000, sd_coef 7, stop_win 20.6890550968, backtest took 36.620s, score is 261.000
Preparing algo ...
Test start ...
Test Done ...
rolling 3000, sd_coef 7, stop_win 25.861318871, backtest took 36.559s, score is 261.000
Preparing algo ...
Test start ...
Test Done ...
rolling 3000, sd_coef 7, stop_win 31.0335826452, backtest took 36.572s, score is 261.000
Preparing algo ...
Test start ...
Test Done ...
rolling 3000, sd_coef 7, stop_win 36.2058464194, backtest took 36.526s, score is 261.000
Preparing algo ...
Test start ...
Test Done ...
rolling 3000, sd_coef 7, stop_win 41.3781101936, backtest took 36.762s, score is 261.000
Preparing algo ...
Test start ...
Test Done ...
rolling 3000, sd_coef 7, stop_win 46.5503739678, backtest took 36.510s, score is 261.000
Preparing algo ...
Test start ...
Test Done ...
rolling 3000, sd_coef 7, stop_win 51.722637742, backtest took 36.535s, score is 261.000
Preparing algo ...
Test start ...
Test Done ...
rolling 5000, sd_coef 2, stop_win 5.1722637742, backtest took 36.963s, score is -89.000
Preparing algo ...
Test start ...
Test Done ...
rolling 5000, sd_coef 2, stop_win 10.3445275484, backtest took 36.939s, score is -89.000
Preparing algo ...
Test start ...
Test Done ...
rolling 5000, sd_coef 2, stop_win 15.5167913226, backtest took 37.012s, score is -89.000
Preparing algo ...
Test start ...
Test Done ...
rolling 5000, sd_coef 2, stop_win 20.6890550968, backtest took 36.855s, score is -89.000
Preparing algo ...
Test start ...
Test Done ...
rolling 5000, sd_coef 2, stop_win 25.861318871, backtest took 36.948s, score is -89.000
Preparing algo ...
Test start ...
Test Done ...
rolling 5000, sd_coef 2, stop_win 31.0335826452, backtest took 36.948s, score is -89.000
Preparing algo ...
Test start ...
Test Done ...
rolling 5000, sd_coef 2, stop_win 36.2058464194, backtest took 36.873s, score is -89.000
Preparing algo ...
Test start ...
Test Done ...
rolling 5000, sd_coef 2, stop_win 41.3781101936, backtest took 36.881s, score is -89.000
Preparing algo ...
Test start ...
Test Done ...
rolling 5000, sd_coef 2, stop_win 46.5503739678, backtest took 36.845s, score is -89.000
Preparing algo ...
Test start ...
Test Done ...
rolling 5000, sd_coef 2, stop_win 51.722637742, backtest took 37.058s, score is -89.000
Preparing algo ...
Test start ...
Test Done ...
rolling 5000, sd_coef 3, stop_win 5.1722637742, backtest took 37.220s, score is -53.000
Preparing algo ...
Test start ...
Test Done ...
rolling 5000, sd_coef 3, stop_win 10.3445275484, backtest took 36.944s, score is -53.000
Preparing algo ...
Test start ...
Test Done ...
rolling 5000, sd_coef 3, stop_win 15.5167913226, backtest took 36.873s, score is -53.000
Preparing algo ...
Test start ...
Test Done ...
rolling 5000, sd_coef 3, stop_win 20.6890550968, backtest took 36.996s, score is -53.000
Preparing algo ...
Test start ...
Test Done ...
rolling 5000, sd_coef 3, stop_win 25.861318871, backtest took 37.017s, score is -53.000
Preparing algo ...
Test start ...
Test Done ...
rolling 5000, sd_coef 3, stop_win 31.0335826452, backtest took 37.064s, score is -53.000
Preparing algo ...
Test start ...
Test Done ...
rolling 5000, sd_coef 3, stop_win 36.2058464194, backtest took 36.899s, score is -53.000
Preparing algo ...
Test start ...
Test Done ...
rolling 5000, sd_coef 3, stop_win 41.3781101936, backtest took 36.922s, score is -53.000
Preparing algo ...
Test start ...
Test Done ...
rolling 5000, sd_coef 3, stop_win 46.5503739678, backtest took 36.969s, score is -53.000
Preparing algo ...
Test start ...
Test Done ...
rolling 5000, sd_coef 3, stop_win 51.722637742, backtest took 37.092s, score is -53.000
Preparing algo ...
Test start ...
Test Done ...
rolling 5000, sd_coef 4, stop_win 5.1722637742, backtest took 36.889s, score is -189.000
Preparing algo ...
Test start ...
Test Done ...
rolling 5000, sd_coef 4, stop_win 10.3445275484, backtest took 37.010s, score is -189.000
Preparing algo ...
Test start ...
Test Done ...
rolling 5000, sd_coef 4, stop_win 15.5167913226, backtest took 36.884s, score is -189.000
Preparing algo ...
Test start ...
Test Done ...
rolling 5000, sd_coef 4, stop_win 20.6890550968, backtest took 37.058s, score is -189.000
Preparing algo ...
Test start ...
Test Done ...
rolling 5000, sd_coef 4, stop_win 25.861318871, backtest took 36.895s, score is -189.000
Preparing algo ...
Test start ...
Test Done ...
rolling 5000, sd_coef 4, stop_win 31.0335826452, backtest took 37.041s, score is -189.000
Preparing algo ...
Test start ...
Test Done ...
rolling 5000, sd_coef 4, stop_win 36.2058464194, backtest took 37.097s, score is -189.000
Preparing algo ...
Test start ...
Test Done ...
rolling 5000, sd_coef 4, stop_win 41.3781101936, backtest took 37.161s, score is -189.000
Preparing algo ...
Test start ...
Test Done ...
rolling 5000, sd_coef 4, stop_win 46.5503739678, backtest took 36.805s, score is -189.000
Preparing algo ...
Test start ...
Test Done ...
rolling 5000, sd_coef 4, stop_win 51.722637742, backtest took 37.075s, score is -189.000
Preparing algo ...
Test start ...
Test Done ...
rolling 5000, sd_coef 5, stop_win 5.1722637742, backtest took 36.929s, score is -72.000
Preparing algo ...
Test start ...
Test Done ...
rolling 5000, sd_coef 5, stop_win 10.3445275484, backtest took 37.030s, score is -72.000
Preparing algo ...
Test start ...
Test Done ...
rolling 5000, sd_coef 5, stop_win 15.5167913226, backtest took 37.169s, score is -72.000
Preparing algo ...
Test start ...
Test Done ...
rolling 5000, sd_coef 5, stop_win 20.6890550968, backtest took 37.206s, score is -72.000
Preparing algo ...
Test start ...
Test Done ...
rolling 5000, sd_coef 5, stop_win 25.861318871, backtest took 37.362s, score is -72.000
Preparing algo ...
Test start ...
Test Done ...
rolling 5000, sd_coef 5, stop_win 31.0335826452, backtest took 37.180s, score is -72.000
Preparing algo ...
Test start ...
Test Done ...
rolling 5000, sd_coef 5, stop_win 36.2058464194, backtest took 37.171s, score is -72.000
Preparing algo ...
Test start ...
Test Done ...
rolling 5000, sd_coef 5, stop_win 41.3781101936, backtest took 37.263s, score is -72.000
Preparing algo ...
Test start ...
Test Done ...
rolling 5000, sd_coef 5, stop_win 46.5503739678, backtest took 37.211s, score is -72.000
Preparing algo ...
Test start ...
Test Done ...
rolling 5000, sd_coef 5, stop_win 51.722637742, backtest took 37.161s, score is -72.000
Preparing algo ...
Test start ...
Test Done ...
rolling 5000, sd_coef 6, stop_win 5.1722637742, backtest took 36.359s, score is -25.000
Preparing algo ...
Test start ...
Test Done ...
rolling 5000, sd_coef 6, stop_win 10.3445275484, backtest took 36.429s, score is -25.000
Preparing algo ...
Test start ...
Test Done ...
rolling 5000, sd_coef 6, stop_win 15.5167913226, backtest took 36.181s, score is -25.000
Preparing algo ...
Test start ...
Test Done ...
rolling 5000, sd_coef 6, stop_win 20.6890550968, backtest took 36.223s, score is -25.000
Preparing algo ...
Test start ...
Test Done ...
rolling 5000, sd_coef 6, stop_win 25.861318871, backtest took 36.109s, score is -25.000
Preparing algo ...
Test start ...
Test Done ...
rolling 5000, sd_coef 6, stop_win 31.0335826452, backtest took 36.008s, score is -25.000
Preparing algo ...
Test start ...
Test Done ...
rolling 5000, sd_coef 6, stop_win 36.2058464194, backtest took 36.200s, score is -25.000
Preparing algo ...
Test start ...
Test Done ...
rolling 5000, sd_coef 6, stop_win 41.3781101936, backtest took 36.292s, score is -25.000
Preparing algo ...
Test start ...
Test Done ...
rolling 5000, sd_coef 6, stop_win 46.5503739678, backtest took 36.174s, score is -25.000
Preparing algo ...
Test start ...
Test Done ...
rolling 5000, sd_coef 6, stop_win 51.722637742, backtest took 36.233s, score is -25.000
Preparing algo ...
Test start ...
Test Done ...
rolling 5000, sd_coef 7, stop_win 5.1722637742, backtest took 35.953s, score is 261.000
Preparing algo ...
Test start ...
Test Done ...
rolling 5000, sd_coef 7, stop_win 10.3445275484, backtest took 35.903s, score is 261.000
Preparing algo ...
Test start ...
Test Done ...
rolling 5000, sd_coef 7, stop_win 15.5167913226, backtest took 36.214s, score is 261.000
Preparing algo ...
Test start ...
Test Done ...
rolling 5000, sd_coef 7, stop_win 20.6890550968, backtest took 35.928s, score is 261.000
Preparing algo ...
Test start ...
Test Done ...
rolling 5000, sd_coef 7, stop_win 25.861318871, backtest took 35.974s, score is 261.000
Preparing algo ...
Test start ...
Test Done ...
rolling 5000, sd_coef 7, stop_win 31.0335826452, backtest took 36.159s, score is 261.000
Preparing algo ...
Test start ...
Test Done ...
rolling 5000, sd_coef 7, stop_win 36.2058464194, backtest took 35.986s, score is 261.000
Preparing algo ...
Test start ...
Test Done ...
rolling 5000, sd_coef 7, stop_win 41.3781101936, backtest took 36.028s, score is 261.000
Preparing algo ...
Test start ...
Test Done ...
rolling 5000, sd_coef 7, stop_win 46.5503739678, backtest took 35.995s, score is 261.000
Preparing algo ...
Test start ...
Test Done ...
rolling 5000, sd_coef 7, stop_win 51.722637742, backtest took 36.046s, score is 261.000
Preparing algo ...
Test start ...
Test Done ...
rolling 7000, sd_coef 2, stop_win 5.1722637742, backtest took 36.420s, score is -343.000
Preparing algo ...
Test start ...
Test Done ...
rolling 7000, sd_coef 2, stop_win 10.3445275484, backtest took 36.596s, score is -343.000
Preparing algo ...
Test start ...
Test Done ...
rolling 7000, sd_coef 2, stop_win 15.5167913226, backtest took 36.393s, score is -343.000
Preparing algo ...
Test start ...
Test Done ...
rolling 7000, sd_coef 2, stop_win 20.6890550968, backtest took 36.536s, score is -343.000
Preparing algo ...
Test start ...
Test Done ...
rolling 7000, sd_coef 2, stop_win 25.861318871, backtest took 36.378s, score is -343.000
Preparing algo ...
Test start ...
Test Done ...
rolling 7000, sd_coef 2, stop_win 31.0335826452, backtest took 36.470s, score is -343.000
Preparing algo ...
Test start ...
Test Done ...
rolling 7000, sd_coef 2, stop_win 36.2058464194, backtest took 36.534s, score is -343.000
Preparing algo ...
Test start ...
Test Done ...
rolling 7000, sd_coef 2, stop_win 41.3781101936, backtest took 36.387s, score is -343.000
Preparing algo ...
Test start ...
Test Done ...
rolling 7000, sd_coef 2, stop_win 46.5503739678, backtest took 36.499s, score is -343.000
Preparing algo ...
Test start ...
Test Done ...
rolling 7000, sd_coef 2, stop_win 51.722637742, backtest took 36.451s, score is -343.000
Preparing algo ...
Test start ...
Test Done ...
rolling 7000, sd_coef 3, stop_win 5.1722637742, backtest took 36.650s, score is 45.000
Preparing algo ...
Test start ...
Test Done ...
rolling 7000, sd_coef 3, stop_win 10.3445275484, backtest took 36.622s, score is 45.000
Preparing algo ...
Test start ...
Test Done ...
rolling 7000, sd_coef 3, stop_win 15.5167913226, backtest took 36.480s, score is 45.000
Preparing algo ...
Test start ...
Test Done ...
rolling 7000, sd_coef 3, stop_win 20.6890550968, backtest took 36.295s, score is 45.000
Preparing algo ...
Test start ...
Test Done ...
rolling 7000, sd_coef 3, stop_win 25.861318871, backtest took 36.673s, score is 45.000
Preparing algo ...
Test start ...
Test Done ...
rolling 7000, sd_coef 3, stop_win 31.0335826452, backtest took 36.487s, score is 45.000
Preparing algo ...
Test start ...
Test Done ...
rolling 7000, sd_coef 3, stop_win 36.2058464194, backtest took 36.482s, score is 45.000
Preparing algo ...
Test start ...
Test Done ...
rolling 7000, sd_coef 3, stop_win 41.3781101936, backtest took 36.554s, score is 45.000
Preparing algo ...
Test start ...
Test Done ...
rolling 7000, sd_coef 3, stop_win 46.5503739678, backtest took 36.624s, score is 45.000
Preparing algo ...
Test start ...
Test Done ...
rolling 7000, sd_coef 3, stop_win 51.722637742, backtest took 36.648s, score is 45.000
Preparing algo ...
Test start ...
Test Done ...
rolling 7000, sd_coef 4, stop_win 5.1722637742, backtest took 36.394s, score is -183.000
Preparing algo ...
Test start ...
Test Done ...
rolling 7000, sd_coef 4, stop_win 10.3445275484, backtest took 36.439s, score is -183.000
Preparing algo ...
Test start ...
Test Done ...
rolling 7000, sd_coef 4, stop_win 15.5167913226, backtest took 36.651s, score is -183.000
Preparing algo ...
Test start ...
Test Done ...
rolling 7000, sd_coef 4, stop_win 20.6890550968, backtest took 36.573s, score is -183.000
Preparing algo ...
Test start ...
Test Done ...
rolling 7000, sd_coef 4, stop_win 25.861318871, backtest took 36.498s, score is -183.000
Preparing algo ...
Test start ...
Test Done ...
rolling 7000, sd_coef 4, stop_win 31.0335826452, backtest took 36.535s, score is -183.000
Preparing algo ...
Test start ...
Test Done ...
rolling 7000, sd_coef 4, stop_win 36.2058464194, backtest took 36.585s, score is -183.000
Preparing algo ...
Test start ...
Test Done ...
rolling 7000, sd_coef 4, stop_win 41.3781101936, backtest took 36.568s, score is -183.000
Preparing algo ...
Test start ...
Test Done ...
rolling 7000, sd_coef 4, stop_win 46.5503739678, backtest took 36.470s, score is -183.000
Preparing algo ...
Test start ...
Test Done ...
rolling 7000, sd_coef 4, stop_win 51.722637742, backtest took 36.696s, score is -183.000
Preparing algo ...
Test start ...
Test Done ...
rolling 7000, sd_coef 5, stop_win 5.1722637742, backtest took 36.448s, score is 174.000
Preparing algo ...
Test start ...
Test Done ...
rolling 7000, sd_coef 5, stop_win 10.3445275484, backtest took 36.501s, score is 174.000
Preparing algo ...
Test start ...
Test Done ...
rolling 7000, sd_coef 5, stop_win 15.5167913226, backtest took 36.619s, score is 174.000
Preparing algo ...
Test start ...
Test Done ...
rolling 7000, sd_coef 5, stop_win 20.6890550968, backtest took 36.570s, score is 174.000
Preparing algo ...
Test start ...
Test Done ...
rolling 7000, sd_coef 5, stop_win 25.861318871, backtest took 36.604s, score is 174.000
Preparing algo ...
Test start ...
Test Done ...
rolling 7000, sd_coef 5, stop_win 31.0335826452, backtest took 36.504s, score is 174.000
Preparing algo ...
Test start ...
Test Done ...
rolling 7000, sd_coef 5, stop_win 36.2058464194, backtest took 36.675s, score is 174.000
Preparing algo ...
Test start ...
Test Done ...
rolling 7000, sd_coef 5, stop_win 41.3781101936, backtest took 36.501s, score is 174.000
Preparing algo ...
Test start ...
Test Done ...
rolling 7000, sd_coef 5, stop_win 46.5503739678, backtest took 36.647s, score is 174.000
Preparing algo ...
Test start ...
Test Done ...
rolling 7000, sd_coef 5, stop_win 51.722637742, backtest took 36.632s, score is 174.000
Preparing algo ...
Test start ...
Test Done ...
rolling 7000, sd_coef 6, stop_win 5.1722637742, backtest took 35.684s, score is 455.000
Preparing algo ...
Test start ...
Test Done ...
rolling 7000, sd_coef 6, stop_win 10.3445275484, backtest took 35.583s, score is 455.000
Preparing algo ...
Test start ...
Test Done ...
rolling 7000, sd_coef 6, stop_win 15.5167913226, backtest took 35.590s, score is 455.000
Preparing algo ...
Test start ...
Test Done ...
rolling 7000, sd_coef 6, stop_win 20.6890550968, backtest took 35.904s, score is 455.000
Preparing algo ...
Test start ...
Test Done ...
rolling 7000, sd_coef 6, stop_win 25.861318871, backtest took 35.644s, score is 455.000
Preparing algo ...
Test start ...
Test Done ...
rolling 7000, sd_coef 6, stop_win 31.0335826452, backtest took 35.548s, score is 455.000
Preparing algo ...
Test start ...
Test Done ...
rolling 7000, sd_coef 6, stop_win 36.2058464194, backtest took 35.700s, score is 455.000
Preparing algo ...
Test start ...
Test Done ...
rolling 7000, sd_coef 6, stop_win 41.3781101936, backtest took 35.508s, score is 455.000
Preparing algo ...
Test start ...
Test Done ...
rolling 7000, sd_coef 6, stop_win 46.5503739678, backtest took 35.653s, score is 455.000
Preparing algo ...
Test start ...
Test Done ...
rolling 7000, sd_coef 6, stop_win 51.722637742, backtest took 35.570s, score is 455.000
Preparing algo ...
Test start ...
Test Done ...
rolling 7000, sd_coef 7, stop_win 5.1722637742, backtest took 35.586s, score is 261.000
Preparing algo ...
Test start ...
Test Done ...
rolling 7000, sd_coef 7, stop_win 10.3445275484, backtest took 35.411s, score is 261.000
Preparing algo ...
Test start ...
Test Done ...
rolling 7000, sd_coef 7, stop_win 15.5167913226, backtest took 35.439s, score is 261.000
Preparing algo ...
Test start ...
Test Done ...
rolling 7000, sd_coef 7, stop_win 20.6890550968, backtest took 35.595s, score is 261.000
Preparing algo ...
Test start ...
Test Done ...
rolling 7000, sd_coef 7, stop_win 25.861318871, backtest took 34.984s, score is 261.000
Preparing algo ...
Test start ...
Test Done ...
rolling 7000, sd_coef 7, stop_win 31.0335826452, backtest took 35.799s, score is 261.000
Preparing algo ...
Test start ...
Test Done ...
rolling 7000, sd_coef 7, stop_win 36.2058464194, backtest took 35.541s, score is 261.000
Preparing algo ...
Test start ...
Test Done ...
rolling 7000, sd_coef 7, stop_win 41.3781101936, backtest took 35.418s, score is 261.000
Preparing algo ...
Test start ...
Test Done ...
rolling 7000, sd_coef 7, stop_win 46.5503739678, backtest took 35.600s, score is 261.000
Preparing algo ...
Test start ...
Test Done ...
rolling 7000, sd_coef 7, stop_win 51.722637742, backtest took 35.599s, score is 261.000
Preparing algo ...
Test start ...
Test Done ...
rolling 9000, sd_coef 2, stop_win 5.1722637742, backtest took 35.911s, score is -859.000
Preparing algo ...
Test start ...
Test Done ...
rolling 9000, sd_coef 2, stop_win 10.3445275484, backtest took 36.072s, score is -859.000
Preparing algo ...
Test start ...
Test Done ...
rolling 9000, sd_coef 2, stop_win 15.5167913226, backtest took 35.883s, score is -859.000
Preparing algo ...
Test start ...
Test Done ...
rolling 9000, sd_coef 2, stop_win 20.6890550968, backtest took 35.993s, score is -859.000
Preparing algo ...
Test start ...
Test Done ...
rolling 9000, sd_coef 2, stop_win 25.861318871, backtest took 36.071s, score is -859.000
Preparing algo ...
Test start ...
Test Done ...
rolling 9000, sd_coef 2, stop_win 31.0335826452, backtest took 36.009s, score is -859.000
Preparing algo ...
Test start ...
Test Done ...
rolling 9000, sd_coef 2, stop_win 36.2058464194, backtest took 36.084s, score is -859.000
Preparing algo ...
Test start ...
Test Done ...
rolling 9000, sd_coef 2, stop_win 41.3781101936, backtest took 35.974s, score is -859.000
Preparing algo ...
Test start ...
Test Done ...
rolling 9000, sd_coef 2, stop_win 46.5503739678, backtest took 36.015s, score is -859.000
Preparing algo ...
Test start ...
Test Done ...
rolling 9000, sd_coef 2, stop_win 51.722637742, backtest took 36.109s, score is -859.000
Preparing algo ...
Test start ...
Test Done ...
rolling 9000, sd_coef 3, stop_win 5.1722637742, backtest took 35.987s, score is 33.000
Preparing algo ...
Test start ...
Test Done ...
rolling 9000, sd_coef 3, stop_win 10.3445275484, backtest took 36.002s, score is 33.000
Preparing algo ...
Test start ...
Test Done ...
rolling 9000, sd_coef 3, stop_win 15.5167913226, backtest took 36.173s, score is 33.000
Preparing algo ...
Test start ...
Test Done ...
rolling 9000, sd_coef 3, stop_win 20.6890550968, backtest took 36.223s, score is 33.000
Preparing algo ...
Test start ...
Test Done ...
rolling 9000, sd_coef 3, stop_win 25.861318871, backtest took 36.112s, score is 33.000
Preparing algo ...
Test start ...
Test Done ...
rolling 9000, sd_coef 3, stop_win 31.0335826452, backtest took 36.165s, score is 33.000
Preparing algo ...
Test start ...
Test Done ...
rolling 9000, sd_coef 3, stop_win 36.2058464194, backtest took 36.127s, score is 33.000
Preparing algo ...
Test start ...
Test Done ...
rolling 9000, sd_coef 3, stop_win 41.3781101936, backtest took 35.945s, score is 33.000
Preparing algo ...
Test start ...
Test Done ...
rolling 9000, sd_coef 3, stop_win 46.5503739678, backtest took 36.158s, score is 33.000
Preparing algo ...
Test start ...
Test Done ...
rolling 9000, sd_coef 3, stop_win 51.722637742, backtest took 35.947s, score is 33.000
Preparing algo ...
Test start ...
Test Done ...
rolling 9000, sd_coef 4, stop_win 5.1722637742, backtest took 36.027s, score is -341.000
Preparing algo ...
Test start ...
Test Done ...
rolling 9000, sd_coef 4, stop_win 10.3445275484, backtest took 35.970s, score is -341.000
Preparing algo ...
Test start ...
Test Done ...
rolling 9000, sd_coef 4, stop_win 15.5167913226, backtest took 36.032s, score is -341.000
Preparing algo ...
Test start ...
Test Done ...
rolling 9000, sd_coef 4, stop_win 20.6890550968, backtest took 36.142s, score is -341.000
Preparing algo ...
Test start ...
Test Done ...
rolling 9000, sd_coef 4, stop_win 25.861318871, backtest took 36.067s, score is -341.000
Preparing algo ...
Test start ...
Test Done ...
rolling 9000, sd_coef 4, stop_win 31.0335826452, backtest took 36.291s, score is -341.000
Preparing algo ...
Test start ...
Test Done ...
rolling 9000, sd_coef 4, stop_win 36.2058464194, backtest took 36.000s, score is -341.000
Preparing algo ...
Test start ...
Test Done ...
rolling 9000, sd_coef 4, stop_win 41.3781101936, backtest took 35.933s, score is -341.000
Preparing algo ...
Test start ...
Test Done ...
rolling 9000, sd_coef 4, stop_win 46.5503739678, backtest took 36.022s, score is -341.000
Preparing algo ...
Test start ...
Test Done ...
rolling 9000, sd_coef 4, stop_win 51.722637742, backtest took 36.163s, score is -341.000
Preparing algo ...
Test start ...
Test Done ...
rolling 9000, sd_coef 5, stop_win 5.1722637742, backtest took 36.178s, score is 843.000
Preparing algo ...
Test start ...
Test Done ...
rolling 9000, sd_coef 5, stop_win 10.3445275484, backtest took 35.912s, score is 843.000
Preparing algo ...
Test start ...
Test Done ...
rolling 9000, sd_coef 5, stop_win 15.5167913226, backtest took 35.982s, score is 843.000
Preparing algo ...
Test start ...
Test Done ...
rolling 9000, sd_coef 5, stop_win 20.6890550968, backtest took 36.422s, score is 843.000
Preparing algo ...
Test start ...
Test Done ...
rolling 9000, sd_coef 5, stop_win 25.861318871, backtest took 36.048s, score is 843.000
Preparing algo ...
Test start ...
Test Done ...
rolling 9000, sd_coef 5, stop_win 31.0335826452, backtest took 36.099s, score is 843.000
Preparing algo ...
Test start ...
Test Done ...
rolling 9000, sd_coef 5, stop_win 36.2058464194, backtest took 35.788s, score is 843.000
Preparing algo ...
Test start ...
Test Done ...
rolling 9000, sd_coef 5, stop_win 41.3781101936, backtest took 36.076s, score is 843.000
Preparing algo ...
Test start ...
Test Done ...
rolling 9000, sd_coef 5, stop_win 46.5503739678, backtest took 35.971s, score is 843.000
Preparing algo ...
Test start ...
Test Done ...
rolling 9000, sd_coef 5, stop_win 51.722637742, backtest took 36.058s, score is 843.000
Preparing algo ...
Test start ...
Test Done ...
rolling 9000, sd_coef 6, stop_win 5.1722637742, backtest took 35.276s, score is 455.000
Preparing algo ...
Test start ...
Test Done ...
rolling 9000, sd_coef 6, stop_win 10.3445275484, backtest took 35.241s, score is 455.000
Preparing algo ...
Test start ...
Test Done ...
rolling 9000, sd_coef 6, stop_win 15.5167913226, backtest took 35.121s, score is 455.000
Preparing algo ...
Test start ...
Test Done ...
rolling 9000, sd_coef 6, stop_win 20.6890550968, backtest took 35.111s, score is 455.000
Preparing algo ...
Test start ...
Test Done ...
rolling 9000, sd_coef 6, stop_win 25.861318871, backtest took 35.243s, score is 455.000
Preparing algo ...
Test start ...
Test Done ...
rolling 9000, sd_coef 6, stop_win 31.0335826452, backtest took 35.237s, score is 455.000
Preparing algo ...
Test start ...
Test Done ...
rolling 9000, sd_coef 6, stop_win 36.2058464194, backtest took 35.295s, score is 455.000
Preparing algo ...
Test start ...
Test Done ...
rolling 9000, sd_coef 6, stop_win 41.3781101936, backtest took 35.125s, score is 455.000
Preparing algo ...
Test start ...
Test Done ...
rolling 9000, sd_coef 6, stop_win 46.5503739678, backtest took 35.176s, score is 455.000
Preparing algo ...
Test start ...
Test Done ...
rolling 9000, sd_coef 6, stop_win 51.722637742, backtest took 35.128s, score is 455.000
Preparing algo ...
Test start ...
Test Done ...
rolling 9000, sd_coef 7, stop_win 5.1722637742, backtest took 34.737s, score is 261.000
Preparing algo ...
Test start ...
Test Done ...
rolling 9000, sd_coef 7, stop_win 10.3445275484, backtest took 34.867s, score is 261.000
Preparing algo ...
Test start ...
Test Done ...
rolling 9000, sd_coef 7, stop_win 15.5167913226, backtest took 34.914s, score is 261.000
Preparing algo ...
Test start ...
Test Done ...
rolling 9000, sd_coef 7, stop_win 20.6890550968, backtest took 34.891s, score is 261.000
Preparing algo ...
Test start ...
Test Done ...
rolling 9000, sd_coef 7, stop_win 25.861318871, backtest took 34.991s, score is 261.000
Preparing algo ...
Test start ...
Test Done ...
rolling 9000, sd_coef 7, stop_win 31.0335826452, backtest took 35.036s, score is 261.000
Preparing algo ...
Test start ...
Test Done ...
rolling 9000, sd_coef 7, stop_win 36.2058464194, backtest took 34.999s, score is 261.000
Preparing algo ...
Test start ...
Test Done ...
rolling 9000, sd_coef 7, stop_win 41.3781101936, backtest took 34.816s, score is 261.000
Preparing algo ...
Test start ...
Test Done ...
rolling 9000, sd_coef 7, stop_win 46.5503739678, backtest took 34.883s, score is 261.000
Preparing algo ...
Test start ...
Test Done ...
rolling 9000, sd_coef 7, stop_win 51.722637742, backtest took 34.778s, score is 261.000
Traceback (most recent call last):
  File "grid_search_one_roll_cs.py", line 130, in <module>
    "stop_win": [p[3] for p in pars],
IndexError: tuple index out of range
