Using gpu device 0: Tesla K20m (CNMeM is disabled, CuDNN not available)
/home/rqiao/Theano/theano/tensor/signal/downsample.py:5: UserWarning: downsample module has been moved to the pool module.
  warnings.warn("downsample module has been moved to the pool module.")
Building network ...
Computing updates ...
Compiling functions ...
Training ...
Epoch 1 of 100 took 6.393s
  training loss:		30.759418
  validation loss:		18.281757
  validation accuracy:		55.76 %
Epoch 2 of 100 took 6.375s
  training loss:		13.128851
  validation loss:		8.655518
  validation accuracy:		57.83 %
Epoch 3 of 100 took 6.374s
  training loss:		6.172445
  validation loss:		3.917482
  validation accuracy:		58.44 %
Epoch 4 of 100 took 6.376s
  training loss:		2.720671
  validation loss:		1.750290
  validation accuracy:		58.44 %
Epoch 5 of 100 took 6.381s
  training loss:		1.471697
  validation loss:		1.366356
  validation accuracy:		58.44 %
Epoch 6 of 100 took 6.373s
  training loss:		1.355725
  validation loss:		1.327575
  validation accuracy:		58.44 %
Epoch 7 of 100 took 6.375s
  training loss:		1.325503
  validation loss:		1.310549
  validation accuracy:		58.44 %
Epoch 8 of 100 took 6.379s
  training loss:		1.301924
  validation loss:		1.287430
  validation accuracy:		58.44 %
Epoch 9 of 100 took 6.375s
  training loss:		1.282644
  validation loss:		1.261671
  validation accuracy:		58.44 %
Epoch 10 of 100 took 6.373s
  training loss:		1.266000
  validation loss:		1.244374
  validation accuracy:		58.44 %
Epoch 11 of 100 took 6.374s
  training loss:		1.252047
  validation loss:		1.220873
  validation accuracy:		58.44 %
Epoch 12 of 100 took 6.375s
  training loss:		1.239198
  validation loss:		1.222923
  validation accuracy:		58.44 %
Epoch 13 of 100 took 6.377s
  training loss:		1.228708
  validation loss:		1.211000
  validation accuracy:		58.44 %
Epoch 14 of 100 took 6.376s
  training loss:		1.218912
  validation loss:		1.206515
  validation accuracy:		58.44 %
Epoch 15 of 100 took 6.375s
  training loss:		1.210633
  validation loss:		1.189314
  validation accuracy:		58.44 %
Epoch 16 of 100 took 6.376s
  training loss:		1.202565
  validation loss:		1.180467
  validation accuracy:		58.44 %
Epoch 17 of 100 took 6.378s
  training loss:		1.195491
  validation loss:		1.174158
  validation accuracy:		58.44 %
Epoch 18 of 100 took 6.382s
  training loss:		1.189006
  validation loss:		1.170241
  validation accuracy:		58.44 %
Epoch 19 of 100 took 6.375s
  training loss:		1.183168
  validation loss:		1.161164
  validation accuracy:		58.44 %
Epoch 20 of 100 took 6.376s
  training loss:		1.177451
  validation loss:		1.157994
  validation accuracy:		58.44 %
Epoch 21 of 100 took 6.373s
  training loss:		1.172507
  validation loss:		1.152010
  validation accuracy:		58.44 %
Epoch 22 of 100 took 6.375s
  training loss:		1.167815
  validation loss:		1.149598
  validation accuracy:		58.44 %
Epoch 23 of 100 took 6.376s
  training loss:		1.163531
  validation loss:		1.139871
  validation accuracy:		58.44 %
Epoch 24 of 100 took 6.377s
  training loss:		1.159255
  validation loss:		1.136106
  validation accuracy:		58.44 %
Epoch 25 of 100 took 6.377s
  training loss:		1.155308
  validation loss:		1.137304
  validation accuracy:		58.44 %
Epoch 26 of 100 took 6.374s
  training loss:		1.151926
  validation loss:		1.132780
  validation accuracy:		58.44 %
Epoch 27 of 100 took 6.376s
  training loss:		1.148586
  validation loss:		1.124152
  validation accuracy:		58.44 %
Epoch 28 of 100 took 6.376s
  training loss:		1.145304
  validation loss:		1.121861
  validation accuracy:		58.44 %
Epoch 29 of 100 took 6.376s
  training loss:		1.142277
  validation loss:		1.118353
  validation accuracy:		58.44 %
Epoch 30 of 100 took 6.379s
  training loss:		1.139419
  validation loss:		1.115750
  validation accuracy:		58.44 %
Epoch 31 of 100 took 6.374s
  training loss:		1.136661
  validation loss:		1.115390
  validation accuracy:		58.44 %
Epoch 32 of 100 took 6.377s
  training loss:		1.134123
  validation loss:		1.112361
  validation accuracy:		58.44 %
Epoch 33 of 100 took 6.375s
  training loss:		1.131633
  validation loss:		1.108158
  validation accuracy:		58.44 %
Epoch 34 of 100 took 6.374s
  training loss:		1.129368
  validation loss:		1.105835
  validation accuracy:		58.44 %
Epoch 35 of 100 took 6.375s
  training loss:		1.127310
  validation loss:		1.099825
  validation accuracy:		58.44 %
Epoch 36 of 100 took 6.374s
  training loss:		1.124934
  validation loss:		1.101797
  validation accuracy:		58.44 %
Epoch 37 of 100 took 6.375s
  training loss:		1.123137
  validation loss:		1.098486
  validation accuracy:		58.44 %
Epoch 38 of 100 took 6.374s
  training loss:		1.121189
  validation loss:		1.093789
  validation accuracy:		58.44 %
Epoch 39 of 100 took 6.375s
  training loss:		1.119105
  validation loss:		1.099598
  validation accuracy:		58.44 %
Epoch 40 of 100 took 6.375s
  training loss:		1.117677
  validation loss:		1.089864
  validation accuracy:		58.44 %
Epoch 41 of 100 took 6.376s
  training loss:		1.115650
  validation loss:		1.092315
  validation accuracy:		58.44 %
Epoch 42 of 100 took 6.371s
  training loss:		1.114260
  validation loss:		1.087519
  validation accuracy:		58.44 %
Epoch 43 of 100 took 6.380s
  training loss:		1.112590
  validation loss:		1.087045
  validation accuracy:		58.44 %
Epoch 44 of 100 took 6.374s
  training loss:		1.110905
  validation loss:		1.090984
  validation accuracy:		58.44 %
Epoch 45 of 100 took 6.375s
  training loss:		1.109781
  validation loss:		1.082323
  validation accuracy:		58.44 %
Epoch 46 of 100 took 6.375s
  training loss:		1.108132
  validation loss:		1.083707
  validation accuracy:		58.44 %
Epoch 47 of 100 took 6.376s
  training loss:		1.106919
  validation loss:		1.080565
  validation accuracy:		58.44 %
Epoch 48 of 100 took 6.375s
  training loss:		1.105521
  validation loss:		1.082170
  validation accuracy:		58.44 %
Epoch 49 of 100 took 6.375s
  training loss:		1.104371
  validation loss:		1.078636
  validation accuracy:		58.44 %
Epoch 50 of 100 took 6.374s
  training loss:		1.103017
  validation loss:		1.079622
  validation accuracy:		58.44 %
Epoch 51 of 100 took 6.375s
  training loss:		1.102055
  validation loss:		1.072671
  validation accuracy:		58.44 %
Epoch 52 of 100 took 6.376s
  training loss:		1.100684
  validation loss:		1.076873
  validation accuracy:		58.44 %
Epoch 53 of 100 took 6.373s
  training loss:		1.099761
  validation loss:		1.073935
  validation accuracy:		58.44 %
Epoch 54 of 100 took 6.374s
  training loss:		1.098699
  validation loss:		1.070426
  validation accuracy:		58.44 %
Epoch 55 of 100 took 6.375s
  training loss:		1.097605
  validation loss:		1.070905
  validation accuracy:		58.44 %
Epoch 56 of 100 took 6.379s
  training loss:		1.096633
  validation loss:		1.071952
  validation accuracy:		58.44 %
Epoch 57 of 100 took 6.376s
  training loss:		1.095661
  validation loss:		1.069281
  validation accuracy:		58.44 %
Epoch 58 of 100 took 6.374s
  training loss:		1.094741
  validation loss:		1.068086
  validation accuracy:		58.44 %
Epoch 59 of 100 took 6.377s
  training loss:		1.093764
  validation loss:		1.067827
  validation accuracy:		58.44 %
Epoch 60 of 100 took 6.375s
  training loss:		1.092983
  validation loss:		1.063831
  validation accuracy:		58.44 %
Epoch 61 of 100 took 6.375s
  training loss:		1.091987
  validation loss:		1.068021
  validation accuracy:		58.44 %
Epoch 62 of 100 took 6.375s
  training loss:		1.091333
  validation loss:		1.062920
  validation accuracy:		58.44 %
Epoch 63 of 100 took 6.377s
  training loss:		1.090379
  validation loss:		1.064041
  validation accuracy:		58.44 %
Epoch 64 of 100 took 6.376s
  training loss:		1.089666
  validation loss:		1.061691
  validation accuracy:		58.44 %
Epoch 65 of 100 took 6.374s
  training loss:		1.088799
  validation loss:		1.063114
  validation accuracy:		58.44 %
Epoch 66 of 100 took 6.374s
  training loss:		1.088161
  validation loss:		1.060055
  validation accuracy:		58.44 %
Epoch 67 of 100 took 6.377s
  training loss:		1.087408
  validation loss:		1.058850
  validation accuracy:		58.44 %
Epoch 68 of 100 took 6.378s
  training loss:		1.086600
  validation loss:		1.060995
  validation accuracy:		58.44 %
Epoch 69 of 100 took 6.374s
  training loss:		1.086052
  validation loss:		1.056789
  validation accuracy:		58.44 %
Epoch 70 of 100 took 6.372s
  training loss:		1.085208
  validation loss:		1.059496
  validation accuracy:		58.44 %
Epoch 71 of 100 took 6.373s
  training loss:		1.084662
  validation loss:		1.055601
  validation accuracy:		58.44 %
Epoch 72 of 100 took 6.377s
  training loss:		1.083888
  validation loss:		1.057096
  validation accuracy:		58.44 %
Epoch 73 of 100 took 6.375s
  training loss:		1.083271
  validation loss:		1.057219
  validation accuracy:		58.44 %
Epoch 74 of 100 took 6.374s
  training loss:		1.082770
  validation loss:		1.053729
  validation accuracy:		58.44 %
Epoch 75 of 100 took 6.376s
  training loss:		1.082079
  validation loss:		1.054072
  validation accuracy:		58.44 %
Epoch 76 of 100 took 6.375s
  training loss:		1.081573
  validation loss:		1.052984
  validation accuracy:		58.44 %
Epoch 77 of 100 took 6.374s
  training loss:		1.080884
  validation loss:		1.054246
  validation accuracy:		58.44 %
Epoch 78 of 100 took 6.376s
  training loss:		1.080477
  validation loss:		1.050436
  validation accuracy:		58.44 %
Epoch 79 of 100 took 6.377s
  training loss:		1.079698
  validation loss:		1.054285
  validation accuracy:		58.44 %
Epoch 80 of 100 took 6.384s
  training loss:		1.079377
  validation loss:		1.048752
  validation accuracy:		58.44 %
Epoch 81 of 100 took 6.374s
  training loss:		1.078728
  validation loss:		1.051369
  validation accuracy:		58.44 %
Epoch 82 of 100 took 6.374s
  training loss:		1.078329
  validation loss:		1.048007
  validation accuracy:		58.44 %
Epoch 83 of 100 took 6.371s
  training loss:		1.077661
  validation loss:		1.050958
  validation accuracy:		58.44 %
Epoch 84 of 100 took 6.375s
  training loss:		1.077282
  validation loss:		1.047735
  validation accuracy:		58.44 %
Epoch 85 of 100 took 6.375s
  training loss:		1.076709
  validation loss:		1.048785
  validation accuracy:		58.44 %
Epoch 86 of 100 took 6.376s
  training loss:		1.076289
  validation loss:		1.048599
  validation accuracy:		58.44 %
Epoch 87 of 100 took 6.377s
  training loss:		1.075896
  validation loss:		1.044316
  validation accuracy:		58.44 %
Epoch 88 of 100 took 6.378s
  training loss:		1.075229
  validation loss:		1.049249
  validation accuracy:		58.44 %
Epoch 89 of 100 took 6.374s
  training loss:		1.074916
  validation loss:		1.045590
  validation accuracy:		58.44 %
Epoch 90 of 100 took 6.375s
  training loss:		1.074486
  validation loss:		1.044825
  validation accuracy:		58.44 %
Epoch 91 of 100 took 6.375s
  training loss:		1.073933
  validation loss:		1.046753
  validation accuracy:		58.44 %
Epoch 92 of 100 took 6.377s
  training loss:		1.073636
  validation loss:		1.043283
  validation accuracy:		58.44 %
Epoch 93 of 100 took 6.375s
  training loss:		1.073175
  validation loss:		1.044089
  validation accuracy:		58.44 %
Epoch 94 of 100 took 6.376s
  training loss:		1.072746
  validation loss:		1.043887
  validation accuracy:		58.44 %
Epoch 95 of 100 took 6.379s
  training loss:		1.072333
  validation loss:		1.044259
  validation accuracy:		58.44 %
Epoch 96 of 100 took 6.375s
  training loss:		1.072002
  validation loss:		1.041530
  validation accuracy:		58.44 %
Epoch 97 of 100 took 6.376s
  training loss:		1.071508
  validation loss:		1.043600
  validation accuracy:		58.44 %
Epoch 98 of 100 took 6.375s
  training loss:		1.071211
  validation loss:		1.041409
  validation accuracy:		58.44 %
Epoch 99 of 100 took 6.376s
  training loss:		1.070789
  validation loss:		1.041661
  validation accuracy:		58.44 %
Epoch 100 of 100 took 6.376s
  training loss:		1.070447
  validation loss:		1.041024
  validation accuracy:		58.44 %
