Reading configs ...
Reading data ...
y is i1509: 1230440 entries
x is i1505: 1454064 entries
Preparing data ...
Preparing algo ...
Test start ...
Test Done ...
rolling 1000, rolling_sigma 1000, sd_coef 2, stop_win 1,                 backtest took 191.971s, score is -756.860
Preparing algo ...
Test start ...
Test Done ...
rolling 1000, rolling_sigma 1000, sd_coef 2, stop_win 3,                 backtest took 192.302s, score is -442.800
Preparing algo ...
Test start ...
Test Done ...
rolling 1000, rolling_sigma 1000, sd_coef 2, stop_win 5,                 backtest took 192.397s, score is -330.000
Preparing algo ...
Test start ...
Test Done ...
rolling 1000, rolling_sigma 1000, sd_coef 2, stop_win 7,                 backtest took 191.954s, score is -330.000
Preparing algo ...
Test start ...
Test Done ...
rolling 1000, rolling_sigma 1000, sd_coef 2, stop_win 9,                 backtest took 191.816s, score is -330.000
Preparing algo ...
Test start ...
Test Done ...
rolling 1000, rolling_sigma 1000, sd_coef 3, stop_win 1,                 backtest took 192.415s, score is -756.860
Preparing algo ...
Test start ...
Test Done ...
rolling 1000, rolling_sigma 1000, sd_coef 3, stop_win 3,                 backtest took 191.908s, score is -442.800
Preparing algo ...
Test start ...
Test Done ...
rolling 1000, rolling_sigma 1000, sd_coef 3, stop_win 5,                 backtest took 192.553s, score is -330.000
Preparing algo ...
Test start ...
Test Done ...
rolling 1000, rolling_sigma 1000, sd_coef 3, stop_win 7,                 backtest took 192.534s, score is -330.000
Preparing algo ...
Test start ...
Test Done ...
rolling 1000, rolling_sigma 1000, sd_coef 3, stop_win 9,                 backtest took 192.409s, score is -330.000
Preparing algo ...
Test start ...
Test Done ...
rolling 1000, rolling_sigma 1000, sd_coef 4, stop_win 1,                 backtest took 192.046s, score is -756.860
Preparing algo ...
Test start ...
Test Done ...
rolling 1000, rolling_sigma 1000, sd_coef 4, stop_win 3,                 backtest took 193.620s, score is -442.800
Preparing algo ...
Test start ...
Test Done ...
rolling 1000, rolling_sigma 1000, sd_coef 4, stop_win 5,                 backtest took 192.212s, score is -330.000
Preparing algo ...
Test start ...
Test Done ...
rolling 1000, rolling_sigma 1000, sd_coef 4, stop_win 7,                 backtest took 192.578s, score is -330.000
Preparing algo ...
Test start ...
Test Done ...
rolling 1000, rolling_sigma 1000, sd_coef 4, stop_win 9,                 backtest took 192.112s, score is -330.000
Preparing algo ...
Test start ...
Test Done ...
rolling 1000, rolling_sigma 1000, sd_coef 5, stop_win 1,                 backtest took 192.544s, score is -756.860
Preparing algo ...
Test start ...
Test Done ...
rolling 1000, rolling_sigma 1000, sd_coef 5, stop_win 3,                 backtest took 192.379s, score is -442.800
Preparing algo ...
Test start ...
Test Done ...
rolling 1000, rolling_sigma 1000, sd_coef 5, stop_win 5,                 backtest took 192.906s, score is -330.000
Preparing algo ...
Test start ...
Test Done ...
rolling 1000, rolling_sigma 1000, sd_coef 5, stop_win 7,                 backtest took 192.512s, score is -330.000
Preparing algo ...
Test start ...
Test Done ...
rolling 1000, rolling_sigma 1000, sd_coef 5, stop_win 9,                 backtest took 192.209s, score is -330.000
Preparing algo ...
Test start ...
Test Done ...
rolling 1000, rolling_sigma 1000, sd_coef 6, stop_win 1,                 backtest took 192.012s, score is -756.860
Preparing algo ...
Test start ...
Test Done ...
rolling 1000, rolling_sigma 1000, sd_coef 6, stop_win 3,                 backtest took 193.495s, score is -442.800
Preparing algo ...
Test start ...
Test Done ...
rolling 1000, rolling_sigma 1000, sd_coef 6, stop_win 5,                 backtest took 192.078s, score is -330.000
Preparing algo ...
Test start ...
Test Done ...
rolling 1000, rolling_sigma 1000, sd_coef 6, stop_win 7,                 backtest took 192.585s, score is -330.000
Preparing algo ...
Test start ...
Test Done ...
rolling 1000, rolling_sigma 1000, sd_coef 6, stop_win 9,                 backtest took 192.307s, score is -330.000
Preparing algo ...
Test start ...
Test Done ...
rolling 1000, rolling_sigma 1000, sd_coef 7, stop_win 1,                 backtest took 192.868s, score is -756.860
Preparing algo ...
Test start ...
Test Done ...
rolling 1000, rolling_sigma 1000, sd_coef 7, stop_win 3,                 backtest took 192.707s, score is -442.800
Preparing algo ...
Test start ...
Test Done ...
rolling 1000, rolling_sigma 1000, sd_coef 7, stop_win 5,                 backtest took 192.515s, score is -330.000
Preparing algo ...
Test start ...
Test Done ...
rolling 1000, rolling_sigma 1000, sd_coef 7, stop_win 7,                 backtest took 192.547s, score is -330.000
Preparing algo ...
Test start ...
Test Done ...
rolling 1000, rolling_sigma 1000, sd_coef 7, stop_win 9,                 backtest took 192.285s, score is -330.000
Preparing algo ...
Test start ...
Test Done ...
rolling 1000, rolling_sigma 3000, sd_coef 2, stop_win 1,                 backtest took 192.853s, score is -756.860
Preparing algo ...
Test start ...
Test Done ...
rolling 1000, rolling_sigma 3000, sd_coef 2, stop_win 3,                 backtest took 192.230s, score is -442.800
Preparing algo ...
Test start ...
Test Done ...
rolling 1000, rolling_sigma 3000, sd_coef 2, stop_win 5,                 backtest took 192.619s, score is -330.000
Preparing algo ...
Test start ...
Test Done ...
rolling 1000, rolling_sigma 3000, sd_coef 2, stop_win 7,                 backtest took 191.728s, score is -330.000
Preparing algo ...
Test start ...
Test Done ...
rolling 1000, rolling_sigma 3000, sd_coef 2, stop_win 9,                 backtest took 192.863s, score is -330.000
Preparing algo ...
Test start ...
Test Done ...
rolling 1000, rolling_sigma 3000, sd_coef 3, stop_win 1,                 backtest took 192.812s, score is -756.860
Preparing algo ...
Test start ...
Test Done ...
rolling 1000, rolling_sigma 3000, sd_coef 3, stop_win 3,                 backtest took 192.369s, score is -442.800
Preparing algo ...
Test start ...
Test Done ...
rolling 1000, rolling_sigma 3000, sd_coef 3, stop_win 5,                 backtest took 192.227s, score is -330.000
Preparing algo ...
Test start ...
Test Done ...
rolling 1000, rolling_sigma 3000, sd_coef 3, stop_win 7,                 backtest took 192.136s, score is -330.000
Preparing algo ...
Test start ...
Test Done ...
rolling 1000, rolling_sigma 3000, sd_coef 3, stop_win 9,                 backtest took 192.647s, score is -330.000
Preparing algo ...
Test start ...
Test Done ...
rolling 1000, rolling_sigma 3000, sd_coef 4, stop_win 1,                 backtest took 192.343s, score is -756.860
Preparing algo ...
Test start ...
Test Done ...
rolling 1000, rolling_sigma 3000, sd_coef 4, stop_win 3,                 backtest took 192.600s, score is -442.800
Preparing algo ...
Test start ...
Test Done ...
rolling 1000, rolling_sigma 3000, sd_coef 4, stop_win 5,                 backtest took 192.469s, score is -330.000
Preparing algo ...
Test start ...
Test Done ...
rolling 1000, rolling_sigma 3000, sd_coef 4, stop_win 7,                 backtest took 191.801s, score is -330.000
Preparing algo ...
Test start ...
Test Done ...
rolling 1000, rolling_sigma 3000, sd_coef 4, stop_win 9,                 backtest took 191.543s, score is -330.000
Preparing algo ...
Test start ...
Test Done ...
rolling 1000, rolling_sigma 3000, sd_coef 5, stop_win 1,                 backtest took 193.491s, score is -756.860
Preparing algo ...
Test start ...
Test Done ...
rolling 1000, rolling_sigma 3000, sd_coef 5, stop_win 3,                 backtest took 192.737s, score is -442.800
Preparing algo ...
Test start ...
Test Done ...
rolling 1000, rolling_sigma 3000, sd_coef 5, stop_win 5,                 backtest took 193.061s, score is -330.000
Preparing algo ...
Test start ...
Test Done ...
rolling 1000, rolling_sigma 3000, sd_coef 5, stop_win 7,                 backtest took 191.740s, score is -330.000
Preparing algo ...
Test start ...
Test Done ...
rolling 1000, rolling_sigma 3000, sd_coef 5, stop_win 9,                 backtest took 191.699s, score is -330.000
Preparing algo ...
Test start ...
Test Done ...
rolling 1000, rolling_sigma 3000, sd_coef 6, stop_win 1,                 backtest took 191.598s, score is -756.860
Preparing algo ...
Test start ...
Test Done ...
rolling 1000, rolling_sigma 3000, sd_coef 6, stop_win 3,                 backtest took 191.812s, score is -442.800
Preparing algo ...
Test start ...
Test Done ...
rolling 1000, rolling_sigma 3000, sd_coef 6, stop_win 5,                 backtest took 192.426s, score is -330.000
Preparing algo ...
Test start ...
Test Done ...
rolling 1000, rolling_sigma 3000, sd_coef 6, stop_win 7,                 backtest took 191.745s, score is -330.000
Preparing algo ...
Test start ...
Test Done ...
rolling 1000, rolling_sigma 3000, sd_coef 6, stop_win 9,                 backtest took 191.532s, score is -330.000
Preparing algo ...
Test start ...
Test Done ...
rolling 1000, rolling_sigma 3000, sd_coef 7, stop_win 1,                 backtest took 191.861s, score is -756.860
Preparing algo ...
Test start ...
Test Done ...
rolling 1000, rolling_sigma 3000, sd_coef 7, stop_win 3,                 backtest took 192.021s, score is -442.800
Preparing algo ...
Test start ...
Test Done ...
rolling 1000, rolling_sigma 3000, sd_coef 7, stop_win 5,                 backtest took 191.927s, score is -330.000
Preparing algo ...
Test start ...
Test Done ...
rolling 1000, rolling_sigma 3000, sd_coef 7, stop_win 7,                 backtest took 191.998s, score is -330.000
Preparing algo ...
Test start ...
Test Done ...
rolling 1000, rolling_sigma 3000, sd_coef 7, stop_win 9,                 backtest took 191.271s, score is -330.000
Preparing algo ...
Test start ...
Test Done ...
rolling 1000, rolling_sigma 5000, sd_coef 2, stop_win 1,                 backtest took 191.867s, score is -756.860
Preparing algo ...
Test start ...
Test Done ...
rolling 1000, rolling_sigma 5000, sd_coef 2, stop_win 3,                 backtest took 191.980s, score is -442.800
Preparing algo ...
Test start ...
Test Done ...
rolling 1000, rolling_sigma 5000, sd_coef 2, stop_win 5,                 backtest took 191.233s, score is -330.000
Preparing algo ...
Test start ...
Test Done ...
rolling 1000, rolling_sigma 5000, sd_coef 2, stop_win 7,                 backtest took 191.330s, score is -330.000
Preparing algo ...
Test start ...
Test Done ...
rolling 1000, rolling_sigma 5000, sd_coef 2, stop_win 9,                 backtest took 192.753s, score is -330.000
Preparing algo ...
Test start ...
Test Done ...
rolling 1000, rolling_sigma 5000, sd_coef 3, stop_win 1,                 backtest took 191.634s, score is -756.860
Preparing algo ...
Test start ...
Test Done ...
rolling 1000, rolling_sigma 5000, sd_coef 3, stop_win 3,                 backtest took 192.105s, score is -442.800
Preparing algo ...
Test start ...
Test Done ...
rolling 1000, rolling_sigma 5000, sd_coef 3, stop_win 5,                 backtest took 191.234s, score is -330.000
Preparing algo ...
Test start ...
Test Done ...
rolling 1000, rolling_sigma 5000, sd_coef 3, stop_win 7,                 backtest took 190.930s, score is -330.000
Preparing algo ...
Test start ...
Test Done ...
rolling 1000, rolling_sigma 5000, sd_coef 3, stop_win 9,                 backtest took 191.301s, score is -330.000
Preparing algo ...
Test start ...
Test Done ...
rolling 1000, rolling_sigma 5000, sd_coef 4, stop_win 1,                 backtest took 192.389s, score is -756.860
Preparing algo ...
Test start ...
Test Done ...
rolling 1000, rolling_sigma 5000, sd_coef 4, stop_win 3,                 backtest took 191.671s, score is -442.800
Preparing algo ...
Test start ...
Test Done ...
rolling 1000, rolling_sigma 5000, sd_coef 4, stop_win 5,                 backtest took 190.779s, score is -330.000
Preparing algo ...
Test start ...
Test Done ...
rolling 1000, rolling_sigma 5000, sd_coef 4, stop_win 7,                 backtest took 191.335s, score is -330.000
Preparing algo ...
Test start ...
Test Done ...
rolling 1000, rolling_sigma 5000, sd_coef 4, stop_win 9,                 backtest took 191.773s, score is -330.000
Preparing algo ...
Test start ...
Test Done ...
rolling 1000, rolling_sigma 5000, sd_coef 5, stop_win 1,                 backtest took 191.572s, score is -756.860
Preparing algo ...
Test start ...
Test Done ...
rolling 1000, rolling_sigma 5000, sd_coef 5, stop_win 3,                 backtest took 191.291s, score is -442.800
Preparing algo ...
Test start ...
Test Done ...
rolling 1000, rolling_sigma 5000, sd_coef 5, stop_win 5,                 backtest took 191.665s, score is -330.000
Preparing algo ...
Test start ...
Test Done ...
rolling 1000, rolling_sigma 5000, sd_coef 5, stop_win 7,                 backtest took 190.955s, score is -330.000
Preparing algo ...
Test start ...
Test Done ...
rolling 1000, rolling_sigma 5000, sd_coef 5, stop_win 9,                 backtest took 191.452s, score is -330.000
Preparing algo ...
Test start ...
Test Done ...
rolling 1000, rolling_sigma 5000, sd_coef 6, stop_win 1,                 backtest took 192.214s, score is -756.860
Preparing algo ...
Test start ...
Test Done ...
rolling 1000, rolling_sigma 5000, sd_coef 6, stop_win 3,                 backtest took 191.260s, score is -442.800
Preparing algo ...
Test start ...
Test Done ...
rolling 1000, rolling_sigma 5000, sd_coef 6, stop_win 5,                 backtest took 191.744s, score is -330.000
Preparing algo ...
Test start ...
Test Done ...
rolling 1000, rolling_sigma 5000, sd_coef 6, stop_win 7,                 backtest took 192.578s, score is -330.000
Preparing algo ...
Test start ...
Test Done ...
rolling 1000, rolling_sigma 5000, sd_coef 6, stop_win 9,                 backtest took 191.206s, score is -330.000
Preparing algo ...
Test start ...
Test Done ...
rolling 1000, rolling_sigma 5000, sd_coef 7, stop_win 1,                 backtest took 192.403s, score is -756.860
Preparing algo ...
Test start ...
Test Done ...
rolling 1000, rolling_sigma 5000, sd_coef 7, stop_win 3,                 backtest took 191.118s, score is -442.800
Preparing algo ...
Test start ...
Test Done ...
rolling 1000, rolling_sigma 5000, sd_coef 7, stop_win 5,                 backtest took 191.157s, score is -330.000
Preparing algo ...
Test start ...
Test Done ...
rolling 1000, rolling_sigma 5000, sd_coef 7, stop_win 7,                 backtest took 191.176s, score is -330.000
Preparing algo ...
Test start ...
Test Done ...
rolling 1000, rolling_sigma 5000, sd_coef 7, stop_win 9,                 backtest took 192.173s, score is -330.000
Preparing algo ...
Test start ...
Test Done ...
rolling 1000, rolling_sigma 7000, sd_coef 2, stop_win 1,                 backtest took 192.116s, score is -756.860
Preparing algo ...
Test start ...
Test Done ...
rolling 1000, rolling_sigma 7000, sd_coef 2, stop_win 3,                 backtest took 191.522s, score is -442.800
Preparing algo ...
Test start ...
Test Done ...
rolling 1000, rolling_sigma 7000, sd_coef 2, stop_win 5,                 backtest took 191.427s, score is -330.000
Preparing algo ...
Test start ...
Test Done ...
rolling 1000, rolling_sigma 7000, sd_coef 2, stop_win 7,                 backtest took 191.781s, score is -330.000
Preparing algo ...
Test start ...
Test Done ...
rolling 1000, rolling_sigma 7000, sd_coef 2, stop_win 9,                 backtest took 191.917s, score is -330.000
Preparing algo ...
Test start ...
Test Done ...
rolling 1000, rolling_sigma 7000, sd_coef 3, stop_win 1,                 backtest took 191.730s, score is -756.860
Preparing algo ...
Test start ...
Test Done ...
rolling 1000, rolling_sigma 7000, sd_coef 3, stop_win 3,                 backtest took 192.314s, score is -442.800
Preparing algo ...
Test start ...
Test Done ...
rolling 1000, rolling_sigma 7000, sd_coef 3, stop_win 5,                 backtest took 191.098s, score is -330.000
Preparing algo ...
Test start ...
Test Done ...
rolling 1000, rolling_sigma 7000, sd_coef 3, stop_win 7,                 backtest took 191.532s, score is -330.000
Preparing algo ...
Test start ...
Test Done ...
rolling 1000, rolling_sigma 7000, sd_coef 3, stop_win 9,                 backtest took 191.825s, score is -330.000
Preparing algo ...
Test start ...
Test Done ...
rolling 1000, rolling_sigma 7000, sd_coef 4, stop_win 1,                 backtest took 191.085s, score is -756.860
Preparing algo ...
Test start ...
Test Done ...
rolling 1000, rolling_sigma 7000, sd_coef 4, stop_win 3,                 backtest took 191.752s, score is -442.800
Preparing algo ...
Test start ...
Test Done ...
rolling 1000, rolling_sigma 7000, sd_coef 4, stop_win 5,                 backtest took 192.260s, score is -330.000
Preparing algo ...
Test start ...
Test Done ...
rolling 1000, rolling_sigma 7000, sd_coef 4, stop_win 7,                 backtest took 191.315s, score is -330.000
Preparing algo ...
Test start ...
Test Done ...
rolling 1000, rolling_sigma 7000, sd_coef 4, stop_win 9,                 backtest took 192.403s, score is -330.000
Preparing algo ...
Test start ...
Test Done ...
rolling 1000, rolling_sigma 7000, sd_coef 5, stop_win 1,                 backtest took 191.603s, score is -756.860
Preparing algo ...
Test start ...
Test Done ...
rolling 1000, rolling_sigma 7000, sd_coef 5, stop_win 3,                 backtest took 191.503s, score is -442.800
Preparing algo ...
Test start ...
Test Done ...
rolling 1000, rolling_sigma 7000, sd_coef 5, stop_win 5,                 backtest took 191.684s, score is -330.000
Preparing algo ...
Test start ...
Test Done ...
rolling 1000, rolling_sigma 7000, sd_coef 5, stop_win 7,                 backtest took 192.019s, score is -330.000
Preparing algo ...
Test start ...
Test Done ...
rolling 1000, rolling_sigma 7000, sd_coef 5, stop_win 9,                 backtest took 191.963s, score is -330.000
Preparing algo ...
Test start ...
Test Done ...
rolling 1000, rolling_sigma 7000, sd_coef 6, stop_win 1,                 backtest took 191.614s, score is -756.860
Preparing algo ...
Test start ...
Test Done ...
rolling 1000, rolling_sigma 7000, sd_coef 6, stop_win 3,                 backtest took 191.649s, score is -442.800
Preparing algo ...
Test start ...
Test Done ...
rolling 1000, rolling_sigma 7000, sd_coef 6, stop_win 5,                 backtest took 191.099s, score is -330.000
Preparing algo ...
Test start ...
Test Done ...
rolling 1000, rolling_sigma 7000, sd_coef 6, stop_win 7,                 backtest took 191.720s, score is -330.000
Preparing algo ...
Test start ...
Test Done ...
rolling 1000, rolling_sigma 7000, sd_coef 6, stop_win 9,                 backtest took 191.543s, score is -330.000
Preparing algo ...
Test start ...
Test Done ...
rolling 1000, rolling_sigma 7000, sd_coef 7, stop_win 1,                 backtest took 192.662s, score is -756.860
Preparing algo ...
Test start ...
Test Done ...
rolling 1000, rolling_sigma 7000, sd_coef 7, stop_win 3,                 backtest took 191.365s, score is -442.800
Preparing algo ...
Test start ...
Test Done ...
rolling 1000, rolling_sigma 7000, sd_coef 7, stop_win 5,                 backtest took 191.811s, score is -330.000
Preparing algo ...
Test start ...
Test Done ...
rolling 1000, rolling_sigma 7000, sd_coef 7, stop_win 7,                 backtest took 191.818s, score is -330.000
Preparing algo ...
Test start ...
Test Done ...
rolling 1000, rolling_sigma 7000, sd_coef 7, stop_win 9,                 backtest took 191.251s, score is -330.000
Preparing algo ...
Test start ...
Test Done ...
rolling 1000, rolling_sigma 9000, sd_coef 2, stop_win 1,                 backtest took 191.411s, score is -756.860
Preparing algo ...
Test start ...
Test Done ...
rolling 1000, rolling_sigma 9000, sd_coef 2, stop_win 3,                 backtest took 192.534s, score is -442.800
Preparing algo ...
Test start ...
Test Done ...
rolling 1000, rolling_sigma 9000, sd_coef 2, stop_win 5,                 backtest took 191.079s, score is -330.000
Preparing algo ...
Test start ...
Test Done ...
rolling 1000, rolling_sigma 9000, sd_coef 2, stop_win 7,                 backtest took 191.964s, score is -330.000
Preparing algo ...
Test start ...
Test Done ...
rolling 1000, rolling_sigma 9000, sd_coef 2, stop_win 9,                 backtest took 190.663s, score is -330.000
Preparing algo ...
Test start ...
Test Done ...
rolling 1000, rolling_sigma 9000, sd_coef 3, stop_win 1,                 backtest took 191.899s, score is -756.860
Preparing algo ...
Test start ...
Test Done ...
rolling 1000, rolling_sigma 9000, sd_coef 3, stop_win 3,                 backtest took 191.583s, score is -442.800
Preparing algo ...
Test start ...
Test Done ...
rolling 1000, rolling_sigma 9000, sd_coef 3, stop_win 5,                 backtest took 192.029s, score is -330.000
Preparing algo ...
Test start ...
Test Done ...
rolling 1000, rolling_sigma 9000, sd_coef 3, stop_win 7,                 backtest took 191.973s, score is -330.000
Preparing algo ...
Test start ...
Test Done ...
rolling 1000, rolling_sigma 9000, sd_coef 3, stop_win 9,                 backtest took 191.777s, score is -330.000
Preparing algo ...
Test start ...
Test Done ...
rolling 1000, rolling_sigma 9000, sd_coef 4, stop_win 1,                 backtest took 192.335s, score is -756.860
Preparing algo ...
Test start ...
Test Done ...
rolling 1000, rolling_sigma 9000, sd_coef 4, stop_win 3,                 backtest took 191.982s, score is -442.800
Preparing algo ...
Test start ...
Test Done ...
rolling 1000, rolling_sigma 9000, sd_coef 4, stop_win 5,                 backtest took 191.613s, score is -330.000
Preparing algo ...
Test start ...
Test Done ...
rolling 1000, rolling_sigma 9000, sd_coef 4, stop_win 7,                 backtest took 192.056s, score is -330.000
Preparing algo ...
Test start ...
Test Done ...
rolling 1000, rolling_sigma 9000, sd_coef 4, stop_win 9,                 backtest took 192.447s, score is -330.000
Preparing algo ...
Test start ...
Test Done ...
rolling 1000, rolling_sigma 9000, sd_coef 5, stop_win 1,                 backtest took 192.105s, score is -756.860
Preparing algo ...
Test start ...
Test Done ...
rolling 1000, rolling_sigma 9000, sd_coef 5, stop_win 3,                 backtest took 191.689s, score is -442.800
Preparing algo ...
Test start ...
Test Done ...
rolling 1000, rolling_sigma 9000, sd_coef 5, stop_win 5,                 backtest took 191.159s, score is -330.000
Preparing algo ...
Test start ...
Test Done ...
rolling 1000, rolling_sigma 9000, sd_coef 5, stop_win 7,                 backtest took 191.168s, score is -330.000
Preparing algo ...
Test start ...
Test Done ...
rolling 1000, rolling_sigma 9000, sd_coef 5, stop_win 9,                 backtest took 192.623s, score is -330.000
Preparing algo ...
Test start ...
Test Done ...
rolling 1000, rolling_sigma 9000, sd_coef 6, stop_win 1,                 backtest took 191.782s, score is -756.860
Preparing algo ...
Test start ...
Test Done ...
rolling 1000, rolling_sigma 9000, sd_coef 6, stop_win 3,                 backtest took 191.229s, score is -442.800
Preparing algo ...
Test start ...
Test Done ...
rolling 1000, rolling_sigma 9000, sd_coef 6, stop_win 5,                 backtest took 192.420s, score is -330.000
Preparing algo ...
Test start ...
Test Done ...
rolling 1000, rolling_sigma 9000, sd_coef 6, stop_win 7,                 backtest took 192.115s, score is -330.000
Preparing algo ...
Test start ...
Test Done ...
rolling 1000, rolling_sigma 9000, sd_coef 6, stop_win 9,                 backtest took 191.682s, score is -330.000
Preparing algo ...
Test start ...
Test Done ...
rolling 1000, rolling_sigma 9000, sd_coef 7, stop_win 1,                 backtest took 192.259s, score is -756.860
Preparing algo ...
Test start ...
Test Done ...
rolling 1000, rolling_sigma 9000, sd_coef 7, stop_win 3,                 backtest took 191.349s, score is -442.800
Preparing algo ...
Test start ...
Test Done ...
rolling 1000, rolling_sigma 9000, sd_coef 7, stop_win 5,                 backtest took 192.762s, score is -330.000
Preparing algo ...
Test start ...
Test Done ...
rolling 1000, rolling_sigma 9000, sd_coef 7, stop_win 7,                 backtest took 191.332s, score is -330.000
Preparing algo ...
Test start ...
Test Done ...
rolling 1000, rolling_sigma 9000, sd_coef 7, stop_win 9,                 backtest took 192.111s, score is -330.000
Preparing algo ...
Test start ...
Test Done ...
rolling 3000, rolling_sigma 1000, sd_coef 2, stop_win 1,                 backtest took 191.123s, score is -913.710
Preparing algo ...
Test start ...
Test Done ...
rolling 3000, rolling_sigma 1000, sd_coef 2, stop_win 3,                 backtest took 191.773s, score is -442.800
Preparing algo ...
Test start ...
Test Done ...
rolling 3000, rolling_sigma 1000, sd_coef 2, stop_win 5,                 backtest took 191.980s, score is -330.000
Preparing algo ...
Test start ...
Test Done ...
rolling 3000, rolling_sigma 1000, sd_coef 2, stop_win 7,                 backtest took 191.361s, score is -330.000
Preparing algo ...
Test start ...
Test Done ...
rolling 3000, rolling_sigma 1000, sd_coef 2, stop_win 9,                 backtest took 191.791s, score is -330.000
Preparing algo ...
Test start ...
Test Done ...
rolling 3000, rolling_sigma 1000, sd_coef 3, stop_win 1,                 backtest took 191.494s, score is -913.710
Preparing algo ...
Test start ...
Test Done ...
rolling 3000, rolling_sigma 1000, sd_coef 3, stop_win 3,                 backtest took 191.785s, score is -442.800
Preparing algo ...
Test start ...
Test Done ...
rolling 3000, rolling_sigma 1000, sd_coef 3, stop_win 5,                 backtest took 191.124s, score is -330.000
Preparing algo ...
Test start ...
Test Done ...
rolling 3000, rolling_sigma 1000, sd_coef 3, stop_win 7,                 backtest took 185.185s, score is -330.000
Preparing algo ...
Test start ...
Test Done ...
rolling 3000, rolling_sigma 1000, sd_coef 3, stop_win 9,                 backtest took 181.341s, score is -330.000
Preparing algo ...
Test start ...
Test Done ...
rolling 3000, rolling_sigma 1000, sd_coef 4, stop_win 1,                 backtest took 182.269s, score is -913.710
Preparing algo ...
Test start ...
Test Done ...
rolling 3000, rolling_sigma 1000, sd_coef 4, stop_win 3,                 backtest took 182.694s, score is -442.800
Preparing algo ...
Test start ...
Test Done ...
rolling 3000, rolling_sigma 1000, sd_coef 4, stop_win 5,                 backtest took 182.121s, score is -330.000
Preparing algo ...
Test start ...
Test Done ...
rolling 3000, rolling_sigma 1000, sd_coef 4, stop_win 7,                 backtest took 182.076s, score is -330.000
Preparing algo ...
Test start ...
Test Done ...
rolling 3000, rolling_sigma 1000, sd_coef 4, stop_win 9,                 backtest took 182.867s, score is -330.000
Preparing algo ...
Test start ...
Test Done ...
rolling 3000, rolling_sigma 1000, sd_coef 5, stop_win 1,                 backtest took 183.873s, score is -913.710
Preparing algo ...
Test start ...
Test Done ...
rolling 3000, rolling_sigma 1000, sd_coef 5, stop_win 3,                 backtest took 183.109s, score is -442.800
Preparing algo ...
Test start ...
Test Done ...
rolling 3000, rolling_sigma 1000, sd_coef 5, stop_win 5,                 backtest took 182.192s, score is -330.000
Preparing algo ...
Test start ...
Test Done ...
rolling 3000, rolling_sigma 1000, sd_coef 5, stop_win 7,                 backtest took 183.517s, score is -330.000
Preparing algo ...
Test start ...
Test Done ...
rolling 3000, rolling_sigma 1000, sd_coef 5, stop_win 9,                 backtest took 183.919s, score is -330.000
Preparing algo ...
Test start ...
Test Done ...
rolling 3000, rolling_sigma 1000, sd_coef 6, stop_win 1,                 backtest took 183.205s, score is -913.710
Preparing algo ...
Test start ...
Test Done ...
rolling 3000, rolling_sigma 1000, sd_coef 6, stop_win 3,                 backtest took 183.600s, score is -442.800
Preparing algo ...
Test start ...
Test Done ...
rolling 3000, rolling_sigma 1000, sd_coef 6, stop_win 5,                 backtest took 181.986s, score is -330.000
Preparing algo ...
Test start ...
Test Done ...
rolling 3000, rolling_sigma 1000, sd_coef 6, stop_win 7,                 backtest took 184.546s, score is -330.000
Preparing algo ...
Test start ...
Test Done ...
rolling 3000, rolling_sigma 1000, sd_coef 6, stop_win 9,                 backtest took 182.048s, score is -330.000
Preparing algo ...
Test start ...
Test Done ...
rolling 3000, rolling_sigma 1000, sd_coef 7, stop_win 1,                 backtest took 183.656s, score is -913.710
Preparing algo ...
Test start ...
Test Done ...
rolling 3000, rolling_sigma 1000, sd_coef 7, stop_win 3,                 backtest took 184.108s, score is -442.800
Preparing algo ...
Test start ...
Test Done ...
rolling 3000, rolling_sigma 1000, sd_coef 7, stop_win 5,                 backtest took 183.936s, score is -330.000
Preparing algo ...
Test start ...
Test Done ...
rolling 3000, rolling_sigma 1000, sd_coef 7, stop_win 7,                 backtest took 183.371s, score is -330.000
Preparing algo ...
Test start ...
Test Done ...
rolling 3000, rolling_sigma 1000, sd_coef 7, stop_win 9,                 backtest took 182.741s, score is -330.000
Preparing algo ...
Test start ...
Test Done ...
rolling 3000, rolling_sigma 3000, sd_coef 2, stop_win 1,                 backtest took 183.932s, score is -913.710
Preparing algo ...
Test start ...
Test Done ...
rolling 3000, rolling_sigma 3000, sd_coef 2, stop_win 3,                 backtest took 182.556s, score is -442.800
Preparing algo ...
Test start ...
Test Done ...
rolling 3000, rolling_sigma 3000, sd_coef 2, stop_win 5,                 backtest took 183.444s, score is -330.000
Preparing algo ...
Test start ...
Test Done ...
rolling 3000, rolling_sigma 3000, sd_coef 2, stop_win 7,                 backtest took 182.628s, score is -330.000
Preparing algo ...
Test start ...
Test Done ...
rolling 3000, rolling_sigma 3000, sd_coef 2, stop_win 9,                 backtest took 182.405s, score is -330.000
Preparing algo ...
Test start ...
Test Done ...
rolling 3000, rolling_sigma 3000, sd_coef 3, stop_win 1,                 backtest took 182.732s, score is -913.710
Preparing algo ...
Test start ...
Test Done ...
rolling 3000, rolling_sigma 3000, sd_coef 3, stop_win 3,                 backtest took 183.931s, score is -442.800
Preparing algo ...
Test start ...
Test Done ...
rolling 3000, rolling_sigma 3000, sd_coef 3, stop_win 5,                 backtest took 183.779s, score is -330.000
Preparing algo ...
Test start ...
Test Done ...
rolling 3000, rolling_sigma 3000, sd_coef 3, stop_win 7,                 backtest took 182.993s, score is -330.000
Preparing algo ...
Test start ...
Test Done ...
rolling 3000, rolling_sigma 3000, sd_coef 3, stop_win 9,                 backtest took 182.674s, score is -330.000
Preparing algo ...
Test start ...
Test Done ...
rolling 3000, rolling_sigma 3000, sd_coef 4, stop_win 1,                 backtest took 183.255s, score is -913.710
Preparing algo ...
Test start ...
Test Done ...
rolling 3000, rolling_sigma 3000, sd_coef 4, stop_win 3,                 backtest took 184.539s, score is -442.800
Preparing algo ...
Test start ...
Test Done ...
rolling 3000, rolling_sigma 3000, sd_coef 4, stop_win 5,                 backtest took 183.091s, score is -330.000
Preparing algo ...
Test start ...
Test Done ...
rolling 3000, rolling_sigma 3000, sd_coef 4, stop_win 7,                 backtest took 182.748s, score is -330.000
Preparing algo ...
Test start ...
Test Done ...
rolling 3000, rolling_sigma 3000, sd_coef 4, stop_win 9,                 backtest took 183.451s, score is -330.000
Preparing algo ...
Test start ...
Test Done ...
rolling 3000, rolling_sigma 3000, sd_coef 5, stop_win 1,                 backtest took 183.567s, score is -913.710
Preparing algo ...
Test start ...
Test Done ...
rolling 3000, rolling_sigma 3000, sd_coef 5, stop_win 3,                 backtest took 182.650s, score is -442.800
Preparing algo ...
Test start ...
Test Done ...
rolling 3000, rolling_sigma 3000, sd_coef 5, stop_win 5,                 backtest took 183.779s, score is -330.000
Preparing algo ...
Test start ...
Test Done ...
rolling 3000, rolling_sigma 3000, sd_coef 5, stop_win 7,                 backtest took 183.168s, score is -330.000
Preparing algo ...
Test start ...
Test Done ...
rolling 3000, rolling_sigma 3000, sd_coef 5, stop_win 9,                 backtest took 184.326s, score is -330.000
Preparing algo ...
Test start ...
Test Done ...
rolling slurmstepd: *** JOB 18868 CANCELLED AT 2016-05-30T09:25:25 *** on mos5
