Traceback (most recent call last):
  File "grid_search.py", line 5, in <module>
    from mewp.simulate.runner import PairRunner
  File "/work/rqiao/HFdata/mewp/simulate/runner.py", line 4, in <module>
    import pandas
  File "/home/rqiao/.local/lib/python2.7/site-packages/pandas/__init__.py", line 31, in <module>
    "extensions first.".format(module))
ImportError: C extension: /home/rqiao/.local/lib/python2.7/site-packages/pandas/hashtable.so: undefined symbol: _intel_fast_memcpy not built. If you want to import pandas from the source directory, you may need to run 'python setup.py build_ext --inplace' to build the C extensions first.
Reading configs ...
Reading data ...
y is a1509: 1590870 entries
x is a1505: 2589538 entries
Preparing data ...
Preparing algo ...
Test start ...
Test Done ...
rolling 1000, rolling_sigma 1000, sd_coef 2, stop_win 1,                 backtest took 329.067s, score is -1290.000
Preparing algo ...
Test start ...
Test Done ...
rolling 1000, rolling_sigma 1000, sd_coef 2, stop_win 3,                 backtest took 332.304s, score is -490.000
Preparing algo ...
Test start ...
Test Done ...
rolling 1000, rolling_sigma 1000, sd_coef 2, stop_win 5,                 backtest took 332.635s, score is -184.000
Preparing algo ...
Test start ...
Test Done ...
rolling 1000, rolling_sigma 1000, sd_coef 2, stop_win 7,                 backtest took 331.756s, score is -54.000
Preparing algo ...
Test start ...
Test Done ...
rolling 1000, rolling_sigma 1000, sd_coef 2, stop_win 9,                 backtest took 332.215s, score is 78.000
Preparing algo ...
Test start ...
Test Done ...
rolling 1000, rolling_sigma 1000, sd_coef 3, stop_win 1,                 backtest took 330.963s, score is -1290.000
Preparing algo ...
Test start ...
Test Done ...
rolling 1000, rolling_sigma 1000, sd_coef 3, stop_win 3,                 backtest took 326.592s, score is -490.000
Preparing algo ...
Test start ...
Test Done ...
rolling 1000, rolling_sigma 1000, sd_coef 3, stop_win 5,                 backtest took 322.670s, score is -184.000
Preparing algo ...
Test start ...
Test Done ...
rolling 1000, rolling_sigma 1000, sd_coef 3, stop_win 7,                 backtest took 323.423s, score is -54.000
Preparing algo ...
Test start ...
Test Done ...
rolling 1000, rolling_sigma 1000, sd_coef 3, stop_win 9,                 backtest took 324.595s, score is 78.000
Preparing algo ...
Test start ...
Test Done ...
rolling 1000, rolling_sigma 1000, sd_coef 4, stop_win 1,                 backtest took 322.160s, score is -1290.000
Preparing algo ...
Test start ...
Test Done ...
rolling 1000, rolling_sigma 1000, sd_coef 4, stop_win 3,                 backtest took 327.425s, score is -490.000
Preparing algo ...
Test start ...
Test Done ...
rolling 1000, rolling_sigma 1000, sd_coef 4, stop_win 5,                 backtest took 329.772s, score is -184.000
Preparing algo ...
Test start ...
Test Done ...
rolling 1000, rolling_sigma 1000, sd_coef 4, stop_win 7,                 backtest took 331.563s, score is -54.000
Preparing algo ...
Test start ...
Test Done ...
rolling 1000, rolling_sigma 1000, sd_coef 4, stop_win 9,                 backtest took 328.817s, score is 78.000
Preparing algo ...
Test start ...
Test Done ...
rolling 1000, rolling_sigma 1000, sd_coef 5, stop_win 1,                 backtest took 329.650s, score is -1290.000
Preparing algo ...
Test start ...
Test Done ...
rolling 1000, rolling_sigma 1000, sd_coef 5, stop_win 3,                 backtest took 330.102s, score is -490.000
Preparing algo ...
Test start ...
Test Done ...
rolling 1000, rolling_sigma 1000, sd_coef 5, stop_win 5,                 backtest took 331.466s, score is -184.000
Preparing algo ...
Test start ...
Test Done ...
rolling 1000, rolling_sigma 1000, sd_coef 5, stop_win 7,                 backtest took 332.520s, score is -54.000
Preparing algo ...
Test start ...
Test Done ...
rolling 1000, rolling_sigma 1000, sd_coef 5, stop_win 9,                 backtest took 329.172s, score is 78.000
Preparing algo ...
Test start ...
Test Done ...
rolling 1000, rolling_sigma 1000, sd_coef 6, stop_win 1,                 backtest took 330.538s, score is -1290.000
Preparing algo ...
Test start ...
Test Done ...
rolling 1000, rolling_sigma 1000, sd_coef 6, stop_win 3,                 backtest took 330.279s, score is -490.000
Preparing algo ...
Test start ...
Test Done ...
rolling 1000, rolling_sigma 1000, sd_coef 6, stop_win 5,                 backtest took 330.400s, score is -184.000
Preparing algo ...
Test start ...
Test Done ...
rolling 1000, rolling_sigma 1000, sd_coef 6, stop_win 7,                 backtest took 329.099s, score is -54.000
Preparing algo ...
Test start ...
Test Done ...
rolling 1000, rolling_sigma 1000, sd_coef 6, stop_win 9,                 backtest took 331.624s, score is 78.000
Preparing algo ...
Test start ...
Test Done ...
rolling 1000, rolling_sigma 1000, sd_coef 7, stop_win 1,                 backtest took 330.169s, score is -1290.000
Preparing algo ...
Test start ...
Test Done ...
rolling 1000, rolling_sigma 1000, sd_coef 7, stop_win 3,                 backtest took 328.751s, score is -490.000
Preparing algo ...
Test start ...
Test Done ...
rolling 1000, rolling_sigma 1000, sd_coef 7, stop_win 5,                 backtest took 329.189s, score is -184.000
Preparing algo ...
Test start ...
Test Done ...
rolling 1000, rolling_sigma 1000, sd_coef 7, stop_win 7,                 backtest took 330.407s, score is -54.000
Preparing algo ...
Test start ...
Test Done ...
rolling 1000, rolling_sigma 1000, sd_coef 7, stop_win 9,                 backtest took 330.712s, score is 78.000
Preparing algo ...
Test start ...
Test Done ...
rolling 1000, rolling_sigma 3000, sd_coef 2, stop_win 1,                 backtest took 329.599s, score is -1290.000
Preparing algo ...
Test start ...
Test Done ...
rolling 1000, rolling_sigma 3000, sd_coef 2, stop_win 3,                 backtest took 330.729s, score is -490.000
Preparing algo ...
Test start ...
Test Done ...
rolling 1000, rolling_sigma 3000, sd_coef 2, stop_win 5,                 backtest took 328.570s, score is -184.000
Preparing algo ...
Test start ...
Test Done ...
rolling 1000, rolling_sigma 3000, sd_coef 2, stop_win 7,                 backtest took 331.324s, score is -54.000
Preparing algo ...
Test start ...
Test Done ...
rolling 1000, rolling_sigma 3000, sd_coef 2, stop_win 9,                 backtest took 329.434s, score is 78.000
Preparing algo ...
Test start ...
Test Done ...
rolling 1000, rolling_sigma 3000, sd_coef 3, stop_win 1,                 backtest took 329.927s, score is -1290.000
Preparing algo ...
Test start ...
Test Done ...
rolling 1000, rolling_sigma 3000, sd_coef 3, stop_win 3,                 backtest took 329.842s, score is -490.000
Preparing algo ...
Test start ...
Test Done ...
rolling 1000, rolling_sigma 3000, sd_coef 3, stop_win 5,                 backtest took 330.627s, score is -184.000
Preparing algo ...
Test start ...
Test Done ...
rolling 1000, rolling_sigma 3000, sd_coef 3, stop_win 7,                 backtest took 330.939s, score is -54.000
Preparing algo ...
Test start ...
Test Done ...
rolling 1000, rolling_sigma 3000, sd_coef 3, stop_win 9,                 backtest took 330.075s, score is 78.000
Preparing algo ...
Test start ...
Test Done ...
rolling 1000, rolling_sigma 3000, sd_coef 4, stop_win 1,                 backtest took 329.252s, score is -1290.000
Preparing algo ...
Test start ...
Test Done ...
rolling 1000, rolling_sigma 3000, sd_coef 4, stop_win 3,                 backtest took 328.524s, score is -490.000
Preparing algo ...
Test start ...
Test Done ...
rolling 1000, rolling_sigma 3000, sd_coef 4, stop_win 5,                 backtest took 329.829s, score is -184.000
Preparing algo ...
Test start ...
Test Done ...
rolling 1000, rolling_sigma 3000, sd_coef 4, stop_win 7,                 backtest took 330.459s, score is -54.000
Preparing algo ...
Test start ...
Test Done ...
rolling 1000, rolling_sigma 3000, sd_coef 4, stop_win 9,                 backtest took 329.514s, score is 78.000
Preparing algo ...
Test start ...
Test Done ...
rolling 1000, rolling_sigma 3000, sd_coef 5, stop_win 1,                 backtest took 332.098s, score is -1290.000
Preparing algo ...
Test start ...
Test Done ...
rolling 1000, rolling_sigma 3000, sd_coef 5, stop_win 3,                 backtest took 329.463s, score is -490.000
Preparing algo ...
Test start ...
Test Done ...
rolling 1000, rolling_sigma 3000, sd_coef 5, stop_win 5,                 backtest took 329.212s, score is -184.000
Preparing algo ...
Test start ...
Test Done ...
rolling 1000, rolling_sigma 3000, sd_coef 5, stop_win 7,                 backtest took 329.291s, score is -54.000
Preparing algo ...
Test start ...
Test Done ...
rolling 1000, rolling_sigma 3000, sd_coef 5, stop_win 9,                 backtest took 330.563s, score is 78.000
Preparing algo ...
Test start ...
Test Done ...
rolling 1000, rolling_sigma 3000, sd_coef 6, stop_win 1,                 backtest took 330.027s, score is -1290.000
Preparing algo ...
Test start ...
Test Done ...
rolling 1000, rolling_sigma 3000, sd_coef 6, stop_win 3,                 backtest took 328.375s, score is -490.000
Preparing algo ...
Test start ...
Test Done ...
rolling 1000, rolling_sigma 3000, sd_coef 6, stop_win 5,                 backtest took 329.602s, score is -184.000
Preparing algo ...
Test start ...
Test Done ...
rolling 1000, rolling_sigma 3000, sd_coef 6, stop_win 7,                 backtest took 330.815s, score is -54.000
Preparing algo ...
Test start ...
Test Done ...
rolling 1000, rolling_sigma 3000, sd_coef 6, stop_win 9,                 backtest took 329.070s, score is 78.000
Preparing algo ...
Test start ...
Test Done ...
rolling 1000, rolling_sigma 3000, sd_coef 7, stop_win 1,                 backtest took 329.467s, score is -1290.000
Preparing algo ...
Test start ...
Test Done ...
rolling 1000, rolling_sigma 3000, sd_coef 7, stop_win 3,                 backtest took 331.891s, score is -490.000
Preparing algo ...
Test start ...
Test Done ...
rolling 1000, rolling_sigma 3000, sd_coef 7, stop_win 5,                 backtest took 330.176s, score is -184.000
Preparing algo ...
Test start ...
Test Done ...
rolling 1000, rolling_sigma 3000, sd_coef 7, stop_win 7,                 backtest took 329.562s, score is -54.000
Preparing algo ...
Test start ...
Test Done ...
rolling 1000, rolling_sigma 3000, sd_coef 7, stop_win 9,                 backtest took 331.006s, score is 78.000
Preparing algo ...
Test start ...
Test Done ...
rolling 1000, rolling_sigma 5000, sd_coef 2, stop_win 1,                 backtest took 328.891s, score is -1290.000
Preparing algo ...
Test start ...
Test Done ...
rolling 1000, rolling_sigma 5000, sd_coef 2, stop_win 3,                 backtest took 331.361s, score is -490.000
Preparing algo ...
Test start ...
Test Done ...
rolling 1000, rolling_sigma 5000, sd_coef 2, stop_win 5,                 backtest took 331.054s, score is -184.000
Preparing algo ...
Test start ...
Test Done ...
rolling 1000, rolling_sigma 5000, sd_coef 2, stop_win 7,                 backtest took 329.207s, score is -54.000
Preparing algo ...
Test start ...
Test Done ...
rolling 1000, rolling_sigma 5000, sd_coef 2, stop_win 9,                 backtest took 330.183s, score is 78.000
Preparing algo ...
Test start ...
Test Done ...
rolling 1000, rolling_sigma 5000, sd_coef 3, stop_win 1,                 backtest took 329.063s, score is -1290.000
Preparing algo ...
Test start ...
Test Done ...
rolling 1000, rolling_sigma 5000, sd_coef 3, stop_win 3,                 backtest took 329.761s, score is -490.000
Preparing algo ...
Test start ...
Test Done ...
rolling 1000, rolling_sigma 5000, sd_coef 3, stop_win 5,                 backtest took 330.452s, score is -184.000
Preparing algo ...
Test start ...
Test Done ...
rolling 1000, rolling_sigma 5000, sd_coef 3, stop_win 7,                 backtest took 330.419s, score is -54.000
Preparing algo ...
Test start ...
Test Done ...
rolling 1000, rolling_sigma 5000, sd_coef 3, stop_win 9,                 backtest took 329.293s, score is 78.000
Preparing algo ...
Test start ...
Test Done ...
rolling 1000, rolling_sigma 5000, sd_coef 4, stop_win 1,                 backtest took 328.975s, score is -1290.000
Preparing algo ...
Test start ...
Test Done ...
rolling 1000, rolling_sigma 5000, sd_coef 4, stop_win 3,                 backtest took 331.727s, score is -490.000
Preparing algo ...
Test start ...
Test Done ...
rolling 1000, rolling_sigma 5000, sd_coef 4, stop_win 5,                 backtest took 328.953s, score is -184.000
Preparing algo ...
Test start ...
Test Done ...
rolling 1000, rolling_sigma 5000, sd_coef 4, stop_win 7,                 backtest took 331.647s, score is -54.000
Preparing algo ...
Test start ...
Test Done ...
rolling 1000, rolling_sigma 5000, sd_coef 4, stop_win 9,                 backtest took 330.419s, score is 78.000
Preparing algo ...
Test start ...
Test Done ...
rolling 1000, rolling_sigma 5000, sd_coef 5, stop_win 1,                 backtest took 330.792s, score is -1290.000
Preparing algo ...
Test start ...
Test Done ...
rolling 1000, rolling_sigma 5000, sd_coef 5, stop_win 3,                 backtest took 330.960s, score is -490.000
Preparing algo ...
Test start ...
Test Done ...
rolling 1000, rolling_sigma 5000, sd_coef 5, stop_win 5,                 backtest took 330.568s, score is -184.000
Preparing algo ...
Test start ...
Test Done ...
rolling 1000, rolling_sigma 5000, sd_coef 5, stop_win 7,                 backtest took 330.104s, score is -54.000
Preparing algo ...
Test start ...
Test Done ...
rolling 1000, rolling_sigma 5000, sd_coef 5, stop_win 9,                 backtest took 330.733s, score is 78.000
Preparing algo ...
Test start ...
Test Done ...
rolling 1000, rolling_sigma 5000, sd_coef 6, stop_win 1,                 backtest took 329.108s, score is -1290.000
Preparing algo ...
Test start ...
Test Done ...
rolling 1000, rolling_sigma 5000, sd_coef 6, stop_win 3,                 backtest took 329.839s, score is -490.000
Preparing algo ...
Test start ...
Test Done ...
rolling 1000, rolling_sigma 5000, sd_coef 6, stop_win 5,                 backtest took 330.537s, score is -184.000
Preparing algo ...
Test start ...
Test Done ...
rolling 1000, rolling_sigma 5000, sd_coef 6, stop_win 7,                 backtest took 331.627s, score is -54.000
Preparing algo ...
Test start ...
Test Done ...
rolling 1000, rolling_sigma 5000, sd_coef 6, stop_win 9,                 backtest took 331.061s, score is 78.000
Preparing algo ...
Test start ...
Test Done ...
rolling 1000, rolling_sigma 5000, sd_coef 7, stop_win 1,                 backtest took 331.275s, score is -1290.000
Preparing algo ...
Test start ...
Test Done ...
rolling 1000, rolling_sigma 5000, sd_coef 7, stop_win 3,                 backtest took 328.842s, score is -490.000
Preparing algo ...
Test start ...
Test Done ...
rolling 1000, rolling_sigma 5000, sd_coef 7, stop_win 5,                 backtest took 329.654s, score is -184.000
Preparing algo ...
Test start ...
Test Done ...
rolling 1000, rolling_sigma 5000, sd_coef 7, stop_win 7,                 backtest took 331.738s, score is -54.000
Preparing algo ...
Test start ...
Test Done ...
rolling 1000, rolling_sigma 5000, sd_coef 7, stop_win 9,                 backtest took 329.823s, score is 78.000
Preparing algo ...
Test start ...
Test Done ...
rolling 1000, rolling_sigma 7000, sd_coef 2, stop_win 1,                 backtest took 329.109s, score is -1290.000
Preparing algo ...
Test start ...
Test Done ...
rolling 1000, rolling_sigma 7000, sd_coef 2, stop_win 3,                 backtest took 331.377s, score is -490.000
Preparing algo ...
Test start ...
Test Done ...
rolling 1000, rolling_sigma 7000, sd_coef 2, stop_win 5,                 backtest took 328.864s, score is -184.000
Preparing algo ...
Test start ...
Test Done ...
rolling 1000, rolling_sigma 7000, sd_coef 2, stop_win 7,                 backtest took 331.480s, score is -54.000
Preparing algo ...
Test start ...
Test Done ...
rolling 1000, rolling_sigma 7000, sd_coef 2, stop_win 9,                 backtest took 331.034s, score is 78.000
Preparing algo ...
Test start ...
Test Done ...
rolling 1000, rolling_sigma 7000, sd_coef 3, stop_win 1,                 backtest took 328.964s, score is -1290.000
Preparing algo ...
Test start ...
Test Done ...
rolling 1000, rolling_sigma 7000, sd_coef 3, stop_win 3,                 backtest took 330.708s, score is -490.000
Preparing algo ...
Test start ...
Test Done ...
rolling 1000, rolling_sigma 7000, sd_coef 3, stop_win 5,                 backtest took 328.637s, score is -184.000
Preparing algo ...
Test start ...
Test Done ...
rolling 1000, rolling_sigma 7000, sd_coef 3, stop_win 7,                 backtest took 329.792s, score is -54.000
Preparing algo ...
Test start ...
Test Done ...
rolling 1000, rolling_sigma 7000, sd_coef 3, stop_win 9,                 backtest took 329.791s, score is 78.000
Preparing algo ...
Test start ...
Test Done ...
rolling 1000, rolling_sigma 7000, sd_coef 4, stop_win 1,                 backtest took 330.426s, score is -1290.000
Preparing algo ...
Test start ...
Test Done ...
rolling 1000, rolling_sigma 7000, sd_coef 4, stop_win 3,                 backtest took 330.511s, score is -490.000
Preparing algo ...
Test start ...
Test Done ...
rolling 1000, rolling_sigma 7000, sd_coef 4, stop_win 5,                 backtest took 324.836s, score is -184.000
Preparing algo ...
Test start ...
Test Done ...
rolling 1000, rolling_sigma 7000, sd_coef 4, stop_win 7,                 backtest took 315.295s, score is -54.000
Preparing algo ...
Test start ...
Test Done ...
rolling 1000, rolling_sigma 7000, sd_coef 4, stop_win 9,                 backtest took 312.804s, score is 78.000
Preparing algo ...
Test start ...
Test Done ...
rolling 1000, rolling_sigma 7000, sd_coef 5, stop_win 1,                 backtest took 313.823s, score is -1290.000
Preparing algo ...
Test start ...
Test Done ...
rolling 1000, rolling_sigma 7000, sd_coef 5, stop_win 3,                 backtest took 313.824s, score is -490.000
Preparing algo ...
Test start ...
Test Done ...
rolling 1000, rolling_sigma 7000, sd_coef 5, stop_win 5,                 backtest took 313.326s, score is -184.000
Preparing algo ...
Test start ...
Test Done ...
rolling 1000, rolling_sigma 7000, sd_coef 5, stop_win 7,                 backtest took 313.402s, score is -54.000
Preparing algo ...
Test start ...
Test Done ...
rolling 1000, rolling_sigma 7000, sd_coef 5, stop_win 9,                 backtest took 313.982s, score is 78.000
Preparing algo ...
Test start ...
Test Done ...
rolling 1000, rolling_sigma 7000, sd_coef 6, stop_win 1,                 backtest took 314.206s, score is -1290.000
Preparing algo ...
Test start ...
Test Done ...
rolling 1000, rolling_sigma 7000, sd_coef 6, stop_win 3,                 backtest took 314.557s, score is -490.000
Preparing algo ...
Test start ...
Test Done ...
rolling 1000, rolling_sigma 7000, sd_coef 6, stop_win 5,                 backtest took 311.906s, score is -184.000
Preparing algo ...
Test start ...
Test Done ...
rolling 1000, rolling_sigma 7000, sd_coef 6, stop_win 7,                 backtest took 313.837s, score is -54.000
Preparing algo ...
Test start ...
Test Done ...
rolling 1000, rolling_sigma 7000, sd_coef 6, stop_win 9,                 backtest took 313.868s, score is 78.000
Preparing algo ...
Test start ...
Test Done ...
rolling 1000, rolling_sigma 7000, sd_coef 7, stop_win 1,                 backtest took 314.262s, score is -1290.000
Preparing algo ...
Test start ...
Test Done ...
rolling 1000, rolling_sigma 7000, sd_coef 7, stop_win 3,                 backtest took 312.508s, score is -490.000
Preparing algo ...
Test start ...
Test Done ...
rolling 1000, rolling_sigma 7000, sd_coef 7, stop_win 5,                 backtest took 313.662s, score is -184.000
Preparing algo ...
Test start ...
Test Done ...
rolling 1000, rolling_sigma 7000, sd_coef 7, stop_win 7,                 backtest took 311.582s, score is -54.000
Preparing algo ...
Test start ...
Test Done ...
rolling 1000, rolling_sigma 7000, sd_coef 7, stop_win 9,                 backtest took 313.633s, score is 78.000
Preparing algo ...
Test start ...
Test Done ...
rolling 1000, rolling_sigma 9000, sd_coef 2, stop_win 1,                 backtest took 314.264s, score is -1290.000
Preparing algo ...
Test start ...
Test Done ...
rolling 1000, rolling_sigma 9000, sd_coef 2, stop_win 3,                 backtest took 313.688s, score is -490.000
Preparing algo ...
Test start ...
Test Done ...
rolling 1000, rolling_sigma 9000, sd_coef 2, stop_win 5,                 backtest took 311.933s, score is -184.000
Preparing algo ...
Test start ...
Test Done ...
rolling 1000, rolling_sigma 9000, sd_coef 2, stop_win 7,                 backtest took 315.040s, score is -54.000
Preparing algo ...
Test start ...
Test Done ...
rolling 1000, rolling_sigma 9000, sd_coef 2, stop_win 9,                 backtest took 313.240s, score is 78.000
Preparing algo ...
Test start ...
Test Done ...
rolling 1000, rolling_sigma 9000, sd_coef 3, stop_win 1,                 backtest took 313.943s, score is -1290.000
Preparing algo ...
Test start ...
Test Done ...
rolling 1000, rolling_sigma 9000, sd_coef 3, stop_win 3,                 backtest took 314.760s, score is -490.000
Preparing algo ...
Test start ...
Test Done ...
rolling 1000, rolling_sigma 9000, sd_coef 3, stop_win 5,                 backtest took 313.336s, score is -184.000
Preparing algo ...
Test start ...
Test Done ...
rolling 1000, rolling_sigma 9000, sd_coef 3, stop_win 7,                 backtest took 315.434s, score is -54.000
Preparing algo ...
Test start ...
Test Done ...
rolling 1000, rolling_sigma 9000, sd_coef 3, stop_win 9,                 backtest took 312.932s, score is 78.000
Preparing algo ...
Test start ...
Test Done ...
rolling 1000, rolling_sigma 9000, sd_coef 4, stop_win 1,                 backtest took 314.754s, score is -1290.000
Preparing algo ...
Test start ...
Test Done ...
rolling 1000, rolling_sigma 9000, sd_coef 4, stop_win 3,                 backtest took 314.399s, score is -490.000
Preparing algo ...
Test start ...
Test Done ...
rolling 1000, rolling_sigma 9000, sd_coef 4, stop_win 5,                 backtest took 315.819s, score is -184.000
Preparing algo ...
Test start ...
Test Done ...
rolling 1000, rolling_sigma 9000, sd_coef 4, stop_win 7,                 backtest took 314.216s, score is -54.000
Preparing algo ...
Test start ...
Test Done ...
rolling 1000, rolling_sigma 9000, sd_coef 4, stop_win 9,                 backtest took 312.934s, score is 78.000
Preparing algo ...
Test start ...
Test Done ...
rolling 1000, rolling_sigma 9000, sd_coef 5, stop_win 1,                 backtest took 316.218s, score is -1290.000
Preparing algo ...
Test start ...
Test Done ...
rolling 1000, rolling_sigma 9000, sd_coef 5, stop_win 3,                 backtest took 314.465s, score is -490.000
Preparing algo ...
Test start ...
Test Done ...
rolling 1000, rolling_sigma 9000, sd_coef 5, stop_win 5,                 backtest took 313.493s, score is -184.000
Preparing algo ...
Test start ...
Test Done ...
rolling 1000, rolling_sigma 9000, sd_coef 5, stop_win 7,                 backtest took 314.648s, score is -54.000
Preparing algo ...
Test start ...
Test Done ...
rolling 1000, rolling_sigma 9000, sd_coef 5, stop_win 9,                 backtest took 313.500s, score is 78.000
Preparing algo ...
Test start ...
Test Done ...
rolling 1000, rolling_sigma 9000, sd_coef 6, stop_win 1,                 backtest took 314.713s, score is -1290.000
Preparing algo ...
Test start ...
Test Done ...
rolling 1000, rolling_sigma 9000, sd_coef 6, stop_win 3,                 backtest took 314.085s, score is -490.000
Preparing algo ...
Test start ...
Test Done ...
rolling 1000, rolling_sigma 9000, sd_coef 6, stop_win 5,                 backtest took 313.830s, score is -184.000
Preparing algo ...
Test start ...
Test Done ...
rolling 1000, rolling_sigma 9000, sd_coef 6, stop_win 7,                 backtest took 313.725s, score is -54.000
Preparing algo ...
Test start ...
Test Done ...
rolling 1000, rolling_sigma 9000, sd_coef 6, stop_win 9,                 backtest took 312.300s, score is 78.000
Preparing algo ...
Test start ...
Test Done ...
rolling 1000, rolling_sigma 9000, sd_coef 7, stop_win 1,                 backtest took 312.439s, score is -1290.000
Preparing algo ...
Test start ...
Test Done ...
rolling 1000, rolling_sigma 9000, sd_coef 7, stop_win 3,                 backtest took 314.625s, score is -490.000
Preparing algo ...
Test start ...
Test Done ...
rolling 1000, rolling_sigma 9000, sd_coef 7, stop_win 5,                 backtest took 314.471s, score is -184.000
Preparing algo ...
Test start ...
Test Done ...
rolling 1000, rolling_sigma 9000, sd_coef 7, stop_win 7,                 backtest took 314.812s, score is -54.000
Preparing algo ...
Test start ...
Test Done ...
rolling 1000, rolling_sigma 9000, sd_coef 7, stop_win 9,                 backtest took 315.247s, score is 78.000
Preparing algo ...
Test start ...
Test Done ...
rolling 3000, rolling_sigma 1000, sd_coef 2, stop_win 1,                 backtest took 313.036s, score is -1424.000
Preparing algo ...
Test start ...
Test Done ...
rolling 3000, rolling_sigma 1000, sd_coef 2, stop_win 3,                 backtest took 314.596s, score is -394.000
Preparing algo ...
Test start ...
Test Done ...
rolling 3000, rolling_sigma 1000, sd_coef 2, stop_win 5,                 backtest took 314.928s, score is -276.000
Preparing algo ...
Test start ...
Test Done ...
rolling 3000, rolling_sigma 1000, sd_coef 2, stop_win 7,                 backtest took 314.610s, score is 12.000
Preparing algo ...
Test start ...
Test Done ...
rolling 3000, rolling_sigma 1000, sd_coef 2, stop_win 9,                 backtest took 313.507s, score is 60.000
Preparing algo ...
Test start ...
Test Done ...
rolling 3000, rolling_sigma 1000, sd_coef 3, stop_win 1,                 backtest took 314.530s, score is -1424.000
Preparing algo ...
Test start ...
Test Done ...
rolling 3000, rolling_sigma 1000, sd_coef 3, stop_win 3,                 backtest took 312.780s, score is -394.000
Preparing algo ...
Test start ...
Test Done ...
rolling 3000, rolling_sigma 1000, sd_coef 3, stop_win 5,                 backtest took 314.987s, score is -276.000
Preparing algo ...
Test start ...
Test Done ...
rolling 3000, rolling_sigma 1000, sd_coef 3, stop_win 7,                 backtest took 314.764s, score is 12.000
Preparing algo ...
Test start ...
Test Done ...
rolling 3000, rolling_sigma 1000, sd_coef 3, stop_win 9,                 backtest took 313.940s, score is 60.000
Preparing algo ...
Test start ...
Test Done ...
rolling 3000, rolling_sigma 1000, sd_coef 4, stop_win 1,                 backtest took 315.286s, score is -1424.000
Preparing algo ...
Test start ...
Test Done ...
rolling 3000, rolling_sigma 1000, sd_coef 4, stop_win 3,                 backtest took 312.541s, score is -394.000
Preparing algo ...
Test start ...
Test Done ...
rolling 3000, rolling_sigma 1000, sd_coef 4, stop_win 5,                 backtest took 313.724s, score is -276.000
Preparing algo ...
Test start ...
Test Done ...
rolling 3000, rolling_sigma 1000, sd_coef 4, stop_win 7,                 backtest took 313.638s, score is 12.000
Preparing algo ...
Test start ...
Test Done ...
rolling 3000, rolling_sigma 1000, sd_coef 4, stop_win 9,                 backtest took 313.428s, score is 60.000
Preparing algo ...
Test start ...
Test Done ...
rolling 3000, rolling_sigma 1000, sd_coef 5, stop_win 1,                 backtest took 314.947s, score is -1424.000
Preparing algo ...
Test start ...
Test Done ...
rolling 3000, rolling_sigma 1000, sd_coef 5, stop_win 3,                 backtest took 314.020s, score is -394.000
Preparing algo ...
Test start ...
Test Done ...
rolling 3000, rolling_sigma 1000, sd_coef 5, stop_win 5,                 backtest took 313.199s, score is -276.000
Preparing algo ...
Test start ...
Test Done ...
rolling 3000, rolling_sigma 1000, sd_coef 5, stop_win 7,                 backtest took 313.708s, score is 12.000
Preparing algo ...
Test start ...
Test Done ...
rolling 3000, rolling_sigma 1000, sd_coef 5, stop_win 9,                 backtest took 313.988s, score is 60.000
Preparing algo ...
Test start ...
Test Done ...
rolling 3000, rolling_sigma 1000, sd_coef 6, stop_win 1,                 backtest took 314.728s, score is -1424.000
Preparing algo ...
Test start ...
Test Done ...
rolling 3000, rolling_sigma 1000, sd_coef 6, stop_win 3,                 backtest took 314.768s, score is -394.000
Preparing algo ...
Test start ...
Test Done ...
rolling 3000, rolling_sigma 1000, sd_coef 6, stop_win 5,                 backtest took 312.995s, score is -276.000
Preparing algo ...
Test start ...
Test Done ...
rolling 3000, rolling_sigma 1000, sd_coef 6, stop_win 7,                 backtest took 314.351s, score is 12.000
Preparing algo ...
Test start ...
Test Done ...
rolling 3000, rolling_sigma 1000, sd_coef 6, stop_win 9,                 backtest took 314.362s, score is 60.000
Preparing algo ...
Test start ...
Test Done ...
rolling 3000, rolling_sigma 1000, sd_coef 7, stop_win 1,                 backtest took 315.203s, score is -1424.000
Preparing algo ...
Test start ...
Test Done ...
rolling 3000, rolling_sigma 1000, sd_coef 7, stop_win 3,                 backtest took 316.552s, score is -394.000
Preparing algo ...
Test start ...
Test Done ...
rolling 3000, rolling_sigma 1000, sd_coef 7, stop_win 5,                 backtest took 314.611s, score is -276.000
Preparing algo ...
Test start ...
Test Done ...
rolling 3000, rolling_sigma 1000, sd_coef 7, stop_win 7,                 backtest took 312.718s, score is 12.000
Preparing algo ...
Test start ...
Test Done ...
rolling 3000, rolling_sigma 1000, sd_coef 7, stop_win 9,                 backtest took 314.907s, score is 60.000
Preparing algo ...
Test start ...
Test Done ...
rolling 3000, rolling_sigma 3000, sd_coef 2, stop_win 1,                 backtest took 316.372s, score is -1424.000
Preparing algo ...
Test start ...
Test Done ...
rolling 3000, rolling_sigma 3000, sd_coef 2, stop_win 3,                 backtest took 314.174s, score is -394.000
Preparing algo ...
Test start ...
Test Done ...
rolling 3000, rolling_sigma 3000, sd_coef 2, stop_win 5,                 backtest took 314.514s, score is -276.000
Preparing algo ...
Test start ...
Test Done ...
rolling 3000, rolling_sigma 3000, sd_coef 2, stop_win 7,                 backtest took 315.569s, score is 12.000
Preparing algo ...
Test start ...
Test Done ...
rolling 3000, rolling_sigma 3000, sd_coef 2, stop_win 9,                 backtest took 312.698s, score is 60.000
Preparing algo ...
Test start ...
Test Done ...
rolling 3000, rolling_sigma 3000, sd_coef 3, stop_win 1,                 backtest took 315.203s, score is -1424.000
Preparing algo ...
Test start ...
Test Done ...
rolling 3000, rolling_sigma 3000, sd_coef 3, stop_win 3,                 backtest took 311.285s, score is -394.000
Preparing algo ...
Test start ...
Test Done ...
rolling 3000, rolling_sigma 3000, sd_coef 3, stop_win 5,                 backtest took 319.040s, score is -276.000
Preparing algo ...
Test start ...
Test Done ...
rolling 3000, rolling_sigma 3000, sd_coef 3, stop_win 7,                 backtest took 313.397s, score is 12.000
Preparing algo ...
Test start ...
Test Done ...
rolling 3000, rolling_sigma 3000, sd_coef 3, stop_win 9,                 backtest took 314.656s, score is 60.000
Preparing algo ...
Test start ...
Test Done ...
rolling 3000, rolling_sigma 3000, sd_coef 4, stop_win 1,                 backtest took 314.739s, score is -1424.000
Preparing algo ...
Test start ...
Test Done ...
rolling 3000, rolling_sigma 3000, sd_coef 4, stop_win 3,                 backtest took 313.167s, score is -394.000
Preparing algo ...
Test start ...
Test Done ...
rolling 3000, rolling_sigma 3000, sd_coef 4, stop_win 5,                 backtest took 316.783s, score is -276.000
Preparing algo ...
Test start ...
Test Done ...
rolling 3000, rolling_sigma 3000, sd_coef 4, stop_win 7,                 backtest took 314.488s, score is 12.000
Preparing algo ...
Test start ...
Test Done ...
rolling 3000, rolling_sigma 3000, sd_coef 4, stop_win 9,                 backtest took 312.311s, score is 60.000
Preparing algo ...
Test start ...
Test Done ...
rolling 3000, rolling_sigma 3000, sd_coef 5, stop_win 1,                 backtest took 315.934s, score is -1424.000
Preparing algo ...
Test start ...
Test Done ...
rolling 3000, rolling_sigma 3000, sd_coef 5, stop_win 3,                 backtest took 312.164s, score is -394.000
Preparing algo ...
Test start ...
Test Done ...
rolling 3000, rolling_sigma 3000, sd_coef 5, stop_win 5,                 backtest took 315.460s, score is -276.000
Preparing algo ...
Test start ...
Test Done ...
rolling 3000, rolling_sigma 3000, sd_coef 5, stop_win 7,                 backtest took 314.576s, score is 12.000
Preparing algo ...
Test start ...
Test Done ...
rolling 3000, rolling_sigma 3000, sd_coef 5, stop_win 9,                 backtest took 312.925s, score is 60.000
Preparing algo ...
Test start ...
Test Done ...
rolling 3000, rolling_sigma 3000, sd_coef 6, stop_win 1,                 backtest took 314.971s, score is -1424.000
Preparing algo ...
Test start ...
Test Done ...
rolling 3000, rolling_sigma 3000, sd_coef 6, stop_win 3,                 backtest took 312.014s, score is -394.000
Preparing algo ...
Test start ...
Test Done ...
rolling 3000, rolling_sigma 3000, sd_coef 6, stop_win 5,                 backtest took 314.937s, score is -276.000
Preparing algo ...
Test start ...
Test Done ...
rolling 3000, rolling_sigma 3000, sd_coef 6, stop_win 7,                 backtest took 314.767s, score is 12.000
Preparing algo ...
Test start ...
Test Done ...
rolling 3000, rolling_sigma 3000, sd_coef 6, stop_win 9,                 backtest took 313.571s, score is 60.000
Preparing algo ...
Test start ...
Test Done ...
rolling 3000, rolling_sigma 3000, sd_coef 7, stop_win 1,                 backtest took 316.114s, score is -1424.000
Preparing algo ...
Test start ...
Test Done ...
rolling 3000, rolling_sigma 3000, sd_coef 7, stop_win 3,                 backtest took 313.550s, score is -394.000
Preparing algo ...
Test start ...
Test Done ...
rolling 3000, rolling_sigma 3000, sd_coef 7, stop_win 5,                 backtest took 312.757s, score is -276.000
Preparing algo ...
Test start ...
Test Done ...
rolling 3000, rolling_sigma 3000, sd_coef 7, stop_win 7,                 backtest took 314.812s, score is 12.000
Preparing algo ...
Test start ...
Test Done ...
rolling 3000, rolling_sigma 3000, sd_coef 7, stop_win 9,                 backtest took 313.988s, score is 60.000
Preparing algo ...
Test start ...
Test Done ...
rolling 3000, rolling_sigma 5000, sd_coef 2, stop_win 1,                 backtest took 313.925s, score is -1424.000
Preparing algo ...
Test start ...
Test Done ...
rolling 3000, rolling_sigma 5000, sd_coef 2, stop_win 3,                 backtest took 314.247s, score is -394.000
Preparing algo ...
Test start ...
Test Done ...
rolling 3000, rolling_sigma 5000, sd_coef 2, stop_win 5,                 backtest took 312.811s, score is -276.000
Preparing algo ...
Test start ...
Test Done ...
rolling 3000, rolling_sigma 5000, sd_coef 2, stop_win 7,                 backtest took 313.245s, score is 12.000
Preparing algo ...
Test start ...
Test Done ...
rolling 3000, rolling_sigma 5000, sd_coef 2, stop_win 9,                 backtest took 313.714s, score is 60.000
Preparing algo ...
Test start ...
Test Done ...
rolling 3000, rolling_sigma 5000, sd_coef 3, stop_win 1,                 backtest took 314.593s, score is -1424.000
Preparing algo ...
Test start ...
Test Done ...
rolling 3000, rolling_sigma 5000, sd_coef 3, stop_win 3,                 backtest took 314.507s, score is -394.000
Preparing algo ...
Test start ...
Test Done ...
rolling 3000, rolling_sigma 5000, sd_coef 3, stop_win 5,                 backtest took 314.664s, score is -276.000
Preparing algo ...
Test start ...
Test Done ...
rolling 3000, rolling_sigma 5000, sd_coef 3, stop_win 7,                 backtest took 313.206s, score is 12.000
Preparing algo ...
Test start ...
Test Done ...
rolling 3000, rolling_sigma 5000, sd_coef 3, stop_win 9,                 backtest took 314.023s, score is 60.000
Preparing algo ...
Test start ...
Test Done ...
rolling 3000, rolling_sigma 5000, sd_coef 4, stop_win 1,                 backtest took 315.335s, score is -1424.000
Preparing algo ...
Test start ...
Test Done ...
rolling 3000, rolling_sigma 5000, sd_coef 4, stop_win 3,                 backtest took 314.348s, score is -394.000
Preparing algo ...
Test start ...
Test Done ...
rolling 3000, rolling_sigma 5000, sd_coef 4, stop_win 5,                 backtest took 312.753s, score is -276.000
Preparing algo ...
Test start ...
Test Done ...
rolling 3000, rolling_sigma 5000, sd_coef 4, stop_win 7,                 backtest took 315.773s, score is 12.000
Preparing algo ...
Test start ...
Test Done ...
rolling 3000, rolling_sigma 5000, sd_coef 4, stop_win 9,                 backtest took 315.084s, score is 60.000
Preparing algo ...
Test start ...
Test Done ...
rolling 3000, rolling_sigma 5000, sd_coef 5, stop_win 1,                 backtest took 316.387s, score is -1424.000
Preparing algo ...
Test start ...
Test Done ...
rolling 3000, rolling_sigma 5000, sd_coef 5, stop_win 3,                 backtest took 310.921s, score is -394.000
Preparing algo ...
Test start ...
Test Done ...
rolling 3000, rolling_sigma 5000, sd_coef 5, stop_win 5,                 backtest took 320.003s, score is -276.000
Preparing algo ...
Test start ...
Test Done ...
rolling 3000, rolling_sigma 5000, sd_coef 5, stop_win 7,                 backtest took 314.150s, score is 12.000
Preparing algo ...
Test start ...
Test Done ...
rolling 3000, rolling_sigma 5000, sd_coef 5, stop_win 9,                 backtest took 314.838s, score is 60.000
Preparing algo ...
Test start ...
Test Done ...
rolling 3000, rolling_sigma 5000, sd_coef 6, stop_win 1,                 backtest took 314.463s, score is -1424.000
Preparing algo ...
Test start ...
Test Done ...
rolling 3000, rolling_sigma 5000, sd_coef 6, stop_win 3,                 backtest took 312.183s, score is -394.000
Preparing algo ...
Test start ...
Test Done ...
rolling 3000, rolling_sigma 5000, sd_coef 6, stop_win 5,                 backtest took 315.205s, score is -276.000
Preparing algo ...
Test start ...
Test Done ...
rolling 3000, rolling_sigma 5000, sd_coef 6, stop_win 7,                 backtest took 314.812s, score is 12.000
Preparing algo ...
Test start ...
Test Done ...
rolling 3000, rolling_sigma 5000, sd_coef 6, stop_win 9,                 backtest took 313.193s, score is 60.000
Preparing algo ...
Test start ...
Test Done ...
rolling 3000, rolling_sigma 5000, sd_coef 7, stop_win 1,                 backtest took 315.165s, score is -1424.000
Preparing algo ...
Test start ...
Test Done ...
rolling 3000, rolling_sigma 5000, sd_coef 7, stop_win 3,                 backtest took 312.998s, score is -394.000
Preparing algo ...
Test start ...
Test Done ...
rolling 3000, rolling_sigma 5000, sd_coef 7, stop_win 5,                 backtest took 315.713s, score is -276.000
Preparing algo ...
Test start ...
Test Done ...
rolling 3000, rolling_sigma 5000, sd_coef 7, stop_win 7,                 backtest took 315.173s, score is 12.000
Preparing algo ...
Test start ...
Test Done ...
rolling 3000, rolling_sigma 5000, sd_coef 7, stop_win 9,                 backtest took 313.179s, score is 60.000
Preparing algo ...
Test start ...
Test Done ...
rolling 3000, rolling_sigma 7000, sd_coef 2, stop_win 1,                 backtest took 315.746s, score is -1424.000
Preparing algo ...
Test start ...
Test Done ...
rolling 3000, rolling_sigma 7000, sd_coef 2, stop_win 3,                 backtest took 313.206s, score is -394.000
Preparing algo ...
Test start ...
Test Done ...
rolling 3000, rolling_sigma 7000, sd_coef 2, stop_win 5,                 backtest took 313.797s, score is -276.000
Preparing algo ...
Test start ...
Test Done ...
rolling 3000, rolling_sigma 7000, sd_coef 2, stop_win 7,                 backtest took 314.694s, score is 12.000
Preparing algo ...
Test start ...
Test Done ...
rolling 3000, rolling_sigma 7000, sd_coef 2, stop_win 9,                 backtest took 312.735s, score is 60.000
Preparing algo ...
Test start ...
Test Done ...
rolling 3000, rolling_sigma 7000, sd_coef 3, stop_win 1,                 backtest took 317.030s, score is -1424.000
Preparing algo ...
Test start ...
Test Done ...
rolling 3000, rolling_sigma 7000, sd_coef 3, stop_win 3,                 backtest took 313.700s, score is -394.000
Preparing algo ...
Test start ...
Test Done ...
rolling 3000, rolling_sigma 7000, sd_coef 3, stop_win 5,                 backtest took 313.308s, score is -276.000
Preparing algo ...
Test start ...
Test Done ...
rolling 3000, rolling_sigma 7000, sd_coef 3, stop_win 7,                 backtest took 314.601s, score is 12.000
Preparing algo ...
Test start ...
Test Done ...
rolling 3000, rolling_sigma 7000, sd_coef 3, stop_win 9,                 backtest took 315.149s, score is 60.000
Preparing algo ...
Test start ...
Test Done ...
rolling 3000, rolling_sigma 7000, sd_coef 4, stop_win 1,                 backtest took 314.535s, score is -1424.000
Preparing algo ...
Test start ...
Test Done ...
rolling 3000, rolling_sigma 7000, sd_coef 4, stop_win 3,                 backtest took 315.269s, score is -394.000
Preparing algo ...
Test start ...
Test Done ...
rolling 3000, rolling_sigma 7000, sd_coef 4, stop_win 5,                 backtest took 313.049s, score is -276.000
Preparing algo ...
Test start ...
Test Done ...
rolling 3000, rolling_sigma 7000, sd_coef 4, stop_win 7,                 backtest took 314.316s, score is 12.000
Preparing algo ...
Test start ...
Test Done ...
rolling 3000, rolling_sigma 7000, sd_coef 4, stop_win 9,                 backtest took 313.968s, score is 60.000
Preparing algo ...
Test start ...
Test Done ...
rolling 3000, rolling_sigma 7000, sd_coef 5, stop_win 1,                 backtest took 315.465s, score is -1424.000
Preparing algo ...
Test start ...
Test Done ...
rolling 3000, rolling_sigma 7000, sd_coef 5, stop_win 3,                 backtest took 314.953s, score is -394.000
Preparing algo ...
Test start ...
Test Done ...
rolling 3000, rolling_sigma 7000, sd_coef 5, stop_win 5,                 backtest took 314.701s, score is -276.000
Preparing algo ...
Test start ...
Test Done ...
rolling 3000, rolling_sigma 7000, sd_coef 5, stop_win 7,                 backtest took 312.592s, score is 12.000
Preparing algo ...
Test start ...
Test Done ...
rolling 3000, rolling_sigma 7000, sd_coef 5, stop_win 9,                 backtest took 314.318s, score is 60.000
Preparing algo ...
Test start ...
Test Done ...
rolling 3000, rolling_sigma 7000, sd_coef 6, stop_win 1,                 backtest took 315.925s, score is -1424.000
Preparing algo ...
Test start ...
Test Done ...
rolling 3000, rolling_sigma 7000, sd_coef 6, stop_win 3,                 backtest took 314.180s, score is -394.000
Preparing algo ...
Test start ...
Test Done ...
rolling 3000, rolling_sigma 7000, sd_coef 6, stop_win 5,                 backtest took 313.560s, score is -276.000
Preparing algo ...
Test start ...
Test Done ...
rolling 3000, rolling_sigma 7000, sd_coef 6, stop_win 7,                 backtest took 315.248s, score is 12.000
Preparing algo ...
Test start ...
Test Done ...
rolling 3000, rolling_sigma 7000, sd_coef 6, stop_win 9,                 backtest took 313.201s, score is 60.000
Preparing algo ...
Test start ...
Test Done ...
rolling 3000, rolling_sigma 7000, sd_coef 7, stop_win 1,                 backtest took 315.939s, score is -1424.000
Preparing algo ...
Test start ...
Test Done ...
rolling 3000, rolling_sigma 7000, sd_coef 7, stop_win 3,                 backtest took 310.368s, score is -394.000
Preparing algo ...
Test start ...
Test Done ...
rolling 3000, rolling_sigma 7000, sd_coef 7, stop_win 5,                 backtest took 320.451s, score is -276.000
Preparing algo ...
Test start ...
Test Done ...
rolling 3000, rolling_sigma 7000, sd_coef 7, stop_win 7,                 backtest took 314.088s, score is 12.000
Preparing algo ...
Test start ...
Test Done ...
rolling 3000, rolling_sigma 7000, sd_coef 7, stop_win 9,                 backtest took 315.250s, score is 60.000
Preparing algo ...
Test start ...
Test Done ...
rolling 3000, rolling_sigma 9000, sd_coef 2, stop_win 1,                 backtest took 316.472s, score is -1424.000
Preparing algo ...
Test start ...
Test Done ...
rolling 3000, rolling_sigma 9000, sd_coef 2, stop_win 3,                 backtest took 313.508s, score is -394.000
Preparing algo ...
Test start ...
Test Done ...
rolling 3000, rolling_sigma 9000, sd_coef 2, stop_win 5,                 backtest took 316.672s, score is -276.000
Preparing algo ...
Test start ...
Test Done ...
rolling 3000, rolling_sigma 9000, sd_coef 2, stop_win 7,                 backtest took 315.513s, score is 12.000
Preparing algo ...
Test start ...
Test Done ...
rolling 3000, rolling_sigma 9000, sd_coef 2, stop_win 9,                 backtest took 312.987s, score is 60.000
Preparing algo ...
Test start ...
Test Done ...
rolling 3000, rolling_sigma 9000, sd_coef 3, stop_win 1,                 backtest took 317.125s, score is -1424.000
Preparing algo ...
Test start ...
Test Done ...
rolling 3000, rolling_sigma 9000, sd_coef 3, stop_win 3,                 backtest took 312.932s, score is -394.000
Preparing algo ...
Test start ...
Test Done ...
rolling 3000, rolling_sigma 9000, sd_coef 3, stop_win 5,                 backtest took 316.472s, score is -276.000
Preparing algo ...
Test start ...
Test Done ...
rolling 3000, rolling_sigma 9000, sd_coef 3, stop_win 7,                 backtest took 316.015s, score is 12.000
Preparing algo ...
Test start ...
Test Done ...
rolling 3000, rolling_sigma 9000, sd_coef 3, stop_win 9,                 backtest took 314.156s, score is 60.000
Preparing algo ...
Test start ...
Test Done ...
rolling 3000, rolling_sigma 9000, sd_coef 4, stop_win 1,                 backtest took 316.983s, score is -1424.000
Preparing algo ...
Test start ...
Test Done ...
rolling 3000, rolling_sigma 9000, sd_coef 4, stop_win 3,                 backtest took 313.729s, score is -394.000
Preparing algo ...
Test start ...
Test Done ...
rolling 3000, rolling_sigma 9000, sd_coef 4, stop_win 5,                 backtest took 315.228s, score is -276.000
Preparing algo ...
Test start ...
Test Done ...
rolling 3000, rolling_sigma 9000, sd_coef 4, stop_win 7,                 backtest took 315.049s, score is 12.000
Preparing algo ...
Test start ...
Test Done ...
rolling 3000, rolling_sigma 9000, sd_coef 4, stop_win 9,                 backtest took 314.209s, score is 60.000
Preparing algo ...
Test start ...
Test Done ...
rolling 3000, rolling_sigma 9000, sd_coef 5, stop_win 1,                 backtest took 318.354s, score is -1424.000
Preparing algo ...
Test start ...
Test Done ...
rolling 3000, rolling_sigma 9000, sd_coef 5, stop_win 3,                 backtest took 314.273s, score is -394.000
Preparing algo ...
Test start ...
Test Done ...
rolling 3000, rolling_sigma 9000, sd_coef 5, stop_win 5,                 backtest took 314.575s, score is -276.000
Preparing algo ...
Test start ...
Test Done ...
rolling 3000, rolling_sigma 9000, sd_coef 5, stop_win 7,                 backtest took 315.948s, score is 12.000
Preparing algo ...
Test start ...
Test Done ...
rolling 3000, rolling_sigma 9000, sd_coef 5, stop_win 9,                 backtest took 316.830s, score is 60.000
Preparing algo ...
Test start ...
Test Done ...
rolling 3000, rolling_sigma 9000, sd_coef 6, stop_win 1,                 backtest took 316.887s, score is -1424.000
Preparing algo ...
Test start ...
Test Done ...
rolling 3000, rolling_sigma 9000, sd_coef 6, stop_win 3,                 backtest took 315.845s, score is -394.000
Preparing algo ...
Test start ...
Test Done ...
rolling 3000, rolling_sigma 9000, sd_coef 6, stop_win 5,                 backtest took 314.462s, score is -276.000
Preparing algo ...
Test start ...
Test Done ...
rolling 3000, rolling_sigma 9000, sd_coef 6, stop_win 7,                 backtest took 314.325s, score is 12.000
Preparing algo ...
Test start ...
Test Done ...
rolling 3000, rolling_sigma 9000, sd_coef 6, stop_win 9,                 backtest took 315.331s, score is 60.000
Preparing algo ...
Test start ...
Test Done ...
rolling 3000, rolling_sigma 9000, sd_coef 7, stop_win 1,                 backtest took 316.193s, score is -1424.000
Preparing algo ...
Test start ...
Test Done ...
rolling 3000, rolling_sigma 9000, sd_coef 7, stop_win 3,                 backtest took 316.193s, score is -394.000
Preparing algo ...
Test start ...
Test Done ...
rolling 3000, rolling_sigma 9000, sd_coef 7, stop_win 5,                 backtest took 316.614s, score is -276.000
Preparing algo ...
Test start ...
Test Done ...
rolling 3000, rolling_sigma 9000, sd_coef 7, stop_win 7,                 backtest took 314.745s, score is 12.000
Preparing algo ...
Test start ...
Test Done ...
rolling 3000, rolling_sigma 9000, sd_coef 7, stop_win 9,                 backtest took 315.250s, score is 60.000
Preparing algo ...
Test start ...
Test Done ...
rolling 5000, rolling_sigma 1000, sd_coef 2, stop_win 1,                 backtest took 316.259s, score is -1102.000
Preparing algo ...
Test start ...
Test Done ...
rolling 5000, rolling_sigma 1000, sd_coef 2, stop_win 3,                 backtslurmstepd: *** JOB 18883 CANCELLED AT 2016-05-31T13:35:38 *** on mos5
