/work/rqiao/HFdata/my_utils.py:40: UserWarning: day_list1 not equal to day_list2
  warnings.warn('day_list1 not equal to day_list2')
Reading configs ...
Reading data ...
y is m1509: 2870499 entries
x is m1505: 3210151 entries
Preparing data ...
Preparing algo ...
Test start ...
Test Done ...
rolling 1000, rolling_sigma 1000, sd_coef 2, stop_win 1,                 backtest took 452.839s, score is -1025.000
Preparing algo ...
Test start ...
Test Done ...
rolling 1000, rolling_sigma 1000, sd_coef 2, stop_win 3,                 backtest took 453.345s, score is -561.000
Preparing algo ...
Test start ...
Test Done ...
rolling 1000, rolling_sigma 1000, sd_coef 2, stop_win 5,                 backtest took 453.460s, score is -381.000
Preparing algo ...
Test start ...
Test Done ...
rolling 1000, rolling_sigma 1000, sd_coef 2, stop_win 7,                 backtest took 452.575s, score is -345.000
Preparing algo ...
Test start ...
Test Done ...
rolling 1000, rolling_sigma 1000, sd_coef 2, stop_win 9,                 backtest took 452.971s, score is -253.000
Preparing algo ...
Test start ...
Test Done ...
rolling 1000, rolling_sigma 1000, sd_coef 3, stop_win 1,                 backtest took 453.640s, score is -1025.000
Preparing algo ...
Test start ...
Test Done ...
rolling 1000, rolling_sigma 1000, sd_coef 3, stop_win 3,                 backtest took 453.560s, score is -561.000
Preparing algo ...
Test start ...
Test Done ...
rolling 1000, rolling_sigma 1000, sd_coef 3, stop_win 5,                 backtest took 451.961s, score is -381.000
Preparing algo ...
Test start ...
Test Done ...
rolling 1000, rolling_sigma 1000, sd_coef 3, stop_win 7,                 backtest took 454.818s, score is -345.000
Preparing algo ...
Test start ...
Test Done ...
rolling 1000, rolling_sigma 1000, sd_coef 3, stop_win 9,                 backtest took 451.988s, score is -253.000
Preparing algo ...
Test start ...
Test Done ...
rolling 1000, rolling_sigma 1000, sd_coef 4, stop_win 1,                 backtest took 452.392s, score is -1025.000
Preparing algo ...
Test start ...
Test Done ...
rolling 1000, rolling_sigma 1000, sd_coef 4, stop_win 3,                 backtest took 453.982s, score is -561.000
Preparing algo ...
Test start ...
Test Done ...
rolling 1000, rolling_sigma 1000, sd_coef 4, stop_win 5,                 backtest took 451.651s, score is -381.000
Preparing algo ...
Test start ...
Test Done ...
rolling 1000, rolling_sigma 1000, sd_coef 4, stop_win 7,                 backtest took 450.871s, score is -345.000
Preparing algo ...
Test start ...
Test Done ...
rolling 1000, rolling_sigma 1000, sd_coef 4, stop_win 9,                 backtest took 452.314s, score is -253.000
Preparing algo ...
Test start ...
Test Done ...
rolling 1000, rolling_sigma 1000, sd_coef 5, stop_win 1,                 backtest took 451.577s, score is -1025.000
Preparing algo ...
Test start ...
Test Done ...
rolling 1000, rolling_sigma 1000, sd_coef 5, stop_win 3,                 backtest took 451.347s, score is -561.000
Preparing algo ...
Test start ...
Test Done ...
rolling 1000, rolling_sigma 1000, sd_coef 5, stop_win 5,                 backtest took 453.743s, score is -381.000
Preparing algo ...
Test start ...
Test Done ...
rolling 1000, rolling_sigma 1000, sd_coef 5, stop_win 7,                 backtest took 451.134s, score is -345.000
Preparing algo ...
Test start ...
Test Done ...
rolling 1000, rolling_sigma 1000, sd_coef 5, stop_win 9,                 backtest took 454.470s, score is -253.000
Preparing algo ...
Test start ...
Test Done ...
rolling 1000, rolling_sigma 1000, sd_coef 6, stop_win 1,                 backtest took 450.767s, score is -1025.000
Preparing algo ...
Test start ...
Test Done ...
rolling 1000, rolling_sigma 1000, sd_coef 6, stop_win 3,                 backtest took 452.148s, score is -561.000
Preparing algo ...
Test start ...
Test Done ...
rolling 1000, rolling_sigma 1000, sd_coef 6, stop_win 5,                 backtest took 450.892s, score is -381.000
Preparing algo ...
Test start ...
Test Done ...
rolling 1000, rolling_sigma 1000, sd_coef 6, stop_win 7,                 backtest took 450.252s, score is -345.000
Preparing algo ...
Test start ...
Test Done ...
rolling 1000, rolling_sigma 1000, sd_coef 6, stop_win 9,                 backtest took 452.311s, score is -253.000
Preparing algo ...
Test start ...
Test Done ...
rolling 1000, rolling_sigma 1000, sd_coef 7, stop_win 1,                 backtest took 451.929s, score is -1025.000
Preparing algo ...
Test start ...
Test Done ...
rolling 1000, rolling_sigma 1000, sd_coef 7, stop_win 3,                 backtest took 451.942s, score is -561.000
Preparing algo ...
Test start ...
Test Done ...
rolling 1000, rolling_sigma 1000, sd_coef 7, stop_win 5,                 backtest took 452.117s, score is -381.000
Preparing algo ...
Test start ...
Test Done ...
rolling 1000, rolling_sigma 1000, sd_coef 7, stop_win 7,                 backtest took 451.017s, score is -345.000
Preparing algo ...
Test start ...
Test Done ...
rolling 1000, rolling_sigma 1000, sd_coef 7, stop_win 9,                 backtest took 450.966s, score is -253.000
Preparing algo ...
Test start ...
Test Done ...
rolling 1000, rolling_sigma 3000, sd_coef 2, stop_win 1,                 backtest took 450.549s, score is -1025.000
Preparing algo ...
Test start ...
Test Done ...
rolling 1000, rolling_sigma 3000, sd_coef 2, stop_win 3,                 backtest took 450.840s, score is -561.000
Preparing algo ...
Test start ...
Test Done ...
rolling 1000, rolling_sigma 3000, sd_coef 2, stop_win 5,                 backtest took 453.261s, score is -381.000
Preparing algo ...
Test start ...
Test Done ...
rolling 1000, rolling_sigma 3000, sd_coef 2, stop_win 7,                 backtest took 452.516s, score is -345.000
Preparing algo ...
Test start ...
Test Done ...
rolling 1000, rolling_sigma 3000, sd_coef 2, stop_win 9,                 backtest took 451.496s, score is -253.000
Preparing algo ...
Test start ...
Test Done ...
rolling 1000, rolling_sigma 3000, sd_coef 3, stop_win 1,                 backtest took 451.620s, score is -1025.000
Preparing algo ...
Test start ...
Test Done ...
rolling 1000, rolling_sigma 3000, sd_coef 3, stop_win 3,                 backtest took 453.384s, score is -561.000
Preparing algo ...
Test start ...
Test Done ...
rolling 1000, rolling_sigma 3000, sd_coef 3, stop_win 5,                 backtest took 453.320s, score is -381.000
Preparing algo ...
Test start ...
Test Done ...
rolling 1000, rolling_sigma 3000, sd_coef 3, stop_win 7,                 backtest took 452.770s, score is -345.000
Preparing algo ...
Test start ...
Test Done ...
rolling 1000, rolling_sigma 3000, sd_coef 3, stop_win 9,                 backtest took 450.519s, score is -253.000
Preparing algo ...
Test start ...
Test Done ...
rolling 1000, rolling_sigma 3000, sd_coef 4, stop_win 1,                 backtest took 451.534s, score is -1025.000
Preparing algo ...
Test start ...
Test Done ...
rolling 1000, rolling_sigma 3000, sd_coef 4, stop_win 3,                 backtest took 452.710s, score is -561.000
Preparing algo ...
Test start ...
Test Done ...
rolling 1000, rolling_sigma 3000, sd_coef 4, stop_win 5,                 backtest took 452.701s, score is -381.000
Preparing algo ...
Test start ...
Test Done ...
rolling 1000, rolling_sigma 3000, sd_coef 4, stop_win 7,                 backtest took 451.430s, score is -345.000
Preparing algo ...
Test start ...
Test Done ...
rolling 1000, rolling_sigma 3000, sd_coef 4, stop_win 9,                 backtest took 454.108s, score is -253.000
Preparing algo ...
Test start ...
Test Done ...
rolling 1000, rolling_sigma 3000, sd_coef 5, stop_win 1,                 backtest took 451.303s, score is -1025.000
Preparing algo ...
Test start ...
Test Done ...
rolling 1000, rolling_sigma 3000, sd_coef 5, stop_win 3,                 backtest took 453.372s, score is -561.000
Preparing algo ...
Test start ...
Test Done ...
rolling 1000, rolling_sigma 3000, sd_coef 5, stop_win 5,                 backtest took 451.771s, score is -381.000
Preparing algo ...
Test start ...
Test Done ...
rolling 1000, rolling_sigma 3000, sd_coef 5, stop_win 7,                 backtest took 452.022s, score is -345.000
Preparing algo ...
Test start ...
Test Done ...
rolling 1000, rolling_sigma 3000, s